[2022-05-21 17:47:53,790] {processor.py:153} INFO - Started process (PID=5168) to work on /home/ubuntu/.local/lib/python3.10/site-packages/airflow/example_dags/plugins/workday.py
[2022-05-21 17:47:53,790] {processor.py:641} INFO - Processing file /home/ubuntu/.local/lib/python3.10/site-packages/airflow/example_dags/plugins/workday.py for tasks to queue
[2022-05-21 17:47:53,791] {logging_mixin.py:115} INFO - [2022-05-21 17:47:53,791] {dagbag.py:507} INFO - Filling up the DagBag from /home/ubuntu/.local/lib/python3.10/site-packages/airflow/example_dags/plugins/workday.py
[2022-05-21 17:47:53,793] {processor.py:653} WARNING - No viable dags retrieved from /home/ubuntu/.local/lib/python3.10/site-packages/airflow/example_dags/plugins/workday.py
[2022-05-21 17:47:53,804] {processor.py:161} INFO - Processing /home/ubuntu/.local/lib/python3.10/site-packages/airflow/example_dags/plugins/workday.py took 0.017 seconds
[2022-05-21 17:48:28,041] {processor.py:153} INFO - Started process (PID=5203) to work on /home/ubuntu/.local/lib/python3.10/site-packages/airflow/example_dags/plugins/workday.py
[2022-05-21 17:48:28,042] {processor.py:641} INFO - Processing file /home/ubuntu/.local/lib/python3.10/site-packages/airflow/example_dags/plugins/workday.py for tasks to queue
[2022-05-21 17:48:28,043] {logging_mixin.py:115} INFO - [2022-05-21 17:48:28,043] {dagbag.py:507} INFO - Filling up the DagBag from /home/ubuntu/.local/lib/python3.10/site-packages/airflow/example_dags/plugins/workday.py
[2022-05-21 17:48:28,044] {processor.py:653} WARNING - No viable dags retrieved from /home/ubuntu/.local/lib/python3.10/site-packages/airflow/example_dags/plugins/workday.py
[2022-05-21 17:48:28,055] {processor.py:161} INFO - Processing /home/ubuntu/.local/lib/python3.10/site-packages/airflow/example_dags/plugins/workday.py took 0.017 seconds
[2022-05-21 17:49:00,029] {processor.py:153} INFO - Started process (PID=5239) to work on /home/ubuntu/.local/lib/python3.10/site-packages/airflow/example_dags/plugins/workday.py
[2022-05-21 17:49:00,029] {processor.py:641} INFO - Processing file /home/ubuntu/.local/lib/python3.10/site-packages/airflow/example_dags/plugins/workday.py for tasks to queue
[2022-05-21 17:49:00,030] {logging_mixin.py:115} INFO - [2022-05-21 17:49:00,029] {dagbag.py:507} INFO - Filling up the DagBag from /home/ubuntu/.local/lib/python3.10/site-packages/airflow/example_dags/plugins/workday.py
[2022-05-21 17:49:00,032] {processor.py:653} WARNING - No viable dags retrieved from /home/ubuntu/.local/lib/python3.10/site-packages/airflow/example_dags/plugins/workday.py
[2022-05-21 17:49:00,044] {processor.py:161} INFO - Processing /home/ubuntu/.local/lib/python3.10/site-packages/airflow/example_dags/plugins/workday.py took 0.019 seconds
[2022-05-21 17:49:33,810] {processor.py:153} INFO - Started process (PID=5276) to work on /home/ubuntu/.local/lib/python3.10/site-packages/airflow/example_dags/plugins/workday.py
[2022-05-21 17:49:33,810] {processor.py:641} INFO - Processing file /home/ubuntu/.local/lib/python3.10/site-packages/airflow/example_dags/plugins/workday.py for tasks to queue
[2022-05-21 17:49:33,811] {logging_mixin.py:115} INFO - [2022-05-21 17:49:33,811] {dagbag.py:507} INFO - Filling up the DagBag from /home/ubuntu/.local/lib/python3.10/site-packages/airflow/example_dags/plugins/workday.py
[2022-05-21 17:49:33,813] {processor.py:653} WARNING - No viable dags retrieved from /home/ubuntu/.local/lib/python3.10/site-packages/airflow/example_dags/plugins/workday.py
[2022-05-21 17:49:33,824] {processor.py:161} INFO - Processing /home/ubuntu/.local/lib/python3.10/site-packages/airflow/example_dags/plugins/workday.py took 0.017 seconds
[2022-05-21 17:50:06,887] {processor.py:153} INFO - Started process (PID=5314) to work on /home/ubuntu/.local/lib/python3.10/site-packages/airflow/example_dags/plugins/workday.py
[2022-05-21 17:50:06,887] {processor.py:641} INFO - Processing file /home/ubuntu/.local/lib/python3.10/site-packages/airflow/example_dags/plugins/workday.py for tasks to queue
[2022-05-21 17:50:06,888] {logging_mixin.py:115} INFO - [2022-05-21 17:50:06,888] {dagbag.py:507} INFO - Filling up the DagBag from /home/ubuntu/.local/lib/python3.10/site-packages/airflow/example_dags/plugins/workday.py
[2022-05-21 17:50:06,890] {processor.py:653} WARNING - No viable dags retrieved from /home/ubuntu/.local/lib/python3.10/site-packages/airflow/example_dags/plugins/workday.py
[2022-05-21 17:50:06,901] {processor.py:161} INFO - Processing /home/ubuntu/.local/lib/python3.10/site-packages/airflow/example_dags/plugins/workday.py took 0.017 seconds
[2022-05-21 17:50:40,249] {processor.py:153} INFO - Started process (PID=5349) to work on /home/ubuntu/.local/lib/python3.10/site-packages/airflow/example_dags/plugins/workday.py
[2022-05-21 17:50:40,249] {processor.py:641} INFO - Processing file /home/ubuntu/.local/lib/python3.10/site-packages/airflow/example_dags/plugins/workday.py for tasks to queue
[2022-05-21 17:50:40,250] {logging_mixin.py:115} INFO - [2022-05-21 17:50:40,250] {dagbag.py:507} INFO - Filling up the DagBag from /home/ubuntu/.local/lib/python3.10/site-packages/airflow/example_dags/plugins/workday.py
[2022-05-21 17:50:40,252] {processor.py:653} WARNING - No viable dags retrieved from /home/ubuntu/.local/lib/python3.10/site-packages/airflow/example_dags/plugins/workday.py
[2022-05-21 17:50:40,261] {processor.py:161} INFO - Processing /home/ubuntu/.local/lib/python3.10/site-packages/airflow/example_dags/plugins/workday.py took 0.016 seconds
[2022-05-21 17:51:13,908] {processor.py:153} INFO - Started process (PID=5383) to work on /home/ubuntu/.local/lib/python3.10/site-packages/airflow/example_dags/plugins/workday.py
[2022-05-21 17:51:13,908] {processor.py:641} INFO - Processing file /home/ubuntu/.local/lib/python3.10/site-packages/airflow/example_dags/plugins/workday.py for tasks to queue
[2022-05-21 17:51:13,909] {logging_mixin.py:115} INFO - [2022-05-21 17:51:13,908] {dagbag.py:507} INFO - Filling up the DagBag from /home/ubuntu/.local/lib/python3.10/site-packages/airflow/example_dags/plugins/workday.py
[2022-05-21 17:51:13,910] {processor.py:653} WARNING - No viable dags retrieved from /home/ubuntu/.local/lib/python3.10/site-packages/airflow/example_dags/plugins/workday.py
[2022-05-21 17:51:13,921] {processor.py:161} INFO - Processing /home/ubuntu/.local/lib/python3.10/site-packages/airflow/example_dags/plugins/workday.py took 0.016 seconds
[2022-05-21 17:51:47,638] {processor.py:153} INFO - Started process (PID=5418) to work on /home/ubuntu/.local/lib/python3.10/site-packages/airflow/example_dags/plugins/workday.py
[2022-05-21 17:51:47,639] {processor.py:641} INFO - Processing file /home/ubuntu/.local/lib/python3.10/site-packages/airflow/example_dags/plugins/workday.py for tasks to queue
[2022-05-21 17:51:47,639] {logging_mixin.py:115} INFO - [2022-05-21 17:51:47,639] {dagbag.py:507} INFO - Filling up the DagBag from /home/ubuntu/.local/lib/python3.10/site-packages/airflow/example_dags/plugins/workday.py
[2022-05-21 17:51:47,641] {processor.py:653} WARNING - No viable dags retrieved from /home/ubuntu/.local/lib/python3.10/site-packages/airflow/example_dags/plugins/workday.py
[2022-05-21 17:51:47,652] {processor.py:161} INFO - Processing /home/ubuntu/.local/lib/python3.10/site-packages/airflow/example_dags/plugins/workday.py took 0.016 seconds
[2022-05-21 17:52:21,602] {processor.py:153} INFO - Started process (PID=5452) to work on /home/ubuntu/.local/lib/python3.10/site-packages/airflow/example_dags/plugins/workday.py
[2022-05-21 17:52:21,603] {processor.py:641} INFO - Processing file /home/ubuntu/.local/lib/python3.10/site-packages/airflow/example_dags/plugins/workday.py for tasks to queue
[2022-05-21 17:52:21,603] {logging_mixin.py:115} INFO - [2022-05-21 17:52:21,603] {dagbag.py:507} INFO - Filling up the DagBag from /home/ubuntu/.local/lib/python3.10/site-packages/airflow/example_dags/plugins/workday.py
[2022-05-21 17:52:21,605] {processor.py:653} WARNING - No viable dags retrieved from /home/ubuntu/.local/lib/python3.10/site-packages/airflow/example_dags/plugins/workday.py
[2022-05-21 17:52:21,617] {processor.py:161} INFO - Processing /home/ubuntu/.local/lib/python3.10/site-packages/airflow/example_dags/plugins/workday.py took 0.018 seconds
[2022-05-21 17:52:53,020] {processor.py:153} INFO - Started process (PID=5485) to work on /home/ubuntu/.local/lib/python3.10/site-packages/airflow/example_dags/plugins/workday.py
[2022-05-21 17:52:53,020] {processor.py:641} INFO - Processing file /home/ubuntu/.local/lib/python3.10/site-packages/airflow/example_dags/plugins/workday.py for tasks to queue
[2022-05-21 17:52:53,021] {logging_mixin.py:115} INFO - [2022-05-21 17:52:53,021] {dagbag.py:507} INFO - Filling up the DagBag from /home/ubuntu/.local/lib/python3.10/site-packages/airflow/example_dags/plugins/workday.py
[2022-05-21 17:52:53,023] {processor.py:653} WARNING - No viable dags retrieved from /home/ubuntu/.local/lib/python3.10/site-packages/airflow/example_dags/plugins/workday.py
[2022-05-21 17:52:53,033] {processor.py:161} INFO - Processing /home/ubuntu/.local/lib/python3.10/site-packages/airflow/example_dags/plugins/workday.py took 0.016 seconds
[2022-05-21 17:53:24,008] {processor.py:153} INFO - Started process (PID=5523) to work on /home/ubuntu/.local/lib/python3.10/site-packages/airflow/example_dags/plugins/workday.py
[2022-05-21 17:53:24,009] {processor.py:641} INFO - Processing file /home/ubuntu/.local/lib/python3.10/site-packages/airflow/example_dags/plugins/workday.py for tasks to queue
[2022-05-21 17:53:24,009] {logging_mixin.py:115} INFO - [2022-05-21 17:53:24,009] {dagbag.py:507} INFO - Filling up the DagBag from /home/ubuntu/.local/lib/python3.10/site-packages/airflow/example_dags/plugins/workday.py
[2022-05-21 17:53:24,011] {processor.py:653} WARNING - No viable dags retrieved from /home/ubuntu/.local/lib/python3.10/site-packages/airflow/example_dags/plugins/workday.py
[2022-05-21 17:53:24,022] {processor.py:161} INFO - Processing /home/ubuntu/.local/lib/python3.10/site-packages/airflow/example_dags/plugins/workday.py took 0.017 seconds
[2022-05-21 17:53:57,891] {processor.py:153} INFO - Started process (PID=5566) to work on /home/ubuntu/.local/lib/python3.10/site-packages/airflow/example_dags/plugins/workday.py
[2022-05-21 17:53:57,891] {processor.py:641} INFO - Processing file /home/ubuntu/.local/lib/python3.10/site-packages/airflow/example_dags/plugins/workday.py for tasks to queue
[2022-05-21 17:53:57,892] {logging_mixin.py:115} INFO - [2022-05-21 17:53:57,892] {dagbag.py:507} INFO - Filling up the DagBag from /home/ubuntu/.local/lib/python3.10/site-packages/airflow/example_dags/plugins/workday.py
[2022-05-21 17:53:57,894] {processor.py:653} WARNING - No viable dags retrieved from /home/ubuntu/.local/lib/python3.10/site-packages/airflow/example_dags/plugins/workday.py
[2022-05-21 17:53:57,904] {processor.py:161} INFO - Processing /home/ubuntu/.local/lib/python3.10/site-packages/airflow/example_dags/plugins/workday.py took 0.017 seconds
[2022-05-21 17:54:32,101] {processor.py:153} INFO - Started process (PID=5604) to work on /home/ubuntu/.local/lib/python3.10/site-packages/airflow/example_dags/plugins/workday.py
[2022-05-21 17:54:32,102] {processor.py:641} INFO - Processing file /home/ubuntu/.local/lib/python3.10/site-packages/airflow/example_dags/plugins/workday.py for tasks to queue
[2022-05-21 17:54:32,103] {logging_mixin.py:115} INFO - [2022-05-21 17:54:32,103] {dagbag.py:507} INFO - Filling up the DagBag from /home/ubuntu/.local/lib/python3.10/site-packages/airflow/example_dags/plugins/workday.py
[2022-05-21 17:54:32,105] {processor.py:653} WARNING - No viable dags retrieved from /home/ubuntu/.local/lib/python3.10/site-packages/airflow/example_dags/plugins/workday.py
[2022-05-21 17:54:32,115] {processor.py:161} INFO - Processing /home/ubuntu/.local/lib/python3.10/site-packages/airflow/example_dags/plugins/workday.py took 0.017 seconds
[2022-05-21 17:55:08,019] {processor.py:153} INFO - Started process (PID=5639) to work on /home/ubuntu/.local/lib/python3.10/site-packages/airflow/example_dags/plugins/workday.py
[2022-05-21 17:55:08,020] {processor.py:641} INFO - Processing file /home/ubuntu/.local/lib/python3.10/site-packages/airflow/example_dags/plugins/workday.py for tasks to queue
[2022-05-21 17:55:08,020] {logging_mixin.py:115} INFO - [2022-05-21 17:55:08,020] {dagbag.py:507} INFO - Filling up the DagBag from /home/ubuntu/.local/lib/python3.10/site-packages/airflow/example_dags/plugins/workday.py
[2022-05-21 17:55:08,022] {processor.py:653} WARNING - No viable dags retrieved from /home/ubuntu/.local/lib/python3.10/site-packages/airflow/example_dags/plugins/workday.py
[2022-05-21 17:55:08,033] {processor.py:161} INFO - Processing /home/ubuntu/.local/lib/python3.10/site-packages/airflow/example_dags/plugins/workday.py took 0.017 seconds
[2022-05-21 17:55:41,135] {processor.py:153} INFO - Started process (PID=5677) to work on /home/ubuntu/.local/lib/python3.10/site-packages/airflow/example_dags/plugins/workday.py
[2022-05-21 17:55:41,136] {processor.py:641} INFO - Processing file /home/ubuntu/.local/lib/python3.10/site-packages/airflow/example_dags/plugins/workday.py for tasks to queue
[2022-05-21 17:55:41,136] {logging_mixin.py:115} INFO - [2022-05-21 17:55:41,136] {dagbag.py:507} INFO - Filling up the DagBag from /home/ubuntu/.local/lib/python3.10/site-packages/airflow/example_dags/plugins/workday.py
[2022-05-21 17:55:41,138] {processor.py:653} WARNING - No viable dags retrieved from /home/ubuntu/.local/lib/python3.10/site-packages/airflow/example_dags/plugins/workday.py
[2022-05-21 17:55:41,149] {processor.py:161} INFO - Processing /home/ubuntu/.local/lib/python3.10/site-packages/airflow/example_dags/plugins/workday.py took 0.017 seconds
[2022-05-21 17:56:12,858] {processor.py:153} INFO - Started process (PID=5713) to work on /home/ubuntu/.local/lib/python3.10/site-packages/airflow/example_dags/plugins/workday.py
[2022-05-21 17:56:12,859] {processor.py:641} INFO - Processing file /home/ubuntu/.local/lib/python3.10/site-packages/airflow/example_dags/plugins/workday.py for tasks to queue
[2022-05-21 17:56:12,859] {logging_mixin.py:115} INFO - [2022-05-21 17:56:12,859] {dagbag.py:507} INFO - Filling up the DagBag from /home/ubuntu/.local/lib/python3.10/site-packages/airflow/example_dags/plugins/workday.py
[2022-05-21 17:56:12,861] {processor.py:653} WARNING - No viable dags retrieved from /home/ubuntu/.local/lib/python3.10/site-packages/airflow/example_dags/plugins/workday.py
[2022-05-21 17:56:12,872] {processor.py:161} INFO - Processing /home/ubuntu/.local/lib/python3.10/site-packages/airflow/example_dags/plugins/workday.py took 0.016 seconds
[2022-05-21 17:56:44,550] {processor.py:153} INFO - Started process (PID=5747) to work on /home/ubuntu/.local/lib/python3.10/site-packages/airflow/example_dags/plugins/workday.py
[2022-05-21 17:56:44,551] {processor.py:641} INFO - Processing file /home/ubuntu/.local/lib/python3.10/site-packages/airflow/example_dags/plugins/workday.py for tasks to queue
[2022-05-21 17:56:44,552] {logging_mixin.py:115} INFO - [2022-05-21 17:56:44,552] {dagbag.py:507} INFO - Filling up the DagBag from /home/ubuntu/.local/lib/python3.10/site-packages/airflow/example_dags/plugins/workday.py
[2022-05-21 17:56:44,554] {processor.py:653} WARNING - No viable dags retrieved from /home/ubuntu/.local/lib/python3.10/site-packages/airflow/example_dags/plugins/workday.py
[2022-05-21 17:56:44,564] {processor.py:161} INFO - Processing /home/ubuntu/.local/lib/python3.10/site-packages/airflow/example_dags/plugins/workday.py took 0.017 seconds
[2022-05-21 17:57:17,526] {processor.py:153} INFO - Started process (PID=5782) to work on /home/ubuntu/.local/lib/python3.10/site-packages/airflow/example_dags/plugins/workday.py
[2022-05-21 17:57:17,527] {processor.py:641} INFO - Processing file /home/ubuntu/.local/lib/python3.10/site-packages/airflow/example_dags/plugins/workday.py for tasks to queue
[2022-05-21 17:57:17,528] {logging_mixin.py:115} INFO - [2022-05-21 17:57:17,528] {dagbag.py:507} INFO - Filling up the DagBag from /home/ubuntu/.local/lib/python3.10/site-packages/airflow/example_dags/plugins/workday.py
[2022-05-21 17:57:17,529] {processor.py:653} WARNING - No viable dags retrieved from /home/ubuntu/.local/lib/python3.10/site-packages/airflow/example_dags/plugins/workday.py
[2022-05-21 17:57:17,540] {processor.py:161} INFO - Processing /home/ubuntu/.local/lib/python3.10/site-packages/airflow/example_dags/plugins/workday.py took 0.016 seconds
[2022-05-21 17:57:50,285] {processor.py:153} INFO - Started process (PID=5823) to work on /home/ubuntu/.local/lib/python3.10/site-packages/airflow/example_dags/plugins/workday.py
[2022-05-21 17:57:50,286] {processor.py:641} INFO - Processing file /home/ubuntu/.local/lib/python3.10/site-packages/airflow/example_dags/plugins/workday.py for tasks to queue
[2022-05-21 17:57:50,287] {logging_mixin.py:115} INFO - [2022-05-21 17:57:50,287] {dagbag.py:507} INFO - Filling up the DagBag from /home/ubuntu/.local/lib/python3.10/site-packages/airflow/example_dags/plugins/workday.py
[2022-05-21 17:57:50,289] {processor.py:653} WARNING - No viable dags retrieved from /home/ubuntu/.local/lib/python3.10/site-packages/airflow/example_dags/plugins/workday.py
[2022-05-21 17:57:50,299] {processor.py:161} INFO - Processing /home/ubuntu/.local/lib/python3.10/site-packages/airflow/example_dags/plugins/workday.py took 0.017 seconds
[2022-05-21 17:58:22,267] {processor.py:153} INFO - Started process (PID=5857) to work on /home/ubuntu/.local/lib/python3.10/site-packages/airflow/example_dags/plugins/workday.py
[2022-05-21 17:58:22,267] {processor.py:641} INFO - Processing file /home/ubuntu/.local/lib/python3.10/site-packages/airflow/example_dags/plugins/workday.py for tasks to queue
[2022-05-21 17:58:22,267] {logging_mixin.py:115} INFO - [2022-05-21 17:58:22,267] {dagbag.py:507} INFO - Filling up the DagBag from /home/ubuntu/.local/lib/python3.10/site-packages/airflow/example_dags/plugins/workday.py
[2022-05-21 17:58:22,269] {processor.py:653} WARNING - No viable dags retrieved from /home/ubuntu/.local/lib/python3.10/site-packages/airflow/example_dags/plugins/workday.py
[2022-05-21 17:58:22,280] {processor.py:161} INFO - Processing /home/ubuntu/.local/lib/python3.10/site-packages/airflow/example_dags/plugins/workday.py took 0.017 seconds
[2022-05-21 17:58:54,174] {processor.py:153} INFO - Started process (PID=5896) to work on /home/ubuntu/.local/lib/python3.10/site-packages/airflow/example_dags/plugins/workday.py
[2022-05-21 17:58:54,175] {processor.py:641} INFO - Processing file /home/ubuntu/.local/lib/python3.10/site-packages/airflow/example_dags/plugins/workday.py for tasks to queue
[2022-05-21 17:58:54,175] {logging_mixin.py:115} INFO - [2022-05-21 17:58:54,175] {dagbag.py:507} INFO - Filling up the DagBag from /home/ubuntu/.local/lib/python3.10/site-packages/airflow/example_dags/plugins/workday.py
[2022-05-21 17:58:54,177] {processor.py:653} WARNING - No viable dags retrieved from /home/ubuntu/.local/lib/python3.10/site-packages/airflow/example_dags/plugins/workday.py
[2022-05-21 17:58:54,187] {processor.py:161} INFO - Processing /home/ubuntu/.local/lib/python3.10/site-packages/airflow/example_dags/plugins/workday.py took 0.016 seconds
[2022-05-21 17:59:29,583] {processor.py:153} INFO - Started process (PID=5934) to work on /home/ubuntu/.local/lib/python3.10/site-packages/airflow/example_dags/plugins/workday.py
[2022-05-21 17:59:29,584] {processor.py:641} INFO - Processing file /home/ubuntu/.local/lib/python3.10/site-packages/airflow/example_dags/plugins/workday.py for tasks to queue
[2022-05-21 17:59:29,585] {logging_mixin.py:115} INFO - [2022-05-21 17:59:29,584] {dagbag.py:507} INFO - Filling up the DagBag from /home/ubuntu/.local/lib/python3.10/site-packages/airflow/example_dags/plugins/workday.py
[2022-05-21 17:59:29,586] {processor.py:653} WARNING - No viable dags retrieved from /home/ubuntu/.local/lib/python3.10/site-packages/airflow/example_dags/plugins/workday.py
[2022-05-21 17:59:29,597] {processor.py:161} INFO - Processing /home/ubuntu/.local/lib/python3.10/site-packages/airflow/example_dags/plugins/workday.py took 0.016 seconds
[2022-05-21 18:00:03,205] {processor.py:153} INFO - Started process (PID=5976) to work on /home/ubuntu/.local/lib/python3.10/site-packages/airflow/example_dags/plugins/workday.py
[2022-05-21 18:00:03,206] {processor.py:641} INFO - Processing file /home/ubuntu/.local/lib/python3.10/site-packages/airflow/example_dags/plugins/workday.py for tasks to queue
[2022-05-21 18:00:03,206] {logging_mixin.py:115} INFO - [2022-05-21 18:00:03,206] {dagbag.py:507} INFO - Filling up the DagBag from /home/ubuntu/.local/lib/python3.10/site-packages/airflow/example_dags/plugins/workday.py
[2022-05-21 18:00:03,208] {processor.py:653} WARNING - No viable dags retrieved from /home/ubuntu/.local/lib/python3.10/site-packages/airflow/example_dags/plugins/workday.py
[2022-05-21 18:00:03,219] {processor.py:161} INFO - Processing /home/ubuntu/.local/lib/python3.10/site-packages/airflow/example_dags/plugins/workday.py took 0.017 seconds
[2022-05-21 18:00:35,785] {processor.py:153} INFO - Started process (PID=6013) to work on /home/ubuntu/.local/lib/python3.10/site-packages/airflow/example_dags/plugins/workday.py
[2022-05-21 18:00:35,785] {processor.py:641} INFO - Processing file /home/ubuntu/.local/lib/python3.10/site-packages/airflow/example_dags/plugins/workday.py for tasks to queue
[2022-05-21 18:00:35,786] {logging_mixin.py:115} INFO - [2022-05-21 18:00:35,786] {dagbag.py:507} INFO - Filling up the DagBag from /home/ubuntu/.local/lib/python3.10/site-packages/airflow/example_dags/plugins/workday.py
[2022-05-21 18:00:35,787] {processor.py:653} WARNING - No viable dags retrieved from /home/ubuntu/.local/lib/python3.10/site-packages/airflow/example_dags/plugins/workday.py
[2022-05-21 18:00:35,798] {processor.py:161} INFO - Processing /home/ubuntu/.local/lib/python3.10/site-packages/airflow/example_dags/plugins/workday.py took 0.016 seconds
[2022-05-21 18:01:09,141] {processor.py:153} INFO - Started process (PID=6053) to work on /home/ubuntu/.local/lib/python3.10/site-packages/airflow/example_dags/plugins/workday.py
[2022-05-21 18:01:09,141] {processor.py:641} INFO - Processing file /home/ubuntu/.local/lib/python3.10/site-packages/airflow/example_dags/plugins/workday.py for tasks to queue
[2022-05-21 18:01:09,142] {logging_mixin.py:115} INFO - [2022-05-21 18:01:09,142] {dagbag.py:507} INFO - Filling up the DagBag from /home/ubuntu/.local/lib/python3.10/site-packages/airflow/example_dags/plugins/workday.py
[2022-05-21 18:01:09,144] {processor.py:653} WARNING - No viable dags retrieved from /home/ubuntu/.local/lib/python3.10/site-packages/airflow/example_dags/plugins/workday.py
[2022-05-21 18:01:09,154] {processor.py:161} INFO - Processing /home/ubuntu/.local/lib/python3.10/site-packages/airflow/example_dags/plugins/workday.py took 0.017 seconds
[2022-05-21 18:01:40,674] {processor.py:153} INFO - Started process (PID=6092) to work on /home/ubuntu/.local/lib/python3.10/site-packages/airflow/example_dags/plugins/workday.py
[2022-05-21 18:01:40,674] {processor.py:641} INFO - Processing file /home/ubuntu/.local/lib/python3.10/site-packages/airflow/example_dags/plugins/workday.py for tasks to queue
[2022-05-21 18:01:40,675] {logging_mixin.py:115} INFO - [2022-05-21 18:01:40,675] {dagbag.py:507} INFO - Filling up the DagBag from /home/ubuntu/.local/lib/python3.10/site-packages/airflow/example_dags/plugins/workday.py
[2022-05-21 18:01:40,677] {processor.py:653} WARNING - No viable dags retrieved from /home/ubuntu/.local/lib/python3.10/site-packages/airflow/example_dags/plugins/workday.py
[2022-05-21 18:01:40,688] {processor.py:161} INFO - Processing /home/ubuntu/.local/lib/python3.10/site-packages/airflow/example_dags/plugins/workday.py took 0.017 seconds
[2022-05-21 18:02:15,631] {processor.py:153} INFO - Started process (PID=6126) to work on /home/ubuntu/.local/lib/python3.10/site-packages/airflow/example_dags/plugins/workday.py
[2022-05-21 18:02:15,632] {processor.py:641} INFO - Processing file /home/ubuntu/.local/lib/python3.10/site-packages/airflow/example_dags/plugins/workday.py for tasks to queue
[2022-05-21 18:02:15,632] {logging_mixin.py:115} INFO - [2022-05-21 18:02:15,632] {dagbag.py:507} INFO - Filling up the DagBag from /home/ubuntu/.local/lib/python3.10/site-packages/airflow/example_dags/plugins/workday.py
[2022-05-21 18:02:15,634] {processor.py:653} WARNING - No viable dags retrieved from /home/ubuntu/.local/lib/python3.10/site-packages/airflow/example_dags/plugins/workday.py
[2022-05-21 18:02:15,645] {processor.py:161} INFO - Processing /home/ubuntu/.local/lib/python3.10/site-packages/airflow/example_dags/plugins/workday.py took 0.017 seconds
[2022-05-21 18:02:46,225] {processor.py:153} INFO - Started process (PID=6161) to work on /home/ubuntu/.local/lib/python3.10/site-packages/airflow/example_dags/plugins/workday.py
[2022-05-21 18:02:46,225] {processor.py:641} INFO - Processing file /home/ubuntu/.local/lib/python3.10/site-packages/airflow/example_dags/plugins/workday.py for tasks to queue
[2022-05-21 18:02:46,225] {logging_mixin.py:115} INFO - [2022-05-21 18:02:46,225] {dagbag.py:507} INFO - Filling up the DagBag from /home/ubuntu/.local/lib/python3.10/site-packages/airflow/example_dags/plugins/workday.py
[2022-05-21 18:02:46,227] {processor.py:653} WARNING - No viable dags retrieved from /home/ubuntu/.local/lib/python3.10/site-packages/airflow/example_dags/plugins/workday.py
[2022-05-21 18:02:46,236] {processor.py:161} INFO - Processing /home/ubuntu/.local/lib/python3.10/site-packages/airflow/example_dags/plugins/workday.py took 0.015 seconds
[2022-05-21 18:03:20,191] {processor.py:153} INFO - Started process (PID=6198) to work on /home/ubuntu/.local/lib/python3.10/site-packages/airflow/example_dags/plugins/workday.py
[2022-05-21 18:03:20,192] {processor.py:641} INFO - Processing file /home/ubuntu/.local/lib/python3.10/site-packages/airflow/example_dags/plugins/workday.py for tasks to queue
[2022-05-21 18:03:20,193] {logging_mixin.py:115} INFO - [2022-05-21 18:03:20,193] {dagbag.py:507} INFO - Filling up the DagBag from /home/ubuntu/.local/lib/python3.10/site-packages/airflow/example_dags/plugins/workday.py
[2022-05-21 18:03:20,195] {processor.py:653} WARNING - No viable dags retrieved from /home/ubuntu/.local/lib/python3.10/site-packages/airflow/example_dags/plugins/workday.py
[2022-05-21 18:03:20,206] {processor.py:161} INFO - Processing /home/ubuntu/.local/lib/python3.10/site-packages/airflow/example_dags/plugins/workday.py took 0.017 seconds
[2022-05-21 18:03:51,254] {processor.py:153} INFO - Started process (PID=6239) to work on /home/ubuntu/.local/lib/python3.10/site-packages/airflow/example_dags/plugins/workday.py
[2022-05-21 18:03:51,254] {processor.py:641} INFO - Processing file /home/ubuntu/.local/lib/python3.10/site-packages/airflow/example_dags/plugins/workday.py for tasks to queue
[2022-05-21 18:03:51,255] {logging_mixin.py:115} INFO - [2022-05-21 18:03:51,255] {dagbag.py:507} INFO - Filling up the DagBag from /home/ubuntu/.local/lib/python3.10/site-packages/airflow/example_dags/plugins/workday.py
[2022-05-21 18:03:51,257] {processor.py:653} WARNING - No viable dags retrieved from /home/ubuntu/.local/lib/python3.10/site-packages/airflow/example_dags/plugins/workday.py
[2022-05-21 18:03:51,268] {processor.py:161} INFO - Processing /home/ubuntu/.local/lib/python3.10/site-packages/airflow/example_dags/plugins/workday.py took 0.017 seconds
[2022-05-21 18:04:22,874] {processor.py:153} INFO - Started process (PID=6278) to work on /home/ubuntu/.local/lib/python3.10/site-packages/airflow/example_dags/plugins/workday.py
[2022-05-21 18:04:22,875] {processor.py:641} INFO - Processing file /home/ubuntu/.local/lib/python3.10/site-packages/airflow/example_dags/plugins/workday.py for tasks to queue
[2022-05-21 18:04:22,876] {logging_mixin.py:115} INFO - [2022-05-21 18:04:22,876] {dagbag.py:507} INFO - Filling up the DagBag from /home/ubuntu/.local/lib/python3.10/site-packages/airflow/example_dags/plugins/workday.py
[2022-05-21 18:04:22,878] {processor.py:653} WARNING - No viable dags retrieved from /home/ubuntu/.local/lib/python3.10/site-packages/airflow/example_dags/plugins/workday.py
[2022-05-21 18:04:22,888] {processor.py:161} INFO - Processing /home/ubuntu/.local/lib/python3.10/site-packages/airflow/example_dags/plugins/workday.py took 0.017 seconds
[2022-05-21 18:04:56,063] {processor.py:153} INFO - Started process (PID=6319) to work on /home/ubuntu/.local/lib/python3.10/site-packages/airflow/example_dags/plugins/workday.py
[2022-05-21 18:04:56,064] {processor.py:641} INFO - Processing file /home/ubuntu/.local/lib/python3.10/site-packages/airflow/example_dags/plugins/workday.py for tasks to queue
[2022-05-21 18:04:56,064] {logging_mixin.py:115} INFO - [2022-05-21 18:04:56,064] {dagbag.py:507} INFO - Filling up the DagBag from /home/ubuntu/.local/lib/python3.10/site-packages/airflow/example_dags/plugins/workday.py
[2022-05-21 18:04:56,066] {processor.py:653} WARNING - No viable dags retrieved from /home/ubuntu/.local/lib/python3.10/site-packages/airflow/example_dags/plugins/workday.py
[2022-05-21 18:04:56,077] {processor.py:161} INFO - Processing /home/ubuntu/.local/lib/python3.10/site-packages/airflow/example_dags/plugins/workday.py took 0.017 seconds
[2022-05-21 18:05:28,686] {processor.py:153} INFO - Started process (PID=6357) to work on /home/ubuntu/.local/lib/python3.10/site-packages/airflow/example_dags/plugins/workday.py
[2022-05-21 18:05:28,687] {processor.py:641} INFO - Processing file /home/ubuntu/.local/lib/python3.10/site-packages/airflow/example_dags/plugins/workday.py for tasks to queue
[2022-05-21 18:05:28,687] {logging_mixin.py:115} INFO - [2022-05-21 18:05:28,687] {dagbag.py:507} INFO - Filling up the DagBag from /home/ubuntu/.local/lib/python3.10/site-packages/airflow/example_dags/plugins/workday.py
[2022-05-21 18:05:28,689] {processor.py:653} WARNING - No viable dags retrieved from /home/ubuntu/.local/lib/python3.10/site-packages/airflow/example_dags/plugins/workday.py
[2022-05-21 18:05:28,700] {processor.py:161} INFO - Processing /home/ubuntu/.local/lib/python3.10/site-packages/airflow/example_dags/plugins/workday.py took 0.017 seconds
[2022-05-21 18:06:00,622] {processor.py:153} INFO - Started process (PID=6392) to work on /home/ubuntu/.local/lib/python3.10/site-packages/airflow/example_dags/plugins/workday.py
[2022-05-21 18:06:00,624] {processor.py:641} INFO - Processing file /home/ubuntu/.local/lib/python3.10/site-packages/airflow/example_dags/plugins/workday.py for tasks to queue
[2022-05-21 18:06:00,624] {logging_mixin.py:115} INFO - [2022-05-21 18:06:00,624] {dagbag.py:507} INFO - Filling up the DagBag from /home/ubuntu/.local/lib/python3.10/site-packages/airflow/example_dags/plugins/workday.py
[2022-05-21 18:06:00,626] {processor.py:653} WARNING - No viable dags retrieved from /home/ubuntu/.local/lib/python3.10/site-packages/airflow/example_dags/plugins/workday.py
[2022-05-21 18:06:00,638] {processor.py:161} INFO - Processing /home/ubuntu/.local/lib/python3.10/site-packages/airflow/example_dags/plugins/workday.py took 0.019 seconds
[2022-05-21 18:06:34,568] {processor.py:153} INFO - Started process (PID=6428) to work on /home/ubuntu/.local/lib/python3.10/site-packages/airflow/example_dags/plugins/workday.py
[2022-05-21 18:06:34,569] {processor.py:641} INFO - Processing file /home/ubuntu/.local/lib/python3.10/site-packages/airflow/example_dags/plugins/workday.py for tasks to queue
[2022-05-21 18:06:34,569] {logging_mixin.py:115} INFO - [2022-05-21 18:06:34,569] {dagbag.py:507} INFO - Filling up the DagBag from /home/ubuntu/.local/lib/python3.10/site-packages/airflow/example_dags/plugins/workday.py
[2022-05-21 18:06:34,571] {processor.py:653} WARNING - No viable dags retrieved from /home/ubuntu/.local/lib/python3.10/site-packages/airflow/example_dags/plugins/workday.py
[2022-05-21 18:06:34,582] {processor.py:161} INFO - Processing /home/ubuntu/.local/lib/python3.10/site-packages/airflow/example_dags/plugins/workday.py took 0.016 seconds
[2022-05-21 18:07:08,518] {processor.py:153} INFO - Started process (PID=6462) to work on /home/ubuntu/.local/lib/python3.10/site-packages/airflow/example_dags/plugins/workday.py
[2022-05-21 18:07:08,518] {processor.py:641} INFO - Processing file /home/ubuntu/.local/lib/python3.10/site-packages/airflow/example_dags/plugins/workday.py for tasks to queue
[2022-05-21 18:07:08,519] {logging_mixin.py:115} INFO - [2022-05-21 18:07:08,519] {dagbag.py:507} INFO - Filling up the DagBag from /home/ubuntu/.local/lib/python3.10/site-packages/airflow/example_dags/plugins/workday.py
[2022-05-21 18:07:08,521] {processor.py:653} WARNING - No viable dags retrieved from /home/ubuntu/.local/lib/python3.10/site-packages/airflow/example_dags/plugins/workday.py
[2022-05-21 18:07:08,532] {processor.py:161} INFO - Processing /home/ubuntu/.local/lib/python3.10/site-packages/airflow/example_dags/plugins/workday.py took 0.017 seconds
