[2022-05-21 17:47:58,202] {processor.py:153} INFO - Started process (PID=5172) to work on /home/ubuntu/.local/lib/python3.10/site-packages/airflow/example_dags/example_short_circuit_operator.py
[2022-05-21 17:47:58,202] {processor.py:641} INFO - Processing file /home/ubuntu/.local/lib/python3.10/site-packages/airflow/example_dags/example_short_circuit_operator.py for tasks to queue
[2022-05-21 17:47:58,203] {logging_mixin.py:115} INFO - [2022-05-21 17:47:58,202] {dagbag.py:507} INFO - Filling up the DagBag from /home/ubuntu/.local/lib/python3.10/site-packages/airflow/example_dags/example_short_circuit_operator.py
[2022-05-21 17:47:58,211] {processor.py:651} INFO - DAG(s) dict_keys(['example_short_circuit_operator']) retrieved from /home/ubuntu/.local/lib/python3.10/site-packages/airflow/example_dags/example_short_circuit_operator.py
[2022-05-21 17:47:58,276] {logging_mixin.py:115} INFO - [2022-05-21 17:47:58,276] {manager.py:508} INFO - Created Permission View: can read on DAG:example_short_circuit_operator
[2022-05-21 17:47:58,287] {logging_mixin.py:115} INFO - [2022-05-21 17:47:58,287] {manager.py:508} INFO - Created Permission View: can delete on DAG:example_short_circuit_operator
[2022-05-21 17:47:58,296] {logging_mixin.py:115} INFO - [2022-05-21 17:47:58,296] {manager.py:508} INFO - Created Permission View: can edit on DAG:example_short_circuit_operator
[2022-05-21 17:47:58,296] {logging_mixin.py:115} INFO - [2022-05-21 17:47:58,296] {dag.py:2371} INFO - Sync 1 DAGs
[2022-05-21 17:47:58,304] {logging_mixin.py:115} INFO - [2022-05-21 17:47:58,303] {dag.py:2390} INFO - Creating ORM DAG for example_short_circuit_operator
[2022-05-21 17:47:58,314] {logging_mixin.py:115} INFO - [2022-05-21 17:47:58,314] {dag.py:2915} INFO - Setting next_dagrun for example_short_circuit_operator to 2022-05-20T17:47:58.313947+00:00, run_after=2022-05-21T17:47:58.313947+00:00
[2022-05-21 17:47:58,329] {processor.py:161} INFO - Processing /home/ubuntu/.local/lib/python3.10/site-packages/airflow/example_dags/example_short_circuit_operator.py took 0.130 seconds
[2022-05-21 17:48:30,910] {processor.py:153} INFO - Started process (PID=5207) to work on /home/ubuntu/.local/lib/python3.10/site-packages/airflow/example_dags/example_short_circuit_operator.py
[2022-05-21 17:48:30,910] {processor.py:641} INFO - Processing file /home/ubuntu/.local/lib/python3.10/site-packages/airflow/example_dags/example_short_circuit_operator.py for tasks to queue
[2022-05-21 17:48:30,911] {logging_mixin.py:115} INFO - [2022-05-21 17:48:30,911] {dagbag.py:507} INFO - Filling up the DagBag from /home/ubuntu/.local/lib/python3.10/site-packages/airflow/example_dags/example_short_circuit_operator.py
[2022-05-21 17:48:30,920] {processor.py:651} INFO - DAG(s) dict_keys(['example_short_circuit_operator']) retrieved from /home/ubuntu/.local/lib/python3.10/site-packages/airflow/example_dags/example_short_circuit_operator.py
[2022-05-21 17:48:30,938] {logging_mixin.py:115} INFO - [2022-05-21 17:48:30,937] {dag.py:2371} INFO - Sync 1 DAGs
[2022-05-21 17:48:30,955] {logging_mixin.py:115} INFO - [2022-05-21 17:48:30,955] {dag.py:2915} INFO - Setting next_dagrun for example_short_circuit_operator to 2022-05-20T17:48:30.954848+00:00, run_after=2022-05-21T17:48:30.954848+00:00
[2022-05-21 17:48:30,969] {processor.py:161} INFO - Processing /home/ubuntu/.local/lib/python3.10/site-packages/airflow/example_dags/example_short_circuit_operator.py took 0.062 seconds
[2022-05-21 17:49:04,087] {processor.py:153} INFO - Started process (PID=5244) to work on /home/ubuntu/.local/lib/python3.10/site-packages/airflow/example_dags/example_short_circuit_operator.py
[2022-05-21 17:49:04,088] {processor.py:641} INFO - Processing file /home/ubuntu/.local/lib/python3.10/site-packages/airflow/example_dags/example_short_circuit_operator.py for tasks to queue
[2022-05-21 17:49:04,088] {logging_mixin.py:115} INFO - [2022-05-21 17:49:04,088] {dagbag.py:507} INFO - Filling up the DagBag from /home/ubuntu/.local/lib/python3.10/site-packages/airflow/example_dags/example_short_circuit_operator.py
[2022-05-21 17:49:04,097] {processor.py:651} INFO - DAG(s) dict_keys(['example_short_circuit_operator']) retrieved from /home/ubuntu/.local/lib/python3.10/site-packages/airflow/example_dags/example_short_circuit_operator.py
[2022-05-21 17:49:04,115] {logging_mixin.py:115} INFO - [2022-05-21 17:49:04,115] {dag.py:2371} INFO - Sync 1 DAGs
[2022-05-21 17:49:04,132] {logging_mixin.py:115} INFO - [2022-05-21 17:49:04,132] {dag.py:2915} INFO - Setting next_dagrun for example_short_circuit_operator to 2022-05-20T17:49:04.132268+00:00, run_after=2022-05-21T17:49:04.132268+00:00
[2022-05-21 17:49:04,146] {processor.py:161} INFO - Processing /home/ubuntu/.local/lib/python3.10/site-packages/airflow/example_dags/example_short_circuit_operator.py took 0.062 seconds
[2022-05-21 17:49:37,809] {processor.py:153} INFO - Started process (PID=5280) to work on /home/ubuntu/.local/lib/python3.10/site-packages/airflow/example_dags/example_short_circuit_operator.py
[2022-05-21 17:49:37,809] {processor.py:641} INFO - Processing file /home/ubuntu/.local/lib/python3.10/site-packages/airflow/example_dags/example_short_circuit_operator.py for tasks to queue
[2022-05-21 17:49:37,810] {logging_mixin.py:115} INFO - [2022-05-21 17:49:37,810] {dagbag.py:507} INFO - Filling up the DagBag from /home/ubuntu/.local/lib/python3.10/site-packages/airflow/example_dags/example_short_circuit_operator.py
[2022-05-21 17:49:37,819] {processor.py:651} INFO - DAG(s) dict_keys(['example_short_circuit_operator']) retrieved from /home/ubuntu/.local/lib/python3.10/site-packages/airflow/example_dags/example_short_circuit_operator.py
[2022-05-21 17:49:37,836] {logging_mixin.py:115} INFO - [2022-05-21 17:49:37,836] {dag.py:2371} INFO - Sync 1 DAGs
[2022-05-21 17:49:37,852] {logging_mixin.py:115} INFO - [2022-05-21 17:49:37,852] {dag.py:2915} INFO - Setting next_dagrun for example_short_circuit_operator to 2022-05-20T17:49:37.852264+00:00, run_after=2022-05-21T17:49:37.852264+00:00
[2022-05-21 17:49:37,866] {processor.py:161} INFO - Processing /home/ubuntu/.local/lib/python3.10/site-packages/airflow/example_dags/example_short_circuit_operator.py took 0.060 seconds
[2022-05-21 17:50:09,978] {processor.py:153} INFO - Started process (PID=5318) to work on /home/ubuntu/.local/lib/python3.10/site-packages/airflow/example_dags/example_short_circuit_operator.py
[2022-05-21 17:50:09,978] {processor.py:641} INFO - Processing file /home/ubuntu/.local/lib/python3.10/site-packages/airflow/example_dags/example_short_circuit_operator.py for tasks to queue
[2022-05-21 17:50:09,978] {logging_mixin.py:115} INFO - [2022-05-21 17:50:09,978] {dagbag.py:507} INFO - Filling up the DagBag from /home/ubuntu/.local/lib/python3.10/site-packages/airflow/example_dags/example_short_circuit_operator.py
[2022-05-21 17:50:09,988] {processor.py:651} INFO - DAG(s) dict_keys(['example_short_circuit_operator']) retrieved from /home/ubuntu/.local/lib/python3.10/site-packages/airflow/example_dags/example_short_circuit_operator.py
[2022-05-21 17:50:10,006] {logging_mixin.py:115} INFO - [2022-05-21 17:50:10,006] {dag.py:2371} INFO - Sync 1 DAGs
[2022-05-21 17:50:10,024] {logging_mixin.py:115} INFO - [2022-05-21 17:50:10,024] {dag.py:2915} INFO - Setting next_dagrun for example_short_circuit_operator to 2022-05-20T17:50:10.024153+00:00, run_after=2022-05-21T17:50:10.024153+00:00
[2022-05-21 17:50:10,038] {processor.py:161} INFO - Processing /home/ubuntu/.local/lib/python3.10/site-packages/airflow/example_dags/example_short_circuit_operator.py took 0.064 seconds
[2022-05-21 17:50:44,713] {processor.py:153} INFO - Started process (PID=5353) to work on /home/ubuntu/.local/lib/python3.10/site-packages/airflow/example_dags/example_short_circuit_operator.py
[2022-05-21 17:50:44,713] {processor.py:641} INFO - Processing file /home/ubuntu/.local/lib/python3.10/site-packages/airflow/example_dags/example_short_circuit_operator.py for tasks to queue
[2022-05-21 17:50:44,714] {logging_mixin.py:115} INFO - [2022-05-21 17:50:44,714] {dagbag.py:507} INFO - Filling up the DagBag from /home/ubuntu/.local/lib/python3.10/site-packages/airflow/example_dags/example_short_circuit_operator.py
[2022-05-21 17:50:44,723] {processor.py:651} INFO - DAG(s) dict_keys(['example_short_circuit_operator']) retrieved from /home/ubuntu/.local/lib/python3.10/site-packages/airflow/example_dags/example_short_circuit_operator.py
[2022-05-21 17:50:44,740] {logging_mixin.py:115} INFO - [2022-05-21 17:50:44,740] {dag.py:2371} INFO - Sync 1 DAGs
[2022-05-21 17:50:44,756] {logging_mixin.py:115} INFO - [2022-05-21 17:50:44,756] {dag.py:2915} INFO - Setting next_dagrun for example_short_circuit_operator to 2022-05-20T17:50:44.756253+00:00, run_after=2022-05-21T17:50:44.756253+00:00
[2022-05-21 17:50:44,772] {processor.py:161} INFO - Processing /home/ubuntu/.local/lib/python3.10/site-packages/airflow/example_dags/example_short_circuit_operator.py took 0.062 seconds
[2022-05-21 17:51:17,914] {processor.py:153} INFO - Started process (PID=5388) to work on /home/ubuntu/.local/lib/python3.10/site-packages/airflow/example_dags/example_short_circuit_operator.py
[2022-05-21 17:51:17,915] {processor.py:641} INFO - Processing file /home/ubuntu/.local/lib/python3.10/site-packages/airflow/example_dags/example_short_circuit_operator.py for tasks to queue
[2022-05-21 17:51:17,915] {logging_mixin.py:115} INFO - [2022-05-21 17:51:17,915] {dagbag.py:507} INFO - Filling up the DagBag from /home/ubuntu/.local/lib/python3.10/site-packages/airflow/example_dags/example_short_circuit_operator.py
[2022-05-21 17:51:17,924] {processor.py:651} INFO - DAG(s) dict_keys(['example_short_circuit_operator']) retrieved from /home/ubuntu/.local/lib/python3.10/site-packages/airflow/example_dags/example_short_circuit_operator.py
[2022-05-21 17:51:17,941] {logging_mixin.py:115} INFO - [2022-05-21 17:51:17,941] {dag.py:2371} INFO - Sync 1 DAGs
[2022-05-21 17:51:17,958] {logging_mixin.py:115} INFO - [2022-05-21 17:51:17,957] {dag.py:2915} INFO - Setting next_dagrun for example_short_circuit_operator to 2022-05-20T17:51:17.957551+00:00, run_after=2022-05-21T17:51:17.957551+00:00
[2022-05-21 17:51:17,971] {processor.py:161} INFO - Processing /home/ubuntu/.local/lib/python3.10/site-packages/airflow/example_dags/example_short_circuit_operator.py took 0.059 seconds
[2022-05-21 17:51:52,278] {processor.py:153} INFO - Started process (PID=5423) to work on /home/ubuntu/.local/lib/python3.10/site-packages/airflow/example_dags/example_short_circuit_operator.py
[2022-05-21 17:51:52,278] {processor.py:641} INFO - Processing file /home/ubuntu/.local/lib/python3.10/site-packages/airflow/example_dags/example_short_circuit_operator.py for tasks to queue
[2022-05-21 17:51:52,279] {logging_mixin.py:115} INFO - [2022-05-21 17:51:52,279] {dagbag.py:507} INFO - Filling up the DagBag from /home/ubuntu/.local/lib/python3.10/site-packages/airflow/example_dags/example_short_circuit_operator.py
[2022-05-21 17:51:52,288] {processor.py:651} INFO - DAG(s) dict_keys(['example_short_circuit_operator']) retrieved from /home/ubuntu/.local/lib/python3.10/site-packages/airflow/example_dags/example_short_circuit_operator.py
[2022-05-21 17:51:52,305] {logging_mixin.py:115} INFO - [2022-05-21 17:51:52,305] {dag.py:2371} INFO - Sync 1 DAGs
[2022-05-21 17:51:52,322] {logging_mixin.py:115} INFO - [2022-05-21 17:51:52,322] {dag.py:2915} INFO - Setting next_dagrun for example_short_circuit_operator to 2022-05-20T17:51:52.321824+00:00, run_after=2022-05-21T17:51:52.321824+00:00
[2022-05-21 17:51:52,335] {processor.py:161} INFO - Processing /home/ubuntu/.local/lib/python3.10/site-packages/airflow/example_dags/example_short_circuit_operator.py took 0.060 seconds
[2022-05-21 17:52:27,178] {processor.py:153} INFO - Started process (PID=5458) to work on /home/ubuntu/.local/lib/python3.10/site-packages/airflow/example_dags/example_short_circuit_operator.py
[2022-05-21 17:52:27,179] {processor.py:641} INFO - Processing file /home/ubuntu/.local/lib/python3.10/site-packages/airflow/example_dags/example_short_circuit_operator.py for tasks to queue
[2022-05-21 17:52:27,179] {logging_mixin.py:115} INFO - [2022-05-21 17:52:27,179] {dagbag.py:507} INFO - Filling up the DagBag from /home/ubuntu/.local/lib/python3.10/site-packages/airflow/example_dags/example_short_circuit_operator.py
[2022-05-21 17:52:27,188] {processor.py:651} INFO - DAG(s) dict_keys(['example_short_circuit_operator']) retrieved from /home/ubuntu/.local/lib/python3.10/site-packages/airflow/example_dags/example_short_circuit_operator.py
[2022-05-21 17:52:27,205] {logging_mixin.py:115} INFO - [2022-05-21 17:52:27,205] {dag.py:2371} INFO - Sync 1 DAGs
[2022-05-21 17:52:27,221] {logging_mixin.py:115} INFO - [2022-05-21 17:52:27,221] {dag.py:2915} INFO - Setting next_dagrun for example_short_circuit_operator to 2022-05-20T17:52:27.220996+00:00, run_after=2022-05-21T17:52:27.220996+00:00
[2022-05-21 17:52:27,234] {processor.py:161} INFO - Processing /home/ubuntu/.local/lib/python3.10/site-packages/airflow/example_dags/example_short_circuit_operator.py took 0.059 seconds
[2022-05-21 17:52:59,440] {processor.py:153} INFO - Started process (PID=5492) to work on /home/ubuntu/.local/lib/python3.10/site-packages/airflow/example_dags/example_short_circuit_operator.py
[2022-05-21 17:52:59,441] {processor.py:641} INFO - Processing file /home/ubuntu/.local/lib/python3.10/site-packages/airflow/example_dags/example_short_circuit_operator.py for tasks to queue
[2022-05-21 17:52:59,441] {logging_mixin.py:115} INFO - [2022-05-21 17:52:59,441] {dagbag.py:507} INFO - Filling up the DagBag from /home/ubuntu/.local/lib/python3.10/site-packages/airflow/example_dags/example_short_circuit_operator.py
[2022-05-21 17:52:59,450] {processor.py:651} INFO - DAG(s) dict_keys(['example_short_circuit_operator']) retrieved from /home/ubuntu/.local/lib/python3.10/site-packages/airflow/example_dags/example_short_circuit_operator.py
[2022-05-21 17:52:59,467] {logging_mixin.py:115} INFO - [2022-05-21 17:52:59,467] {dag.py:2371} INFO - Sync 1 DAGs
[2022-05-21 17:52:59,483] {logging_mixin.py:115} INFO - [2022-05-21 17:52:59,483] {dag.py:2915} INFO - Setting next_dagrun for example_short_circuit_operator to 2022-05-20T17:52:59.483507+00:00, run_after=2022-05-21T17:52:59.483507+00:00
[2022-05-21 17:52:59,497] {processor.py:161} INFO - Processing /home/ubuntu/.local/lib/python3.10/site-packages/airflow/example_dags/example_short_circuit_operator.py took 0.059 seconds
[2022-05-21 17:53:31,423] {processor.py:153} INFO - Started process (PID=5536) to work on /home/ubuntu/.local/lib/python3.10/site-packages/airflow/example_dags/example_short_circuit_operator.py
[2022-05-21 17:53:31,424] {processor.py:641} INFO - Processing file /home/ubuntu/.local/lib/python3.10/site-packages/airflow/example_dags/example_short_circuit_operator.py for tasks to queue
[2022-05-21 17:53:31,424] {logging_mixin.py:115} INFO - [2022-05-21 17:53:31,424] {dagbag.py:507} INFO - Filling up the DagBag from /home/ubuntu/.local/lib/python3.10/site-packages/airflow/example_dags/example_short_circuit_operator.py
[2022-05-21 17:53:31,433] {processor.py:651} INFO - DAG(s) dict_keys(['example_short_circuit_operator']) retrieved from /home/ubuntu/.local/lib/python3.10/site-packages/airflow/example_dags/example_short_circuit_operator.py
[2022-05-21 17:53:31,449] {logging_mixin.py:115} INFO - [2022-05-21 17:53:31,449] {dag.py:2371} INFO - Sync 1 DAGs
[2022-05-21 17:53:31,466] {logging_mixin.py:115} INFO - [2022-05-21 17:53:31,466] {dag.py:2915} INFO - Setting next_dagrun for example_short_circuit_operator to 2022-05-20T17:53:31.465860+00:00, run_after=2022-05-21T17:53:31.465860+00:00
[2022-05-21 17:53:31,479] {processor.py:161} INFO - Processing /home/ubuntu/.local/lib/python3.10/site-packages/airflow/example_dags/example_short_circuit_operator.py took 0.059 seconds
[2022-05-21 17:54:05,242] {processor.py:153} INFO - Started process (PID=5575) to work on /home/ubuntu/.local/lib/python3.10/site-packages/airflow/example_dags/example_short_circuit_operator.py
[2022-05-21 17:54:05,243] {processor.py:641} INFO - Processing file /home/ubuntu/.local/lib/python3.10/site-packages/airflow/example_dags/example_short_circuit_operator.py for tasks to queue
[2022-05-21 17:54:05,243] {logging_mixin.py:115} INFO - [2022-05-21 17:54:05,243] {dagbag.py:507} INFO - Filling up the DagBag from /home/ubuntu/.local/lib/python3.10/site-packages/airflow/example_dags/example_short_circuit_operator.py
[2022-05-21 17:54:05,252] {processor.py:651} INFO - DAG(s) dict_keys(['example_short_circuit_operator']) retrieved from /home/ubuntu/.local/lib/python3.10/site-packages/airflow/example_dags/example_short_circuit_operator.py
[2022-05-21 17:54:05,269] {logging_mixin.py:115} INFO - [2022-05-21 17:54:05,269] {dag.py:2371} INFO - Sync 1 DAGs
[2022-05-21 17:54:05,286] {logging_mixin.py:115} INFO - [2022-05-21 17:54:05,286] {dag.py:2915} INFO - Setting next_dagrun for example_short_circuit_operator to 2022-05-20T17:54:05.285903+00:00, run_after=2022-05-21T17:54:05.285903+00:00
[2022-05-21 17:54:05,299] {processor.py:161} INFO - Processing /home/ubuntu/.local/lib/python3.10/site-packages/airflow/example_dags/example_short_circuit_operator.py took 0.060 seconds
[2022-05-21 17:54:38,375] {processor.py:153} INFO - Started process (PID=5610) to work on /home/ubuntu/.local/lib/python3.10/site-packages/airflow/example_dags/example_short_circuit_operator.py
[2022-05-21 17:54:38,375] {processor.py:641} INFO - Processing file /home/ubuntu/.local/lib/python3.10/site-packages/airflow/example_dags/example_short_circuit_operator.py for tasks to queue
[2022-05-21 17:54:38,376] {logging_mixin.py:115} INFO - [2022-05-21 17:54:38,376] {dagbag.py:507} INFO - Filling up the DagBag from /home/ubuntu/.local/lib/python3.10/site-packages/airflow/example_dags/example_short_circuit_operator.py
[2022-05-21 17:54:38,385] {processor.py:651} INFO - DAG(s) dict_keys(['example_short_circuit_operator']) retrieved from /home/ubuntu/.local/lib/python3.10/site-packages/airflow/example_dags/example_short_circuit_operator.py
[2022-05-21 17:54:38,402] {logging_mixin.py:115} INFO - [2022-05-21 17:54:38,402] {dag.py:2371} INFO - Sync 1 DAGs
[2022-05-21 17:54:38,419] {logging_mixin.py:115} INFO - [2022-05-21 17:54:38,419] {dag.py:2915} INFO - Setting next_dagrun for example_short_circuit_operator to 2022-05-20T17:54:38.419189+00:00, run_after=2022-05-21T17:54:38.419189+00:00
[2022-05-21 17:54:38,433] {processor.py:161} INFO - Processing /home/ubuntu/.local/lib/python3.10/site-packages/airflow/example_dags/example_short_circuit_operator.py took 0.062 seconds
[2022-05-21 17:55:13,506] {processor.py:153} INFO - Started process (PID=5647) to work on /home/ubuntu/.local/lib/python3.10/site-packages/airflow/example_dags/example_short_circuit_operator.py
[2022-05-21 17:55:13,507] {processor.py:641} INFO - Processing file /home/ubuntu/.local/lib/python3.10/site-packages/airflow/example_dags/example_short_circuit_operator.py for tasks to queue
[2022-05-21 17:55:13,507] {logging_mixin.py:115} INFO - [2022-05-21 17:55:13,507] {dagbag.py:507} INFO - Filling up the DagBag from /home/ubuntu/.local/lib/python3.10/site-packages/airflow/example_dags/example_short_circuit_operator.py
[2022-05-21 17:55:13,516] {processor.py:651} INFO - DAG(s) dict_keys(['example_short_circuit_operator']) retrieved from /home/ubuntu/.local/lib/python3.10/site-packages/airflow/example_dags/example_short_circuit_operator.py
[2022-05-21 17:55:13,533] {logging_mixin.py:115} INFO - [2022-05-21 17:55:13,533] {dag.py:2371} INFO - Sync 1 DAGs
[2022-05-21 17:55:13,550] {logging_mixin.py:115} INFO - [2022-05-21 17:55:13,550] {dag.py:2915} INFO - Setting next_dagrun for example_short_circuit_operator to 2022-05-20T17:55:13.550154+00:00, run_after=2022-05-21T17:55:13.550154+00:00
[2022-05-21 17:55:13,564] {processor.py:161} INFO - Processing /home/ubuntu/.local/lib/python3.10/site-packages/airflow/example_dags/example_short_circuit_operator.py took 0.061 seconds
