[2022-05-21 17:47:40,101] {processor.py:153} INFO - Started process (PID=5156) to work on /home/ubuntu/.local/lib/python3.10/site-packages/airflow/example_dags/example_xcomargs.py
[2022-05-21 17:47:40,102] {processor.py:641} INFO - Processing file /home/ubuntu/.local/lib/python3.10/site-packages/airflow/example_dags/example_xcomargs.py for tasks to queue
[2022-05-21 17:47:40,102] {logging_mixin.py:115} INFO - [2022-05-21 17:47:40,102] {dagbag.py:507} INFO - Filling up the DagBag from /home/ubuntu/.local/lib/python3.10/site-packages/airflow/example_dags/example_xcomargs.py
[2022-05-21 17:47:40,170] {processor.py:651} INFO - DAG(s) dict_keys(['example_xcom_args', 'example_xcom_args_with_operators']) retrieved from /home/ubuntu/.local/lib/python3.10/site-packages/airflow/example_dags/example_xcomargs.py
[2022-05-21 17:47:40,306] {logging_mixin.py:115} INFO - [2022-05-21 17:47:40,306] {manager.py:508} INFO - Created Permission View: can read on DAG:example_xcom_args
[2022-05-21 17:47:40,318] {logging_mixin.py:115} INFO - [2022-05-21 17:47:40,318] {manager.py:508} INFO - Created Permission View: can delete on DAG:example_xcom_args
[2022-05-21 17:47:40,337] {logging_mixin.py:115} INFO - [2022-05-21 17:47:40,337] {manager.py:508} INFO - Created Permission View: can edit on DAG:example_xcom_args
[2022-05-21 17:47:40,364] {logging_mixin.py:115} INFO - [2022-05-21 17:47:40,363] {manager.py:508} INFO - Created Permission View: can read on DAG:example_xcom_args_with_operators
[2022-05-21 17:47:40,372] {logging_mixin.py:115} INFO - [2022-05-21 17:47:40,372] {manager.py:508} INFO - Created Permission View: can delete on DAG:example_xcom_args_with_operators
[2022-05-21 17:47:40,394] {logging_mixin.py:115} INFO - [2022-05-21 17:47:40,394] {manager.py:508} INFO - Created Permission View: can edit on DAG:example_xcom_args_with_operators
[2022-05-21 17:47:40,394] {logging_mixin.py:115} INFO - [2022-05-21 17:47:40,394] {dag.py:2371} INFO - Sync 2 DAGs
[2022-05-21 17:47:40,402] {logging_mixin.py:115} INFO - [2022-05-21 17:47:40,402] {dag.py:2390} INFO - Creating ORM DAG for example_xcom_args
[2022-05-21 17:47:40,402] {logging_mixin.py:115} INFO - [2022-05-21 17:47:40,402] {dag.py:2390} INFO - Creating ORM DAG for example_xcom_args_with_operators
[2022-05-21 17:47:40,427] {logging_mixin.py:115} INFO - [2022-05-21 17:47:40,427] {dag.py:2915} INFO - Setting next_dagrun for example_xcom_args to None, run_after=None
[2022-05-21 17:47:40,428] {logging_mixin.py:115} INFO - [2022-05-21 17:47:40,428] {dag.py:2915} INFO - Setting next_dagrun for example_xcom_args_with_operators to None, run_after=None
[2022-05-21 17:47:40,451] {processor.py:161} INFO - Processing /home/ubuntu/.local/lib/python3.10/site-packages/airflow/example_dags/example_xcomargs.py took 0.353 seconds
[2022-05-21 17:48:15,463] {processor.py:153} INFO - Started process (PID=5191) to work on /home/ubuntu/.local/lib/python3.10/site-packages/airflow/example_dags/example_xcomargs.py
[2022-05-21 17:48:15,464] {processor.py:641} INFO - Processing file /home/ubuntu/.local/lib/python3.10/site-packages/airflow/example_dags/example_xcomargs.py for tasks to queue
[2022-05-21 17:48:15,465] {logging_mixin.py:115} INFO - [2022-05-21 17:48:15,464] {dagbag.py:507} INFO - Filling up the DagBag from /home/ubuntu/.local/lib/python3.10/site-packages/airflow/example_dags/example_xcomargs.py
[2022-05-21 17:48:15,483] {processor.py:651} INFO - DAG(s) dict_keys(['example_xcom_args', 'example_xcom_args_with_operators']) retrieved from /home/ubuntu/.local/lib/python3.10/site-packages/airflow/example_dags/example_xcomargs.py
[2022-05-21 17:48:15,527] {logging_mixin.py:115} INFO - [2022-05-21 17:48:15,527] {dag.py:2371} INFO - Sync 2 DAGs
[2022-05-21 17:48:15,543] {logging_mixin.py:115} INFO - [2022-05-21 17:48:15,543] {dag.py:2915} INFO - Setting next_dagrun for example_xcom_args to None, run_after=None
[2022-05-21 17:48:15,543] {logging_mixin.py:115} INFO - [2022-05-21 17:48:15,543] {dag.py:2915} INFO - Setting next_dagrun for example_xcom_args_with_operators to None, run_after=None
[2022-05-21 17:48:15,558] {processor.py:161} INFO - Processing /home/ubuntu/.local/lib/python3.10/site-packages/airflow/example_dags/example_xcomargs.py took 0.098 seconds
[2022-05-21 17:48:46,335] {processor.py:153} INFO - Started process (PID=5223) to work on /home/ubuntu/.local/lib/python3.10/site-packages/airflow/example_dags/example_xcomargs.py
[2022-05-21 17:48:46,336] {processor.py:641} INFO - Processing file /home/ubuntu/.local/lib/python3.10/site-packages/airflow/example_dags/example_xcomargs.py for tasks to queue
[2022-05-21 17:48:46,336] {logging_mixin.py:115} INFO - [2022-05-21 17:48:46,336] {dagbag.py:507} INFO - Filling up the DagBag from /home/ubuntu/.local/lib/python3.10/site-packages/airflow/example_dags/example_xcomargs.py
[2022-05-21 17:48:46,355] {processor.py:651} INFO - DAG(s) dict_keys(['example_xcom_args', 'example_xcom_args_with_operators']) retrieved from /home/ubuntu/.local/lib/python3.10/site-packages/airflow/example_dags/example_xcomargs.py
[2022-05-21 17:48:46,400] {logging_mixin.py:115} INFO - [2022-05-21 17:48:46,400] {dag.py:2371} INFO - Sync 2 DAGs
[2022-05-21 17:48:46,416] {logging_mixin.py:115} INFO - [2022-05-21 17:48:46,416] {dag.py:2915} INFO - Setting next_dagrun for example_xcom_args to None, run_after=None
[2022-05-21 17:48:46,416] {logging_mixin.py:115} INFO - [2022-05-21 17:48:46,416] {dag.py:2915} INFO - Setting next_dagrun for example_xcom_args_with_operators to None, run_after=None
[2022-05-21 17:48:46,431] {processor.py:161} INFO - Processing /home/ubuntu/.local/lib/python3.10/site-packages/airflow/example_dags/example_xcomargs.py took 0.099 seconds
[2022-05-21 17:49:17,240] {processor.py:153} INFO - Started process (PID=5260) to work on /home/ubuntu/.local/lib/python3.10/site-packages/airflow/example_dags/example_xcomargs.py
[2022-05-21 17:49:17,241] {processor.py:641} INFO - Processing file /home/ubuntu/.local/lib/python3.10/site-packages/airflow/example_dags/example_xcomargs.py for tasks to queue
[2022-05-21 17:49:17,241] {logging_mixin.py:115} INFO - [2022-05-21 17:49:17,241] {dagbag.py:507} INFO - Filling up the DagBag from /home/ubuntu/.local/lib/python3.10/site-packages/airflow/example_dags/example_xcomargs.py
[2022-05-21 17:49:17,260] {processor.py:651} INFO - DAG(s) dict_keys(['example_xcom_args', 'example_xcom_args_with_operators']) retrieved from /home/ubuntu/.local/lib/python3.10/site-packages/airflow/example_dags/example_xcomargs.py
[2022-05-21 17:49:17,278] {logging_mixin.py:115} INFO - [2022-05-21 17:49:17,278] {dag.py:2371} INFO - Sync 2 DAGs
[2022-05-21 17:49:17,295] {logging_mixin.py:115} INFO - [2022-05-21 17:49:17,295] {dag.py:2915} INFO - Setting next_dagrun for example_xcom_args to None, run_after=None
[2022-05-21 17:49:17,295] {logging_mixin.py:115} INFO - [2022-05-21 17:49:17,295] {dag.py:2915} INFO - Setting next_dagrun for example_xcom_args_with_operators to None, run_after=None
[2022-05-21 17:49:17,309] {processor.py:161} INFO - Processing /home/ubuntu/.local/lib/python3.10/site-packages/airflow/example_dags/example_xcomargs.py took 0.072 seconds
[2022-05-21 17:49:47,968] {processor.py:153} INFO - Started process (PID=5294) to work on /home/ubuntu/.local/lib/python3.10/site-packages/airflow/example_dags/example_xcomargs.py
[2022-05-21 17:49:47,968] {processor.py:641} INFO - Processing file /home/ubuntu/.local/lib/python3.10/site-packages/airflow/example_dags/example_xcomargs.py for tasks to queue
[2022-05-21 17:49:47,969] {logging_mixin.py:115} INFO - [2022-05-21 17:49:47,969] {dagbag.py:507} INFO - Filling up the DagBag from /home/ubuntu/.local/lib/python3.10/site-packages/airflow/example_dags/example_xcomargs.py
[2022-05-21 17:49:47,988] {processor.py:651} INFO - DAG(s) dict_keys(['example_xcom_args', 'example_xcom_args_with_operators']) retrieved from /home/ubuntu/.local/lib/python3.10/site-packages/airflow/example_dags/example_xcomargs.py
[2022-05-21 17:49:48,031] {logging_mixin.py:115} INFO - [2022-05-21 17:49:48,031] {dag.py:2371} INFO - Sync 2 DAGs
[2022-05-21 17:49:48,047] {logging_mixin.py:115} INFO - [2022-05-21 17:49:48,047] {dag.py:2915} INFO - Setting next_dagrun for example_xcom_args to None, run_after=None
[2022-05-21 17:49:48,048] {logging_mixin.py:115} INFO - [2022-05-21 17:49:48,048] {dag.py:2915} INFO - Setting next_dagrun for example_xcom_args_with_operators to None, run_after=None
[2022-05-21 17:49:48,062] {processor.py:161} INFO - Processing /home/ubuntu/.local/lib/python3.10/site-packages/airflow/example_dags/example_xcomargs.py took 0.097 seconds
[2022-05-21 17:50:18,904] {processor.py:153} INFO - Started process (PID=5328) to work on /home/ubuntu/.local/lib/python3.10/site-packages/airflow/example_dags/example_xcomargs.py
[2022-05-21 17:50:18,905] {processor.py:641} INFO - Processing file /home/ubuntu/.local/lib/python3.10/site-packages/airflow/example_dags/example_xcomargs.py for tasks to queue
[2022-05-21 17:50:18,905] {logging_mixin.py:115} INFO - [2022-05-21 17:50:18,905] {dagbag.py:507} INFO - Filling up the DagBag from /home/ubuntu/.local/lib/python3.10/site-packages/airflow/example_dags/example_xcomargs.py
[2022-05-21 17:50:18,924] {processor.py:651} INFO - DAG(s) dict_keys(['example_xcom_args', 'example_xcom_args_with_operators']) retrieved from /home/ubuntu/.local/lib/python3.10/site-packages/airflow/example_dags/example_xcomargs.py
[2022-05-21 17:50:18,968] {logging_mixin.py:115} INFO - [2022-05-21 17:50:18,968] {dag.py:2371} INFO - Sync 2 DAGs
[2022-05-21 17:50:18,985] {logging_mixin.py:115} INFO - [2022-05-21 17:50:18,985] {dag.py:2915} INFO - Setting next_dagrun for example_xcom_args to None, run_after=None
[2022-05-21 17:50:18,985] {logging_mixin.py:115} INFO - [2022-05-21 17:50:18,985] {dag.py:2915} INFO - Setting next_dagrun for example_xcom_args_with_operators to None, run_after=None
[2022-05-21 17:50:18,999] {processor.py:161} INFO - Processing /home/ubuntu/.local/lib/python3.10/site-packages/airflow/example_dags/example_xcomargs.py took 0.098 seconds
[2022-05-21 17:50:49,854] {processor.py:153} INFO - Started process (PID=5358) to work on /home/ubuntu/.local/lib/python3.10/site-packages/airflow/example_dags/example_xcomargs.py
[2022-05-21 17:50:49,854] {processor.py:641} INFO - Processing file /home/ubuntu/.local/lib/python3.10/site-packages/airflow/example_dags/example_xcomargs.py for tasks to queue
[2022-05-21 17:50:49,855] {logging_mixin.py:115} INFO - [2022-05-21 17:50:49,855] {dagbag.py:507} INFO - Filling up the DagBag from /home/ubuntu/.local/lib/python3.10/site-packages/airflow/example_dags/example_xcomargs.py
[2022-05-21 17:50:49,874] {processor.py:651} INFO - DAG(s) dict_keys(['example_xcom_args', 'example_xcom_args_with_operators']) retrieved from /home/ubuntu/.local/lib/python3.10/site-packages/airflow/example_dags/example_xcomargs.py
[2022-05-21 17:50:49,920] {logging_mixin.py:115} INFO - [2022-05-21 17:50:49,920] {dag.py:2371} INFO - Sync 2 DAGs
[2022-05-21 17:50:49,937] {logging_mixin.py:115} INFO - [2022-05-21 17:50:49,937] {dag.py:2915} INFO - Setting next_dagrun for example_xcom_args to None, run_after=None
[2022-05-21 17:50:49,937] {logging_mixin.py:115} INFO - [2022-05-21 17:50:49,937] {dag.py:2915} INFO - Setting next_dagrun for example_xcom_args_with_operators to None, run_after=None
[2022-05-21 17:50:49,952] {processor.py:161} INFO - Processing /home/ubuntu/.local/lib/python3.10/site-packages/airflow/example_dags/example_xcomargs.py took 0.102 seconds
[2022-05-21 17:51:21,776] {processor.py:153} INFO - Started process (PID=5392) to work on /home/ubuntu/.local/lib/python3.10/site-packages/airflow/example_dags/example_xcomargs.py
[2022-05-21 17:51:21,777] {processor.py:641} INFO - Processing file /home/ubuntu/.local/lib/python3.10/site-packages/airflow/example_dags/example_xcomargs.py for tasks to queue
[2022-05-21 17:51:21,777] {logging_mixin.py:115} INFO - [2022-05-21 17:51:21,777] {dagbag.py:507} INFO - Filling up the DagBag from /home/ubuntu/.local/lib/python3.10/site-packages/airflow/example_dags/example_xcomargs.py
[2022-05-21 17:51:21,796] {processor.py:651} INFO - DAG(s) dict_keys(['example_xcom_args', 'example_xcom_args_with_operators']) retrieved from /home/ubuntu/.local/lib/python3.10/site-packages/airflow/example_dags/example_xcomargs.py
[2022-05-21 17:51:21,841] {logging_mixin.py:115} INFO - [2022-05-21 17:51:21,841] {dag.py:2371} INFO - Sync 2 DAGs
[2022-05-21 17:51:21,858] {logging_mixin.py:115} INFO - [2022-05-21 17:51:21,857] {dag.py:2915} INFO - Setting next_dagrun for example_xcom_args to None, run_after=None
[2022-05-21 17:51:21,858] {logging_mixin.py:115} INFO - [2022-05-21 17:51:21,858] {dag.py:2915} INFO - Setting next_dagrun for example_xcom_args_with_operators to None, run_after=None
[2022-05-21 17:51:21,872] {processor.py:161} INFO - Processing /home/ubuntu/.local/lib/python3.10/site-packages/airflow/example_dags/example_xcomargs.py took 0.099 seconds
[2022-05-21 17:51:55,673] {processor.py:153} INFO - Started process (PID=5426) to work on /home/ubuntu/.local/lib/python3.10/site-packages/airflow/example_dags/example_xcomargs.py
[2022-05-21 17:51:55,674] {processor.py:641} INFO - Processing file /home/ubuntu/.local/lib/python3.10/site-packages/airflow/example_dags/example_xcomargs.py for tasks to queue
[2022-05-21 17:51:55,675] {logging_mixin.py:115} INFO - [2022-05-21 17:51:55,675] {dagbag.py:507} INFO - Filling up the DagBag from /home/ubuntu/.local/lib/python3.10/site-packages/airflow/example_dags/example_xcomargs.py
[2022-05-21 17:51:55,694] {processor.py:651} INFO - DAG(s) dict_keys(['example_xcom_args', 'example_xcom_args_with_operators']) retrieved from /home/ubuntu/.local/lib/python3.10/site-packages/airflow/example_dags/example_xcomargs.py
[2022-05-21 17:51:55,739] {logging_mixin.py:115} INFO - [2022-05-21 17:51:55,739] {dag.py:2371} INFO - Sync 2 DAGs
[2022-05-21 17:51:55,756] {logging_mixin.py:115} INFO - [2022-05-21 17:51:55,756] {dag.py:2915} INFO - Setting next_dagrun for example_xcom_args to None, run_after=None
[2022-05-21 17:51:55,756] {logging_mixin.py:115} INFO - [2022-05-21 17:51:55,756] {dag.py:2915} INFO - Setting next_dagrun for example_xcom_args_with_operators to None, run_after=None
[2022-05-21 17:51:55,771] {processor.py:161} INFO - Processing /home/ubuntu/.local/lib/python3.10/site-packages/airflow/example_dags/example_xcomargs.py took 0.100 seconds
[2022-05-21 17:52:29,624] {processor.py:153} INFO - Started process (PID=5461) to work on /home/ubuntu/.local/lib/python3.10/site-packages/airflow/example_dags/example_xcomargs.py
[2022-05-21 17:52:29,625] {processor.py:641} INFO - Processing file /home/ubuntu/.local/lib/python3.10/site-packages/airflow/example_dags/example_xcomargs.py for tasks to queue
[2022-05-21 17:52:29,625] {logging_mixin.py:115} INFO - [2022-05-21 17:52:29,625] {dagbag.py:507} INFO - Filling up the DagBag from /home/ubuntu/.local/lib/python3.10/site-packages/airflow/example_dags/example_xcomargs.py
[2022-05-21 17:52:29,644] {processor.py:651} INFO - DAG(s) dict_keys(['example_xcom_args', 'example_xcom_args_with_operators']) retrieved from /home/ubuntu/.local/lib/python3.10/site-packages/airflow/example_dags/example_xcomargs.py
[2022-05-21 17:52:29,662] {logging_mixin.py:115} INFO - [2022-05-21 17:52:29,661] {dag.py:2371} INFO - Sync 2 DAGs
[2022-05-21 17:52:29,678] {logging_mixin.py:115} INFO - [2022-05-21 17:52:29,678] {dag.py:2915} INFO - Setting next_dagrun for example_xcom_args to None, run_after=None
[2022-05-21 17:52:29,679] {logging_mixin.py:115} INFO - [2022-05-21 17:52:29,679] {dag.py:2915} INFO - Setting next_dagrun for example_xcom_args_with_operators to None, run_after=None
[2022-05-21 17:52:29,694] {processor.py:161} INFO - Processing /home/ubuntu/.local/lib/python3.10/site-packages/airflow/example_dags/example_xcomargs.py took 0.073 seconds
[2022-05-21 17:53:01,703] {processor.py:153} INFO - Started process (PID=5494) to work on /home/ubuntu/.local/lib/python3.10/site-packages/airflow/example_dags/example_xcomargs.py
[2022-05-21 17:53:01,704] {processor.py:641} INFO - Processing file /home/ubuntu/.local/lib/python3.10/site-packages/airflow/example_dags/example_xcomargs.py for tasks to queue
[2022-05-21 17:53:01,704] {logging_mixin.py:115} INFO - [2022-05-21 17:53:01,704] {dagbag.py:507} INFO - Filling up the DagBag from /home/ubuntu/.local/lib/python3.10/site-packages/airflow/example_dags/example_xcomargs.py
[2022-05-21 17:53:01,723] {processor.py:651} INFO - DAG(s) dict_keys(['example_xcom_args', 'example_xcom_args_with_operators']) retrieved from /home/ubuntu/.local/lib/python3.10/site-packages/airflow/example_dags/example_xcomargs.py
[2022-05-21 17:53:01,768] {logging_mixin.py:115} INFO - [2022-05-21 17:53:01,767] {dag.py:2371} INFO - Sync 2 DAGs
[2022-05-21 17:53:01,784] {logging_mixin.py:115} INFO - [2022-05-21 17:53:01,784] {dag.py:2915} INFO - Setting next_dagrun for example_xcom_args to None, run_after=None
[2022-05-21 17:53:01,784] {logging_mixin.py:115} INFO - [2022-05-21 17:53:01,784] {dag.py:2915} INFO - Setting next_dagrun for example_xcom_args_with_operators to None, run_after=None
[2022-05-21 17:53:01,798] {processor.py:161} INFO - Processing /home/ubuntu/.local/lib/python3.10/site-packages/airflow/example_dags/example_xcomargs.py took 0.099 seconds
[2022-05-21 17:53:33,533] {processor.py:153} INFO - Started process (PID=5539) to work on /home/ubuntu/.local/lib/python3.10/site-packages/airflow/example_dags/example_xcomargs.py
[2022-05-21 17:53:33,534] {processor.py:641} INFO - Processing file /home/ubuntu/.local/lib/python3.10/site-packages/airflow/example_dags/example_xcomargs.py for tasks to queue
[2022-05-21 17:53:33,535] {logging_mixin.py:115} INFO - [2022-05-21 17:53:33,535] {dagbag.py:507} INFO - Filling up the DagBag from /home/ubuntu/.local/lib/python3.10/site-packages/airflow/example_dags/example_xcomargs.py
[2022-05-21 17:53:33,553] {processor.py:651} INFO - DAG(s) dict_keys(['example_xcom_args', 'example_xcom_args_with_operators']) retrieved from /home/ubuntu/.local/lib/python3.10/site-packages/airflow/example_dags/example_xcomargs.py
[2022-05-21 17:53:33,571] {logging_mixin.py:115} INFO - [2022-05-21 17:53:33,570] {dag.py:2371} INFO - Sync 2 DAGs
[2022-05-21 17:53:33,587] {logging_mixin.py:115} INFO - [2022-05-21 17:53:33,587] {dag.py:2915} INFO - Setting next_dagrun for example_xcom_args to None, run_after=None
[2022-05-21 17:53:33,587] {logging_mixin.py:115} INFO - [2022-05-21 17:53:33,587] {dag.py:2915} INFO - Setting next_dagrun for example_xcom_args_with_operators to None, run_after=None
[2022-05-21 17:53:33,604] {processor.py:161} INFO - Processing /home/ubuntu/.local/lib/python3.10/site-packages/airflow/example_dags/example_xcomargs.py took 0.074 seconds
[2022-05-21 17:54:03,930] {processor.py:153} INFO - Started process (PID=5573) to work on /home/ubuntu/.local/lib/python3.10/site-packages/airflow/example_dags/example_xcomargs.py
[2022-05-21 17:54:03,931] {processor.py:641} INFO - Processing file /home/ubuntu/.local/lib/python3.10/site-packages/airflow/example_dags/example_xcomargs.py for tasks to queue
[2022-05-21 17:54:03,931] {logging_mixin.py:115} INFO - [2022-05-21 17:54:03,931] {dagbag.py:507} INFO - Filling up the DagBag from /home/ubuntu/.local/lib/python3.10/site-packages/airflow/example_dags/example_xcomargs.py
[2022-05-21 17:54:03,951] {processor.py:651} INFO - DAG(s) dict_keys(['example_xcom_args', 'example_xcom_args_with_operators']) retrieved from /home/ubuntu/.local/lib/python3.10/site-packages/airflow/example_dags/example_xcomargs.py
[2022-05-21 17:54:03,969] {logging_mixin.py:115} INFO - [2022-05-21 17:54:03,969] {dag.py:2371} INFO - Sync 2 DAGs
[2022-05-21 17:54:03,986] {logging_mixin.py:115} INFO - [2022-05-21 17:54:03,986] {dag.py:2915} INFO - Setting next_dagrun for example_xcom_args to None, run_after=None
[2022-05-21 17:54:03,986] {logging_mixin.py:115} INFO - [2022-05-21 17:54:03,986] {dag.py:2915} INFO - Setting next_dagrun for example_xcom_args_with_operators to None, run_after=None
[2022-05-21 17:54:04,004] {processor.py:161} INFO - Processing /home/ubuntu/.local/lib/python3.10/site-packages/airflow/example_dags/example_xcomargs.py took 0.076 seconds
[2022-05-21 17:54:36,102] {processor.py:153} INFO - Started process (PID=5608) to work on /home/ubuntu/.local/lib/python3.10/site-packages/airflow/example_dags/example_xcomargs.py
[2022-05-21 17:54:36,103] {processor.py:641} INFO - Processing file /home/ubuntu/.local/lib/python3.10/site-packages/airflow/example_dags/example_xcomargs.py for tasks to queue
[2022-05-21 17:54:36,103] {logging_mixin.py:115} INFO - [2022-05-21 17:54:36,103] {dagbag.py:507} INFO - Filling up the DagBag from /home/ubuntu/.local/lib/python3.10/site-packages/airflow/example_dags/example_xcomargs.py
[2022-05-21 17:54:36,123] {processor.py:651} INFO - DAG(s) dict_keys(['example_xcom_args', 'example_xcom_args_with_operators']) retrieved from /home/ubuntu/.local/lib/python3.10/site-packages/airflow/example_dags/example_xcomargs.py
[2022-05-21 17:54:36,142] {logging_mixin.py:115} INFO - [2022-05-21 17:54:36,141] {dag.py:2371} INFO - Sync 2 DAGs
[2022-05-21 17:54:36,159] {logging_mixin.py:115} INFO - [2022-05-21 17:54:36,159] {dag.py:2915} INFO - Setting next_dagrun for example_xcom_args to None, run_after=None
[2022-05-21 17:54:36,159] {logging_mixin.py:115} INFO - [2022-05-21 17:54:36,159] {dag.py:2915} INFO - Setting next_dagrun for example_xcom_args_with_operators to None, run_after=None
[2022-05-21 17:54:36,192] {processor.py:161} INFO - Processing /home/ubuntu/.local/lib/python3.10/site-packages/airflow/example_dags/example_xcomargs.py took 0.093 seconds
[2022-05-21 17:55:06,878] {processor.py:153} INFO - Started process (PID=5638) to work on /home/ubuntu/.local/lib/python3.10/site-packages/airflow/example_dags/example_xcomargs.py
[2022-05-21 17:55:06,878] {processor.py:641} INFO - Processing file /home/ubuntu/.local/lib/python3.10/site-packages/airflow/example_dags/example_xcomargs.py for tasks to queue
[2022-05-21 17:55:06,879] {logging_mixin.py:115} INFO - [2022-05-21 17:55:06,879] {dagbag.py:507} INFO - Filling up the DagBag from /home/ubuntu/.local/lib/python3.10/site-packages/airflow/example_dags/example_xcomargs.py
[2022-05-21 17:55:06,898] {processor.py:651} INFO - DAG(s) dict_keys(['example_xcom_args', 'example_xcom_args_with_operators']) retrieved from /home/ubuntu/.local/lib/python3.10/site-packages/airflow/example_dags/example_xcomargs.py
[2022-05-21 17:55:06,916] {logging_mixin.py:115} INFO - [2022-05-21 17:55:06,916] {dag.py:2371} INFO - Sync 2 DAGs
[2022-05-21 17:55:06,933] {logging_mixin.py:115} INFO - [2022-05-21 17:55:06,933] {dag.py:2915} INFO - Setting next_dagrun for example_xcom_args to None, run_after=None
[2022-05-21 17:55:06,934] {logging_mixin.py:115} INFO - [2022-05-21 17:55:06,933] {dag.py:2915} INFO - Setting next_dagrun for example_xcom_args_with_operators to None, run_after=None
[2022-05-21 17:55:06,947] {processor.py:161} INFO - Processing /home/ubuntu/.local/lib/python3.10/site-packages/airflow/example_dags/example_xcomargs.py took 0.072 seconds
[2022-05-21 17:55:37,128] {processor.py:153} INFO - Started process (PID=5672) to work on /home/ubuntu/.local/lib/python3.10/site-packages/airflow/example_dags/example_xcomargs.py
[2022-05-21 17:55:37,129] {processor.py:641} INFO - Processing file /home/ubuntu/.local/lib/python3.10/site-packages/airflow/example_dags/example_xcomargs.py for tasks to queue
[2022-05-21 17:55:37,129] {logging_mixin.py:115} INFO - [2022-05-21 17:55:37,129] {dagbag.py:507} INFO - Filling up the DagBag from /home/ubuntu/.local/lib/python3.10/site-packages/airflow/example_dags/example_xcomargs.py
[2022-05-21 17:55:37,148] {processor.py:651} INFO - DAG(s) dict_keys(['example_xcom_args', 'example_xcom_args_with_operators']) retrieved from /home/ubuntu/.local/lib/python3.10/site-packages/airflow/example_dags/example_xcomargs.py
[2022-05-21 17:55:37,192] {logging_mixin.py:115} INFO - [2022-05-21 17:55:37,191] {dag.py:2371} INFO - Sync 2 DAGs
[2022-05-21 17:55:37,208] {logging_mixin.py:115} INFO - [2022-05-21 17:55:37,208] {dag.py:2915} INFO - Setting next_dagrun for example_xcom_args to None, run_after=None
[2022-05-21 17:55:37,208] {logging_mixin.py:115} INFO - [2022-05-21 17:55:37,208] {dag.py:2915} INFO - Setting next_dagrun for example_xcom_args_with_operators to None, run_after=None
[2022-05-21 17:55:37,222] {processor.py:161} INFO - Processing /home/ubuntu/.local/lib/python3.10/site-packages/airflow/example_dags/example_xcomargs.py took 0.097 seconds
[2022-05-21 17:56:09,824] {processor.py:153} INFO - Started process (PID=5710) to work on /home/ubuntu/.local/lib/python3.10/site-packages/airflow/example_dags/example_xcomargs.py
[2022-05-21 17:56:09,825] {processor.py:641} INFO - Processing file /home/ubuntu/.local/lib/python3.10/site-packages/airflow/example_dags/example_xcomargs.py for tasks to queue
[2022-05-21 17:56:09,825] {logging_mixin.py:115} INFO - [2022-05-21 17:56:09,825] {dagbag.py:507} INFO - Filling up the DagBag from /home/ubuntu/.local/lib/python3.10/site-packages/airflow/example_dags/example_xcomargs.py
[2022-05-21 17:56:09,844] {processor.py:651} INFO - DAG(s) dict_keys(['example_xcom_args', 'example_xcom_args_with_operators']) retrieved from /home/ubuntu/.local/lib/python3.10/site-packages/airflow/example_dags/example_xcomargs.py
[2022-05-21 17:56:09,890] {logging_mixin.py:115} INFO - [2022-05-21 17:56:09,890] {dag.py:2371} INFO - Sync 2 DAGs
[2022-05-21 17:56:09,907] {logging_mixin.py:115} INFO - [2022-05-21 17:56:09,907] {dag.py:2915} INFO - Setting next_dagrun for example_xcom_args to None, run_after=None
[2022-05-21 17:56:09,908] {logging_mixin.py:115} INFO - [2022-05-21 17:56:09,907] {dag.py:2915} INFO - Setting next_dagrun for example_xcom_args_with_operators to None, run_after=None
[2022-05-21 17:56:09,925] {processor.py:161} INFO - Processing /home/ubuntu/.local/lib/python3.10/site-packages/airflow/example_dags/example_xcomargs.py took 0.104 seconds
[2022-05-21 17:56:43,126] {processor.py:153} INFO - Started process (PID=5745) to work on /home/ubuntu/.local/lib/python3.10/site-packages/airflow/example_dags/example_xcomargs.py
[2022-05-21 17:56:43,127] {processor.py:641} INFO - Processing file /home/ubuntu/.local/lib/python3.10/site-packages/airflow/example_dags/example_xcomargs.py for tasks to queue
[2022-05-21 17:56:43,127] {logging_mixin.py:115} INFO - [2022-05-21 17:56:43,127] {dagbag.py:507} INFO - Filling up the DagBag from /home/ubuntu/.local/lib/python3.10/site-packages/airflow/example_dags/example_xcomargs.py
[2022-05-21 17:56:43,146] {processor.py:651} INFO - DAG(s) dict_keys(['example_xcom_args', 'example_xcom_args_with_operators']) retrieved from /home/ubuntu/.local/lib/python3.10/site-packages/airflow/example_dags/example_xcomargs.py
[2022-05-21 17:56:43,165] {logging_mixin.py:115} INFO - [2022-05-21 17:56:43,164] {dag.py:2371} INFO - Sync 2 DAGs
[2022-05-21 17:56:43,182] {logging_mixin.py:115} INFO - [2022-05-21 17:56:43,182] {dag.py:2915} INFO - Setting next_dagrun for example_xcom_args to None, run_after=None
[2022-05-21 17:56:43,182] {logging_mixin.py:115} INFO - [2022-05-21 17:56:43,182] {dag.py:2915} INFO - Setting next_dagrun for example_xcom_args_with_operators to None, run_after=None
[2022-05-21 17:56:43,195] {processor.py:161} INFO - Processing /home/ubuntu/.local/lib/python3.10/site-packages/airflow/example_dags/example_xcomargs.py took 0.072 seconds
[2022-05-21 17:57:14,537] {processor.py:153} INFO - Started process (PID=5779) to work on /home/ubuntu/.local/lib/python3.10/site-packages/airflow/example_dags/example_xcomargs.py
[2022-05-21 17:57:14,537] {processor.py:641} INFO - Processing file /home/ubuntu/.local/lib/python3.10/site-packages/airflow/example_dags/example_xcomargs.py for tasks to queue
[2022-05-21 17:57:14,538] {logging_mixin.py:115} INFO - [2022-05-21 17:57:14,538] {dagbag.py:507} INFO - Filling up the DagBag from /home/ubuntu/.local/lib/python3.10/site-packages/airflow/example_dags/example_xcomargs.py
[2022-05-21 17:57:14,557] {processor.py:651} INFO - DAG(s) dict_keys(['example_xcom_args', 'example_xcom_args_with_operators']) retrieved from /home/ubuntu/.local/lib/python3.10/site-packages/airflow/example_dags/example_xcomargs.py
[2022-05-21 17:57:14,574] {logging_mixin.py:115} INFO - [2022-05-21 17:57:14,574] {dag.py:2371} INFO - Sync 2 DAGs
[2022-05-21 17:57:14,590] {logging_mixin.py:115} INFO - [2022-05-21 17:57:14,590] {dag.py:2915} INFO - Setting next_dagrun for example_xcom_args to None, run_after=None
[2022-05-21 17:57:14,590] {logging_mixin.py:115} INFO - [2022-05-21 17:57:14,590] {dag.py:2915} INFO - Setting next_dagrun for example_xcom_args_with_operators to None, run_after=None
[2022-05-21 17:57:14,603] {processor.py:161} INFO - Processing /home/ubuntu/.local/lib/python3.10/site-packages/airflow/example_dags/example_xcomargs.py took 0.070 seconds
[2022-05-21 17:57:45,937] {processor.py:153} INFO - Started process (PID=5818) to work on /home/ubuntu/.local/lib/python3.10/site-packages/airflow/example_dags/example_xcomargs.py
[2022-05-21 17:57:45,938] {processor.py:641} INFO - Processing file /home/ubuntu/.local/lib/python3.10/site-packages/airflow/example_dags/example_xcomargs.py for tasks to queue
[2022-05-21 17:57:45,938] {logging_mixin.py:115} INFO - [2022-05-21 17:57:45,938] {dagbag.py:507} INFO - Filling up the DagBag from /home/ubuntu/.local/lib/python3.10/site-packages/airflow/example_dags/example_xcomargs.py
[2022-05-21 17:57:45,956] {processor.py:651} INFO - DAG(s) dict_keys(['example_xcom_args', 'example_xcom_args_with_operators']) retrieved from /home/ubuntu/.local/lib/python3.10/site-packages/airflow/example_dags/example_xcomargs.py
[2022-05-21 17:57:46,001] {logging_mixin.py:115} INFO - [2022-05-21 17:57:46,001] {dag.py:2371} INFO - Sync 2 DAGs
[2022-05-21 17:57:46,018] {logging_mixin.py:115} INFO - [2022-05-21 17:57:46,017] {dag.py:2915} INFO - Setting next_dagrun for example_xcom_args to None, run_after=None
[2022-05-21 17:57:46,018] {logging_mixin.py:115} INFO - [2022-05-21 17:57:46,018] {dag.py:2915} INFO - Setting next_dagrun for example_xcom_args_with_operators to None, run_after=None
[2022-05-21 17:57:46,034] {processor.py:161} INFO - Processing /home/ubuntu/.local/lib/python3.10/site-packages/airflow/example_dags/example_xcomargs.py took 0.100 seconds
[2022-05-21 17:58:18,269] {processor.py:153} INFO - Started process (PID=5853) to work on /home/ubuntu/.local/lib/python3.10/site-packages/airflow/example_dags/example_xcomargs.py
[2022-05-21 17:58:18,269] {processor.py:641} INFO - Processing file /home/ubuntu/.local/lib/python3.10/site-packages/airflow/example_dags/example_xcomargs.py for tasks to queue
[2022-05-21 17:58:18,270] {logging_mixin.py:115} INFO - [2022-05-21 17:58:18,270] {dagbag.py:507} INFO - Filling up the DagBag from /home/ubuntu/.local/lib/python3.10/site-packages/airflow/example_dags/example_xcomargs.py
[2022-05-21 17:58:18,289] {processor.py:651} INFO - DAG(s) dict_keys(['example_xcom_args', 'example_xcom_args_with_operators']) retrieved from /home/ubuntu/.local/lib/python3.10/site-packages/airflow/example_dags/example_xcomargs.py
[2022-05-21 17:58:18,306] {logging_mixin.py:115} INFO - [2022-05-21 17:58:18,305] {dag.py:2371} INFO - Sync 2 DAGs
[2022-05-21 17:58:18,322] {logging_mixin.py:115} INFO - [2022-05-21 17:58:18,322] {dag.py:2915} INFO - Setting next_dagrun for example_xcom_args to None, run_after=None
[2022-05-21 17:58:18,322] {logging_mixin.py:115} INFO - [2022-05-21 17:58:18,322] {dag.py:2915} INFO - Setting next_dagrun for example_xcom_args_with_operators to None, run_after=None
[2022-05-21 17:58:18,335] {processor.py:161} INFO - Processing /home/ubuntu/.local/lib/python3.10/site-packages/airflow/example_dags/example_xcomargs.py took 0.069 seconds
[2022-05-21 17:58:50,164] {processor.py:153} INFO - Started process (PID=5892) to work on /home/ubuntu/.local/lib/python3.10/site-packages/airflow/example_dags/example_xcomargs.py
[2022-05-21 17:58:50,165] {processor.py:641} INFO - Processing file /home/ubuntu/.local/lib/python3.10/site-packages/airflow/example_dags/example_xcomargs.py for tasks to queue
[2022-05-21 17:58:50,165] {logging_mixin.py:115} INFO - [2022-05-21 17:58:50,165] {dagbag.py:507} INFO - Filling up the DagBag from /home/ubuntu/.local/lib/python3.10/site-packages/airflow/example_dags/example_xcomargs.py
[2022-05-21 17:58:50,183] {processor.py:651} INFO - DAG(s) dict_keys(['example_xcom_args', 'example_xcom_args_with_operators']) retrieved from /home/ubuntu/.local/lib/python3.10/site-packages/airflow/example_dags/example_xcomargs.py
[2022-05-21 17:58:50,200] {logging_mixin.py:115} INFO - [2022-05-21 17:58:50,200] {dag.py:2371} INFO - Sync 2 DAGs
[2022-05-21 17:58:50,216] {logging_mixin.py:115} INFO - [2022-05-21 17:58:50,216] {dag.py:2915} INFO - Setting next_dagrun for example_xcom_args to None, run_after=None
[2022-05-21 17:58:50,217] {logging_mixin.py:115} INFO - [2022-05-21 17:58:50,217] {dag.py:2915} INFO - Setting next_dagrun for example_xcom_args_with_operators to None, run_after=None
[2022-05-21 17:58:50,229] {processor.py:161} INFO - Processing /home/ubuntu/.local/lib/python3.10/site-packages/airflow/example_dags/example_xcomargs.py took 0.068 seconds
[2022-05-21 17:59:23,273] {processor.py:153} INFO - Started process (PID=5926) to work on /home/ubuntu/.local/lib/python3.10/site-packages/airflow/example_dags/example_xcomargs.py
[2022-05-21 17:59:23,273] {processor.py:641} INFO - Processing file /home/ubuntu/.local/lib/python3.10/site-packages/airflow/example_dags/example_xcomargs.py for tasks to queue
[2022-05-21 17:59:23,274] {logging_mixin.py:115} INFO - [2022-05-21 17:59:23,274] {dagbag.py:507} INFO - Filling up the DagBag from /home/ubuntu/.local/lib/python3.10/site-packages/airflow/example_dags/example_xcomargs.py
[2022-05-21 17:59:23,293] {processor.py:651} INFO - DAG(s) dict_keys(['example_xcom_args', 'example_xcom_args_with_operators']) retrieved from /home/ubuntu/.local/lib/python3.10/site-packages/airflow/example_dags/example_xcomargs.py
[2022-05-21 17:59:23,311] {logging_mixin.py:115} INFO - [2022-05-21 17:59:23,311] {dag.py:2371} INFO - Sync 2 DAGs
[2022-05-21 17:59:23,328] {logging_mixin.py:115} INFO - [2022-05-21 17:59:23,328] {dag.py:2915} INFO - Setting next_dagrun for example_xcom_args to None, run_after=None
[2022-05-21 17:59:23,328] {logging_mixin.py:115} INFO - [2022-05-21 17:59:23,328] {dag.py:2915} INFO - Setting next_dagrun for example_xcom_args_with_operators to None, run_after=None
[2022-05-21 17:59:23,341] {processor.py:161} INFO - Processing /home/ubuntu/.local/lib/python3.10/site-packages/airflow/example_dags/example_xcomargs.py took 0.072 seconds
[2022-05-21 17:59:54,050] {processor.py:153} INFO - Started process (PID=5966) to work on /home/ubuntu/.local/lib/python3.10/site-packages/airflow/example_dags/example_xcomargs.py
[2022-05-21 17:59:54,051] {processor.py:641} INFO - Processing file /home/ubuntu/.local/lib/python3.10/site-packages/airflow/example_dags/example_xcomargs.py for tasks to queue
[2022-05-21 17:59:54,051] {logging_mixin.py:115} INFO - [2022-05-21 17:59:54,051] {dagbag.py:507} INFO - Filling up the DagBag from /home/ubuntu/.local/lib/python3.10/site-packages/airflow/example_dags/example_xcomargs.py
[2022-05-21 17:59:54,070] {processor.py:651} INFO - DAG(s) dict_keys(['example_xcom_args', 'example_xcom_args_with_operators']) retrieved from /home/ubuntu/.local/lib/python3.10/site-packages/airflow/example_dags/example_xcomargs.py
[2022-05-21 17:59:54,087] {logging_mixin.py:115} INFO - [2022-05-21 17:59:54,087] {dag.py:2371} INFO - Sync 2 DAGs
[2022-05-21 17:59:54,103] {logging_mixin.py:115} INFO - [2022-05-21 17:59:54,103] {dag.py:2915} INFO - Setting next_dagrun for example_xcom_args to None, run_after=None
[2022-05-21 17:59:54,103] {logging_mixin.py:115} INFO - [2022-05-21 17:59:54,103] {dag.py:2915} INFO - Setting next_dagrun for example_xcom_args_with_operators to None, run_after=None
[2022-05-21 17:59:54,116] {processor.py:161} INFO - Processing /home/ubuntu/.local/lib/python3.10/site-packages/airflow/example_dags/example_xcomargs.py took 0.069 seconds
[2022-05-21 18:00:24,898] {processor.py:153} INFO - Started process (PID=5998) to work on /home/ubuntu/.local/lib/python3.10/site-packages/airflow/example_dags/example_xcomargs.py
[2022-05-21 18:00:24,899] {processor.py:641} INFO - Processing file /home/ubuntu/.local/lib/python3.10/site-packages/airflow/example_dags/example_xcomargs.py for tasks to queue
[2022-05-21 18:00:24,899] {logging_mixin.py:115} INFO - [2022-05-21 18:00:24,899] {dagbag.py:507} INFO - Filling up the DagBag from /home/ubuntu/.local/lib/python3.10/site-packages/airflow/example_dags/example_xcomargs.py
[2022-05-21 18:00:24,918] {processor.py:651} INFO - DAG(s) dict_keys(['example_xcom_args', 'example_xcom_args_with_operators']) retrieved from /home/ubuntu/.local/lib/python3.10/site-packages/airflow/example_dags/example_xcomargs.py
[2022-05-21 18:00:24,935] {logging_mixin.py:115} INFO - [2022-05-21 18:00:24,935] {dag.py:2371} INFO - Sync 2 DAGs
[2022-05-21 18:00:24,952] {logging_mixin.py:115} INFO - [2022-05-21 18:00:24,951] {dag.py:2915} INFO - Setting next_dagrun for example_xcom_args to None, run_after=None
[2022-05-21 18:00:24,952] {logging_mixin.py:115} INFO - [2022-05-21 18:00:24,952] {dag.py:2915} INFO - Setting next_dagrun for example_xcom_args_with_operators to None, run_after=None
[2022-05-21 18:00:24,965] {processor.py:161} INFO - Processing /home/ubuntu/.local/lib/python3.10/site-packages/airflow/example_dags/example_xcomargs.py took 0.070 seconds
[2022-05-21 18:00:57,422] {processor.py:153} INFO - Started process (PID=6036) to work on /home/ubuntu/.local/lib/python3.10/site-packages/airflow/example_dags/example_xcomargs.py
[2022-05-21 18:00:57,422] {processor.py:641} INFO - Processing file /home/ubuntu/.local/lib/python3.10/site-packages/airflow/example_dags/example_xcomargs.py for tasks to queue
[2022-05-21 18:00:57,423] {logging_mixin.py:115} INFO - [2022-05-21 18:00:57,423] {dagbag.py:507} INFO - Filling up the DagBag from /home/ubuntu/.local/lib/python3.10/site-packages/airflow/example_dags/example_xcomargs.py
[2022-05-21 18:00:57,442] {processor.py:651} INFO - DAG(s) dict_keys(['example_xcom_args', 'example_xcom_args_with_operators']) retrieved from /home/ubuntu/.local/lib/python3.10/site-packages/airflow/example_dags/example_xcomargs.py
[2022-05-21 18:00:57,460] {logging_mixin.py:115} INFO - [2022-05-21 18:00:57,459] {dag.py:2371} INFO - Sync 2 DAGs
[2022-05-21 18:00:57,476] {logging_mixin.py:115} INFO - [2022-05-21 18:00:57,476] {dag.py:2915} INFO - Setting next_dagrun for example_xcom_args to None, run_after=None
[2022-05-21 18:00:57,477] {logging_mixin.py:115} INFO - [2022-05-21 18:00:57,477] {dag.py:2915} INFO - Setting next_dagrun for example_xcom_args_with_operators to None, run_after=None
[2022-05-21 18:00:57,490] {processor.py:161} INFO - Processing /home/ubuntu/.local/lib/python3.10/site-packages/airflow/example_dags/example_xcomargs.py took 0.071 seconds
[2022-05-21 18:01:28,276] {processor.py:153} INFO - Started process (PID=6080) to work on /home/ubuntu/.local/lib/python3.10/site-packages/airflow/example_dags/example_xcomargs.py
[2022-05-21 18:01:28,277] {processor.py:641} INFO - Processing file /home/ubuntu/.local/lib/python3.10/site-packages/airflow/example_dags/example_xcomargs.py for tasks to queue
[2022-05-21 18:01:28,277] {logging_mixin.py:115} INFO - [2022-05-21 18:01:28,277] {dagbag.py:507} INFO - Filling up the DagBag from /home/ubuntu/.local/lib/python3.10/site-packages/airflow/example_dags/example_xcomargs.py
[2022-05-21 18:01:28,296] {processor.py:651} INFO - DAG(s) dict_keys(['example_xcom_args', 'example_xcom_args_with_operators']) retrieved from /home/ubuntu/.local/lib/python3.10/site-packages/airflow/example_dags/example_xcomargs.py
[2022-05-21 18:01:28,314] {logging_mixin.py:115} INFO - [2022-05-21 18:01:28,314] {dag.py:2371} INFO - Sync 2 DAGs
[2022-05-21 18:01:28,331] {logging_mixin.py:115} INFO - [2022-05-21 18:01:28,331] {dag.py:2915} INFO - Setting next_dagrun for example_xcom_args to None, run_after=None
[2022-05-21 18:01:28,331] {logging_mixin.py:115} INFO - [2022-05-21 18:01:28,331] {dag.py:2915} INFO - Setting next_dagrun for example_xcom_args_with_operators to None, run_after=None
[2022-05-21 18:01:28,344] {processor.py:161} INFO - Processing /home/ubuntu/.local/lib/python3.10/site-packages/airflow/example_dags/example_xcomargs.py took 0.071 seconds
[2022-05-21 18:01:59,807] {processor.py:153} INFO - Started process (PID=6111) to work on /home/ubuntu/.local/lib/python3.10/site-packages/airflow/example_dags/example_xcomargs.py
[2022-05-21 18:01:59,808] {processor.py:641} INFO - Processing file /home/ubuntu/.local/lib/python3.10/site-packages/airflow/example_dags/example_xcomargs.py for tasks to queue
[2022-05-21 18:01:59,808] {logging_mixin.py:115} INFO - [2022-05-21 18:01:59,808] {dagbag.py:507} INFO - Filling up the DagBag from /home/ubuntu/.local/lib/python3.10/site-packages/airflow/example_dags/example_xcomargs.py
[2022-05-21 18:01:59,828] {processor.py:651} INFO - DAG(s) dict_keys(['example_xcom_args', 'example_xcom_args_with_operators']) retrieved from /home/ubuntu/.local/lib/python3.10/site-packages/airflow/example_dags/example_xcomargs.py
[2022-05-21 18:01:59,846] {logging_mixin.py:115} INFO - [2022-05-21 18:01:59,846] {dag.py:2371} INFO - Sync 2 DAGs
[2022-05-21 18:01:59,863] {logging_mixin.py:115} INFO - [2022-05-21 18:01:59,863] {dag.py:2915} INFO - Setting next_dagrun for example_xcom_args to None, run_after=None
[2022-05-21 18:01:59,864] {logging_mixin.py:115} INFO - [2022-05-21 18:01:59,864] {dag.py:2915} INFO - Setting next_dagrun for example_xcom_args_with_operators to None, run_after=None
[2022-05-21 18:01:59,879] {processor.py:161} INFO - Processing /home/ubuntu/.local/lib/python3.10/site-packages/airflow/example_dags/example_xcomargs.py took 0.075 seconds
[2022-05-21 18:02:29,922] {processor.py:153} INFO - Started process (PID=6143) to work on /home/ubuntu/.local/lib/python3.10/site-packages/airflow/example_dags/example_xcomargs.py
[2022-05-21 18:02:29,923] {processor.py:641} INFO - Processing file /home/ubuntu/.local/lib/python3.10/site-packages/airflow/example_dags/example_xcomargs.py for tasks to queue
[2022-05-21 18:02:29,923] {logging_mixin.py:115} INFO - [2022-05-21 18:02:29,923] {dagbag.py:507} INFO - Filling up the DagBag from /home/ubuntu/.local/lib/python3.10/site-packages/airflow/example_dags/example_xcomargs.py
[2022-05-21 18:02:29,942] {processor.py:651} INFO - DAG(s) dict_keys(['example_xcom_args', 'example_xcom_args_with_operators']) retrieved from /home/ubuntu/.local/lib/python3.10/site-packages/airflow/example_dags/example_xcomargs.py
[2022-05-21 18:02:29,959] {logging_mixin.py:115} INFO - [2022-05-21 18:02:29,959] {dag.py:2371} INFO - Sync 2 DAGs
[2022-05-21 18:02:29,976] {logging_mixin.py:115} INFO - [2022-05-21 18:02:29,976] {dag.py:2915} INFO - Setting next_dagrun for example_xcom_args to None, run_after=None
[2022-05-21 18:02:29,976] {logging_mixin.py:115} INFO - [2022-05-21 18:02:29,976] {dag.py:2915} INFO - Setting next_dagrun for example_xcom_args_with_operators to None, run_after=None
[2022-05-21 18:02:29,989] {processor.py:161} INFO - Processing /home/ubuntu/.local/lib/python3.10/site-packages/airflow/example_dags/example_xcomargs.py took 0.070 seconds
[2022-05-21 18:03:01,361] {processor.py:153} INFO - Started process (PID=6177) to work on /home/ubuntu/.local/lib/python3.10/site-packages/airflow/example_dags/example_xcomargs.py
[2022-05-21 18:03:01,362] {processor.py:641} INFO - Processing file /home/ubuntu/.local/lib/python3.10/site-packages/airflow/example_dags/example_xcomargs.py for tasks to queue
[2022-05-21 18:03:01,363] {logging_mixin.py:115} INFO - [2022-05-21 18:03:01,363] {dagbag.py:507} INFO - Filling up the DagBag from /home/ubuntu/.local/lib/python3.10/site-packages/airflow/example_dags/example_xcomargs.py
[2022-05-21 18:03:01,382] {processor.py:651} INFO - DAG(s) dict_keys(['example_xcom_args', 'example_xcom_args_with_operators']) retrieved from /home/ubuntu/.local/lib/python3.10/site-packages/airflow/example_dags/example_xcomargs.py
[2022-05-21 18:03:01,426] {logging_mixin.py:115} INFO - [2022-05-21 18:03:01,426] {dag.py:2371} INFO - Sync 2 DAGs
[2022-05-21 18:03:01,442] {logging_mixin.py:115} INFO - [2022-05-21 18:03:01,442] {dag.py:2915} INFO - Setting next_dagrun for example_xcom_args to None, run_after=None
[2022-05-21 18:03:01,443] {logging_mixin.py:115} INFO - [2022-05-21 18:03:01,443] {dag.py:2915} INFO - Setting next_dagrun for example_xcom_args_with_operators to None, run_after=None
[2022-05-21 18:03:01,456] {processor.py:161} INFO - Processing /home/ubuntu/.local/lib/python3.10/site-packages/airflow/example_dags/example_xcomargs.py took 0.098 seconds
[2022-05-21 18:03:32,867] {processor.py:153} INFO - Started process (PID=6212) to work on /home/ubuntu/.local/lib/python3.10/site-packages/airflow/example_dags/example_xcomargs.py
[2022-05-21 18:03:32,867] {processor.py:641} INFO - Processing file /home/ubuntu/.local/lib/python3.10/site-packages/airflow/example_dags/example_xcomargs.py for tasks to queue
[2022-05-21 18:03:32,868] {logging_mixin.py:115} INFO - [2022-05-21 18:03:32,868] {dagbag.py:507} INFO - Filling up the DagBag from /home/ubuntu/.local/lib/python3.10/site-packages/airflow/example_dags/example_xcomargs.py
[2022-05-21 18:03:32,887] {processor.py:651} INFO - DAG(s) dict_keys(['example_xcom_args', 'example_xcom_args_with_operators']) retrieved from /home/ubuntu/.local/lib/python3.10/site-packages/airflow/example_dags/example_xcomargs.py
[2022-05-21 18:03:32,931] {logging_mixin.py:115} INFO - [2022-05-21 18:03:32,931] {dag.py:2371} INFO - Sync 2 DAGs
[2022-05-21 18:03:32,947] {logging_mixin.py:115} INFO - [2022-05-21 18:03:32,947] {dag.py:2915} INFO - Setting next_dagrun for example_xcom_args to None, run_after=None
[2022-05-21 18:03:32,947] {logging_mixin.py:115} INFO - [2022-05-21 18:03:32,947] {dag.py:2915} INFO - Setting next_dagrun for example_xcom_args_with_operators to None, run_after=None
[2022-05-21 18:03:32,962] {processor.py:161} INFO - Processing /home/ubuntu/.local/lib/python3.10/site-packages/airflow/example_dags/example_xcomargs.py took 0.098 seconds
[2022-05-21 18:04:05,503] {processor.py:153} INFO - Started process (PID=6256) to work on /home/ubuntu/.local/lib/python3.10/site-packages/airflow/example_dags/example_xcomargs.py
[2022-05-21 18:04:05,504] {processor.py:641} INFO - Processing file /home/ubuntu/.local/lib/python3.10/site-packages/airflow/example_dags/example_xcomargs.py for tasks to queue
[2022-05-21 18:04:05,504] {logging_mixin.py:115} INFO - [2022-05-21 18:04:05,504] {dagbag.py:507} INFO - Filling up the DagBag from /home/ubuntu/.local/lib/python3.10/site-packages/airflow/example_dags/example_xcomargs.py
[2022-05-21 18:04:05,523] {processor.py:651} INFO - DAG(s) dict_keys(['example_xcom_args', 'example_xcom_args_with_operators']) retrieved from /home/ubuntu/.local/lib/python3.10/site-packages/airflow/example_dags/example_xcomargs.py
[2022-05-21 18:04:05,568] {logging_mixin.py:115} INFO - [2022-05-21 18:04:05,568] {dag.py:2371} INFO - Sync 2 DAGs
[2022-05-21 18:04:05,585] {logging_mixin.py:115} INFO - [2022-05-21 18:04:05,585] {dag.py:2915} INFO - Setting next_dagrun for example_xcom_args to None, run_after=None
[2022-05-21 18:04:05,585] {logging_mixin.py:115} INFO - [2022-05-21 18:04:05,585] {dag.py:2915} INFO - Setting next_dagrun for example_xcom_args_with_operators to None, run_after=None
[2022-05-21 18:04:05,600] {processor.py:161} INFO - Processing /home/ubuntu/.local/lib/python3.10/site-packages/airflow/example_dags/example_xcomargs.py took 0.100 seconds
[2022-05-21 18:04:37,160] {processor.py:153} INFO - Started process (PID=6296) to work on /home/ubuntu/.local/lib/python3.10/site-packages/airflow/example_dags/example_xcomargs.py
[2022-05-21 18:04:37,160] {processor.py:641} INFO - Processing file /home/ubuntu/.local/lib/python3.10/site-packages/airflow/example_dags/example_xcomargs.py for tasks to queue
[2022-05-21 18:04:37,161] {logging_mixin.py:115} INFO - [2022-05-21 18:04:37,160] {dagbag.py:507} INFO - Filling up the DagBag from /home/ubuntu/.local/lib/python3.10/site-packages/airflow/example_dags/example_xcomargs.py
[2022-05-21 18:04:37,179] {processor.py:651} INFO - DAG(s) dict_keys(['example_xcom_args', 'example_xcom_args_with_operators']) retrieved from /home/ubuntu/.local/lib/python3.10/site-packages/airflow/example_dags/example_xcomargs.py
[2022-05-21 18:04:37,225] {logging_mixin.py:115} INFO - [2022-05-21 18:04:37,224] {dag.py:2371} INFO - Sync 2 DAGs
[2022-05-21 18:04:37,242] {logging_mixin.py:115} INFO - [2022-05-21 18:04:37,242] {dag.py:2915} INFO - Setting next_dagrun for example_xcom_args to None, run_after=None
[2022-05-21 18:04:37,242] {logging_mixin.py:115} INFO - [2022-05-21 18:04:37,242] {dag.py:2915} INFO - Setting next_dagrun for example_xcom_args_with_operators to None, run_after=None
[2022-05-21 18:04:37,257] {processor.py:161} INFO - Processing /home/ubuntu/.local/lib/python3.10/site-packages/airflow/example_dags/example_xcomargs.py took 0.100 seconds
[2022-05-21 18:05:11,489] {processor.py:153} INFO - Started process (PID=6340) to work on /home/ubuntu/.local/lib/python3.10/site-packages/airflow/example_dags/example_xcomargs.py
[2022-05-21 18:05:11,489] {processor.py:641} INFO - Processing file /home/ubuntu/.local/lib/python3.10/site-packages/airflow/example_dags/example_xcomargs.py for tasks to queue
[2022-05-21 18:05:11,490] {logging_mixin.py:115} INFO - [2022-05-21 18:05:11,490] {dagbag.py:507} INFO - Filling up the DagBag from /home/ubuntu/.local/lib/python3.10/site-packages/airflow/example_dags/example_xcomargs.py
[2022-05-21 18:05:11,509] {processor.py:651} INFO - DAG(s) dict_keys(['example_xcom_args', 'example_xcom_args_with_operators']) retrieved from /home/ubuntu/.local/lib/python3.10/site-packages/airflow/example_dags/example_xcomargs.py
[2022-05-21 18:05:11,527] {logging_mixin.py:115} INFO - [2022-05-21 18:05:11,527] {dag.py:2371} INFO - Sync 2 DAGs
[2022-05-21 18:05:11,545] {logging_mixin.py:115} INFO - [2022-05-21 18:05:11,545] {dag.py:2915} INFO - Setting next_dagrun for example_xcom_args to None, run_after=None
[2022-05-21 18:05:11,545] {logging_mixin.py:115} INFO - [2022-05-21 18:05:11,545] {dag.py:2915} INFO - Setting next_dagrun for example_xcom_args_with_operators to None, run_after=None
[2022-05-21 18:05:11,560] {processor.py:161} INFO - Processing /home/ubuntu/.local/lib/python3.10/site-packages/airflow/example_dags/example_xcomargs.py took 0.074 seconds
[2022-05-21 18:05:43,898] {processor.py:153} INFO - Started process (PID=6374) to work on /home/ubuntu/.local/lib/python3.10/site-packages/airflow/example_dags/example_xcomargs.py
[2022-05-21 18:05:43,899] {processor.py:641} INFO - Processing file /home/ubuntu/.local/lib/python3.10/site-packages/airflow/example_dags/example_xcomargs.py for tasks to queue
[2022-05-21 18:05:43,899] {logging_mixin.py:115} INFO - [2022-05-21 18:05:43,899] {dagbag.py:507} INFO - Filling up the DagBag from /home/ubuntu/.local/lib/python3.10/site-packages/airflow/example_dags/example_xcomargs.py
[2022-05-21 18:05:43,918] {processor.py:651} INFO - DAG(s) dict_keys(['example_xcom_args', 'example_xcom_args_with_operators']) retrieved from /home/ubuntu/.local/lib/python3.10/site-packages/airflow/example_dags/example_xcomargs.py
[2022-05-21 18:05:43,935] {logging_mixin.py:115} INFO - [2022-05-21 18:05:43,935] {dag.py:2371} INFO - Sync 2 DAGs
[2022-05-21 18:05:43,952] {logging_mixin.py:115} INFO - [2022-05-21 18:05:43,952] {dag.py:2915} INFO - Setting next_dagrun for example_xcom_args to None, run_after=None
[2022-05-21 18:05:43,952] {logging_mixin.py:115} INFO - [2022-05-21 18:05:43,952] {dag.py:2915} INFO - Setting next_dagrun for example_xcom_args_with_operators to None, run_after=None
[2022-05-21 18:05:43,973] {processor.py:161} INFO - Processing /home/ubuntu/.local/lib/python3.10/site-packages/airflow/example_dags/example_xcomargs.py took 0.077 seconds
[2022-05-21 18:06:14,905] {processor.py:153} INFO - Started process (PID=6408) to work on /home/ubuntu/.local/lib/python3.10/site-packages/airflow/example_dags/example_xcomargs.py
[2022-05-21 18:06:14,906] {processor.py:641} INFO - Processing file /home/ubuntu/.local/lib/python3.10/site-packages/airflow/example_dags/example_xcomargs.py for tasks to queue
[2022-05-21 18:06:14,907] {logging_mixin.py:115} INFO - [2022-05-21 18:06:14,906] {dagbag.py:507} INFO - Filling up the DagBag from /home/ubuntu/.local/lib/python3.10/site-packages/airflow/example_dags/example_xcomargs.py
[2022-05-21 18:06:14,926] {processor.py:651} INFO - DAG(s) dict_keys(['example_xcom_args', 'example_xcom_args_with_operators']) retrieved from /home/ubuntu/.local/lib/python3.10/site-packages/airflow/example_dags/example_xcomargs.py
[2022-05-21 18:06:14,944] {logging_mixin.py:115} INFO - [2022-05-21 18:06:14,944] {dag.py:2371} INFO - Sync 2 DAGs
[2022-05-21 18:06:14,961] {logging_mixin.py:115} INFO - [2022-05-21 18:06:14,961] {dag.py:2915} INFO - Setting next_dagrun for example_xcom_args to None, run_after=None
[2022-05-21 18:06:14,961] {logging_mixin.py:115} INFO - [2022-05-21 18:06:14,961] {dag.py:2915} INFO - Setting next_dagrun for example_xcom_args_with_operators to None, run_after=None
[2022-05-21 18:06:14,974] {processor.py:161} INFO - Processing /home/ubuntu/.local/lib/python3.10/site-packages/airflow/example_dags/example_xcomargs.py took 0.072 seconds
[2022-05-21 18:06:48,568] {processor.py:153} INFO - Started process (PID=6442) to work on /home/ubuntu/.local/lib/python3.10/site-packages/airflow/example_dags/example_xcomargs.py
[2022-05-21 18:06:48,569] {processor.py:641} INFO - Processing file /home/ubuntu/.local/lib/python3.10/site-packages/airflow/example_dags/example_xcomargs.py for tasks to queue
[2022-05-21 18:06:48,570] {logging_mixin.py:115} INFO - [2022-05-21 18:06:48,570] {dagbag.py:507} INFO - Filling up the DagBag from /home/ubuntu/.local/lib/python3.10/site-packages/airflow/example_dags/example_xcomargs.py
[2022-05-21 18:06:48,589] {processor.py:651} INFO - DAG(s) dict_keys(['example_xcom_args', 'example_xcom_args_with_operators']) retrieved from /home/ubuntu/.local/lib/python3.10/site-packages/airflow/example_dags/example_xcomargs.py
[2022-05-21 18:06:48,607] {logging_mixin.py:115} INFO - [2022-05-21 18:06:48,607] {dag.py:2371} INFO - Sync 2 DAGs
[2022-05-21 18:06:48,624] {logging_mixin.py:115} INFO - [2022-05-21 18:06:48,624] {dag.py:2915} INFO - Setting next_dagrun for example_xcom_args to None, run_after=None
[2022-05-21 18:06:48,624] {logging_mixin.py:115} INFO - [2022-05-21 18:06:48,624] {dag.py:2915} INFO - Setting next_dagrun for example_xcom_args_with_operators to None, run_after=None
[2022-05-21 18:06:48,638] {processor.py:161} INFO - Processing /home/ubuntu/.local/lib/python3.10/site-packages/airflow/example_dags/example_xcomargs.py took 0.072 seconds
[2022-05-21 18:07:19,937] {processor.py:153} INFO - Started process (PID=6474) to work on /home/ubuntu/.local/lib/python3.10/site-packages/airflow/example_dags/example_xcomargs.py
[2022-05-21 18:07:19,938] {processor.py:641} INFO - Processing file /home/ubuntu/.local/lib/python3.10/site-packages/airflow/example_dags/example_xcomargs.py for tasks to queue
[2022-05-21 18:07:19,938] {logging_mixin.py:115} INFO - [2022-05-21 18:07:19,938] {dagbag.py:507} INFO - Filling up the DagBag from /home/ubuntu/.local/lib/python3.10/site-packages/airflow/example_dags/example_xcomargs.py
[2022-05-21 18:07:19,957] {processor.py:651} INFO - DAG(s) dict_keys(['example_xcom_args', 'example_xcom_args_with_operators']) retrieved from /home/ubuntu/.local/lib/python3.10/site-packages/airflow/example_dags/example_xcomargs.py
[2022-05-21 18:07:19,975] {logging_mixin.py:115} INFO - [2022-05-21 18:07:19,975] {dag.py:2371} INFO - Sync 2 DAGs
[2022-05-21 18:07:19,992] {logging_mixin.py:115} INFO - [2022-05-21 18:07:19,992] {dag.py:2915} INFO - Setting next_dagrun for example_xcom_args to None, run_after=None
[2022-05-21 18:07:19,992] {logging_mixin.py:115} INFO - [2022-05-21 18:07:19,992] {dag.py:2915} INFO - Setting next_dagrun for example_xcom_args_with_operators to None, run_after=None
[2022-05-21 18:07:20,006] {processor.py:161} INFO - Processing /home/ubuntu/.local/lib/python3.10/site-packages/airflow/example_dags/example_xcomargs.py took 0.072 seconds
