[2022-05-21 17:47:59,027] {processor.py:153} INFO - Started process (PID=5173) to work on /home/ubuntu/.local/lib/python3.10/site-packages/airflow/example_dags/example_skip_dag.py
[2022-05-21 17:47:59,027] {processor.py:641} INFO - Processing file /home/ubuntu/.local/lib/python3.10/site-packages/airflow/example_dags/example_skip_dag.py for tasks to queue
[2022-05-21 17:47:59,028] {logging_mixin.py:115} INFO - [2022-05-21 17:47:59,028] {dagbag.py:507} INFO - Filling up the DagBag from /home/ubuntu/.local/lib/python3.10/site-packages/airflow/example_dags/example_skip_dag.py
[2022-05-21 17:47:59,033] {processor.py:651} INFO - DAG(s) dict_keys(['example_skip_dag']) retrieved from /home/ubuntu/.local/lib/python3.10/site-packages/airflow/example_dags/example_skip_dag.py
[2022-05-21 17:47:59,096] {logging_mixin.py:115} INFO - [2022-05-21 17:47:59,096] {manager.py:508} INFO - Created Permission View: can read on DAG:example_skip_dag
[2022-05-21 17:47:59,107] {logging_mixin.py:115} INFO - [2022-05-21 17:47:59,106] {manager.py:508} INFO - Created Permission View: can delete on DAG:example_skip_dag
[2022-05-21 17:47:59,115] {logging_mixin.py:115} INFO - [2022-05-21 17:47:59,115] {manager.py:508} INFO - Created Permission View: can edit on DAG:example_skip_dag
[2022-05-21 17:47:59,116] {logging_mixin.py:115} INFO - [2022-05-21 17:47:59,116] {dag.py:2371} INFO - Sync 1 DAGs
[2022-05-21 17:47:59,123] {logging_mixin.py:115} INFO - [2022-05-21 17:47:59,123] {dag.py:2390} INFO - Creating ORM DAG for example_skip_dag
[2022-05-21 17:47:59,134] {logging_mixin.py:115} INFO - [2022-05-21 17:47:59,133] {dag.py:2915} INFO - Setting next_dagrun for example_skip_dag to 2022-05-20T17:47:59.133659+00:00, run_after=2022-05-21T17:47:59.133659+00:00
[2022-05-21 17:47:59,150] {processor.py:161} INFO - Processing /home/ubuntu/.local/lib/python3.10/site-packages/airflow/example_dags/example_skip_dag.py took 0.126 seconds
[2022-05-21 17:48:32,052] {processor.py:153} INFO - Started process (PID=5208) to work on /home/ubuntu/.local/lib/python3.10/site-packages/airflow/example_dags/example_skip_dag.py
[2022-05-21 17:48:32,053] {processor.py:641} INFO - Processing file /home/ubuntu/.local/lib/python3.10/site-packages/airflow/example_dags/example_skip_dag.py for tasks to queue
[2022-05-21 17:48:32,054] {logging_mixin.py:115} INFO - [2022-05-21 17:48:32,054] {dagbag.py:507} INFO - Filling up the DagBag from /home/ubuntu/.local/lib/python3.10/site-packages/airflow/example_dags/example_skip_dag.py
[2022-05-21 17:48:32,059] {processor.py:651} INFO - DAG(s) dict_keys(['example_skip_dag']) retrieved from /home/ubuntu/.local/lib/python3.10/site-packages/airflow/example_dags/example_skip_dag.py
[2022-05-21 17:48:32,076] {logging_mixin.py:115} INFO - [2022-05-21 17:48:32,076] {dag.py:2371} INFO - Sync 1 DAGs
[2022-05-21 17:48:32,094] {logging_mixin.py:115} INFO - [2022-05-21 17:48:32,093] {dag.py:2915} INFO - Setting next_dagrun for example_skip_dag to 2022-05-20T17:48:32.093623+00:00, run_after=2022-05-21T17:48:32.093623+00:00
[2022-05-21 17:48:32,107] {processor.py:161} INFO - Processing /home/ubuntu/.local/lib/python3.10/site-packages/airflow/example_dags/example_skip_dag.py took 0.057 seconds
[2022-05-21 17:49:05,218] {processor.py:153} INFO - Started process (PID=5245) to work on /home/ubuntu/.local/lib/python3.10/site-packages/airflow/example_dags/example_skip_dag.py
[2022-05-21 17:49:05,219] {processor.py:641} INFO - Processing file /home/ubuntu/.local/lib/python3.10/site-packages/airflow/example_dags/example_skip_dag.py for tasks to queue
[2022-05-21 17:49:05,219] {logging_mixin.py:115} INFO - [2022-05-21 17:49:05,219] {dagbag.py:507} INFO - Filling up the DagBag from /home/ubuntu/.local/lib/python3.10/site-packages/airflow/example_dags/example_skip_dag.py
[2022-05-21 17:49:05,224] {processor.py:651} INFO - DAG(s) dict_keys(['example_skip_dag']) retrieved from /home/ubuntu/.local/lib/python3.10/site-packages/airflow/example_dags/example_skip_dag.py
[2022-05-21 17:49:05,241] {logging_mixin.py:115} INFO - [2022-05-21 17:49:05,241] {dag.py:2371} INFO - Sync 1 DAGs
[2022-05-21 17:49:05,259] {logging_mixin.py:115} INFO - [2022-05-21 17:49:05,258] {dag.py:2915} INFO - Setting next_dagrun for example_skip_dag to 2022-05-20T17:49:05.258632+00:00, run_after=2022-05-21T17:49:05.258632+00:00
[2022-05-21 17:49:05,299] {processor.py:161} INFO - Processing /home/ubuntu/.local/lib/python3.10/site-packages/airflow/example_dags/example_skip_dag.py took 0.083 seconds
[2022-05-21 17:49:38,954] {processor.py:153} INFO - Started process (PID=5281) to work on /home/ubuntu/.local/lib/python3.10/site-packages/airflow/example_dags/example_skip_dag.py
[2022-05-21 17:49:38,955] {processor.py:641} INFO - Processing file /home/ubuntu/.local/lib/python3.10/site-packages/airflow/example_dags/example_skip_dag.py for tasks to queue
[2022-05-21 17:49:38,955] {logging_mixin.py:115} INFO - [2022-05-21 17:49:38,955] {dagbag.py:507} INFO - Filling up the DagBag from /home/ubuntu/.local/lib/python3.10/site-packages/airflow/example_dags/example_skip_dag.py
[2022-05-21 17:49:38,961] {processor.py:651} INFO - DAG(s) dict_keys(['example_skip_dag']) retrieved from /home/ubuntu/.local/lib/python3.10/site-packages/airflow/example_dags/example_skip_dag.py
[2022-05-21 17:49:38,977] {logging_mixin.py:115} INFO - [2022-05-21 17:49:38,977] {dag.py:2371} INFO - Sync 1 DAGs
[2022-05-21 17:49:38,995] {logging_mixin.py:115} INFO - [2022-05-21 17:49:38,994] {dag.py:2915} INFO - Setting next_dagrun for example_skip_dag to 2022-05-20T17:49:38.994624+00:00, run_after=2022-05-21T17:49:38.994624+00:00
[2022-05-21 17:49:39,008] {processor.py:161} INFO - Processing /home/ubuntu/.local/lib/python3.10/site-packages/airflow/example_dags/example_skip_dag.py took 0.057 seconds
[2022-05-21 17:50:10,959] {processor.py:153} INFO - Started process (PID=5319) to work on /home/ubuntu/.local/lib/python3.10/site-packages/airflow/example_dags/example_skip_dag.py
[2022-05-21 17:50:10,960] {processor.py:641} INFO - Processing file /home/ubuntu/.local/lib/python3.10/site-packages/airflow/example_dags/example_skip_dag.py for tasks to queue
[2022-05-21 17:50:10,960] {logging_mixin.py:115} INFO - [2022-05-21 17:50:10,960] {dagbag.py:507} INFO - Filling up the DagBag from /home/ubuntu/.local/lib/python3.10/site-packages/airflow/example_dags/example_skip_dag.py
[2022-05-21 17:50:10,965] {processor.py:651} INFO - DAG(s) dict_keys(['example_skip_dag']) retrieved from /home/ubuntu/.local/lib/python3.10/site-packages/airflow/example_dags/example_skip_dag.py
[2022-05-21 17:50:10,982] {logging_mixin.py:115} INFO - [2022-05-21 17:50:10,982] {dag.py:2371} INFO - Sync 1 DAGs
[2022-05-21 17:50:11,000] {logging_mixin.py:115} INFO - [2022-05-21 17:50:11,000] {dag.py:2915} INFO - Setting next_dagrun for example_skip_dag to 2022-05-20T17:50:10.999822+00:00, run_after=2022-05-21T17:50:10.999822+00:00
[2022-05-21 17:50:11,013] {processor.py:161} INFO - Processing /home/ubuntu/.local/lib/python3.10/site-packages/airflow/example_dags/example_skip_dag.py took 0.057 seconds
[2022-05-21 17:50:45,854] {processor.py:153} INFO - Started process (PID=5354) to work on /home/ubuntu/.local/lib/python3.10/site-packages/airflow/example_dags/example_skip_dag.py
[2022-05-21 17:50:45,855] {processor.py:641} INFO - Processing file /home/ubuntu/.local/lib/python3.10/site-packages/airflow/example_dags/example_skip_dag.py for tasks to queue
[2022-05-21 17:50:45,855] {logging_mixin.py:115} INFO - [2022-05-21 17:50:45,855] {dagbag.py:507} INFO - Filling up the DagBag from /home/ubuntu/.local/lib/python3.10/site-packages/airflow/example_dags/example_skip_dag.py
[2022-05-21 17:50:45,860] {processor.py:651} INFO - DAG(s) dict_keys(['example_skip_dag']) retrieved from /home/ubuntu/.local/lib/python3.10/site-packages/airflow/example_dags/example_skip_dag.py
[2022-05-21 17:50:45,877] {logging_mixin.py:115} INFO - [2022-05-21 17:50:45,877] {dag.py:2371} INFO - Sync 1 DAGs
[2022-05-21 17:50:45,894] {logging_mixin.py:115} INFO - [2022-05-21 17:50:45,894] {dag.py:2915} INFO - Setting next_dagrun for example_skip_dag to 2022-05-20T17:50:45.894452+00:00, run_after=2022-05-21T17:50:45.894452+00:00
[2022-05-21 17:50:45,908] {processor.py:161} INFO - Processing /home/ubuntu/.local/lib/python3.10/site-packages/airflow/example_dags/example_skip_dag.py took 0.057 seconds
[2022-05-21 17:51:19,045] {processor.py:153} INFO - Started process (PID=5389) to work on /home/ubuntu/.local/lib/python3.10/site-packages/airflow/example_dags/example_skip_dag.py
[2022-05-21 17:51:19,045] {processor.py:641} INFO - Processing file /home/ubuntu/.local/lib/python3.10/site-packages/airflow/example_dags/example_skip_dag.py for tasks to queue
[2022-05-21 17:51:19,046] {logging_mixin.py:115} INFO - [2022-05-21 17:51:19,046] {dagbag.py:507} INFO - Filling up the DagBag from /home/ubuntu/.local/lib/python3.10/site-packages/airflow/example_dags/example_skip_dag.py
[2022-05-21 17:51:19,051] {processor.py:651} INFO - DAG(s) dict_keys(['example_skip_dag']) retrieved from /home/ubuntu/.local/lib/python3.10/site-packages/airflow/example_dags/example_skip_dag.py
[2022-05-21 17:51:19,069] {logging_mixin.py:115} INFO - [2022-05-21 17:51:19,069] {dag.py:2371} INFO - Sync 1 DAGs
[2022-05-21 17:51:19,086] {logging_mixin.py:115} INFO - [2022-05-21 17:51:19,086] {dag.py:2915} INFO - Setting next_dagrun for example_skip_dag to 2022-05-20T17:51:19.086285+00:00, run_after=2022-05-21T17:51:19.086285+00:00
[2022-05-21 17:51:19,100] {processor.py:161} INFO - Processing /home/ubuntu/.local/lib/python3.10/site-packages/airflow/example_dags/example_skip_dag.py took 0.058 seconds
[2022-05-21 17:51:53,412] {processor.py:153} INFO - Started process (PID=5424) to work on /home/ubuntu/.local/lib/python3.10/site-packages/airflow/example_dags/example_skip_dag.py
[2022-05-21 17:51:53,412] {processor.py:641} INFO - Processing file /home/ubuntu/.local/lib/python3.10/site-packages/airflow/example_dags/example_skip_dag.py for tasks to queue
[2022-05-21 17:51:53,413] {logging_mixin.py:115} INFO - [2022-05-21 17:51:53,413] {dagbag.py:507} INFO - Filling up the DagBag from /home/ubuntu/.local/lib/python3.10/site-packages/airflow/example_dags/example_skip_dag.py
[2022-05-21 17:51:53,418] {processor.py:651} INFO - DAG(s) dict_keys(['example_skip_dag']) retrieved from /home/ubuntu/.local/lib/python3.10/site-packages/airflow/example_dags/example_skip_dag.py
[2022-05-21 17:51:53,434] {logging_mixin.py:115} INFO - [2022-05-21 17:51:53,434] {dag.py:2371} INFO - Sync 1 DAGs
[2022-05-21 17:51:53,451] {logging_mixin.py:115} INFO - [2022-05-21 17:51:53,451] {dag.py:2915} INFO - Setting next_dagrun for example_skip_dag to 2022-05-20T17:51:53.451215+00:00, run_after=2022-05-21T17:51:53.451215+00:00
[2022-05-21 17:51:53,465] {processor.py:161} INFO - Processing /home/ubuntu/.local/lib/python3.10/site-packages/airflow/example_dags/example_skip_dag.py took 0.056 seconds
[2022-05-21 17:52:27,351] {processor.py:153} INFO - Started process (PID=5459) to work on /home/ubuntu/.local/lib/python3.10/site-packages/airflow/example_dags/example_skip_dag.py
[2022-05-21 17:52:27,352] {processor.py:641} INFO - Processing file /home/ubuntu/.local/lib/python3.10/site-packages/airflow/example_dags/example_skip_dag.py for tasks to queue
[2022-05-21 17:52:27,352] {logging_mixin.py:115} INFO - [2022-05-21 17:52:27,352] {dagbag.py:507} INFO - Filling up the DagBag from /home/ubuntu/.local/lib/python3.10/site-packages/airflow/example_dags/example_skip_dag.py
[2022-05-21 17:52:27,357] {processor.py:651} INFO - DAG(s) dict_keys(['example_skip_dag']) retrieved from /home/ubuntu/.local/lib/python3.10/site-packages/airflow/example_dags/example_skip_dag.py
[2022-05-21 17:52:27,374] {logging_mixin.py:115} INFO - [2022-05-21 17:52:27,374] {dag.py:2371} INFO - Sync 1 DAGs
[2022-05-21 17:52:27,391] {logging_mixin.py:115} INFO - [2022-05-21 17:52:27,391] {dag.py:2915} INFO - Setting next_dagrun for example_skip_dag to 2022-05-20T17:52:27.391369+00:00, run_after=2022-05-21T17:52:27.391369+00:00
[2022-05-21 17:52:27,404] {processor.py:161} INFO - Processing /home/ubuntu/.local/lib/python3.10/site-packages/airflow/example_dags/example_skip_dag.py took 0.056 seconds
[2022-05-21 17:53:00,572] {processor.py:153} INFO - Started process (PID=5493) to work on /home/ubuntu/.local/lib/python3.10/site-packages/airflow/example_dags/example_skip_dag.py
[2022-05-21 17:53:00,572] {processor.py:641} INFO - Processing file /home/ubuntu/.local/lib/python3.10/site-packages/airflow/example_dags/example_skip_dag.py for tasks to queue
[2022-05-21 17:53:00,572] {logging_mixin.py:115} INFO - [2022-05-21 17:53:00,572] {dagbag.py:507} INFO - Filling up the DagBag from /home/ubuntu/.local/lib/python3.10/site-packages/airflow/example_dags/example_skip_dag.py
[2022-05-21 17:53:00,577] {processor.py:651} INFO - DAG(s) dict_keys(['example_skip_dag']) retrieved from /home/ubuntu/.local/lib/python3.10/site-packages/airflow/example_dags/example_skip_dag.py
[2022-05-21 17:53:00,594] {logging_mixin.py:115} INFO - [2022-05-21 17:53:00,594] {dag.py:2371} INFO - Sync 1 DAGs
[2022-05-21 17:53:00,611] {logging_mixin.py:115} INFO - [2022-05-21 17:53:00,611] {dag.py:2915} INFO - Setting next_dagrun for example_skip_dag to 2022-05-20T17:53:00.611010+00:00, run_after=2022-05-21T17:53:00.611010+00:00
[2022-05-21 17:53:00,625] {processor.py:161} INFO - Processing /home/ubuntu/.local/lib/python3.10/site-packages/airflow/example_dags/example_skip_dag.py took 0.056 seconds
[2022-05-21 17:53:32,553] {processor.py:153} INFO - Started process (PID=5537) to work on /home/ubuntu/.local/lib/python3.10/site-packages/airflow/example_dags/example_skip_dag.py
[2022-05-21 17:53:32,554] {processor.py:641} INFO - Processing file /home/ubuntu/.local/lib/python3.10/site-packages/airflow/example_dags/example_skip_dag.py for tasks to queue
[2022-05-21 17:53:32,554] {logging_mixin.py:115} INFO - [2022-05-21 17:53:32,554] {dagbag.py:507} INFO - Filling up the DagBag from /home/ubuntu/.local/lib/python3.10/site-packages/airflow/example_dags/example_skip_dag.py
[2022-05-21 17:53:32,559] {processor.py:651} INFO - DAG(s) dict_keys(['example_skip_dag']) retrieved from /home/ubuntu/.local/lib/python3.10/site-packages/airflow/example_dags/example_skip_dag.py
[2022-05-21 17:53:32,576] {logging_mixin.py:115} INFO - [2022-05-21 17:53:32,576] {dag.py:2371} INFO - Sync 1 DAGs
[2022-05-21 17:53:32,592] {logging_mixin.py:115} INFO - [2022-05-21 17:53:32,592] {dag.py:2915} INFO - Setting next_dagrun for example_skip_dag to 2022-05-20T17:53:32.592487+00:00, run_after=2022-05-21T17:53:32.592487+00:00
[2022-05-21 17:53:32,606] {processor.py:161} INFO - Processing /home/ubuntu/.local/lib/python3.10/site-packages/airflow/example_dags/example_skip_dag.py took 0.056 seconds
[2022-05-21 17:54:06,396] {processor.py:153} INFO - Started process (PID=5577) to work on /home/ubuntu/.local/lib/python3.10/site-packages/airflow/example_dags/example_skip_dag.py
[2022-05-21 17:54:06,397] {processor.py:641} INFO - Processing file /home/ubuntu/.local/lib/python3.10/site-packages/airflow/example_dags/example_skip_dag.py for tasks to queue
[2022-05-21 17:54:06,397] {logging_mixin.py:115} INFO - [2022-05-21 17:54:06,397] {dagbag.py:507} INFO - Filling up the DagBag from /home/ubuntu/.local/lib/python3.10/site-packages/airflow/example_dags/example_skip_dag.py
[2022-05-21 17:54:06,402] {processor.py:651} INFO - DAG(s) dict_keys(['example_skip_dag']) retrieved from /home/ubuntu/.local/lib/python3.10/site-packages/airflow/example_dags/example_skip_dag.py
[2022-05-21 17:54:06,420] {logging_mixin.py:115} INFO - [2022-05-21 17:54:06,420] {dag.py:2371} INFO - Sync 1 DAGs
[2022-05-21 17:54:06,438] {logging_mixin.py:115} INFO - [2022-05-21 17:54:06,438] {dag.py:2915} INFO - Setting next_dagrun for example_skip_dag to 2022-05-20T17:54:06.438116+00:00, run_after=2022-05-21T17:54:06.438116+00:00
[2022-05-21 17:54:06,453] {processor.py:161} INFO - Processing /home/ubuntu/.local/lib/python3.10/site-packages/airflow/example_dags/example_skip_dag.py took 0.060 seconds
[2022-05-21 17:54:41,244] {processor.py:153} INFO - Started process (PID=5613) to work on /home/ubuntu/.local/lib/python3.10/site-packages/airflow/example_dags/example_skip_dag.py
[2022-05-21 17:54:41,245] {processor.py:641} INFO - Processing file /home/ubuntu/.local/lib/python3.10/site-packages/airflow/example_dags/example_skip_dag.py for tasks to queue
[2022-05-21 17:54:41,245] {logging_mixin.py:115} INFO - [2022-05-21 17:54:41,245] {dagbag.py:507} INFO - Filling up the DagBag from /home/ubuntu/.local/lib/python3.10/site-packages/airflow/example_dags/example_skip_dag.py
[2022-05-21 17:54:41,250] {processor.py:651} INFO - DAG(s) dict_keys(['example_skip_dag']) retrieved from /home/ubuntu/.local/lib/python3.10/site-packages/airflow/example_dags/example_skip_dag.py
[2022-05-21 17:54:41,271] {logging_mixin.py:115} INFO - [2022-05-21 17:54:41,271] {dag.py:2371} INFO - Sync 1 DAGs
[2022-05-21 17:54:41,288] {logging_mixin.py:115} INFO - [2022-05-21 17:54:41,288] {dag.py:2915} INFO - Setting next_dagrun for example_skip_dag to 2022-05-20T17:54:41.287878+00:00, run_after=2022-05-21T17:54:41.287878+00:00
[2022-05-21 17:54:41,301] {processor.py:161} INFO - Processing /home/ubuntu/.local/lib/python3.10/site-packages/airflow/example_dags/example_skip_dag.py took 0.060 seconds
[2022-05-21 17:55:14,637] {processor.py:153} INFO - Started process (PID=5648) to work on /home/ubuntu/.local/lib/python3.10/site-packages/airflow/example_dags/example_skip_dag.py
[2022-05-21 17:55:14,638] {processor.py:641} INFO - Processing file /home/ubuntu/.local/lib/python3.10/site-packages/airflow/example_dags/example_skip_dag.py for tasks to queue
[2022-05-21 17:55:14,639] {logging_mixin.py:115} INFO - [2022-05-21 17:55:14,638] {dagbag.py:507} INFO - Filling up the DagBag from /home/ubuntu/.local/lib/python3.10/site-packages/airflow/example_dags/example_skip_dag.py
[2022-05-21 17:55:14,644] {processor.py:651} INFO - DAG(s) dict_keys(['example_skip_dag']) retrieved from /home/ubuntu/.local/lib/python3.10/site-packages/airflow/example_dags/example_skip_dag.py
[2022-05-21 17:55:14,661] {logging_mixin.py:115} INFO - [2022-05-21 17:55:14,661] {dag.py:2371} INFO - Sync 1 DAGs
[2022-05-21 17:55:14,678] {logging_mixin.py:115} INFO - [2022-05-21 17:55:14,678] {dag.py:2915} INFO - Setting next_dagrun for example_skip_dag to 2022-05-20T17:55:14.678585+00:00, run_after=2022-05-21T17:55:14.678585+00:00
[2022-05-21 17:55:14,692] {processor.py:161} INFO - Processing /home/ubuntu/.local/lib/python3.10/site-packages/airflow/example_dags/example_skip_dag.py took 0.058 seconds
