[2022-05-21 17:48:08,923] {processor.py:153} INFO - Started process (PID=5183) to work on /home/ubuntu/.local/lib/python3.10/site-packages/airflow/example_dags/example_latest_only.py
[2022-05-21 17:48:08,923] {processor.py:641} INFO - Processing file /home/ubuntu/.local/lib/python3.10/site-packages/airflow/example_dags/example_latest_only.py for tasks to queue
[2022-05-21 17:48:08,923] {logging_mixin.py:115} INFO - [2022-05-21 17:48:08,923] {dagbag.py:507} INFO - Filling up the DagBag from /home/ubuntu/.local/lib/python3.10/site-packages/airflow/example_dags/example_latest_only.py
[2022-05-21 17:48:08,929] {processor.py:651} INFO - DAG(s) dict_keys(['latest_only']) retrieved from /home/ubuntu/.local/lib/python3.10/site-packages/airflow/example_dags/example_latest_only.py
[2022-05-21 17:48:09,004] {logging_mixin.py:115} INFO - [2022-05-21 17:48:09,004] {manager.py:508} INFO - Created Permission View: can read on DAG:latest_only
[2022-05-21 17:48:09,015] {logging_mixin.py:115} INFO - [2022-05-21 17:48:09,015] {manager.py:508} INFO - Created Permission View: can delete on DAG:latest_only
[2022-05-21 17:48:09,025] {logging_mixin.py:115} INFO - [2022-05-21 17:48:09,025] {manager.py:508} INFO - Created Permission View: can edit on DAG:latest_only
[2022-05-21 17:48:09,026] {logging_mixin.py:115} INFO - [2022-05-21 17:48:09,025] {dag.py:2371} INFO - Sync 1 DAGs
[2022-05-21 17:48:09,033] {logging_mixin.py:115} INFO - [2022-05-21 17:48:09,033] {dag.py:2390} INFO - Creating ORM DAG for latest_only
[2022-05-21 17:48:09,044] {logging_mixin.py:115} INFO - [2022-05-21 17:48:09,044] {dag.py:2915} INFO - Setting next_dagrun for latest_only to 2022-05-21T13:48:09.044149+00:00, run_after=2022-05-21T17:48:09.044149+00:00
[2022-05-21 17:48:09,063] {processor.py:161} INFO - Processing /home/ubuntu/.local/lib/python3.10/site-packages/airflow/example_dags/example_latest_only.py took 0.143 seconds
[2022-05-21 17:48:41,194] {processor.py:153} INFO - Started process (PID=5218) to work on /home/ubuntu/.local/lib/python3.10/site-packages/airflow/example_dags/example_latest_only.py
[2022-05-21 17:48:41,195] {processor.py:641} INFO - Processing file /home/ubuntu/.local/lib/python3.10/site-packages/airflow/example_dags/example_latest_only.py for tasks to queue
[2022-05-21 17:48:41,195] {logging_mixin.py:115} INFO - [2022-05-21 17:48:41,195] {dagbag.py:507} INFO - Filling up the DagBag from /home/ubuntu/.local/lib/python3.10/site-packages/airflow/example_dags/example_latest_only.py
[2022-05-21 17:48:41,201] {processor.py:651} INFO - DAG(s) dict_keys(['latest_only']) retrieved from /home/ubuntu/.local/lib/python3.10/site-packages/airflow/example_dags/example_latest_only.py
[2022-05-21 17:48:41,216] {logging_mixin.py:115} INFO - [2022-05-21 17:48:41,216] {dag.py:2371} INFO - Sync 1 DAGs
[2022-05-21 17:48:41,233] {logging_mixin.py:115} INFO - [2022-05-21 17:48:41,233] {dag.py:2915} INFO - Setting next_dagrun for latest_only to 2022-05-21T13:48:41.233059+00:00, run_after=2022-05-21T17:48:41.233059+00:00
[2022-05-21 17:48:41,246] {processor.py:161} INFO - Processing /home/ubuntu/.local/lib/python3.10/site-packages/airflow/example_dags/example_latest_only.py took 0.055 seconds
[2022-05-21 17:49:14,372] {processor.py:153} INFO - Started process (PID=5256) to work on /home/ubuntu/.local/lib/python3.10/site-packages/airflow/example_dags/example_latest_only.py
[2022-05-21 17:49:14,372] {processor.py:641} INFO - Processing file /home/ubuntu/.local/lib/python3.10/site-packages/airflow/example_dags/example_latest_only.py for tasks to queue
[2022-05-21 17:49:14,373] {logging_mixin.py:115} INFO - [2022-05-21 17:49:14,373] {dagbag.py:507} INFO - Filling up the DagBag from /home/ubuntu/.local/lib/python3.10/site-packages/airflow/example_dags/example_latest_only.py
[2022-05-21 17:49:14,378] {processor.py:651} INFO - DAG(s) dict_keys(['latest_only']) retrieved from /home/ubuntu/.local/lib/python3.10/site-packages/airflow/example_dags/example_latest_only.py
[2022-05-21 17:49:14,394] {logging_mixin.py:115} INFO - [2022-05-21 17:49:14,394] {dag.py:2371} INFO - Sync 1 DAGs
[2022-05-21 17:49:14,411] {logging_mixin.py:115} INFO - [2022-05-21 17:49:14,411] {dag.py:2915} INFO - Setting next_dagrun for latest_only to 2022-05-21T13:49:14.411207+00:00, run_after=2022-05-21T17:49:14.411207+00:00
[2022-05-21 17:49:14,425] {processor.py:161} INFO - Processing /home/ubuntu/.local/lib/python3.10/site-packages/airflow/example_dags/example_latest_only.py took 0.056 seconds
[2022-05-21 17:49:50,693] {processor.py:153} INFO - Started process (PID=5297) to work on /home/ubuntu/.local/lib/python3.10/site-packages/airflow/example_dags/example_latest_only.py
[2022-05-21 17:49:50,701] {processor.py:641} INFO - Processing file /home/ubuntu/.local/lib/python3.10/site-packages/airflow/example_dags/example_latest_only.py for tasks to queue
[2022-05-21 17:49:50,701] {logging_mixin.py:115} INFO - [2022-05-21 17:49:50,701] {dagbag.py:507} INFO - Filling up the DagBag from /home/ubuntu/.local/lib/python3.10/site-packages/airflow/example_dags/example_latest_only.py
[2022-05-21 17:49:50,707] {processor.py:651} INFO - DAG(s) dict_keys(['latest_only']) retrieved from /home/ubuntu/.local/lib/python3.10/site-packages/airflow/example_dags/example_latest_only.py
[2022-05-21 17:49:50,723] {logging_mixin.py:115} INFO - [2022-05-21 17:49:50,723] {dag.py:2371} INFO - Sync 1 DAGs
[2022-05-21 17:49:50,740] {logging_mixin.py:115} INFO - [2022-05-21 17:49:50,740] {dag.py:2915} INFO - Setting next_dagrun for latest_only to 2022-05-21T13:49:50.739846+00:00, run_after=2022-05-21T17:49:50.739846+00:00
[2022-05-21 17:49:50,753] {processor.py:161} INFO - Processing /home/ubuntu/.local/lib/python3.10/site-packages/airflow/example_dags/example_latest_only.py took 0.063 seconds
[2022-05-21 17:50:23,456] {processor.py:153} INFO - Started process (PID=5332) to work on /home/ubuntu/.local/lib/python3.10/site-packages/airflow/example_dags/example_latest_only.py
[2022-05-21 17:50:23,457] {processor.py:641} INFO - Processing file /home/ubuntu/.local/lib/python3.10/site-packages/airflow/example_dags/example_latest_only.py for tasks to queue
[2022-05-21 17:50:23,458] {logging_mixin.py:115} INFO - [2022-05-21 17:50:23,457] {dagbag.py:507} INFO - Filling up the DagBag from /home/ubuntu/.local/lib/python3.10/site-packages/airflow/example_dags/example_latest_only.py
[2022-05-21 17:50:23,463] {processor.py:651} INFO - DAG(s) dict_keys(['latest_only']) retrieved from /home/ubuntu/.local/lib/python3.10/site-packages/airflow/example_dags/example_latest_only.py
[2022-05-21 17:50:23,478] {logging_mixin.py:115} INFO - [2022-05-21 17:50:23,478] {dag.py:2371} INFO - Sync 1 DAGs
[2022-05-21 17:50:23,495] {logging_mixin.py:115} INFO - [2022-05-21 17:50:23,495] {dag.py:2915} INFO - Setting next_dagrun for latest_only to 2022-05-21T13:50:23.495288+00:00, run_after=2022-05-21T17:50:23.495288+00:00
[2022-05-21 17:50:23,508] {processor.py:161} INFO - Processing /home/ubuntu/.local/lib/python3.10/site-packages/airflow/example_dags/example_latest_only.py took 0.055 seconds
[2022-05-21 17:50:57,747] {processor.py:153} INFO - Started process (PID=5367) to work on /home/ubuntu/.local/lib/python3.10/site-packages/airflow/example_dags/example_latest_only.py
[2022-05-21 17:50:57,748] {processor.py:641} INFO - Processing file /home/ubuntu/.local/lib/python3.10/site-packages/airflow/example_dags/example_latest_only.py for tasks to queue
[2022-05-21 17:50:57,748] {logging_mixin.py:115} INFO - [2022-05-21 17:50:57,748] {dagbag.py:507} INFO - Filling up the DagBag from /home/ubuntu/.local/lib/python3.10/site-packages/airflow/example_dags/example_latest_only.py
[2022-05-21 17:50:57,754] {processor.py:651} INFO - DAG(s) dict_keys(['latest_only']) retrieved from /home/ubuntu/.local/lib/python3.10/site-packages/airflow/example_dags/example_latest_only.py
[2022-05-21 17:50:57,769] {logging_mixin.py:115} INFO - [2022-05-21 17:50:57,769] {dag.py:2371} INFO - Sync 1 DAGs
[2022-05-21 17:50:57,786] {logging_mixin.py:115} INFO - [2022-05-21 17:50:57,785] {dag.py:2915} INFO - Setting next_dagrun for latest_only to 2022-05-21T13:50:57.785726+00:00, run_after=2022-05-21T17:50:57.785726+00:00
[2022-05-21 17:50:57,799] {processor.py:161} INFO - Processing /home/ubuntu/.local/lib/python3.10/site-packages/airflow/example_dags/example_latest_only.py took 0.055 seconds
[2022-05-21 17:51:33,145] {processor.py:153} INFO - Started process (PID=5404) to work on /home/ubuntu/.local/lib/python3.10/site-packages/airflow/example_dags/example_latest_only.py
[2022-05-21 17:51:33,146] {processor.py:641} INFO - Processing file /home/ubuntu/.local/lib/python3.10/site-packages/airflow/example_dags/example_latest_only.py for tasks to queue
[2022-05-21 17:51:33,146] {logging_mixin.py:115} INFO - [2022-05-21 17:51:33,146] {dagbag.py:507} INFO - Filling up the DagBag from /home/ubuntu/.local/lib/python3.10/site-packages/airflow/example_dags/example_latest_only.py
[2022-05-21 17:51:33,152] {processor.py:651} INFO - DAG(s) dict_keys(['latest_only']) retrieved from /home/ubuntu/.local/lib/python3.10/site-packages/airflow/example_dags/example_latest_only.py
[2022-05-21 17:51:33,168] {logging_mixin.py:115} INFO - [2022-05-21 17:51:33,168] {dag.py:2371} INFO - Sync 1 DAGs
[2022-05-21 17:51:33,186] {logging_mixin.py:115} INFO - [2022-05-21 17:51:33,186] {dag.py:2915} INFO - Setting next_dagrun for latest_only to 2022-05-21T13:51:33.186122+00:00, run_after=2022-05-21T17:51:33.186122+00:00
[2022-05-21 17:51:33,200] {processor.py:161} INFO - Processing /home/ubuntu/.local/lib/python3.10/site-packages/airflow/example_dags/example_latest_only.py took 0.057 seconds
[2022-05-21 17:52:09,312] {processor.py:153} INFO - Started process (PID=5439) to work on /home/ubuntu/.local/lib/python3.10/site-packages/airflow/example_dags/example_latest_only.py
[2022-05-21 17:52:09,313] {processor.py:641} INFO - Processing file /home/ubuntu/.local/lib/python3.10/site-packages/airflow/example_dags/example_latest_only.py for tasks to queue
[2022-05-21 17:52:09,313] {logging_mixin.py:115} INFO - [2022-05-21 17:52:09,313] {dagbag.py:507} INFO - Filling up the DagBag from /home/ubuntu/.local/lib/python3.10/site-packages/airflow/example_dags/example_latest_only.py
[2022-05-21 17:52:09,319] {processor.py:651} INFO - DAG(s) dict_keys(['latest_only']) retrieved from /home/ubuntu/.local/lib/python3.10/site-packages/airflow/example_dags/example_latest_only.py
[2022-05-21 17:52:09,335] {logging_mixin.py:115} INFO - [2022-05-21 17:52:09,335] {dag.py:2371} INFO - Sync 1 DAGs
[2022-05-21 17:52:09,353] {logging_mixin.py:115} INFO - [2022-05-21 17:52:09,353] {dag.py:2915} INFO - Setting next_dagrun for latest_only to 2022-05-21T13:52:09.352840+00:00, run_after=2022-05-21T17:52:09.352840+00:00
[2022-05-21 17:52:09,366] {processor.py:161} INFO - Processing /home/ubuntu/.local/lib/python3.10/site-packages/airflow/example_dags/example_latest_only.py took 0.057 seconds
[2022-05-21 17:52:44,021] {processor.py:153} INFO - Started process (PID=5476) to work on /home/ubuntu/.local/lib/python3.10/site-packages/airflow/example_dags/example_latest_only.py
[2022-05-21 17:52:44,022] {processor.py:641} INFO - Processing file /home/ubuntu/.local/lib/python3.10/site-packages/airflow/example_dags/example_latest_only.py for tasks to queue
[2022-05-21 17:52:44,022] {logging_mixin.py:115} INFO - [2022-05-21 17:52:44,022] {dagbag.py:507} INFO - Filling up the DagBag from /home/ubuntu/.local/lib/python3.10/site-packages/airflow/example_dags/example_latest_only.py
[2022-05-21 17:52:44,028] {processor.py:651} INFO - DAG(s) dict_keys(['latest_only']) retrieved from /home/ubuntu/.local/lib/python3.10/site-packages/airflow/example_dags/example_latest_only.py
[2022-05-21 17:52:44,044] {logging_mixin.py:115} INFO - [2022-05-21 17:52:44,044] {dag.py:2371} INFO - Sync 1 DAGs
[2022-05-21 17:52:44,061] {logging_mixin.py:115} INFO - [2022-05-21 17:52:44,061] {dag.py:2915} INFO - Setting next_dagrun for latest_only to 2022-05-21T13:52:44.060940+00:00, run_after=2022-05-21T17:52:44.060940+00:00
[2022-05-21 17:52:44,075] {processor.py:161} INFO - Processing /home/ubuntu/.local/lib/python3.10/site-packages/airflow/example_dags/example_latest_only.py took 0.057 seconds
[2022-05-21 17:53:15,998] {processor.py:153} INFO - Started process (PID=5510) to work on /home/ubuntu/.local/lib/python3.10/site-packages/airflow/example_dags/example_latest_only.py
[2022-05-21 17:53:15,998] {processor.py:641} INFO - Processing file /home/ubuntu/.local/lib/python3.10/site-packages/airflow/example_dags/example_latest_only.py for tasks to queue
[2022-05-21 17:53:15,999] {logging_mixin.py:115} INFO - [2022-05-21 17:53:15,998] {dagbag.py:507} INFO - Filling up the DagBag from /home/ubuntu/.local/lib/python3.10/site-packages/airflow/example_dags/example_latest_only.py
[2022-05-21 17:53:16,004] {processor.py:651} INFO - DAG(s) dict_keys(['latest_only']) retrieved from /home/ubuntu/.local/lib/python3.10/site-packages/airflow/example_dags/example_latest_only.py
[2022-05-21 17:53:16,020] {logging_mixin.py:115} INFO - [2022-05-21 17:53:16,020] {dag.py:2371} INFO - Sync 1 DAGs
[2022-05-21 17:53:16,038] {logging_mixin.py:115} INFO - [2022-05-21 17:53:16,038] {dag.py:2915} INFO - Setting next_dagrun for latest_only to 2022-05-21T13:53:16.038371+00:00, run_after=2022-05-21T17:53:16.038371+00:00
[2022-05-21 17:53:16,052] {processor.py:161} INFO - Processing /home/ubuntu/.local/lib/python3.10/site-packages/airflow/example_dags/example_latest_only.py took 0.058 seconds
[2022-05-21 17:53:49,717] {processor.py:153} INFO - Started process (PID=5558) to work on /home/ubuntu/.local/lib/python3.10/site-packages/airflow/example_dags/example_latest_only.py
[2022-05-21 17:53:49,717] {processor.py:641} INFO - Processing file /home/ubuntu/.local/lib/python3.10/site-packages/airflow/example_dags/example_latest_only.py for tasks to queue
[2022-05-21 17:53:49,718] {logging_mixin.py:115} INFO - [2022-05-21 17:53:49,718] {dagbag.py:507} INFO - Filling up the DagBag from /home/ubuntu/.local/lib/python3.10/site-packages/airflow/example_dags/example_latest_only.py
[2022-05-21 17:53:49,723] {processor.py:651} INFO - DAG(s) dict_keys(['latest_only']) retrieved from /home/ubuntu/.local/lib/python3.10/site-packages/airflow/example_dags/example_latest_only.py
[2022-05-21 17:53:49,739] {logging_mixin.py:115} INFO - [2022-05-21 17:53:49,739] {dag.py:2371} INFO - Sync 1 DAGs
[2022-05-21 17:53:49,757] {logging_mixin.py:115} INFO - [2022-05-21 17:53:49,756] {dag.py:2915} INFO - Setting next_dagrun for latest_only to 2022-05-21T13:53:49.756640+00:00, run_after=2022-05-21T17:53:49.756640+00:00
[2022-05-21 17:53:49,771] {processor.py:161} INFO - Processing /home/ubuntu/.local/lib/python3.10/site-packages/airflow/example_dags/example_latest_only.py took 0.057 seconds
[2022-05-21 17:54:24,081] {processor.py:153} INFO - Started process (PID=5596) to work on /home/ubuntu/.local/lib/python3.10/site-packages/airflow/example_dags/example_latest_only.py
[2022-05-21 17:54:24,082] {processor.py:641} INFO - Processing file /home/ubuntu/.local/lib/python3.10/site-packages/airflow/example_dags/example_latest_only.py for tasks to queue
[2022-05-21 17:54:24,083] {logging_mixin.py:115} INFO - [2022-05-21 17:54:24,083] {dagbag.py:507} INFO - Filling up the DagBag from /home/ubuntu/.local/lib/python3.10/site-packages/airflow/example_dags/example_latest_only.py
[2022-05-21 17:54:24,088] {processor.py:651} INFO - DAG(s) dict_keys(['latest_only']) retrieved from /home/ubuntu/.local/lib/python3.10/site-packages/airflow/example_dags/example_latest_only.py
[2022-05-21 17:54:24,104] {logging_mixin.py:115} INFO - [2022-05-21 17:54:24,104] {dag.py:2371} INFO - Sync 1 DAGs
[2022-05-21 17:54:24,121] {logging_mixin.py:115} INFO - [2022-05-21 17:54:24,121] {dag.py:2915} INFO - Setting next_dagrun for latest_only to 2022-05-21T13:54:24.121030+00:00, run_after=2022-05-21T17:54:24.121030+00:00
[2022-05-21 17:54:24,136] {processor.py:161} INFO - Processing /home/ubuntu/.local/lib/python3.10/site-packages/airflow/example_dags/example_latest_only.py took 0.057 seconds
[2022-05-21 17:55:00,631] {processor.py:153} INFO - Started process (PID=5632) to work on /home/ubuntu/.local/lib/python3.10/site-packages/airflow/example_dags/example_latest_only.py
[2022-05-21 17:55:00,632] {processor.py:641} INFO - Processing file /home/ubuntu/.local/lib/python3.10/site-packages/airflow/example_dags/example_latest_only.py for tasks to queue
[2022-05-21 17:55:00,632] {logging_mixin.py:115} INFO - [2022-05-21 17:55:00,632] {dagbag.py:507} INFO - Filling up the DagBag from /home/ubuntu/.local/lib/python3.10/site-packages/airflow/example_dags/example_latest_only.py
[2022-05-21 17:55:00,638] {processor.py:651} INFO - DAG(s) dict_keys(['latest_only']) retrieved from /home/ubuntu/.local/lib/python3.10/site-packages/airflow/example_dags/example_latest_only.py
[2022-05-21 17:55:00,654] {logging_mixin.py:115} INFO - [2022-05-21 17:55:00,654] {dag.py:2371} INFO - Sync 1 DAGs
[2022-05-21 17:55:00,671] {logging_mixin.py:115} INFO - [2022-05-21 17:55:00,671] {dag.py:2915} INFO - Setting next_dagrun for latest_only to 2022-05-21T13:55:00.670790+00:00, run_after=2022-05-21T17:55:00.670790+00:00
[2022-05-21 17:55:00,685] {processor.py:161} INFO - Processing /home/ubuntu/.local/lib/python3.10/site-packages/airflow/example_dags/example_latest_only.py took 0.057 seconds
[2022-05-21 17:55:35,997] {processor.py:153} INFO - Started process (PID=5671) to work on /home/ubuntu/.local/lib/python3.10/site-packages/airflow/example_dags/example_latest_only.py
[2022-05-21 17:55:35,997] {processor.py:641} INFO - Processing file /home/ubuntu/.local/lib/python3.10/site-packages/airflow/example_dags/example_latest_only.py for tasks to queue
[2022-05-21 17:55:35,998] {logging_mixin.py:115} INFO - [2022-05-21 17:55:35,998] {dagbag.py:507} INFO - Filling up the DagBag from /home/ubuntu/.local/lib/python3.10/site-packages/airflow/example_dags/example_latest_only.py
[2022-05-21 17:55:36,003] {processor.py:651} INFO - DAG(s) dict_keys(['latest_only']) retrieved from /home/ubuntu/.local/lib/python3.10/site-packages/airflow/example_dags/example_latest_only.py
[2022-05-21 17:55:36,019] {logging_mixin.py:115} INFO - [2022-05-21 17:55:36,019] {dag.py:2371} INFO - Sync 1 DAGs
[2022-05-21 17:55:36,036] {logging_mixin.py:115} INFO - [2022-05-21 17:55:36,036] {dag.py:2915} INFO - Setting next_dagrun for latest_only to 2022-05-21T13:55:36.035843+00:00, run_after=2022-05-21T17:55:36.035843+00:00
[2022-05-21 17:55:36,050] {processor.py:161} INFO - Processing /home/ubuntu/.local/lib/python3.10/site-packages/airflow/example_dags/example_latest_only.py took 0.057 seconds
[2022-05-21 17:56:08,681] {processor.py:153} INFO - Started process (PID=5709) to work on /home/ubuntu/.local/lib/python3.10/site-packages/airflow/example_dags/example_latest_only.py
[2022-05-21 17:56:08,682] {processor.py:641} INFO - Processing file /home/ubuntu/.local/lib/python3.10/site-packages/airflow/example_dags/example_latest_only.py for tasks to queue
[2022-05-21 17:56:08,682] {logging_mixin.py:115} INFO - [2022-05-21 17:56:08,682] {dagbag.py:507} INFO - Filling up the DagBag from /home/ubuntu/.local/lib/python3.10/site-packages/airflow/example_dags/example_latest_only.py
[2022-05-21 17:56:08,688] {processor.py:651} INFO - DAG(s) dict_keys(['latest_only']) retrieved from /home/ubuntu/.local/lib/python3.10/site-packages/airflow/example_dags/example_latest_only.py
[2022-05-21 17:56:08,704] {logging_mixin.py:115} INFO - [2022-05-21 17:56:08,704] {dag.py:2371} INFO - Sync 1 DAGs
[2022-05-21 17:56:08,721] {logging_mixin.py:115} INFO - [2022-05-21 17:56:08,721] {dag.py:2915} INFO - Setting next_dagrun for latest_only to 2022-05-21T13:56:08.720858+00:00, run_after=2022-05-21T17:56:08.720858+00:00
[2022-05-21 17:56:08,735] {processor.py:161} INFO - Processing /home/ubuntu/.local/lib/python3.10/site-packages/airflow/example_dags/example_latest_only.py took 0.056 seconds
[2022-05-21 17:56:42,818] {processor.py:153} INFO - Started process (PID=5744) to work on /home/ubuntu/.local/lib/python3.10/site-packages/airflow/example_dags/example_latest_only.py
[2022-05-21 17:56:42,819] {processor.py:641} INFO - Processing file /home/ubuntu/.local/lib/python3.10/site-packages/airflow/example_dags/example_latest_only.py for tasks to queue
[2022-05-21 17:56:42,819] {logging_mixin.py:115} INFO - [2022-05-21 17:56:42,819] {dagbag.py:507} INFO - Filling up the DagBag from /home/ubuntu/.local/lib/python3.10/site-packages/airflow/example_dags/example_latest_only.py
[2022-05-21 17:56:42,825] {processor.py:651} INFO - DAG(s) dict_keys(['latest_only']) retrieved from /home/ubuntu/.local/lib/python3.10/site-packages/airflow/example_dags/example_latest_only.py
[2022-05-21 17:56:42,839] {logging_mixin.py:115} INFO - [2022-05-21 17:56:42,839] {dag.py:2371} INFO - Sync 1 DAGs
[2022-05-21 17:56:42,856] {logging_mixin.py:115} INFO - [2022-05-21 17:56:42,855] {dag.py:2915} INFO - Setting next_dagrun for latest_only to 2022-05-21T13:56:42.855716+00:00, run_after=2022-05-21T17:56:42.855716+00:00
[2022-05-21 17:56:42,869] {processor.py:161} INFO - Processing /home/ubuntu/.local/lib/python3.10/site-packages/airflow/example_dags/example_latest_only.py took 0.053 seconds
[2022-05-21 17:57:16,393] {processor.py:153} INFO - Started process (PID=5781) to work on /home/ubuntu/.local/lib/python3.10/site-packages/airflow/example_dags/example_latest_only.py
[2022-05-21 17:57:16,394] {processor.py:641} INFO - Processing file /home/ubuntu/.local/lib/python3.10/site-packages/airflow/example_dags/example_latest_only.py for tasks to queue
[2022-05-21 17:57:16,394] {logging_mixin.py:115} INFO - [2022-05-21 17:57:16,394] {dagbag.py:507} INFO - Filling up the DagBag from /home/ubuntu/.local/lib/python3.10/site-packages/airflow/example_dags/example_latest_only.py
[2022-05-21 17:57:16,399] {processor.py:651} INFO - DAG(s) dict_keys(['latest_only']) retrieved from /home/ubuntu/.local/lib/python3.10/site-packages/airflow/example_dags/example_latest_only.py
[2022-05-21 17:57:16,415] {logging_mixin.py:115} INFO - [2022-05-21 17:57:16,415] {dag.py:2371} INFO - Sync 1 DAGs
[2022-05-21 17:57:16,432] {logging_mixin.py:115} INFO - [2022-05-21 17:57:16,432] {dag.py:2915} INFO - Setting next_dagrun for latest_only to 2022-05-21T13:57:16.432156+00:00, run_after=2022-05-21T17:57:16.432156+00:00
[2022-05-21 17:57:16,445] {processor.py:161} INFO - Processing /home/ubuntu/.local/lib/python3.10/site-packages/airflow/example_dags/example_latest_only.py took 0.055 seconds
[2022-05-21 17:57:53,687] {processor.py:153} INFO - Started process (PID=5826) to work on /home/ubuntu/.local/lib/python3.10/site-packages/airflow/example_dags/example_latest_only.py
[2022-05-21 17:57:53,688] {processor.py:641} INFO - Processing file /home/ubuntu/.local/lib/python3.10/site-packages/airflow/example_dags/example_latest_only.py for tasks to queue
[2022-05-21 17:57:53,688] {logging_mixin.py:115} INFO - [2022-05-21 17:57:53,688] {dagbag.py:507} INFO - Filling up the DagBag from /home/ubuntu/.local/lib/python3.10/site-packages/airflow/example_dags/example_latest_only.py
[2022-05-21 17:57:53,693] {processor.py:651} INFO - DAG(s) dict_keys(['latest_only']) retrieved from /home/ubuntu/.local/lib/python3.10/site-packages/airflow/example_dags/example_latest_only.py
[2022-05-21 17:57:53,710] {logging_mixin.py:115} INFO - [2022-05-21 17:57:53,710] {dag.py:2371} INFO - Sync 1 DAGs
[2022-05-21 17:57:53,727] {logging_mixin.py:115} INFO - [2022-05-21 17:57:53,727] {dag.py:2915} INFO - Setting next_dagrun for latest_only to 2022-05-21T13:57:53.727207+00:00, run_after=2022-05-21T17:57:53.727207+00:00
[2022-05-21 17:57:53,776] {processor.py:161} INFO - Processing /home/ubuntu/.local/lib/python3.10/site-packages/airflow/example_dags/example_latest_only.py took 0.092 seconds
[2022-05-21 17:58:27,269] {processor.py:153} INFO - Started process (PID=5865) to work on /home/ubuntu/.local/lib/python3.10/site-packages/airflow/example_dags/example_latest_only.py
[2022-05-21 17:58:27,269] {processor.py:641} INFO - Processing file /home/ubuntu/.local/lib/python3.10/site-packages/airflow/example_dags/example_latest_only.py for tasks to queue
[2022-05-21 17:58:27,270] {logging_mixin.py:115} INFO - [2022-05-21 17:58:27,270] {dagbag.py:507} INFO - Filling up the DagBag from /home/ubuntu/.local/lib/python3.10/site-packages/airflow/example_dags/example_latest_only.py
[2022-05-21 17:58:27,275] {processor.py:651} INFO - DAG(s) dict_keys(['latest_only']) retrieved from /home/ubuntu/.local/lib/python3.10/site-packages/airflow/example_dags/example_latest_only.py
[2022-05-21 17:58:27,291] {logging_mixin.py:115} INFO - [2022-05-21 17:58:27,290] {dag.py:2371} INFO - Sync 1 DAGs
[2022-05-21 17:58:27,307] {logging_mixin.py:115} INFO - [2022-05-21 17:58:27,307] {dag.py:2915} INFO - Setting next_dagrun for latest_only to 2022-05-21T13:58:27.307116+00:00, run_after=2022-05-21T17:58:27.307116+00:00
[2022-05-21 17:58:27,320] {processor.py:161} INFO - Processing /home/ubuntu/.local/lib/python3.10/site-packages/airflow/example_dags/example_latest_only.py took 0.054 seconds
[2022-05-21 17:59:00,447] {processor.py:153} INFO - Started process (PID=5904) to work on /home/ubuntu/.local/lib/python3.10/site-packages/airflow/example_dags/example_latest_only.py
[2022-05-21 17:59:00,447] {processor.py:641} INFO - Processing file /home/ubuntu/.local/lib/python3.10/site-packages/airflow/example_dags/example_latest_only.py for tasks to queue
[2022-05-21 17:59:00,448] {logging_mixin.py:115} INFO - [2022-05-21 17:59:00,448] {dagbag.py:507} INFO - Filling up the DagBag from /home/ubuntu/.local/lib/python3.10/site-packages/airflow/example_dags/example_latest_only.py
[2022-05-21 17:59:00,453] {processor.py:651} INFO - DAG(s) dict_keys(['latest_only']) retrieved from /home/ubuntu/.local/lib/python3.10/site-packages/airflow/example_dags/example_latest_only.py
[2022-05-21 17:59:00,469] {logging_mixin.py:115} INFO - [2022-05-21 17:59:00,469] {dag.py:2371} INFO - Sync 1 DAGs
[2022-05-21 17:59:00,486] {logging_mixin.py:115} INFO - [2022-05-21 17:59:00,485] {dag.py:2915} INFO - Setting next_dagrun for latest_only to 2022-05-21T13:59:00.485558+00:00, run_after=2022-05-21T17:59:00.485558+00:00
[2022-05-21 17:59:00,520] {processor.py:161} INFO - Processing /home/ubuntu/.local/lib/python3.10/site-packages/airflow/example_dags/example_latest_only.py took 0.077 seconds
[2022-05-21 17:59:38,096] {processor.py:153} INFO - Started process (PID=5943) to work on /home/ubuntu/.local/lib/python3.10/site-packages/airflow/example_dags/example_latest_only.py
[2022-05-21 17:59:38,097] {processor.py:641} INFO - Processing file /home/ubuntu/.local/lib/python3.10/site-packages/airflow/example_dags/example_latest_only.py for tasks to queue
[2022-05-21 17:59:38,097] {logging_mixin.py:115} INFO - [2022-05-21 17:59:38,097] {dagbag.py:507} INFO - Filling up the DagBag from /home/ubuntu/.local/lib/python3.10/site-packages/airflow/example_dags/example_latest_only.py
[2022-05-21 17:59:38,102] {processor.py:651} INFO - DAG(s) dict_keys(['latest_only']) retrieved from /home/ubuntu/.local/lib/python3.10/site-packages/airflow/example_dags/example_latest_only.py
[2022-05-21 17:59:38,118] {logging_mixin.py:115} INFO - [2022-05-21 17:59:38,118] {dag.py:2371} INFO - Sync 1 DAGs
[2022-05-21 17:59:38,135] {logging_mixin.py:115} INFO - [2022-05-21 17:59:38,134] {dag.py:2915} INFO - Setting next_dagrun for latest_only to 2022-05-21T13:59:38.134566+00:00, run_after=2022-05-21T17:59:38.134566+00:00
[2022-05-21 17:59:38,148] {processor.py:161} INFO - Processing /home/ubuntu/.local/lib/python3.10/site-packages/airflow/example_dags/example_latest_only.py took 0.055 seconds
[2022-05-21 18:00:12,352] {processor.py:153} INFO - Started process (PID=5985) to work on /home/ubuntu/.local/lib/python3.10/site-packages/airflow/example_dags/example_latest_only.py
[2022-05-21 18:00:12,353] {processor.py:641} INFO - Processing file /home/ubuntu/.local/lib/python3.10/site-packages/airflow/example_dags/example_latest_only.py for tasks to queue
[2022-05-21 18:00:12,354] {logging_mixin.py:115} INFO - [2022-05-21 18:00:12,354] {dagbag.py:507} INFO - Filling up the DagBag from /home/ubuntu/.local/lib/python3.10/site-packages/airflow/example_dags/example_latest_only.py
[2022-05-21 18:00:12,359] {processor.py:651} INFO - DAG(s) dict_keys(['latest_only']) retrieved from /home/ubuntu/.local/lib/python3.10/site-packages/airflow/example_dags/example_latest_only.py
[2022-05-21 18:00:12,375] {logging_mixin.py:115} INFO - [2022-05-21 18:00:12,375] {dag.py:2371} INFO - Sync 1 DAGs
[2022-05-21 18:00:12,392] {logging_mixin.py:115} INFO - [2022-05-21 18:00:12,392] {dag.py:2915} INFO - Setting next_dagrun for latest_only to 2022-05-21T14:00:12.392016+00:00, run_after=2022-05-21T18:00:12.392016+00:00
[2022-05-21 18:00:12,406] {processor.py:161} INFO - Processing /home/ubuntu/.local/lib/python3.10/site-packages/airflow/example_dags/example_latest_only.py took 0.056 seconds
[2022-05-21 18:00:48,342] {processor.py:153} INFO - Started process (PID=6025) to work on /home/ubuntu/.local/lib/python3.10/site-packages/airflow/example_dags/example_latest_only.py
[2022-05-21 18:00:48,342] {processor.py:641} INFO - Processing file /home/ubuntu/.local/lib/python3.10/site-packages/airflow/example_dags/example_latest_only.py for tasks to queue
[2022-05-21 18:00:48,343] {logging_mixin.py:115} INFO - [2022-05-21 18:00:48,343] {dagbag.py:507} INFO - Filling up the DagBag from /home/ubuntu/.local/lib/python3.10/site-packages/airflow/example_dags/example_latest_only.py
[2022-05-21 18:00:48,348] {processor.py:651} INFO - DAG(s) dict_keys(['latest_only']) retrieved from /home/ubuntu/.local/lib/python3.10/site-packages/airflow/example_dags/example_latest_only.py
[2022-05-21 18:00:48,364] {logging_mixin.py:115} INFO - [2022-05-21 18:00:48,364] {dag.py:2371} INFO - Sync 1 DAGs
[2022-05-21 18:00:48,381] {logging_mixin.py:115} INFO - [2022-05-21 18:00:48,381] {dag.py:2915} INFO - Setting next_dagrun for latest_only to 2022-05-21T14:00:48.380661+00:00, run_after=2022-05-21T18:00:48.380661+00:00
[2022-05-21 18:00:48,394] {processor.py:161} INFO - Processing /home/ubuntu/.local/lib/python3.10/site-packages/airflow/example_dags/example_latest_only.py took 0.055 seconds
[2022-05-21 18:01:20,406] {processor.py:153} INFO - Started process (PID=6071) to work on /home/ubuntu/.local/lib/python3.10/site-packages/airflow/example_dags/example_latest_only.py
[2022-05-21 18:01:20,406] {processor.py:641} INFO - Processing file /home/ubuntu/.local/lib/python3.10/site-packages/airflow/example_dags/example_latest_only.py for tasks to queue
[2022-05-21 18:01:20,407] {logging_mixin.py:115} INFO - [2022-05-21 18:01:20,407] {dagbag.py:507} INFO - Filling up the DagBag from /home/ubuntu/.local/lib/python3.10/site-packages/airflow/example_dags/example_latest_only.py
[2022-05-21 18:01:20,412] {processor.py:651} INFO - DAG(s) dict_keys(['latest_only']) retrieved from /home/ubuntu/.local/lib/python3.10/site-packages/airflow/example_dags/example_latest_only.py
[2022-05-21 18:01:20,428] {logging_mixin.py:115} INFO - [2022-05-21 18:01:20,428] {dag.py:2371} INFO - Sync 1 DAGs
[2022-05-21 18:01:20,445] {logging_mixin.py:115} INFO - [2022-05-21 18:01:20,445] {dag.py:2915} INFO - Setting next_dagrun for latest_only to 2022-05-21T14:01:20.444773+00:00, run_after=2022-05-21T18:01:20.444773+00:00
[2022-05-21 18:01:20,458] {processor.py:161} INFO - Processing /home/ubuntu/.local/lib/python3.10/site-packages/airflow/example_dags/example_latest_only.py took 0.055 seconds
[2022-05-21 18:01:57,982] {processor.py:153} INFO - Started process (PID=6109) to work on /home/ubuntu/.local/lib/python3.10/site-packages/airflow/example_dags/example_latest_only.py
[2022-05-21 18:01:57,983] {processor.py:641} INFO - Processing file /home/ubuntu/.local/lib/python3.10/site-packages/airflow/example_dags/example_latest_only.py for tasks to queue
[2022-05-21 18:01:57,983] {logging_mixin.py:115} INFO - [2022-05-21 18:01:57,983] {dagbag.py:507} INFO - Filling up the DagBag from /home/ubuntu/.local/lib/python3.10/site-packages/airflow/example_dags/example_latest_only.py
[2022-05-21 18:01:57,989] {processor.py:651} INFO - DAG(s) dict_keys(['latest_only']) retrieved from /home/ubuntu/.local/lib/python3.10/site-packages/airflow/example_dags/example_latest_only.py
[2022-05-21 18:01:58,005] {logging_mixin.py:115} INFO - [2022-05-21 18:01:58,004] {dag.py:2371} INFO - Sync 1 DAGs
[2022-05-21 18:01:58,021] {logging_mixin.py:115} INFO - [2022-05-21 18:01:58,021] {dag.py:2915} INFO - Setting next_dagrun for latest_only to 2022-05-21T14:01:58.021335+00:00, run_after=2022-05-21T18:01:58.021335+00:00
[2022-05-21 18:01:58,035] {processor.py:161} INFO - Processing /home/ubuntu/.local/lib/python3.10/site-packages/airflow/example_dags/example_latest_only.py took 0.056 seconds
[2022-05-21 18:02:31,086] {processor.py:153} INFO - Started process (PID=6145) to work on /home/ubuntu/.local/lib/python3.10/site-packages/airflow/example_dags/example_latest_only.py
[2022-05-21 18:02:31,087] {processor.py:641} INFO - Processing file /home/ubuntu/.local/lib/python3.10/site-packages/airflow/example_dags/example_latest_only.py for tasks to queue
[2022-05-21 18:02:31,087] {logging_mixin.py:115} INFO - [2022-05-21 18:02:31,087] {dagbag.py:507} INFO - Filling up the DagBag from /home/ubuntu/.local/lib/python3.10/site-packages/airflow/example_dags/example_latest_only.py
[2022-05-21 18:02:31,093] {processor.py:651} INFO - DAG(s) dict_keys(['latest_only']) retrieved from /home/ubuntu/.local/lib/python3.10/site-packages/airflow/example_dags/example_latest_only.py
[2022-05-21 18:02:31,109] {logging_mixin.py:115} INFO - [2022-05-21 18:02:31,109] {dag.py:2371} INFO - Sync 1 DAGs
[2022-05-21 18:02:31,127] {logging_mixin.py:115} INFO - [2022-05-21 18:02:31,127] {dag.py:2915} INFO - Setting next_dagrun for latest_only to 2022-05-21T14:02:31.127148+00:00, run_after=2022-05-21T18:02:31.127148+00:00
[2022-05-21 18:02:31,142] {processor.py:161} INFO - Processing /home/ubuntu/.local/lib/python3.10/site-packages/airflow/example_dags/example_latest_only.py took 0.060 seconds
[2022-05-21 18:03:08,169] {processor.py:153} INFO - Started process (PID=6183) to work on /home/ubuntu/.local/lib/python3.10/site-packages/airflow/example_dags/example_latest_only.py
[2022-05-21 18:03:08,170] {processor.py:641} INFO - Processing file /home/ubuntu/.local/lib/python3.10/site-packages/airflow/example_dags/example_latest_only.py for tasks to queue
[2022-05-21 18:03:08,171] {logging_mixin.py:115} INFO - [2022-05-21 18:03:08,171] {dagbag.py:507} INFO - Filling up the DagBag from /home/ubuntu/.local/lib/python3.10/site-packages/airflow/example_dags/example_latest_only.py
[2022-05-21 18:03:08,176] {processor.py:651} INFO - DAG(s) dict_keys(['latest_only']) retrieved from /home/ubuntu/.local/lib/python3.10/site-packages/airflow/example_dags/example_latest_only.py
[2022-05-21 18:03:08,193] {logging_mixin.py:115} INFO - [2022-05-21 18:03:08,193] {dag.py:2371} INFO - Sync 1 DAGs
[2022-05-21 18:03:08,210] {logging_mixin.py:115} INFO - [2022-05-21 18:03:08,210] {dag.py:2915} INFO - Setting next_dagrun for latest_only to 2022-05-21T14:03:08.210499+00:00, run_after=2022-05-21T18:03:08.210499+00:00
[2022-05-21 18:03:08,225] {processor.py:161} INFO - Processing /home/ubuntu/.local/lib/python3.10/site-packages/airflow/example_dags/example_latest_only.py took 0.059 seconds
[2022-05-21 18:03:40,713] {processor.py:153} INFO - Started process (PID=6224) to work on /home/ubuntu/.local/lib/python3.10/site-packages/airflow/example_dags/example_latest_only.py
[2022-05-21 18:03:40,713] {processor.py:641} INFO - Processing file /home/ubuntu/.local/lib/python3.10/site-packages/airflow/example_dags/example_latest_only.py for tasks to queue
[2022-05-21 18:03:40,713] {logging_mixin.py:115} INFO - [2022-05-21 18:03:40,713] {dagbag.py:507} INFO - Filling up the DagBag from /home/ubuntu/.local/lib/python3.10/site-packages/airflow/example_dags/example_latest_only.py
[2022-05-21 18:03:40,719] {processor.py:651} INFO - DAG(s) dict_keys(['latest_only']) retrieved from /home/ubuntu/.local/lib/python3.10/site-packages/airflow/example_dags/example_latest_only.py
[2022-05-21 18:03:40,735] {logging_mixin.py:115} INFO - [2022-05-21 18:03:40,735] {dag.py:2371} INFO - Sync 1 DAGs
[2022-05-21 18:03:40,752] {logging_mixin.py:115} INFO - [2022-05-21 18:03:40,752] {dag.py:2915} INFO - Setting next_dagrun for latest_only to 2022-05-21T14:03:40.751854+00:00, run_after=2022-05-21T18:03:40.751854+00:00
[2022-05-21 18:03:40,766] {processor.py:161} INFO - Processing /home/ubuntu/.local/lib/python3.10/site-packages/airflow/example_dags/example_latest_only.py took 0.057 seconds
[2022-05-21 18:04:13,725] {processor.py:153} INFO - Started process (PID=6265) to work on /home/ubuntu/.local/lib/python3.10/site-packages/airflow/example_dags/example_latest_only.py
[2022-05-21 18:04:13,726] {processor.py:641} INFO - Processing file /home/ubuntu/.local/lib/python3.10/site-packages/airflow/example_dags/example_latest_only.py for tasks to queue
[2022-05-21 18:04:13,726] {logging_mixin.py:115} INFO - [2022-05-21 18:04:13,726] {dagbag.py:507} INFO - Filling up the DagBag from /home/ubuntu/.local/lib/python3.10/site-packages/airflow/example_dags/example_latest_only.py
[2022-05-21 18:04:13,731] {processor.py:651} INFO - DAG(s) dict_keys(['latest_only']) retrieved from /home/ubuntu/.local/lib/python3.10/site-packages/airflow/example_dags/example_latest_only.py
[2022-05-21 18:04:13,748] {logging_mixin.py:115} INFO - [2022-05-21 18:04:13,748] {dag.py:2371} INFO - Sync 1 DAGs
[2022-05-21 18:04:13,765] {logging_mixin.py:115} INFO - [2022-05-21 18:04:13,765] {dag.py:2915} INFO - Setting next_dagrun for latest_only to 2022-05-21T14:04:13.764890+00:00, run_after=2022-05-21T18:04:13.764890+00:00
[2022-05-21 18:04:13,778] {processor.py:161} INFO - Processing /home/ubuntu/.local/lib/python3.10/site-packages/airflow/example_dags/example_latest_only.py took 0.057 seconds
[2022-05-21 18:04:45,812] {processor.py:153} INFO - Started process (PID=6304) to work on /home/ubuntu/.local/lib/python3.10/site-packages/airflow/example_dags/example_latest_only.py
[2022-05-21 18:04:45,812] {processor.py:641} INFO - Processing file /home/ubuntu/.local/lib/python3.10/site-packages/airflow/example_dags/example_latest_only.py for tasks to queue
[2022-05-21 18:04:45,813] {logging_mixin.py:115} INFO - [2022-05-21 18:04:45,813] {dagbag.py:507} INFO - Filling up the DagBag from /home/ubuntu/.local/lib/python3.10/site-packages/airflow/example_dags/example_latest_only.py
[2022-05-21 18:04:45,818] {processor.py:651} INFO - DAG(s) dict_keys(['latest_only']) retrieved from /home/ubuntu/.local/lib/python3.10/site-packages/airflow/example_dags/example_latest_only.py
[2022-05-21 18:04:45,835] {logging_mixin.py:115} INFO - [2022-05-21 18:04:45,835] {dag.py:2371} INFO - Sync 1 DAGs
[2022-05-21 18:04:45,852] {logging_mixin.py:115} INFO - [2022-05-21 18:04:45,852] {dag.py:2915} INFO - Setting next_dagrun for latest_only to 2022-05-21T14:04:45.851932+00:00, run_after=2022-05-21T18:04:45.851932+00:00
[2022-05-21 18:04:45,865] {processor.py:161} INFO - Processing /home/ubuntu/.local/lib/python3.10/site-packages/airflow/example_dags/example_latest_only.py took 0.056 seconds
[2022-05-21 18:05:21,806] {processor.py:153} INFO - Started process (PID=6350) to work on /home/ubuntu/.local/lib/python3.10/site-packages/airflow/example_dags/example_latest_only.py
[2022-05-21 18:05:21,817] {processor.py:641} INFO - Processing file /home/ubuntu/.local/lib/python3.10/site-packages/airflow/example_dags/example_latest_only.py for tasks to queue
[2022-05-21 18:05:21,817] {logging_mixin.py:115} INFO - [2022-05-21 18:05:21,817] {dagbag.py:507} INFO - Filling up the DagBag from /home/ubuntu/.local/lib/python3.10/site-packages/airflow/example_dags/example_latest_only.py
[2022-05-21 18:05:21,823] {processor.py:651} INFO - DAG(s) dict_keys(['latest_only']) retrieved from /home/ubuntu/.local/lib/python3.10/site-packages/airflow/example_dags/example_latest_only.py
[2022-05-21 18:05:21,840] {logging_mixin.py:115} INFO - [2022-05-21 18:05:21,840] {dag.py:2371} INFO - Sync 1 DAGs
[2022-05-21 18:05:21,857] {logging_mixin.py:115} INFO - [2022-05-21 18:05:21,857] {dag.py:2915} INFO - Setting next_dagrun for latest_only to 2022-05-21T14:05:21.857273+00:00, run_after=2022-05-21T18:05:21.857273+00:00
[2022-05-21 18:05:21,871] {processor.py:161} INFO - Processing /home/ubuntu/.local/lib/python3.10/site-packages/airflow/example_dags/example_latest_only.py took 0.068 seconds
[2022-05-21 18:05:54,339] {processor.py:153} INFO - Started process (PID=6386) to work on /home/ubuntu/.local/lib/python3.10/site-packages/airflow/example_dags/example_latest_only.py
[2022-05-21 18:05:54,340] {processor.py:641} INFO - Processing file /home/ubuntu/.local/lib/python3.10/site-packages/airflow/example_dags/example_latest_only.py for tasks to queue
[2022-05-21 18:05:54,340] {logging_mixin.py:115} INFO - [2022-05-21 18:05:54,340] {dagbag.py:507} INFO - Filling up the DagBag from /home/ubuntu/.local/lib/python3.10/site-packages/airflow/example_dags/example_latest_only.py
[2022-05-21 18:05:54,346] {processor.py:651} INFO - DAG(s) dict_keys(['latest_only']) retrieved from /home/ubuntu/.local/lib/python3.10/site-packages/airflow/example_dags/example_latest_only.py
[2022-05-21 18:05:54,362] {logging_mixin.py:115} INFO - [2022-05-21 18:05:54,362] {dag.py:2371} INFO - Sync 1 DAGs
[2022-05-21 18:05:54,379] {logging_mixin.py:115} INFO - [2022-05-21 18:05:54,379] {dag.py:2915} INFO - Setting next_dagrun for latest_only to 2022-05-21T14:05:54.378845+00:00, run_after=2022-05-21T18:05:54.378845+00:00
[2022-05-21 18:05:54,426] {processor.py:161} INFO - Processing /home/ubuntu/.local/lib/python3.10/site-packages/airflow/example_dags/example_latest_only.py took 0.089 seconds
[2022-05-21 18:06:28,595] {processor.py:153} INFO - Started process (PID=6421) to work on /home/ubuntu/.local/lib/python3.10/site-packages/airflow/example_dags/example_latest_only.py
[2022-05-21 18:06:28,596] {processor.py:641} INFO - Processing file /home/ubuntu/.local/lib/python3.10/site-packages/airflow/example_dags/example_latest_only.py for tasks to queue
[2022-05-21 18:06:28,597] {logging_mixin.py:115} INFO - [2022-05-21 18:06:28,597] {dagbag.py:507} INFO - Filling up the DagBag from /home/ubuntu/.local/lib/python3.10/site-packages/airflow/example_dags/example_latest_only.py
[2022-05-21 18:06:28,602] {processor.py:651} INFO - DAG(s) dict_keys(['latest_only']) retrieved from /home/ubuntu/.local/lib/python3.10/site-packages/airflow/example_dags/example_latest_only.py
[2022-05-21 18:06:28,618] {logging_mixin.py:115} INFO - [2022-05-21 18:06:28,618] {dag.py:2371} INFO - Sync 1 DAGs
[2022-05-21 18:06:28,635] {logging_mixin.py:115} INFO - [2022-05-21 18:06:28,634] {dag.py:2915} INFO - Setting next_dagrun for latest_only to 2022-05-21T14:06:28.634638+00:00, run_after=2022-05-21T18:06:28.634638+00:00
[2022-05-21 18:06:28,648] {processor.py:161} INFO - Processing /home/ubuntu/.local/lib/python3.10/site-packages/airflow/example_dags/example_latest_only.py took 0.055 seconds
[2022-05-21 18:07:03,375] {processor.py:153} INFO - Started process (PID=6456) to work on /home/ubuntu/.local/lib/python3.10/site-packages/airflow/example_dags/example_latest_only.py
[2022-05-21 18:07:03,376] {processor.py:641} INFO - Processing file /home/ubuntu/.local/lib/python3.10/site-packages/airflow/example_dags/example_latest_only.py for tasks to queue
[2022-05-21 18:07:03,377] {logging_mixin.py:115} INFO - [2022-05-21 18:07:03,377] {dagbag.py:507} INFO - Filling up the DagBag from /home/ubuntu/.local/lib/python3.10/site-packages/airflow/example_dags/example_latest_only.py
[2022-05-21 18:07:03,382] {processor.py:651} INFO - DAG(s) dict_keys(['latest_only']) retrieved from /home/ubuntu/.local/lib/python3.10/site-packages/airflow/example_dags/example_latest_only.py
[2022-05-21 18:07:03,399] {logging_mixin.py:115} INFO - [2022-05-21 18:07:03,399] {dag.py:2371} INFO - Sync 1 DAGs
[2022-05-21 18:07:03,417] {logging_mixin.py:115} INFO - [2022-05-21 18:07:03,417] {dag.py:2915} INFO - Setting next_dagrun for latest_only to 2022-05-21T14:07:03.417322+00:00, run_after=2022-05-21T18:07:03.417322+00:00
[2022-05-21 18:07:03,432] {processor.py:161} INFO - Processing /home/ubuntu/.local/lib/python3.10/site-packages/airflow/example_dags/example_latest_only.py took 0.059 seconds
[2022-05-21 18:07:36,337] {processor.py:153} INFO - Started process (PID=6493) to work on /home/ubuntu/.local/lib/python3.10/site-packages/airflow/example_dags/example_latest_only.py
[2022-05-21 18:07:36,338] {processor.py:641} INFO - Processing file /home/ubuntu/.local/lib/python3.10/site-packages/airflow/example_dags/example_latest_only.py for tasks to queue
[2022-05-21 18:07:36,338] {logging_mixin.py:115} INFO - [2022-05-21 18:07:36,338] {dagbag.py:507} INFO - Filling up the DagBag from /home/ubuntu/.local/lib/python3.10/site-packages/airflow/example_dags/example_latest_only.py
[2022-05-21 18:07:36,343] {processor.py:651} INFO - DAG(s) dict_keys(['latest_only']) retrieved from /home/ubuntu/.local/lib/python3.10/site-packages/airflow/example_dags/example_latest_only.py
[2022-05-21 18:07:36,360] {logging_mixin.py:115} INFO - [2022-05-21 18:07:36,360] {dag.py:2371} INFO - Sync 1 DAGs
[2022-05-21 18:07:36,377] {logging_mixin.py:115} INFO - [2022-05-21 18:07:36,377] {dag.py:2915} INFO - Setting next_dagrun for latest_only to 2022-05-21T14:07:36.377064+00:00, run_after=2022-05-21T18:07:36.377064+00:00
[2022-05-21 18:07:36,391] {processor.py:161} INFO - Processing /home/ubuntu/.local/lib/python3.10/site-packages/airflow/example_dags/example_latest_only.py took 0.057 seconds
[2022-05-21 18:08:11,371] {processor.py:153} INFO - Started process (PID=6543) to work on /home/ubuntu/.local/lib/python3.10/site-packages/airflow/example_dags/example_latest_only.py
[2022-05-21 18:08:11,372] {processor.py:641} INFO - Processing file /home/ubuntu/.local/lib/python3.10/site-packages/airflow/example_dags/example_latest_only.py for tasks to queue
[2022-05-21 18:08:11,373] {logging_mixin.py:115} INFO - [2022-05-21 18:08:11,373] {dagbag.py:507} INFO - Filling up the DagBag from /home/ubuntu/.local/lib/python3.10/site-packages/airflow/example_dags/example_latest_only.py
[2022-05-21 18:08:11,378] {processor.py:651} INFO - DAG(s) dict_keys(['latest_only']) retrieved from /home/ubuntu/.local/lib/python3.10/site-packages/airflow/example_dags/example_latest_only.py
[2022-05-21 18:08:11,394] {logging_mixin.py:115} INFO - [2022-05-21 18:08:11,394] {dag.py:2371} INFO - Sync 1 DAGs
[2022-05-21 18:08:11,411] {logging_mixin.py:115} INFO - [2022-05-21 18:08:11,411] {dag.py:2915} INFO - Setting next_dagrun for latest_only to 2022-05-21T14:08:11.411158+00:00, run_after=2022-05-21T18:08:11.411158+00:00
[2022-05-21 18:08:11,425] {processor.py:161} INFO - Processing /home/ubuntu/.local/lib/python3.10/site-packages/airflow/example_dags/example_latest_only.py took 0.056 seconds
[2022-05-21 18:08:45,102] {processor.py:153} INFO - Started process (PID=6587) to work on /home/ubuntu/.local/lib/python3.10/site-packages/airflow/example_dags/example_latest_only.py
[2022-05-21 18:08:45,103] {processor.py:641} INFO - Processing file /home/ubuntu/.local/lib/python3.10/site-packages/airflow/example_dags/example_latest_only.py for tasks to queue
[2022-05-21 18:08:45,103] {logging_mixin.py:115} INFO - [2022-05-21 18:08:45,103] {dagbag.py:507} INFO - Filling up the DagBag from /home/ubuntu/.local/lib/python3.10/site-packages/airflow/example_dags/example_latest_only.py
[2022-05-21 18:08:45,109] {processor.py:651} INFO - DAG(s) dict_keys(['latest_only']) retrieved from /home/ubuntu/.local/lib/python3.10/site-packages/airflow/example_dags/example_latest_only.py
[2022-05-21 18:08:45,125] {logging_mixin.py:115} INFO - [2022-05-21 18:08:45,125] {dag.py:2371} INFO - Sync 1 DAGs
[2022-05-21 18:08:45,142] {logging_mixin.py:115} INFO - [2022-05-21 18:08:45,142] {dag.py:2915} INFO - Setting next_dagrun for latest_only to 2022-05-21T14:08:45.142582+00:00, run_after=2022-05-21T18:08:45.142582+00:00
[2022-05-21 18:08:45,156] {processor.py:161} INFO - Processing /home/ubuntu/.local/lib/python3.10/site-packages/airflow/example_dags/example_latest_only.py took 0.057 seconds
