[2022-05-21 17:47:55,739] {processor.py:153} INFO - Started process (PID=5170) to work on /home/ubuntu/.local/lib/python3.10/site-packages/airflow/example_dags/example_external_task_marker_dag.py
[2022-05-21 17:47:55,740] {processor.py:641} INFO - Processing file /home/ubuntu/.local/lib/python3.10/site-packages/airflow/example_dags/example_external_task_marker_dag.py for tasks to queue
[2022-05-21 17:47:55,740] {logging_mixin.py:115} INFO - [2022-05-21 17:47:55,740] {dagbag.py:507} INFO - Filling up the DagBag from /home/ubuntu/.local/lib/python3.10/site-packages/airflow/example_dags/example_external_task_marker_dag.py
[2022-05-21 17:47:55,745] {processor.py:651} INFO - DAG(s) dict_keys(['example_external_task_marker_parent', 'example_external_task_marker_child']) retrieved from /home/ubuntu/.local/lib/python3.10/site-packages/airflow/example_dags/example_external_task_marker_dag.py
[2022-05-21 17:47:55,810] {logging_mixin.py:115} INFO - [2022-05-21 17:47:55,810] {manager.py:508} INFO - Created Permission View: can read on DAG:example_external_task_marker_parent
[2022-05-21 17:47:55,822] {logging_mixin.py:115} INFO - [2022-05-21 17:47:55,822] {manager.py:508} INFO - Created Permission View: can delete on DAG:example_external_task_marker_parent
[2022-05-21 17:47:55,831] {logging_mixin.py:115} INFO - [2022-05-21 17:47:55,831] {manager.py:508} INFO - Created Permission View: can edit on DAG:example_external_task_marker_parent
[2022-05-21 17:47:55,860] {logging_mixin.py:115} INFO - [2022-05-21 17:47:55,860] {manager.py:508} INFO - Created Permission View: can read on DAG:example_external_task_marker_child
[2022-05-21 17:47:55,873] {logging_mixin.py:115} INFO - [2022-05-21 17:47:55,873] {manager.py:508} INFO - Created Permission View: can delete on DAG:example_external_task_marker_child
[2022-05-21 17:47:55,882] {logging_mixin.py:115} INFO - [2022-05-21 17:47:55,882] {manager.py:508} INFO - Created Permission View: can edit on DAG:example_external_task_marker_child
[2022-05-21 17:47:55,882] {logging_mixin.py:115} INFO - [2022-05-21 17:47:55,882] {dag.py:2371} INFO - Sync 2 DAGs
[2022-05-21 17:47:55,891] {logging_mixin.py:115} INFO - [2022-05-21 17:47:55,891] {dag.py:2390} INFO - Creating ORM DAG for example_external_task_marker_child
[2022-05-21 17:47:55,892] {logging_mixin.py:115} INFO - [2022-05-21 17:47:55,892] {dag.py:2390} INFO - Creating ORM DAG for example_external_task_marker_parent
[2022-05-21 17:47:55,900] {logging_mixin.py:115} INFO - [2022-05-21 17:47:55,900] {dag.py:2915} INFO - Setting next_dagrun for example_external_task_marker_child to None, run_after=None
[2022-05-21 17:47:55,901] {logging_mixin.py:115} INFO - [2022-05-21 17:47:55,901] {dag.py:2915} INFO - Setting next_dagrun for example_external_task_marker_parent to None, run_after=None
[2022-05-21 17:47:55,918] {processor.py:161} INFO - Processing /home/ubuntu/.local/lib/python3.10/site-packages/airflow/example_dags/example_external_task_marker_dag.py took 0.181 seconds
[2022-05-21 17:48:29,627] {processor.py:153} INFO - Started process (PID=5205) to work on /home/ubuntu/.local/lib/python3.10/site-packages/airflow/example_dags/example_external_task_marker_dag.py
[2022-05-21 17:48:29,627] {processor.py:641} INFO - Processing file /home/ubuntu/.local/lib/python3.10/site-packages/airflow/example_dags/example_external_task_marker_dag.py for tasks to queue
[2022-05-21 17:48:29,628] {logging_mixin.py:115} INFO - [2022-05-21 17:48:29,628] {dagbag.py:507} INFO - Filling up the DagBag from /home/ubuntu/.local/lib/python3.10/site-packages/airflow/example_dags/example_external_task_marker_dag.py
[2022-05-21 17:48:29,632] {processor.py:651} INFO - DAG(s) dict_keys(['example_external_task_marker_parent', 'example_external_task_marker_child']) retrieved from /home/ubuntu/.local/lib/python3.10/site-packages/airflow/example_dags/example_external_task_marker_dag.py
[2022-05-21 17:48:29,661] {logging_mixin.py:115} INFO - [2022-05-21 17:48:29,661] {dag.py:2371} INFO - Sync 2 DAGs
[2022-05-21 17:48:29,678] {logging_mixin.py:115} INFO - [2022-05-21 17:48:29,678] {dag.py:2915} INFO - Setting next_dagrun for example_external_task_marker_child to None, run_after=None
[2022-05-21 17:48:29,678] {logging_mixin.py:115} INFO - [2022-05-21 17:48:29,678] {dag.py:2915} INFO - Setting next_dagrun for example_external_task_marker_parent to None, run_after=None
[2022-05-21 17:48:29,692] {processor.py:161} INFO - Processing /home/ubuntu/.local/lib/python3.10/site-packages/airflow/example_dags/example_external_task_marker_dag.py took 0.068 seconds
[2022-05-21 17:49:01,814] {processor.py:153} INFO - Started process (PID=5242) to work on /home/ubuntu/.local/lib/python3.10/site-packages/airflow/example_dags/example_external_task_marker_dag.py
[2022-05-21 17:49:01,815] {processor.py:641} INFO - Processing file /home/ubuntu/.local/lib/python3.10/site-packages/airflow/example_dags/example_external_task_marker_dag.py for tasks to queue
[2022-05-21 17:49:01,815] {logging_mixin.py:115} INFO - [2022-05-21 17:49:01,815] {dagbag.py:507} INFO - Filling up the DagBag from /home/ubuntu/.local/lib/python3.10/site-packages/airflow/example_dags/example_external_task_marker_dag.py
[2022-05-21 17:49:01,820] {processor.py:651} INFO - DAG(s) dict_keys(['example_external_task_marker_parent', 'example_external_task_marker_child']) retrieved from /home/ubuntu/.local/lib/python3.10/site-packages/airflow/example_dags/example_external_task_marker_dag.py
[2022-05-21 17:49:01,847] {logging_mixin.py:115} INFO - [2022-05-21 17:49:01,847] {dag.py:2371} INFO - Sync 2 DAGs
[2022-05-21 17:49:01,864] {logging_mixin.py:115} INFO - [2022-05-21 17:49:01,864] {dag.py:2915} INFO - Setting next_dagrun for example_external_task_marker_child to None, run_after=None
[2022-05-21 17:49:01,864] {logging_mixin.py:115} INFO - [2022-05-21 17:49:01,864] {dag.py:2915} INFO - Setting next_dagrun for example_external_task_marker_parent to None, run_after=None
[2022-05-21 17:49:01,878] {processor.py:161} INFO - Processing /home/ubuntu/.local/lib/python3.10/site-packages/airflow/example_dags/example_external_task_marker_dag.py took 0.068 seconds
[2022-05-21 17:49:36,071] {processor.py:153} INFO - Started process (PID=5278) to work on /home/ubuntu/.local/lib/python3.10/site-packages/airflow/example_dags/example_external_task_marker_dag.py
[2022-05-21 17:49:36,072] {processor.py:641} INFO - Processing file /home/ubuntu/.local/lib/python3.10/site-packages/airflow/example_dags/example_external_task_marker_dag.py for tasks to queue
[2022-05-21 17:49:36,072] {logging_mixin.py:115} INFO - [2022-05-21 17:49:36,072] {dagbag.py:507} INFO - Filling up the DagBag from /home/ubuntu/.local/lib/python3.10/site-packages/airflow/example_dags/example_external_task_marker_dag.py
[2022-05-21 17:49:36,077] {processor.py:651} INFO - DAG(s) dict_keys(['example_external_task_marker_parent', 'example_external_task_marker_child']) retrieved from /home/ubuntu/.local/lib/python3.10/site-packages/airflow/example_dags/example_external_task_marker_dag.py
[2022-05-21 17:49:36,105] {logging_mixin.py:115} INFO - [2022-05-21 17:49:36,105] {dag.py:2371} INFO - Sync 2 DAGs
[2022-05-21 17:49:36,122] {logging_mixin.py:115} INFO - [2022-05-21 17:49:36,122] {dag.py:2915} INFO - Setting next_dagrun for example_external_task_marker_child to None, run_after=None
[2022-05-21 17:49:36,122] {logging_mixin.py:115} INFO - [2022-05-21 17:49:36,122] {dag.py:2915} INFO - Setting next_dagrun for example_external_task_marker_parent to None, run_after=None
[2022-05-21 17:49:36,136] {processor.py:161} INFO - Processing /home/ubuntu/.local/lib/python3.10/site-packages/airflow/example_dags/example_external_task_marker_dag.py took 0.068 seconds
[2022-05-21 17:50:08,623] {processor.py:153} INFO - Started process (PID=5316) to work on /home/ubuntu/.local/lib/python3.10/site-packages/airflow/example_dags/example_external_task_marker_dag.py
[2022-05-21 17:50:08,625] {processor.py:641} INFO - Processing file /home/ubuntu/.local/lib/python3.10/site-packages/airflow/example_dags/example_external_task_marker_dag.py for tasks to queue
[2022-05-21 17:50:08,625] {logging_mixin.py:115} INFO - [2022-05-21 17:50:08,625] {dagbag.py:507} INFO - Filling up the DagBag from /home/ubuntu/.local/lib/python3.10/site-packages/airflow/example_dags/example_external_task_marker_dag.py
[2022-05-21 17:50:08,630] {processor.py:651} INFO - DAG(s) dict_keys(['example_external_task_marker_parent', 'example_external_task_marker_child']) retrieved from /home/ubuntu/.local/lib/python3.10/site-packages/airflow/example_dags/example_external_task_marker_dag.py
[2022-05-21 17:50:08,658] {logging_mixin.py:115} INFO - [2022-05-21 17:50:08,658] {dag.py:2371} INFO - Sync 2 DAGs
[2022-05-21 17:50:08,675] {logging_mixin.py:115} INFO - [2022-05-21 17:50:08,675] {dag.py:2915} INFO - Setting next_dagrun for example_external_task_marker_child to None, run_after=None
[2022-05-21 17:50:08,675] {logging_mixin.py:115} INFO - [2022-05-21 17:50:08,675] {dag.py:2915} INFO - Setting next_dagrun for example_external_task_marker_parent to None, run_after=None
[2022-05-21 17:50:08,689] {processor.py:161} INFO - Processing /home/ubuntu/.local/lib/python3.10/site-packages/airflow/example_dags/example_external_task_marker_dag.py took 0.069 seconds
[2022-05-21 17:50:42,492] {processor.py:153} INFO - Started process (PID=5351) to work on /home/ubuntu/.local/lib/python3.10/site-packages/airflow/example_dags/example_external_task_marker_dag.py
[2022-05-21 17:50:42,493] {processor.py:641} INFO - Processing file /home/ubuntu/.local/lib/python3.10/site-packages/airflow/example_dags/example_external_task_marker_dag.py for tasks to queue
[2022-05-21 17:50:42,493] {logging_mixin.py:115} INFO - [2022-05-21 17:50:42,493] {dagbag.py:507} INFO - Filling up the DagBag from /home/ubuntu/.local/lib/python3.10/site-packages/airflow/example_dags/example_external_task_marker_dag.py
[2022-05-21 17:50:42,497] {processor.py:651} INFO - DAG(s) dict_keys(['example_external_task_marker_parent', 'example_external_task_marker_child']) retrieved from /home/ubuntu/.local/lib/python3.10/site-packages/airflow/example_dags/example_external_task_marker_dag.py
[2022-05-21 17:50:42,525] {logging_mixin.py:115} INFO - [2022-05-21 17:50:42,525] {dag.py:2371} INFO - Sync 2 DAGs
[2022-05-21 17:50:42,542] {logging_mixin.py:115} INFO - [2022-05-21 17:50:42,542] {dag.py:2915} INFO - Setting next_dagrun for example_external_task_marker_child to None, run_after=None
[2022-05-21 17:50:42,542] {logging_mixin.py:115} INFO - [2022-05-21 17:50:42,542] {dag.py:2915} INFO - Setting next_dagrun for example_external_task_marker_parent to None, run_after=None
[2022-05-21 17:50:42,557] {processor.py:161} INFO - Processing /home/ubuntu/.local/lib/python3.10/site-packages/airflow/example_dags/example_external_task_marker_dag.py took 0.068 seconds
[2022-05-21 17:51:15,641] {processor.py:153} INFO - Started process (PID=5385) to work on /home/ubuntu/.local/lib/python3.10/site-packages/airflow/example_dags/example_external_task_marker_dag.py
[2022-05-21 17:51:15,642] {processor.py:641} INFO - Processing file /home/ubuntu/.local/lib/python3.10/site-packages/airflow/example_dags/example_external_task_marker_dag.py for tasks to queue
[2022-05-21 17:51:15,642] {logging_mixin.py:115} INFO - [2022-05-21 17:51:15,642] {dagbag.py:507} INFO - Filling up the DagBag from /home/ubuntu/.local/lib/python3.10/site-packages/airflow/example_dags/example_external_task_marker_dag.py
[2022-05-21 17:51:15,646] {processor.py:651} INFO - DAG(s) dict_keys(['example_external_task_marker_parent', 'example_external_task_marker_child']) retrieved from /home/ubuntu/.local/lib/python3.10/site-packages/airflow/example_dags/example_external_task_marker_dag.py
[2022-05-21 17:51:15,673] {logging_mixin.py:115} INFO - [2022-05-21 17:51:15,673] {dag.py:2371} INFO - Sync 2 DAGs
[2022-05-21 17:51:15,690] {logging_mixin.py:115} INFO - [2022-05-21 17:51:15,689] {dag.py:2915} INFO - Setting next_dagrun for example_external_task_marker_child to None, run_after=None
[2022-05-21 17:51:15,690] {logging_mixin.py:115} INFO - [2022-05-21 17:51:15,690] {dag.py:2915} INFO - Setting next_dagrun for example_external_task_marker_parent to None, run_after=None
[2022-05-21 17:51:15,704] {processor.py:161} INFO - Processing /home/ubuntu/.local/lib/python3.10/site-packages/airflow/example_dags/example_external_task_marker_dag.py took 0.066 seconds
[2022-05-21 17:51:49,899] {processor.py:153} INFO - Started process (PID=5420) to work on /home/ubuntu/.local/lib/python3.10/site-packages/airflow/example_dags/example_external_task_marker_dag.py
[2022-05-21 17:51:49,900] {processor.py:641} INFO - Processing file /home/ubuntu/.local/lib/python3.10/site-packages/airflow/example_dags/example_external_task_marker_dag.py for tasks to queue
[2022-05-21 17:51:49,900] {logging_mixin.py:115} INFO - [2022-05-21 17:51:49,900] {dagbag.py:507} INFO - Filling up the DagBag from /home/ubuntu/.local/lib/python3.10/site-packages/airflow/example_dags/example_external_task_marker_dag.py
[2022-05-21 17:51:49,905] {processor.py:651} INFO - DAG(s) dict_keys(['example_external_task_marker_parent', 'example_external_task_marker_child']) retrieved from /home/ubuntu/.local/lib/python3.10/site-packages/airflow/example_dags/example_external_task_marker_dag.py
[2022-05-21 17:51:49,932] {logging_mixin.py:115} INFO - [2022-05-21 17:51:49,932] {dag.py:2371} INFO - Sync 2 DAGs
[2022-05-21 17:51:49,949] {logging_mixin.py:115} INFO - [2022-05-21 17:51:49,948] {dag.py:2915} INFO - Setting next_dagrun for example_external_task_marker_child to None, run_after=None
[2022-05-21 17:51:49,949] {logging_mixin.py:115} INFO - [2022-05-21 17:51:49,949] {dag.py:2915} INFO - Setting next_dagrun for example_external_task_marker_parent to None, run_after=None
[2022-05-21 17:51:49,962] {processor.py:161} INFO - Processing /home/ubuntu/.local/lib/python3.10/site-packages/airflow/example_dags/example_external_task_marker_dag.py took 0.066 seconds
[2022-05-21 17:52:22,676] {processor.py:153} INFO - Started process (PID=5454) to work on /home/ubuntu/.local/lib/python3.10/site-packages/airflow/example_dags/example_external_task_marker_dag.py
[2022-05-21 17:52:22,677] {processor.py:641} INFO - Processing file /home/ubuntu/.local/lib/python3.10/site-packages/airflow/example_dags/example_external_task_marker_dag.py for tasks to queue
[2022-05-21 17:52:22,678] {logging_mixin.py:115} INFO - [2022-05-21 17:52:22,678] {dagbag.py:507} INFO - Filling up the DagBag from /home/ubuntu/.local/lib/python3.10/site-packages/airflow/example_dags/example_external_task_marker_dag.py
[2022-05-21 17:52:22,682] {processor.py:651} INFO - DAG(s) dict_keys(['example_external_task_marker_parent', 'example_external_task_marker_child']) retrieved from /home/ubuntu/.local/lib/python3.10/site-packages/airflow/example_dags/example_external_task_marker_dag.py
[2022-05-21 17:52:22,710] {logging_mixin.py:115} INFO - [2022-05-21 17:52:22,710] {dag.py:2371} INFO - Sync 2 DAGs
[2022-05-21 17:52:22,728] {logging_mixin.py:115} INFO - [2022-05-21 17:52:22,728] {dag.py:2915} INFO - Setting next_dagrun for example_external_task_marker_child to None, run_after=None
[2022-05-21 17:52:22,728] {logging_mixin.py:115} INFO - [2022-05-21 17:52:22,728] {dag.py:2915} INFO - Setting next_dagrun for example_external_task_marker_parent to None, run_after=None
[2022-05-21 17:52:22,742] {processor.py:161} INFO - Processing /home/ubuntu/.local/lib/python3.10/site-packages/airflow/example_dags/example_external_task_marker_dag.py took 0.069 seconds
[2022-05-21 17:52:56,213] {processor.py:153} INFO - Started process (PID=5489) to work on /home/ubuntu/.local/lib/python3.10/site-packages/airflow/example_dags/example_external_task_marker_dag.py
[2022-05-21 17:52:56,213] {processor.py:641} INFO - Processing file /home/ubuntu/.local/lib/python3.10/site-packages/airflow/example_dags/example_external_task_marker_dag.py for tasks to queue
[2022-05-21 17:52:56,214] {logging_mixin.py:115} INFO - [2022-05-21 17:52:56,214] {dagbag.py:507} INFO - Filling up the DagBag from /home/ubuntu/.local/lib/python3.10/site-packages/airflow/example_dags/example_external_task_marker_dag.py
[2022-05-21 17:52:56,218] {processor.py:651} INFO - DAG(s) dict_keys(['example_external_task_marker_parent', 'example_external_task_marker_child']) retrieved from /home/ubuntu/.local/lib/python3.10/site-packages/airflow/example_dags/example_external_task_marker_dag.py
[2022-05-21 17:52:56,247] {logging_mixin.py:115} INFO - [2022-05-21 17:52:56,247] {dag.py:2371} INFO - Sync 2 DAGs
[2022-05-21 17:52:56,264] {logging_mixin.py:115} INFO - [2022-05-21 17:52:56,264] {dag.py:2915} INFO - Setting next_dagrun for example_external_task_marker_child to None, run_after=None
[2022-05-21 17:52:56,265] {logging_mixin.py:115} INFO - [2022-05-21 17:52:56,264] {dag.py:2915} INFO - Setting next_dagrun for example_external_task_marker_parent to None, run_after=None
[2022-05-21 17:52:56,278] {processor.py:161} INFO - Processing /home/ubuntu/.local/lib/python3.10/site-packages/airflow/example_dags/example_external_task_marker_dag.py took 0.068 seconds
[2022-05-21 17:53:27,617] {processor.py:153} INFO - Started process (PID=5527) to work on /home/ubuntu/.local/lib/python3.10/site-packages/airflow/example_dags/example_external_task_marker_dag.py
[2022-05-21 17:53:27,617] {processor.py:641} INFO - Processing file /home/ubuntu/.local/lib/python3.10/site-packages/airflow/example_dags/example_external_task_marker_dag.py for tasks to queue
[2022-05-21 17:53:27,618] {logging_mixin.py:115} INFO - [2022-05-21 17:53:27,618] {dagbag.py:507} INFO - Filling up the DagBag from /home/ubuntu/.local/lib/python3.10/site-packages/airflow/example_dags/example_external_task_marker_dag.py
[2022-05-21 17:53:27,622] {processor.py:651} INFO - DAG(s) dict_keys(['example_external_task_marker_parent', 'example_external_task_marker_child']) retrieved from /home/ubuntu/.local/lib/python3.10/site-packages/airflow/example_dags/example_external_task_marker_dag.py
[2022-05-21 17:53:27,651] {logging_mixin.py:115} INFO - [2022-05-21 17:53:27,650] {dag.py:2371} INFO - Sync 2 DAGs
[2022-05-21 17:53:27,667] {logging_mixin.py:115} INFO - [2022-05-21 17:53:27,667] {dag.py:2915} INFO - Setting next_dagrun for example_external_task_marker_child to None, run_after=None
[2022-05-21 17:53:27,667] {logging_mixin.py:115} INFO - [2022-05-21 17:53:27,667] {dag.py:2915} INFO - Setting next_dagrun for example_external_task_marker_parent to None, run_after=None
[2022-05-21 17:53:27,681] {processor.py:161} INFO - Processing /home/ubuntu/.local/lib/python3.10/site-packages/airflow/example_dags/example_external_task_marker_dag.py took 0.067 seconds
[2022-05-21 17:54:01,243] {processor.py:153} INFO - Started process (PID=5570) to work on /home/ubuntu/.local/lib/python3.10/site-packages/airflow/example_dags/example_external_task_marker_dag.py
[2022-05-21 17:54:01,244] {processor.py:641} INFO - Processing file /home/ubuntu/.local/lib/python3.10/site-packages/airflow/example_dags/example_external_task_marker_dag.py for tasks to queue
[2022-05-21 17:54:01,244] {logging_mixin.py:115} INFO - [2022-05-21 17:54:01,244] {dagbag.py:507} INFO - Filling up the DagBag from /home/ubuntu/.local/lib/python3.10/site-packages/airflow/example_dags/example_external_task_marker_dag.py
[2022-05-21 17:54:01,249] {processor.py:651} INFO - DAG(s) dict_keys(['example_external_task_marker_parent', 'example_external_task_marker_child']) retrieved from /home/ubuntu/.local/lib/python3.10/site-packages/airflow/example_dags/example_external_task_marker_dag.py
[2022-05-21 17:54:01,276] {logging_mixin.py:115} INFO - [2022-05-21 17:54:01,276] {dag.py:2371} INFO - Sync 2 DAGs
[2022-05-21 17:54:01,293] {logging_mixin.py:115} INFO - [2022-05-21 17:54:01,293] {dag.py:2915} INFO - Setting next_dagrun for example_external_task_marker_child to None, run_after=None
[2022-05-21 17:54:01,293] {logging_mixin.py:115} INFO - [2022-05-21 17:54:01,293] {dag.py:2915} INFO - Setting next_dagrun for example_external_task_marker_parent to None, run_after=None
[2022-05-21 17:54:01,307] {processor.py:161} INFO - Processing /home/ubuntu/.local/lib/python3.10/site-packages/airflow/example_dags/example_external_task_marker_dag.py took 0.067 seconds
[2022-05-21 17:54:34,214] {processor.py:153} INFO - Started process (PID=5606) to work on /home/ubuntu/.local/lib/python3.10/site-packages/airflow/example_dags/example_external_task_marker_dag.py
[2022-05-21 17:54:34,215] {processor.py:641} INFO - Processing file /home/ubuntu/.local/lib/python3.10/site-packages/airflow/example_dags/example_external_task_marker_dag.py for tasks to queue
[2022-05-21 17:54:34,216] {logging_mixin.py:115} INFO - [2022-05-21 17:54:34,216] {dagbag.py:507} INFO - Filling up the DagBag from /home/ubuntu/.local/lib/python3.10/site-packages/airflow/example_dags/example_external_task_marker_dag.py
[2022-05-21 17:54:34,220] {processor.py:651} INFO - DAG(s) dict_keys(['example_external_task_marker_parent', 'example_external_task_marker_child']) retrieved from /home/ubuntu/.local/lib/python3.10/site-packages/airflow/example_dags/example_external_task_marker_dag.py
[2022-05-21 17:54:34,249] {logging_mixin.py:115} INFO - [2022-05-21 17:54:34,249] {dag.py:2371} INFO - Sync 2 DAGs
[2022-05-21 17:54:34,267] {logging_mixin.py:115} INFO - [2022-05-21 17:54:34,267] {dag.py:2915} INFO - Setting next_dagrun for example_external_task_marker_child to None, run_after=None
[2022-05-21 17:54:34,267] {logging_mixin.py:115} INFO - [2022-05-21 17:54:34,267] {dag.py:2915} INFO - Setting next_dagrun for example_external_task_marker_parent to None, run_after=None
[2022-05-21 17:54:34,281] {processor.py:161} INFO - Processing /home/ubuntu/.local/lib/python3.10/site-packages/airflow/example_dags/example_external_task_marker_dag.py took 0.070 seconds
[2022-05-21 17:55:10,282] {processor.py:153} INFO - Started process (PID=5642) to work on /home/ubuntu/.local/lib/python3.10/site-packages/airflow/example_dags/example_external_task_marker_dag.py
[2022-05-21 17:55:10,283] {processor.py:641} INFO - Processing file /home/ubuntu/.local/lib/python3.10/site-packages/airflow/example_dags/example_external_task_marker_dag.py for tasks to queue
[2022-05-21 17:55:10,284] {logging_mixin.py:115} INFO - [2022-05-21 17:55:10,284] {dagbag.py:507} INFO - Filling up the DagBag from /home/ubuntu/.local/lib/python3.10/site-packages/airflow/example_dags/example_external_task_marker_dag.py
[2022-05-21 17:55:10,288] {processor.py:651} INFO - DAG(s) dict_keys(['example_external_task_marker_parent', 'example_external_task_marker_child']) retrieved from /home/ubuntu/.local/lib/python3.10/site-packages/airflow/example_dags/example_external_task_marker_dag.py
[2022-05-21 17:55:10,316] {logging_mixin.py:115} INFO - [2022-05-21 17:55:10,315] {dag.py:2371} INFO - Sync 2 DAGs
[2022-05-21 17:55:10,332] {logging_mixin.py:115} INFO - [2022-05-21 17:55:10,332] {dag.py:2915} INFO - Setting next_dagrun for example_external_task_marker_child to None, run_after=None
[2022-05-21 17:55:10,332] {logging_mixin.py:115} INFO - [2022-05-21 17:55:10,332] {dag.py:2915} INFO - Setting next_dagrun for example_external_task_marker_parent to None, run_after=None
[2022-05-21 17:55:10,346] {processor.py:161} INFO - Processing /home/ubuntu/.local/lib/python3.10/site-packages/airflow/example_dags/example_external_task_marker_dag.py took 0.067 seconds
[2022-05-21 17:55:42,588] {processor.py:153} INFO - Started process (PID=5679) to work on /home/ubuntu/.local/lib/python3.10/site-packages/airflow/example_dags/example_external_task_marker_dag.py
[2022-05-21 17:55:42,588] {processor.py:641} INFO - Processing file /home/ubuntu/.local/lib/python3.10/site-packages/airflow/example_dags/example_external_task_marker_dag.py for tasks to queue
[2022-05-21 17:55:42,588] {logging_mixin.py:115} INFO - [2022-05-21 17:55:42,588] {dagbag.py:507} INFO - Filling up the DagBag from /home/ubuntu/.local/lib/python3.10/site-packages/airflow/example_dags/example_external_task_marker_dag.py
[2022-05-21 17:55:42,593] {processor.py:651} INFO - DAG(s) dict_keys(['example_external_task_marker_parent', 'example_external_task_marker_child']) retrieved from /home/ubuntu/.local/lib/python3.10/site-packages/airflow/example_dags/example_external_task_marker_dag.py
[2022-05-21 17:55:42,621] {logging_mixin.py:115} INFO - [2022-05-21 17:55:42,621] {dag.py:2371} INFO - Sync 2 DAGs
[2022-05-21 17:55:42,638] {logging_mixin.py:115} INFO - [2022-05-21 17:55:42,638] {dag.py:2915} INFO - Setting next_dagrun for example_external_task_marker_child to None, run_after=None
[2022-05-21 17:55:42,638] {logging_mixin.py:115} INFO - [2022-05-21 17:55:42,638] {dag.py:2915} INFO - Setting next_dagrun for example_external_task_marker_parent to None, run_after=None
[2022-05-21 17:55:42,652] {processor.py:161} INFO - Processing /home/ubuntu/.local/lib/python3.10/site-packages/airflow/example_dags/example_external_task_marker_dag.py took 0.067 seconds
[2022-05-21 17:56:14,965] {processor.py:153} INFO - Started process (PID=5715) to work on /home/ubuntu/.local/lib/python3.10/site-packages/airflow/example_dags/example_external_task_marker_dag.py
[2022-05-21 17:56:14,966] {processor.py:641} INFO - Processing file /home/ubuntu/.local/lib/python3.10/site-packages/airflow/example_dags/example_external_task_marker_dag.py for tasks to queue
[2022-05-21 17:56:14,967] {logging_mixin.py:115} INFO - [2022-05-21 17:56:14,966] {dagbag.py:507} INFO - Filling up the DagBag from /home/ubuntu/.local/lib/python3.10/site-packages/airflow/example_dags/example_external_task_marker_dag.py
[2022-05-21 17:56:14,971] {processor.py:651} INFO - DAG(s) dict_keys(['example_external_task_marker_parent', 'example_external_task_marker_child']) retrieved from /home/ubuntu/.local/lib/python3.10/site-packages/airflow/example_dags/example_external_task_marker_dag.py
[2022-05-21 17:56:14,999] {logging_mixin.py:115} INFO - [2022-05-21 17:56:14,998] {dag.py:2371} INFO - Sync 2 DAGs
[2022-05-21 17:56:15,016] {logging_mixin.py:115} INFO - [2022-05-21 17:56:15,016] {dag.py:2915} INFO - Setting next_dagrun for example_external_task_marker_child to None, run_after=None
[2022-05-21 17:56:15,017] {logging_mixin.py:115} INFO - [2022-05-21 17:56:15,017] {dag.py:2915} INFO - Setting next_dagrun for example_external_task_marker_parent to None, run_after=None
[2022-05-21 17:56:15,031] {processor.py:161} INFO - Processing /home/ubuntu/.local/lib/python3.10/site-packages/airflow/example_dags/example_external_task_marker_dag.py took 0.069 seconds
[2022-05-21 17:56:47,128] {processor.py:153} INFO - Started process (PID=5750) to work on /home/ubuntu/.local/lib/python3.10/site-packages/airflow/example_dags/example_external_task_marker_dag.py
[2022-05-21 17:56:47,129] {processor.py:641} INFO - Processing file /home/ubuntu/.local/lib/python3.10/site-packages/airflow/example_dags/example_external_task_marker_dag.py for tasks to queue
[2022-05-21 17:56:47,129] {logging_mixin.py:115} INFO - [2022-05-21 17:56:47,129] {dagbag.py:507} INFO - Filling up the DagBag from /home/ubuntu/.local/lib/python3.10/site-packages/airflow/example_dags/example_external_task_marker_dag.py
[2022-05-21 17:56:47,134] {processor.py:651} INFO - DAG(s) dict_keys(['example_external_task_marker_parent', 'example_external_task_marker_child']) retrieved from /home/ubuntu/.local/lib/python3.10/site-packages/airflow/example_dags/example_external_task_marker_dag.py
[2022-05-21 17:56:47,161] {logging_mixin.py:115} INFO - [2022-05-21 17:56:47,161] {dag.py:2371} INFO - Sync 2 DAGs
[2022-05-21 17:56:47,177] {logging_mixin.py:115} INFO - [2022-05-21 17:56:47,177] {dag.py:2915} INFO - Setting next_dagrun for example_external_task_marker_child to None, run_after=None
[2022-05-21 17:56:47,177] {logging_mixin.py:115} INFO - [2022-05-21 17:56:47,177] {dag.py:2915} INFO - Setting next_dagrun for example_external_task_marker_parent to None, run_after=None
[2022-05-21 17:56:47,191] {processor.py:161} INFO - Processing /home/ubuntu/.local/lib/python3.10/site-packages/airflow/example_dags/example_external_task_marker_dag.py took 0.066 seconds
[2022-05-21 17:57:19,787] {processor.py:153} INFO - Started process (PID=5785) to work on /home/ubuntu/.local/lib/python3.10/site-packages/airflow/example_dags/example_external_task_marker_dag.py
[2022-05-21 17:57:19,788] {processor.py:641} INFO - Processing file /home/ubuntu/.local/lib/python3.10/site-packages/airflow/example_dags/example_external_task_marker_dag.py for tasks to queue
[2022-05-21 17:57:19,789] {logging_mixin.py:115} INFO - [2022-05-21 17:57:19,789] {dagbag.py:507} INFO - Filling up the DagBag from /home/ubuntu/.local/lib/python3.10/site-packages/airflow/example_dags/example_external_task_marker_dag.py
[2022-05-21 17:57:19,793] {processor.py:651} INFO - DAG(s) dict_keys(['example_external_task_marker_parent', 'example_external_task_marker_child']) retrieved from /home/ubuntu/.local/lib/python3.10/site-packages/airflow/example_dags/example_external_task_marker_dag.py
[2022-05-21 17:57:19,821] {logging_mixin.py:115} INFO - [2022-05-21 17:57:19,821] {dag.py:2371} INFO - Sync 2 DAGs
[2022-05-21 17:57:19,838] {logging_mixin.py:115} INFO - [2022-05-21 17:57:19,837] {dag.py:2915} INFO - Setting next_dagrun for example_external_task_marker_child to None, run_after=None
[2022-05-21 17:57:19,838] {logging_mixin.py:115} INFO - [2022-05-21 17:57:19,838] {dag.py:2915} INFO - Setting next_dagrun for example_external_task_marker_parent to None, run_after=None
[2022-05-21 17:57:19,853] {processor.py:161} INFO - Processing /home/ubuntu/.local/lib/python3.10/site-packages/airflow/example_dags/example_external_task_marker_dag.py took 0.068 seconds
[2022-05-21 17:57:52,556] {processor.py:153} INFO - Started process (PID=5825) to work on /home/ubuntu/.local/lib/python3.10/site-packages/airflow/example_dags/example_external_task_marker_dag.py
[2022-05-21 17:57:52,557] {processor.py:641} INFO - Processing file /home/ubuntu/.local/lib/python3.10/site-packages/airflow/example_dags/example_external_task_marker_dag.py for tasks to queue
[2022-05-21 17:57:52,557] {logging_mixin.py:115} INFO - [2022-05-21 17:57:52,557] {dagbag.py:507} INFO - Filling up the DagBag from /home/ubuntu/.local/lib/python3.10/site-packages/airflow/example_dags/example_external_task_marker_dag.py
[2022-05-21 17:57:52,561] {processor.py:651} INFO - DAG(s) dict_keys(['example_external_task_marker_parent', 'example_external_task_marker_child']) retrieved from /home/ubuntu/.local/lib/python3.10/site-packages/airflow/example_dags/example_external_task_marker_dag.py
[2022-05-21 17:57:52,589] {logging_mixin.py:115} INFO - [2022-05-21 17:57:52,589] {dag.py:2371} INFO - Sync 2 DAGs
[2022-05-21 17:57:52,606] {logging_mixin.py:115} INFO - [2022-05-21 17:57:52,606] {dag.py:2915} INFO - Setting next_dagrun for example_external_task_marker_child to None, run_after=None
[2022-05-21 17:57:52,606] {logging_mixin.py:115} INFO - [2022-05-21 17:57:52,606] {dag.py:2915} INFO - Setting next_dagrun for example_external_task_marker_parent to None, run_after=None
[2022-05-21 17:57:52,620] {processor.py:161} INFO - Processing /home/ubuntu/.local/lib/python3.10/site-packages/airflow/example_dags/example_external_task_marker_dag.py took 0.067 seconds
[2022-05-21 17:58:26,800] {processor.py:153} INFO - Started process (PID=5864) to work on /home/ubuntu/.local/lib/python3.10/site-packages/airflow/example_dags/example_external_task_marker_dag.py
[2022-05-21 17:58:26,801] {processor.py:641} INFO - Processing file /home/ubuntu/.local/lib/python3.10/site-packages/airflow/example_dags/example_external_task_marker_dag.py for tasks to queue
[2022-05-21 17:58:26,802] {logging_mixin.py:115} INFO - [2022-05-21 17:58:26,801] {dagbag.py:507} INFO - Filling up the DagBag from /home/ubuntu/.local/lib/python3.10/site-packages/airflow/example_dags/example_external_task_marker_dag.py
[2022-05-21 17:58:26,806] {processor.py:651} INFO - DAG(s) dict_keys(['example_external_task_marker_parent', 'example_external_task_marker_child']) retrieved from /home/ubuntu/.local/lib/python3.10/site-packages/airflow/example_dags/example_external_task_marker_dag.py
[2022-05-21 17:58:26,833] {logging_mixin.py:115} INFO - [2022-05-21 17:58:26,833] {dag.py:2371} INFO - Sync 2 DAGs
[2022-05-21 17:58:26,849] {logging_mixin.py:115} INFO - [2022-05-21 17:58:26,849] {dag.py:2915} INFO - Setting next_dagrun for example_external_task_marker_child to None, run_after=None
[2022-05-21 17:58:26,849] {logging_mixin.py:115} INFO - [2022-05-21 17:58:26,849] {dag.py:2915} INFO - Setting next_dagrun for example_external_task_marker_parent to None, run_after=None
[2022-05-21 17:58:26,864] {processor.py:161} INFO - Processing /home/ubuntu/.local/lib/python3.10/site-packages/airflow/example_dags/example_external_task_marker_dag.py took 0.067 seconds
[2022-05-21 17:58:58,173] {processor.py:153} INFO - Started process (PID=5900) to work on /home/ubuntu/.local/lib/python3.10/site-packages/airflow/example_dags/example_external_task_marker_dag.py
[2022-05-21 17:58:58,174] {processor.py:641} INFO - Processing file /home/ubuntu/.local/lib/python3.10/site-packages/airflow/example_dags/example_external_task_marker_dag.py for tasks to queue
[2022-05-21 17:58:58,174] {logging_mixin.py:115} INFO - [2022-05-21 17:58:58,174] {dagbag.py:507} INFO - Filling up the DagBag from /home/ubuntu/.local/lib/python3.10/site-packages/airflow/example_dags/example_external_task_marker_dag.py
[2022-05-21 17:58:58,178] {processor.py:651} INFO - DAG(s) dict_keys(['example_external_task_marker_parent', 'example_external_task_marker_child']) retrieved from /home/ubuntu/.local/lib/python3.10/site-packages/airflow/example_dags/example_external_task_marker_dag.py
[2022-05-21 17:58:58,206] {logging_mixin.py:115} INFO - [2022-05-21 17:58:58,205] {dag.py:2371} INFO - Sync 2 DAGs
[2022-05-21 17:58:58,222] {logging_mixin.py:115} INFO - [2022-05-21 17:58:58,222] {dag.py:2915} INFO - Setting next_dagrun for example_external_task_marker_child to None, run_after=None
[2022-05-21 17:58:58,222] {logging_mixin.py:115} INFO - [2022-05-21 17:58:58,222] {dag.py:2915} INFO - Setting next_dagrun for example_external_task_marker_parent to None, run_after=None
[2022-05-21 17:58:58,237] {processor.py:161} INFO - Processing /home/ubuntu/.local/lib/python3.10/site-packages/airflow/example_dags/example_external_task_marker_dag.py took 0.067 seconds
[2022-05-21 17:59:31,846] {processor.py:153} INFO - Started process (PID=5936) to work on /home/ubuntu/.local/lib/python3.10/site-packages/airflow/example_dags/example_external_task_marker_dag.py
[2022-05-21 17:59:31,847] {processor.py:641} INFO - Processing file /home/ubuntu/.local/lib/python3.10/site-packages/airflow/example_dags/example_external_task_marker_dag.py for tasks to queue
[2022-05-21 17:59:31,848] {logging_mixin.py:115} INFO - [2022-05-21 17:59:31,848] {dagbag.py:507} INFO - Filling up the DagBag from /home/ubuntu/.local/lib/python3.10/site-packages/airflow/example_dags/example_external_task_marker_dag.py
[2022-05-21 17:59:31,852] {processor.py:651} INFO - DAG(s) dict_keys(['example_external_task_marker_parent', 'example_external_task_marker_child']) retrieved from /home/ubuntu/.local/lib/python3.10/site-packages/airflow/example_dags/example_external_task_marker_dag.py
[2022-05-21 17:59:31,879] {logging_mixin.py:115} INFO - [2022-05-21 17:59:31,879] {dag.py:2371} INFO - Sync 2 DAGs
[2022-05-21 17:59:31,896] {logging_mixin.py:115} INFO - [2022-05-21 17:59:31,896] {dag.py:2915} INFO - Setting next_dagrun for example_external_task_marker_child to None, run_after=None
[2022-05-21 17:59:31,896] {logging_mixin.py:115} INFO - [2022-05-21 17:59:31,896] {dag.py:2915} INFO - Setting next_dagrun for example_external_task_marker_parent to None, run_after=None
[2022-05-21 17:59:31,909] {processor.py:161} INFO - Processing /home/ubuntu/.local/lib/python3.10/site-packages/airflow/example_dags/example_external_task_marker_dag.py took 0.066 seconds
[2022-05-21 18:00:04,939] {processor.py:153} INFO - Started process (PID=5978) to work on /home/ubuntu/.local/lib/python3.10/site-packages/airflow/example_dags/example_external_task_marker_dag.py
[2022-05-21 18:00:04,940] {processor.py:641} INFO - Processing file /home/ubuntu/.local/lib/python3.10/site-packages/airflow/example_dags/example_external_task_marker_dag.py for tasks to queue
[2022-05-21 18:00:04,940] {logging_mixin.py:115} INFO - [2022-05-21 18:00:04,940] {dagbag.py:507} INFO - Filling up the DagBag from /home/ubuntu/.local/lib/python3.10/site-packages/airflow/example_dags/example_external_task_marker_dag.py
[2022-05-21 18:00:04,944] {processor.py:651} INFO - DAG(s) dict_keys(['example_external_task_marker_parent', 'example_external_task_marker_child']) retrieved from /home/ubuntu/.local/lib/python3.10/site-packages/airflow/example_dags/example_external_task_marker_dag.py
[2022-05-21 18:00:04,972] {logging_mixin.py:115} INFO - [2022-05-21 18:00:04,972] {dag.py:2371} INFO - Sync 2 DAGs
[2022-05-21 18:00:04,988] {logging_mixin.py:115} INFO - [2022-05-21 18:00:04,988] {dag.py:2915} INFO - Setting next_dagrun for example_external_task_marker_child to None, run_after=None
[2022-05-21 18:00:04,988] {logging_mixin.py:115} INFO - [2022-05-21 18:00:04,988] {dag.py:2915} INFO - Setting next_dagrun for example_external_task_marker_parent to None, run_after=None
[2022-05-21 18:00:05,003] {processor.py:161} INFO - Processing /home/ubuntu/.local/lib/python3.10/site-packages/airflow/example_dags/example_external_task_marker_dag.py took 0.067 seconds
