[2022-05-21 17:48:02,212] {processor.py:153} INFO - Started process (PID=5176) to work on /home/ubuntu/.local/lib/python3.10/site-packages/airflow/example_dags/example_branch_datetime_operator.py
[2022-05-21 17:48:02,212] {processor.py:641} INFO - Processing file /home/ubuntu/.local/lib/python3.10/site-packages/airflow/example_dags/example_branch_datetime_operator.py for tasks to queue
[2022-05-21 17:48:02,213] {logging_mixin.py:115} INFO - [2022-05-21 17:48:02,213] {dagbag.py:507} INFO - Filling up the DagBag from /home/ubuntu/.local/lib/python3.10/site-packages/airflow/example_dags/example_branch_datetime_operator.py
[2022-05-21 17:48:02,221] {processor.py:651} INFO - DAG(s) dict_keys(['example_branch_datetime_operator_2']) retrieved from /home/ubuntu/.local/lib/python3.10/site-packages/airflow/example_dags/example_branch_datetime_operator.py
[2022-05-21 17:48:02,289] {logging_mixin.py:115} INFO - [2022-05-21 17:48:02,289] {manager.py:508} INFO - Created Permission View: can read on DAG:example_branch_datetime_operator_2
[2022-05-21 17:48:02,301] {logging_mixin.py:115} INFO - [2022-05-21 17:48:02,301] {manager.py:508} INFO - Created Permission View: can delete on DAG:example_branch_datetime_operator_2
[2022-05-21 17:48:02,310] {logging_mixin.py:115} INFO - [2022-05-21 17:48:02,310] {manager.py:508} INFO - Created Permission View: can edit on DAG:example_branch_datetime_operator_2
[2022-05-21 17:48:02,310] {logging_mixin.py:115} INFO - [2022-05-21 17:48:02,310] {dag.py:2371} INFO - Sync 1 DAGs
[2022-05-21 17:48:02,318] {logging_mixin.py:115} INFO - [2022-05-21 17:48:02,318] {dag.py:2390} INFO - Creating ORM DAG for example_branch_datetime_operator_2
[2022-05-21 17:48:02,331] {logging_mixin.py:115} INFO - [2022-05-21 17:48:02,330] {dag.py:2915} INFO - Setting next_dagrun for example_branch_datetime_operator_2 to 2022-05-20T00:00:00+00:00, run_after=2022-05-21T00:00:00+00:00
[2022-05-21 17:48:02,350] {processor.py:161} INFO - Processing /home/ubuntu/.local/lib/python3.10/site-packages/airflow/example_dags/example_branch_datetime_operator.py took 0.141 seconds
[2022-05-21 17:48:35,445] {processor.py:153} INFO - Started process (PID=5211) to work on /home/ubuntu/.local/lib/python3.10/site-packages/airflow/example_dags/example_branch_datetime_operator.py
[2022-05-21 17:48:35,446] {processor.py:641} INFO - Processing file /home/ubuntu/.local/lib/python3.10/site-packages/airflow/example_dags/example_branch_datetime_operator.py for tasks to queue
[2022-05-21 17:48:35,447] {logging_mixin.py:115} INFO - [2022-05-21 17:48:35,447] {dagbag.py:507} INFO - Filling up the DagBag from /home/ubuntu/.local/lib/python3.10/site-packages/airflow/example_dags/example_branch_datetime_operator.py
[2022-05-21 17:48:35,455] {processor.py:651} INFO - DAG(s) dict_keys(['example_branch_datetime_operator_2']) retrieved from /home/ubuntu/.local/lib/python3.10/site-packages/airflow/example_dags/example_branch_datetime_operator.py
[2022-05-21 17:48:35,470] {logging_mixin.py:115} INFO - [2022-05-21 17:48:35,470] {dag.py:2371} INFO - Sync 1 DAGs
[2022-05-21 17:48:35,488] {logging_mixin.py:115} INFO - [2022-05-21 17:48:35,488] {dag.py:2915} INFO - Setting next_dagrun for example_branch_datetime_operator_2 to 2022-05-20T00:00:00+00:00, run_after=2022-05-21T00:00:00+00:00
[2022-05-21 17:48:35,502] {processor.py:161} INFO - Processing /home/ubuntu/.local/lib/python3.10/site-packages/airflow/example_dags/example_branch_datetime_operator.py took 0.059 seconds
[2022-05-21 17:49:08,098] {processor.py:153} INFO - Started process (PID=5248) to work on /home/ubuntu/.local/lib/python3.10/site-packages/airflow/example_dags/example_branch_datetime_operator.py
[2022-05-21 17:49:08,099] {processor.py:641} INFO - Processing file /home/ubuntu/.local/lib/python3.10/site-packages/airflow/example_dags/example_branch_datetime_operator.py for tasks to queue
[2022-05-21 17:49:08,099] {logging_mixin.py:115} INFO - [2022-05-21 17:49:08,099] {dagbag.py:507} INFO - Filling up the DagBag from /home/ubuntu/.local/lib/python3.10/site-packages/airflow/example_dags/example_branch_datetime_operator.py
[2022-05-21 17:49:08,107] {processor.py:651} INFO - DAG(s) dict_keys(['example_branch_datetime_operator_2']) retrieved from /home/ubuntu/.local/lib/python3.10/site-packages/airflow/example_dags/example_branch_datetime_operator.py
[2022-05-21 17:49:08,124] {logging_mixin.py:115} INFO - [2022-05-21 17:49:08,124] {dag.py:2371} INFO - Sync 1 DAGs
[2022-05-21 17:49:08,143] {logging_mixin.py:115} INFO - [2022-05-21 17:49:08,143] {dag.py:2915} INFO - Setting next_dagrun for example_branch_datetime_operator_2 to 2022-05-20T00:00:00+00:00, run_after=2022-05-21T00:00:00+00:00
[2022-05-21 17:49:08,157] {processor.py:161} INFO - Processing /home/ubuntu/.local/lib/python3.10/site-packages/airflow/example_dags/example_branch_datetime_operator.py took 0.062 seconds
[2022-05-21 17:49:41,694] {processor.py:153} INFO - Started process (PID=5288) to work on /home/ubuntu/.local/lib/python3.10/site-packages/airflow/example_dags/example_branch_datetime_operator.py
[2022-05-21 17:49:41,695] {processor.py:641} INFO - Processing file /home/ubuntu/.local/lib/python3.10/site-packages/airflow/example_dags/example_branch_datetime_operator.py for tasks to queue
[2022-05-21 17:49:41,695] {logging_mixin.py:115} INFO - [2022-05-21 17:49:41,695] {dagbag.py:507} INFO - Filling up the DagBag from /home/ubuntu/.local/lib/python3.10/site-packages/airflow/example_dags/example_branch_datetime_operator.py
[2022-05-21 17:49:41,704] {processor.py:651} INFO - DAG(s) dict_keys(['example_branch_datetime_operator_2']) retrieved from /home/ubuntu/.local/lib/python3.10/site-packages/airflow/example_dags/example_branch_datetime_operator.py
[2022-05-21 17:49:41,720] {logging_mixin.py:115} INFO - [2022-05-21 17:49:41,720] {dag.py:2371} INFO - Sync 1 DAGs
[2022-05-21 17:49:41,740] {logging_mixin.py:115} INFO - [2022-05-21 17:49:41,739] {dag.py:2915} INFO - Setting next_dagrun for example_branch_datetime_operator_2 to 2022-05-20T00:00:00+00:00, run_after=2022-05-21T00:00:00+00:00
[2022-05-21 17:49:41,774] {processor.py:161} INFO - Processing /home/ubuntu/.local/lib/python3.10/site-packages/airflow/example_dags/example_branch_datetime_operator.py took 0.082 seconds
[2022-05-21 17:50:13,764] {processor.py:153} INFO - Started process (PID=5322) to work on /home/ubuntu/.local/lib/python3.10/site-packages/airflow/example_dags/example_branch_datetime_operator.py
[2022-05-21 17:50:13,765] {processor.py:641} INFO - Processing file /home/ubuntu/.local/lib/python3.10/site-packages/airflow/example_dags/example_branch_datetime_operator.py for tasks to queue
[2022-05-21 17:50:13,765] {logging_mixin.py:115} INFO - [2022-05-21 17:50:13,765] {dagbag.py:507} INFO - Filling up the DagBag from /home/ubuntu/.local/lib/python3.10/site-packages/airflow/example_dags/example_branch_datetime_operator.py
[2022-05-21 17:50:13,773] {processor.py:651} INFO - DAG(s) dict_keys(['example_branch_datetime_operator_2']) retrieved from /home/ubuntu/.local/lib/python3.10/site-packages/airflow/example_dags/example_branch_datetime_operator.py
[2022-05-21 17:50:13,788] {logging_mixin.py:115} INFO - [2022-05-21 17:50:13,788] {dag.py:2371} INFO - Sync 1 DAGs
[2022-05-21 17:50:13,807] {logging_mixin.py:115} INFO - [2022-05-21 17:50:13,807] {dag.py:2915} INFO - Setting next_dagrun for example_branch_datetime_operator_2 to 2022-05-20T00:00:00+00:00, run_after=2022-05-21T00:00:00+00:00
[2022-05-21 17:50:13,823] {processor.py:161} INFO - Processing /home/ubuntu/.local/lib/python3.10/site-packages/airflow/example_dags/example_branch_datetime_operator.py took 0.062 seconds
[2022-05-21 17:50:51,096] {processor.py:153} INFO - Started process (PID=5359) to work on /home/ubuntu/.local/lib/python3.10/site-packages/airflow/example_dags/example_branch_datetime_operator.py
[2022-05-21 17:50:51,097] {processor.py:641} INFO - Processing file /home/ubuntu/.local/lib/python3.10/site-packages/airflow/example_dags/example_branch_datetime_operator.py for tasks to queue
[2022-05-21 17:50:51,097] {logging_mixin.py:115} INFO - [2022-05-21 17:50:51,097] {dagbag.py:507} INFO - Filling up the DagBag from /home/ubuntu/.local/lib/python3.10/site-packages/airflow/example_dags/example_branch_datetime_operator.py
[2022-05-21 17:50:51,106] {processor.py:651} INFO - DAG(s) dict_keys(['example_branch_datetime_operator_2']) retrieved from /home/ubuntu/.local/lib/python3.10/site-packages/airflow/example_dags/example_branch_datetime_operator.py
[2022-05-21 17:50:51,122] {logging_mixin.py:115} INFO - [2022-05-21 17:50:51,122] {dag.py:2371} INFO - Sync 1 DAGs
[2022-05-21 17:50:51,141] {logging_mixin.py:115} INFO - [2022-05-21 17:50:51,141] {dag.py:2915} INFO - Setting next_dagrun for example_branch_datetime_operator_2 to 2022-05-20T00:00:00+00:00, run_after=2022-05-21T00:00:00+00:00
[2022-05-21 17:50:51,155] {processor.py:161} INFO - Processing /home/ubuntu/.local/lib/python3.10/site-packages/airflow/example_dags/example_branch_datetime_operator.py took 0.062 seconds
[2022-05-21 17:51:24,140] {processor.py:153} INFO - Started process (PID=5394) to work on /home/ubuntu/.local/lib/python3.10/site-packages/airflow/example_dags/example_branch_datetime_operator.py
[2022-05-21 17:51:24,140] {processor.py:641} INFO - Processing file /home/ubuntu/.local/lib/python3.10/site-packages/airflow/example_dags/example_branch_datetime_operator.py for tasks to queue
[2022-05-21 17:51:24,141] {logging_mixin.py:115} INFO - [2022-05-21 17:51:24,140] {dagbag.py:507} INFO - Filling up the DagBag from /home/ubuntu/.local/lib/python3.10/site-packages/airflow/example_dags/example_branch_datetime_operator.py
[2022-05-21 17:51:24,149] {processor.py:651} INFO - DAG(s) dict_keys(['example_branch_datetime_operator_2']) retrieved from /home/ubuntu/.local/lib/python3.10/site-packages/airflow/example_dags/example_branch_datetime_operator.py
[2022-05-21 17:51:24,164] {logging_mixin.py:115} INFO - [2022-05-21 17:51:24,164] {dag.py:2371} INFO - Sync 1 DAGs
[2022-05-21 17:51:24,182] {logging_mixin.py:115} INFO - [2022-05-21 17:51:24,182] {dag.py:2915} INFO - Setting next_dagrun for example_branch_datetime_operator_2 to 2022-05-20T00:00:00+00:00, run_after=2022-05-21T00:00:00+00:00
[2022-05-21 17:51:24,196] {processor.py:161} INFO - Processing /home/ubuntu/.local/lib/python3.10/site-packages/airflow/example_dags/example_branch_datetime_operator.py took 0.059 seconds
[2022-05-21 17:51:57,919] {processor.py:153} INFO - Started process (PID=5428) to work on /home/ubuntu/.local/lib/python3.10/site-packages/airflow/example_dags/example_branch_datetime_operator.py
[2022-05-21 17:51:57,920] {processor.py:641} INFO - Processing file /home/ubuntu/.local/lib/python3.10/site-packages/airflow/example_dags/example_branch_datetime_operator.py for tasks to queue
[2022-05-21 17:51:57,920] {logging_mixin.py:115} INFO - [2022-05-21 17:51:57,920] {dagbag.py:507} INFO - Filling up the DagBag from /home/ubuntu/.local/lib/python3.10/site-packages/airflow/example_dags/example_branch_datetime_operator.py
[2022-05-21 17:51:57,928] {processor.py:651} INFO - DAG(s) dict_keys(['example_branch_datetime_operator_2']) retrieved from /home/ubuntu/.local/lib/python3.10/site-packages/airflow/example_dags/example_branch_datetime_operator.py
[2022-05-21 17:51:57,944] {logging_mixin.py:115} INFO - [2022-05-21 17:51:57,944] {dag.py:2371} INFO - Sync 1 DAGs
[2022-05-21 17:51:57,962] {logging_mixin.py:115} INFO - [2022-05-21 17:51:57,962] {dag.py:2915} INFO - Setting next_dagrun for example_branch_datetime_operator_2 to 2022-05-20T00:00:00+00:00, run_after=2022-05-21T00:00:00+00:00
[2022-05-21 17:51:57,975] {processor.py:161} INFO - Processing /home/ubuntu/.local/lib/python3.10/site-packages/airflow/example_dags/example_branch_datetime_operator.py took 0.060 seconds
[2022-05-21 17:52:31,885] {processor.py:153} INFO - Started process (PID=5463) to work on /home/ubuntu/.local/lib/python3.10/site-packages/airflow/example_dags/example_branch_datetime_operator.py
[2022-05-21 17:52:31,886] {processor.py:641} INFO - Processing file /home/ubuntu/.local/lib/python3.10/site-packages/airflow/example_dags/example_branch_datetime_operator.py for tasks to queue
[2022-05-21 17:52:31,886] {logging_mixin.py:115} INFO - [2022-05-21 17:52:31,886] {dagbag.py:507} INFO - Filling up the DagBag from /home/ubuntu/.local/lib/python3.10/site-packages/airflow/example_dags/example_branch_datetime_operator.py
[2022-05-21 17:52:31,894] {processor.py:651} INFO - DAG(s) dict_keys(['example_branch_datetime_operator_2']) retrieved from /home/ubuntu/.local/lib/python3.10/site-packages/airflow/example_dags/example_branch_datetime_operator.py
[2022-05-21 17:52:31,910] {logging_mixin.py:115} INFO - [2022-05-21 17:52:31,910] {dag.py:2371} INFO - Sync 1 DAGs
[2022-05-21 17:52:31,928] {logging_mixin.py:115} INFO - [2022-05-21 17:52:31,928] {dag.py:2915} INFO - Setting next_dagrun for example_branch_datetime_operator_2 to 2022-05-20T00:00:00+00:00, run_after=2022-05-21T00:00:00+00:00
[2022-05-21 17:52:31,941] {processor.py:161} INFO - Processing /home/ubuntu/.local/lib/python3.10/site-packages/airflow/example_dags/example_branch_datetime_operator.py took 0.059 seconds
[2022-05-21 17:53:04,583] {processor.py:153} INFO - Started process (PID=5498) to work on /home/ubuntu/.local/lib/python3.10/site-packages/airflow/example_dags/example_branch_datetime_operator.py
[2022-05-21 17:53:04,583] {processor.py:641} INFO - Processing file /home/ubuntu/.local/lib/python3.10/site-packages/airflow/example_dags/example_branch_datetime_operator.py for tasks to queue
[2022-05-21 17:53:04,584] {logging_mixin.py:115} INFO - [2022-05-21 17:53:04,584] {dagbag.py:507} INFO - Filling up the DagBag from /home/ubuntu/.local/lib/python3.10/site-packages/airflow/example_dags/example_branch_datetime_operator.py
[2022-05-21 17:53:04,591] {processor.py:651} INFO - DAG(s) dict_keys(['example_branch_datetime_operator_2']) retrieved from /home/ubuntu/.local/lib/python3.10/site-packages/airflow/example_dags/example_branch_datetime_operator.py
[2022-05-21 17:53:04,607] {logging_mixin.py:115} INFO - [2022-05-21 17:53:04,607] {dag.py:2371} INFO - Sync 1 DAGs
[2022-05-21 17:53:04,626] {logging_mixin.py:115} INFO - [2022-05-21 17:53:04,626] {dag.py:2915} INFO - Setting next_dagrun for example_branch_datetime_operator_2 to 2022-05-20T00:00:00+00:00, run_after=2022-05-21T00:00:00+00:00
[2022-05-21 17:53:04,640] {processor.py:161} INFO - Processing /home/ubuntu/.local/lib/python3.10/site-packages/airflow/example_dags/example_branch_datetime_operator.py took 0.060 seconds
[2022-05-21 17:53:37,696] {processor.py:153} INFO - Started process (PID=5545) to work on /home/ubuntu/.local/lib/python3.10/site-packages/airflow/example_dags/example_branch_datetime_operator.py
[2022-05-21 17:53:37,696] {processor.py:641} INFO - Processing file /home/ubuntu/.local/lib/python3.10/site-packages/airflow/example_dags/example_branch_datetime_operator.py for tasks to queue
[2022-05-21 17:53:37,697] {logging_mixin.py:115} INFO - [2022-05-21 17:53:37,697] {dagbag.py:507} INFO - Filling up the DagBag from /home/ubuntu/.local/lib/python3.10/site-packages/airflow/example_dags/example_branch_datetime_operator.py
[2022-05-21 17:53:37,704] {processor.py:651} INFO - DAG(s) dict_keys(['example_branch_datetime_operator_2']) retrieved from /home/ubuntu/.local/lib/python3.10/site-packages/airflow/example_dags/example_branch_datetime_operator.py
[2022-05-21 17:53:37,721] {logging_mixin.py:115} INFO - [2022-05-21 17:53:37,721] {dag.py:2371} INFO - Sync 1 DAGs
[2022-05-21 17:53:37,739] {logging_mixin.py:115} INFO - [2022-05-21 17:53:37,739] {dag.py:2915} INFO - Setting next_dagrun for example_branch_datetime_operator_2 to 2022-05-20T00:00:00+00:00, run_after=2022-05-21T00:00:00+00:00
[2022-05-21 17:53:37,753] {processor.py:161} INFO - Processing /home/ubuntu/.local/lib/python3.10/site-packages/airflow/example_dags/example_branch_datetime_operator.py took 0.061 seconds
[2022-05-21 17:54:11,536] {processor.py:153} INFO - Started process (PID=5582) to work on /home/ubuntu/.local/lib/python3.10/site-packages/airflow/example_dags/example_branch_datetime_operator.py
[2022-05-21 17:54:11,537] {processor.py:641} INFO - Processing file /home/ubuntu/.local/lib/python3.10/site-packages/airflow/example_dags/example_branch_datetime_operator.py for tasks to queue
[2022-05-21 17:54:11,538] {logging_mixin.py:115} INFO - [2022-05-21 17:54:11,538] {dagbag.py:507} INFO - Filling up the DagBag from /home/ubuntu/.local/lib/python3.10/site-packages/airflow/example_dags/example_branch_datetime_operator.py
[2022-05-21 17:54:11,545] {processor.py:651} INFO - DAG(s) dict_keys(['example_branch_datetime_operator_2']) retrieved from /home/ubuntu/.local/lib/python3.10/site-packages/airflow/example_dags/example_branch_datetime_operator.py
[2022-05-21 17:54:11,561] {logging_mixin.py:115} INFO - [2022-05-21 17:54:11,561] {dag.py:2371} INFO - Sync 1 DAGs
[2022-05-21 17:54:11,579] {logging_mixin.py:115} INFO - [2022-05-21 17:54:11,579] {dag.py:2915} INFO - Setting next_dagrun for example_branch_datetime_operator_2 to 2022-05-20T00:00:00+00:00, run_after=2022-05-21T00:00:00+00:00
[2022-05-21 17:54:11,592] {processor.py:161} INFO - Processing /home/ubuntu/.local/lib/python3.10/site-packages/airflow/example_dags/example_branch_datetime_operator.py took 0.059 seconds
[2022-05-21 17:54:45,482] {processor.py:153} INFO - Started process (PID=5617) to work on /home/ubuntu/.local/lib/python3.10/site-packages/airflow/example_dags/example_branch_datetime_operator.py
[2022-05-21 17:54:45,483] {processor.py:641} INFO - Processing file /home/ubuntu/.local/lib/python3.10/site-packages/airflow/example_dags/example_branch_datetime_operator.py for tasks to queue
[2022-05-21 17:54:45,483] {logging_mixin.py:115} INFO - [2022-05-21 17:54:45,483] {dagbag.py:507} INFO - Filling up the DagBag from /home/ubuntu/.local/lib/python3.10/site-packages/airflow/example_dags/example_branch_datetime_operator.py
[2022-05-21 17:54:45,490] {processor.py:651} INFO - DAG(s) dict_keys(['example_branch_datetime_operator_2']) retrieved from /home/ubuntu/.local/lib/python3.10/site-packages/airflow/example_dags/example_branch_datetime_operator.py
[2022-05-21 17:54:45,506] {logging_mixin.py:115} INFO - [2022-05-21 17:54:45,506] {dag.py:2371} INFO - Sync 1 DAGs
[2022-05-21 17:54:45,524] {logging_mixin.py:115} INFO - [2022-05-21 17:54:45,524] {dag.py:2915} INFO - Setting next_dagrun for example_branch_datetime_operator_2 to 2022-05-20T00:00:00+00:00, run_after=2022-05-21T00:00:00+00:00
[2022-05-21 17:54:45,537] {processor.py:161} INFO - Processing /home/ubuntu/.local/lib/python3.10/site-packages/airflow/example_dags/example_branch_datetime_operator.py took 0.058 seconds
[2022-05-21 17:55:18,304] {processor.py:153} INFO - Started process (PID=5652) to work on /home/ubuntu/.local/lib/python3.10/site-packages/airflow/example_dags/example_branch_datetime_operator.py
[2022-05-21 17:55:18,305] {processor.py:641} INFO - Processing file /home/ubuntu/.local/lib/python3.10/site-packages/airflow/example_dags/example_branch_datetime_operator.py for tasks to queue
[2022-05-21 17:55:18,305] {logging_mixin.py:115} INFO - [2022-05-21 17:55:18,305] {dagbag.py:507} INFO - Filling up the DagBag from /home/ubuntu/.local/lib/python3.10/site-packages/airflow/example_dags/example_branch_datetime_operator.py
[2022-05-21 17:55:18,313] {processor.py:651} INFO - DAG(s) dict_keys(['example_branch_datetime_operator_2']) retrieved from /home/ubuntu/.local/lib/python3.10/site-packages/airflow/example_dags/example_branch_datetime_operator.py
[2022-05-21 17:55:18,329] {logging_mixin.py:115} INFO - [2022-05-21 17:55:18,329] {dag.py:2371} INFO - Sync 1 DAGs
[2022-05-21 17:55:18,347] {logging_mixin.py:115} INFO - [2022-05-21 17:55:18,347] {dag.py:2915} INFO - Setting next_dagrun for example_branch_datetime_operator_2 to 2022-05-20T00:00:00+00:00, run_after=2022-05-21T00:00:00+00:00
[2022-05-21 17:55:18,360] {processor.py:161} INFO - Processing /home/ubuntu/.local/lib/python3.10/site-packages/airflow/example_dags/example_branch_datetime_operator.py took 0.059 seconds
