[2022-05-21 17:47:48,790] {processor.py:153} INFO - Started process (PID=5163) to work on /home/ubuntu/.local/lib/python3.10/site-packages/airflow/example_dags/example_trigger_controller_dag.py
[2022-05-21 17:47:48,790] {processor.py:641} INFO - Processing file /home/ubuntu/.local/lib/python3.10/site-packages/airflow/example_dags/example_trigger_controller_dag.py for tasks to queue
[2022-05-21 17:47:48,791] {logging_mixin.py:115} INFO - [2022-05-21 17:47:48,791] {dagbag.py:507} INFO - Filling up the DagBag from /home/ubuntu/.local/lib/python3.10/site-packages/airflow/example_dags/example_trigger_controller_dag.py
[2022-05-21 17:47:48,794] {processor.py:651} INFO - DAG(s) dict_keys(['example_trigger_controller_dag']) retrieved from /home/ubuntu/.local/lib/python3.10/site-packages/airflow/example_dags/example_trigger_controller_dag.py
[2022-05-21 17:47:48,858] {logging_mixin.py:115} INFO - [2022-05-21 17:47:48,858] {manager.py:508} INFO - Created Permission View: can read on DAG:example_trigger_controller_dag
[2022-05-21 17:47:48,869] {logging_mixin.py:115} INFO - [2022-05-21 17:47:48,868] {manager.py:508} INFO - Created Permission View: can delete on DAG:example_trigger_controller_dag
[2022-05-21 17:47:48,878] {logging_mixin.py:115} INFO - [2022-05-21 17:47:48,877] {manager.py:508} INFO - Created Permission View: can edit on DAG:example_trigger_controller_dag
[2022-05-21 17:47:48,878] {logging_mixin.py:115} INFO - [2022-05-21 17:47:48,878] {dag.py:2371} INFO - Sync 1 DAGs
[2022-05-21 17:47:48,885] {logging_mixin.py:115} INFO - [2022-05-21 17:47:48,885] {dag.py:2390} INFO - Creating ORM DAG for example_trigger_controller_dag
[2022-05-21 17:47:48,896] {logging_mixin.py:115} INFO - [2022-05-21 17:47:48,896] {dag.py:2915} INFO - Setting next_dagrun for example_trigger_controller_dag to 2021-01-01T00:00:00+00:00, run_after=2021-01-01T00:00:00+00:00
[2022-05-21 17:47:48,937] {processor.py:161} INFO - Processing /home/ubuntu/.local/lib/python3.10/site-packages/airflow/example_dags/example_trigger_controller_dag.py took 0.150 seconds
[2022-05-21 17:48:22,900] {processor.py:153} INFO - Started process (PID=5198) to work on /home/ubuntu/.local/lib/python3.10/site-packages/airflow/example_dags/example_trigger_controller_dag.py
[2022-05-21 17:48:22,901] {processor.py:641} INFO - Processing file /home/ubuntu/.local/lib/python3.10/site-packages/airflow/example_dags/example_trigger_controller_dag.py for tasks to queue
[2022-05-21 17:48:22,902] {logging_mixin.py:115} INFO - [2022-05-21 17:48:22,902] {dagbag.py:507} INFO - Filling up the DagBag from /home/ubuntu/.local/lib/python3.10/site-packages/airflow/example_dags/example_trigger_controller_dag.py
[2022-05-21 17:48:22,905] {processor.py:651} INFO - DAG(s) dict_keys(['example_trigger_controller_dag']) retrieved from /home/ubuntu/.local/lib/python3.10/site-packages/airflow/example_dags/example_trigger_controller_dag.py
[2022-05-21 17:48:22,921] {logging_mixin.py:115} INFO - [2022-05-21 17:48:22,921] {dag.py:2371} INFO - Sync 1 DAGs
[2022-05-21 17:48:22,938] {logging_mixin.py:115} INFO - [2022-05-21 17:48:22,938] {dag.py:2915} INFO - Setting next_dagrun for example_trigger_controller_dag to 2021-01-01T00:00:00+00:00, run_after=2021-01-01T00:00:00+00:00
[2022-05-21 17:48:22,952] {processor.py:161} INFO - Processing /home/ubuntu/.local/lib/python3.10/site-packages/airflow/example_dags/example_trigger_controller_dag.py took 0.054 seconds
[2022-05-21 17:48:54,305] {processor.py:153} INFO - Started process (PID=5232) to work on /home/ubuntu/.local/lib/python3.10/site-packages/airflow/example_dags/example_trigger_controller_dag.py
[2022-05-21 17:48:54,305] {processor.py:641} INFO - Processing file /home/ubuntu/.local/lib/python3.10/site-packages/airflow/example_dags/example_trigger_controller_dag.py for tasks to queue
[2022-05-21 17:48:54,306] {logging_mixin.py:115} INFO - [2022-05-21 17:48:54,306] {dagbag.py:507} INFO - Filling up the DagBag from /home/ubuntu/.local/lib/python3.10/site-packages/airflow/example_dags/example_trigger_controller_dag.py
[2022-05-21 17:48:54,309] {processor.py:651} INFO - DAG(s) dict_keys(['example_trigger_controller_dag']) retrieved from /home/ubuntu/.local/lib/python3.10/site-packages/airflow/example_dags/example_trigger_controller_dag.py
[2022-05-21 17:48:54,325] {logging_mixin.py:115} INFO - [2022-05-21 17:48:54,325] {dag.py:2371} INFO - Sync 1 DAGs
[2022-05-21 17:48:54,342] {logging_mixin.py:115} INFO - [2022-05-21 17:48:54,342] {dag.py:2915} INFO - Setting next_dagrun for example_trigger_controller_dag to 2021-01-01T00:00:00+00:00, run_after=2021-01-01T00:00:00+00:00
[2022-05-21 17:48:54,355] {processor.py:161} INFO - Processing /home/ubuntu/.local/lib/python3.10/site-packages/airflow/example_dags/example_trigger_controller_dag.py took 0.053 seconds
[2022-05-21 17:49:28,666] {processor.py:153} INFO - Started process (PID=5271) to work on /home/ubuntu/.local/lib/python3.10/site-packages/airflow/example_dags/example_trigger_controller_dag.py
[2022-05-21 17:49:28,666] {processor.py:641} INFO - Processing file /home/ubuntu/.local/lib/python3.10/site-packages/airflow/example_dags/example_trigger_controller_dag.py for tasks to queue
[2022-05-21 17:49:28,667] {logging_mixin.py:115} INFO - [2022-05-21 17:49:28,667] {dagbag.py:507} INFO - Filling up the DagBag from /home/ubuntu/.local/lib/python3.10/site-packages/airflow/example_dags/example_trigger_controller_dag.py
[2022-05-21 17:49:28,670] {processor.py:651} INFO - DAG(s) dict_keys(['example_trigger_controller_dag']) retrieved from /home/ubuntu/.local/lib/python3.10/site-packages/airflow/example_dags/example_trigger_controller_dag.py
[2022-05-21 17:49:28,687] {logging_mixin.py:115} INFO - [2022-05-21 17:49:28,686] {dag.py:2371} INFO - Sync 1 DAGs
[2022-05-21 17:49:28,703] {logging_mixin.py:115} INFO - [2022-05-21 17:49:28,703] {dag.py:2915} INFO - Setting next_dagrun for example_trigger_controller_dag to 2021-01-01T00:00:00+00:00, run_after=2021-01-01T00:00:00+00:00
[2022-05-21 17:49:28,716] {processor.py:161} INFO - Processing /home/ubuntu/.local/lib/python3.10/site-packages/airflow/example_dags/example_trigger_controller_dag.py took 0.054 seconds
[2022-05-21 17:50:01,959] {processor.py:153} INFO - Started process (PID=5309) to work on /home/ubuntu/.local/lib/python3.10/site-packages/airflow/example_dags/example_trigger_controller_dag.py
[2022-05-21 17:50:01,960] {processor.py:641} INFO - Processing file /home/ubuntu/.local/lib/python3.10/site-packages/airflow/example_dags/example_trigger_controller_dag.py for tasks to queue
[2022-05-21 17:50:01,960] {logging_mixin.py:115} INFO - [2022-05-21 17:50:01,960] {dagbag.py:507} INFO - Filling up the DagBag from /home/ubuntu/.local/lib/python3.10/site-packages/airflow/example_dags/example_trigger_controller_dag.py
[2022-05-21 17:50:01,964] {processor.py:651} INFO - DAG(s) dict_keys(['example_trigger_controller_dag']) retrieved from /home/ubuntu/.local/lib/python3.10/site-packages/airflow/example_dags/example_trigger_controller_dag.py
[2022-05-21 17:50:01,980] {logging_mixin.py:115} INFO - [2022-05-21 17:50:01,980] {dag.py:2371} INFO - Sync 1 DAGs
[2022-05-21 17:50:01,998] {logging_mixin.py:115} INFO - [2022-05-21 17:50:01,998] {dag.py:2915} INFO - Setting next_dagrun for example_trigger_controller_dag to 2021-01-01T00:00:00+00:00, run_after=2021-01-01T00:00:00+00:00
[2022-05-21 17:50:02,012] {processor.py:161} INFO - Processing /home/ubuntu/.local/lib/python3.10/site-packages/airflow/example_dags/example_trigger_controller_dag.py took 0.056 seconds
[2022-05-21 17:50:35,570] {processor.py:153} INFO - Started process (PID=5344) to work on /home/ubuntu/.local/lib/python3.10/site-packages/airflow/example_dags/example_trigger_controller_dag.py
[2022-05-21 17:50:35,571] {processor.py:641} INFO - Processing file /home/ubuntu/.local/lib/python3.10/site-packages/airflow/example_dags/example_trigger_controller_dag.py for tasks to queue
[2022-05-21 17:50:35,571] {logging_mixin.py:115} INFO - [2022-05-21 17:50:35,571] {dagbag.py:507} INFO - Filling up the DagBag from /home/ubuntu/.local/lib/python3.10/site-packages/airflow/example_dags/example_trigger_controller_dag.py
[2022-05-21 17:50:35,575] {processor.py:651} INFO - DAG(s) dict_keys(['example_trigger_controller_dag']) retrieved from /home/ubuntu/.local/lib/python3.10/site-packages/airflow/example_dags/example_trigger_controller_dag.py
[2022-05-21 17:50:35,591] {logging_mixin.py:115} INFO - [2022-05-21 17:50:35,591] {dag.py:2371} INFO - Sync 1 DAGs
[2022-05-21 17:50:35,607] {logging_mixin.py:115} INFO - [2022-05-21 17:50:35,607] {dag.py:2915} INFO - Setting next_dagrun for example_trigger_controller_dag to 2021-01-01T00:00:00+00:00, run_after=2021-01-01T00:00:00+00:00
[2022-05-21 17:50:35,621] {processor.py:161} INFO - Processing /home/ubuntu/.local/lib/python3.10/site-packages/airflow/example_dags/example_trigger_controller_dag.py took 0.054 seconds
[2022-05-21 17:51:07,532] {processor.py:153} INFO - Started process (PID=5377) to work on /home/ubuntu/.local/lib/python3.10/site-packages/airflow/example_dags/example_trigger_controller_dag.py
[2022-05-21 17:51:07,533] {processor.py:641} INFO - Processing file /home/ubuntu/.local/lib/python3.10/site-packages/airflow/example_dags/example_trigger_controller_dag.py for tasks to queue
[2022-05-21 17:51:07,533] {logging_mixin.py:115} INFO - [2022-05-21 17:51:07,533] {dagbag.py:507} INFO - Filling up the DagBag from /home/ubuntu/.local/lib/python3.10/site-packages/airflow/example_dags/example_trigger_controller_dag.py
[2022-05-21 17:51:07,537] {processor.py:651} INFO - DAG(s) dict_keys(['example_trigger_controller_dag']) retrieved from /home/ubuntu/.local/lib/python3.10/site-packages/airflow/example_dags/example_trigger_controller_dag.py
[2022-05-21 17:51:07,553] {logging_mixin.py:115} INFO - [2022-05-21 17:51:07,553] {dag.py:2371} INFO - Sync 1 DAGs
[2022-05-21 17:51:07,569] {logging_mixin.py:115} INFO - [2022-05-21 17:51:07,569] {dag.py:2915} INFO - Setting next_dagrun for example_trigger_controller_dag to 2021-01-01T00:00:00+00:00, run_after=2021-01-01T00:00:00+00:00
[2022-05-21 17:51:07,582] {processor.py:161} INFO - Processing /home/ubuntu/.local/lib/python3.10/site-packages/airflow/example_dags/example_trigger_controller_dag.py took 0.053 seconds
[2022-05-21 17:51:39,618] {processor.py:153} INFO - Started process (PID=5410) to work on /home/ubuntu/.local/lib/python3.10/site-packages/airflow/example_dags/example_trigger_controller_dag.py
[2022-05-21 17:51:39,619] {processor.py:641} INFO - Processing file /home/ubuntu/.local/lib/python3.10/site-packages/airflow/example_dags/example_trigger_controller_dag.py for tasks to queue
[2022-05-21 17:51:39,619] {logging_mixin.py:115} INFO - [2022-05-21 17:51:39,619] {dagbag.py:507} INFO - Filling up the DagBag from /home/ubuntu/.local/lib/python3.10/site-packages/airflow/example_dags/example_trigger_controller_dag.py
[2022-05-21 17:51:39,622] {processor.py:651} INFO - DAG(s) dict_keys(['example_trigger_controller_dag']) retrieved from /home/ubuntu/.local/lib/python3.10/site-packages/airflow/example_dags/example_trigger_controller_dag.py
[2022-05-21 17:51:39,638] {logging_mixin.py:115} INFO - [2022-05-21 17:51:39,638] {dag.py:2371} INFO - Sync 1 DAGs
[2022-05-21 17:51:39,654] {logging_mixin.py:115} INFO - [2022-05-21 17:51:39,654] {dag.py:2915} INFO - Setting next_dagrun for example_trigger_controller_dag to 2021-01-01T00:00:00+00:00, run_after=2021-01-01T00:00:00+00:00
[2022-05-21 17:51:39,668] {processor.py:161} INFO - Processing /home/ubuntu/.local/lib/python3.10/site-packages/airflow/example_dags/example_trigger_controller_dag.py took 0.053 seconds
[2022-05-21 17:52:12,045] {processor.py:153} INFO - Started process (PID=5442) to work on /home/ubuntu/.local/lib/python3.10/site-packages/airflow/example_dags/example_trigger_controller_dag.py
[2022-05-21 17:52:12,046] {processor.py:641} INFO - Processing file /home/ubuntu/.local/lib/python3.10/site-packages/airflow/example_dags/example_trigger_controller_dag.py for tasks to queue
[2022-05-21 17:52:12,047] {logging_mixin.py:115} INFO - [2022-05-21 17:52:12,047] {dagbag.py:507} INFO - Filling up the DagBag from /home/ubuntu/.local/lib/python3.10/site-packages/airflow/example_dags/example_trigger_controller_dag.py
[2022-05-21 17:52:12,050] {processor.py:651} INFO - DAG(s) dict_keys(['example_trigger_controller_dag']) retrieved from /home/ubuntu/.local/lib/python3.10/site-packages/airflow/example_dags/example_trigger_controller_dag.py
[2022-05-21 17:52:12,067] {logging_mixin.py:115} INFO - [2022-05-21 17:52:12,067] {dag.py:2371} INFO - Sync 1 DAGs
[2022-05-21 17:52:12,084] {logging_mixin.py:115} INFO - [2022-05-21 17:52:12,084] {dag.py:2915} INFO - Setting next_dagrun for example_trigger_controller_dag to 2021-01-01T00:00:00+00:00, run_after=2021-01-01T00:00:00+00:00
[2022-05-21 17:52:12,098] {processor.py:161} INFO - Processing /home/ubuntu/.local/lib/python3.10/site-packages/airflow/example_dags/example_trigger_controller_dag.py took 0.056 seconds
[2022-05-21 17:52:45,153] {processor.py:153} INFO - Started process (PID=5477) to work on /home/ubuntu/.local/lib/python3.10/site-packages/airflow/example_dags/example_trigger_controller_dag.py
[2022-05-21 17:52:45,154] {processor.py:641} INFO - Processing file /home/ubuntu/.local/lib/python3.10/site-packages/airflow/example_dags/example_trigger_controller_dag.py for tasks to queue
[2022-05-21 17:52:45,154] {logging_mixin.py:115} INFO - [2022-05-21 17:52:45,154] {dagbag.py:507} INFO - Filling up the DagBag from /home/ubuntu/.local/lib/python3.10/site-packages/airflow/example_dags/example_trigger_controller_dag.py
[2022-05-21 17:52:45,157] {processor.py:651} INFO - DAG(s) dict_keys(['example_trigger_controller_dag']) retrieved from /home/ubuntu/.local/lib/python3.10/site-packages/airflow/example_dags/example_trigger_controller_dag.py
[2022-05-21 17:52:45,175] {logging_mixin.py:115} INFO - [2022-05-21 17:52:45,175] {dag.py:2371} INFO - Sync 1 DAGs
[2022-05-21 17:52:45,193] {logging_mixin.py:115} INFO - [2022-05-21 17:52:45,193] {dag.py:2915} INFO - Setting next_dagrun for example_trigger_controller_dag to 2021-01-01T00:00:00+00:00, run_after=2021-01-01T00:00:00+00:00
[2022-05-21 17:52:45,209] {processor.py:161} INFO - Processing /home/ubuntu/.local/lib/python3.10/site-packages/airflow/example_dags/example_trigger_controller_dag.py took 0.059 seconds
[2022-05-21 17:53:17,129] {processor.py:153} INFO - Started process (PID=5511) to work on /home/ubuntu/.local/lib/python3.10/site-packages/airflow/example_dags/example_trigger_controller_dag.py
[2022-05-21 17:53:17,130] {processor.py:641} INFO - Processing file /home/ubuntu/.local/lib/python3.10/site-packages/airflow/example_dags/example_trigger_controller_dag.py for tasks to queue
[2022-05-21 17:53:17,130] {logging_mixin.py:115} INFO - [2022-05-21 17:53:17,130] {dagbag.py:507} INFO - Filling up the DagBag from /home/ubuntu/.local/lib/python3.10/site-packages/airflow/example_dags/example_trigger_controller_dag.py
[2022-05-21 17:53:17,133] {processor.py:651} INFO - DAG(s) dict_keys(['example_trigger_controller_dag']) retrieved from /home/ubuntu/.local/lib/python3.10/site-packages/airflow/example_dags/example_trigger_controller_dag.py
[2022-05-21 17:53:17,150] {logging_mixin.py:115} INFO - [2022-05-21 17:53:17,150] {dag.py:2371} INFO - Sync 1 DAGs
[2022-05-21 17:53:17,167] {logging_mixin.py:115} INFO - [2022-05-21 17:53:17,167] {dag.py:2915} INFO - Setting next_dagrun for example_trigger_controller_dag to 2021-01-01T00:00:00+00:00, run_after=2021-01-01T00:00:00+00:00
[2022-05-21 17:53:17,180] {processor.py:161} INFO - Processing /home/ubuntu/.local/lib/python3.10/site-packages/airflow/example_dags/example_trigger_controller_dag.py took 0.054 seconds
[2022-05-21 17:53:50,860] {processor.py:153} INFO - Started process (PID=5559) to work on /home/ubuntu/.local/lib/python3.10/site-packages/airflow/example_dags/example_trigger_controller_dag.py
[2022-05-21 17:53:50,861] {processor.py:641} INFO - Processing file /home/ubuntu/.local/lib/python3.10/site-packages/airflow/example_dags/example_trigger_controller_dag.py for tasks to queue
[2022-05-21 17:53:50,862] {logging_mixin.py:115} INFO - [2022-05-21 17:53:50,861] {dagbag.py:507} INFO - Filling up the DagBag from /home/ubuntu/.local/lib/python3.10/site-packages/airflow/example_dags/example_trigger_controller_dag.py
[2022-05-21 17:53:50,864] {processor.py:651} INFO - DAG(s) dict_keys(['example_trigger_controller_dag']) retrieved from /home/ubuntu/.local/lib/python3.10/site-packages/airflow/example_dags/example_trigger_controller_dag.py
[2022-05-21 17:53:50,880] {logging_mixin.py:115} INFO - [2022-05-21 17:53:50,880] {dag.py:2371} INFO - Sync 1 DAGs
[2022-05-21 17:53:50,897] {logging_mixin.py:115} INFO - [2022-05-21 17:53:50,896] {dag.py:2915} INFO - Setting next_dagrun for example_trigger_controller_dag to 2021-01-01T00:00:00+00:00, run_after=2021-01-01T00:00:00+00:00
[2022-05-21 17:53:50,909] {processor.py:161} INFO - Processing /home/ubuntu/.local/lib/python3.10/site-packages/airflow/example_dags/example_trigger_controller_dag.py took 0.052 seconds
[2022-05-21 17:54:21,820] {processor.py:153} INFO - Started process (PID=5594) to work on /home/ubuntu/.local/lib/python3.10/site-packages/airflow/example_dags/example_trigger_controller_dag.py
[2022-05-21 17:54:21,821] {processor.py:641} INFO - Processing file /home/ubuntu/.local/lib/python3.10/site-packages/airflow/example_dags/example_trigger_controller_dag.py for tasks to queue
[2022-05-21 17:54:21,821] {logging_mixin.py:115} INFO - [2022-05-21 17:54:21,821] {dagbag.py:507} INFO - Filling up the DagBag from /home/ubuntu/.local/lib/python3.10/site-packages/airflow/example_dags/example_trigger_controller_dag.py
[2022-05-21 17:54:21,824] {processor.py:651} INFO - DAG(s) dict_keys(['example_trigger_controller_dag']) retrieved from /home/ubuntu/.local/lib/python3.10/site-packages/airflow/example_dags/example_trigger_controller_dag.py
[2022-05-21 17:54:21,841] {logging_mixin.py:115} INFO - [2022-05-21 17:54:21,841] {dag.py:2371} INFO - Sync 1 DAGs
[2022-05-21 17:54:21,858] {logging_mixin.py:115} INFO - [2022-05-21 17:54:21,858] {dag.py:2915} INFO - Setting next_dagrun for example_trigger_controller_dag to 2021-01-01T00:00:00+00:00, run_after=2021-01-01T00:00:00+00:00
[2022-05-21 17:54:21,871] {processor.py:161} INFO - Processing /home/ubuntu/.local/lib/python3.10/site-packages/airflow/example_dags/example_trigger_controller_dag.py took 0.054 seconds
[2022-05-21 17:54:56,668] {processor.py:153} INFO - Started process (PID=5628) to work on /home/ubuntu/.local/lib/python3.10/site-packages/airflow/example_dags/example_trigger_controller_dag.py
[2022-05-21 17:54:56,668] {processor.py:641} INFO - Processing file /home/ubuntu/.local/lib/python3.10/site-packages/airflow/example_dags/example_trigger_controller_dag.py for tasks to queue
[2022-05-21 17:54:56,669] {logging_mixin.py:115} INFO - [2022-05-21 17:54:56,669] {dagbag.py:507} INFO - Filling up the DagBag from /home/ubuntu/.local/lib/python3.10/site-packages/airflow/example_dags/example_trigger_controller_dag.py
[2022-05-21 17:54:56,672] {processor.py:651} INFO - DAG(s) dict_keys(['example_trigger_controller_dag']) retrieved from /home/ubuntu/.local/lib/python3.10/site-packages/airflow/example_dags/example_trigger_controller_dag.py
[2022-05-21 17:54:56,689] {logging_mixin.py:115} INFO - [2022-05-21 17:54:56,689] {dag.py:2371} INFO - Sync 1 DAGs
[2022-05-21 17:54:56,706] {logging_mixin.py:115} INFO - [2022-05-21 17:54:56,706] {dag.py:2915} INFO - Setting next_dagrun for example_trigger_controller_dag to 2021-01-01T00:00:00+00:00, run_after=2021-01-01T00:00:00+00:00
[2022-05-21 17:54:56,720] {processor.py:161} INFO - Processing /home/ubuntu/.local/lib/python3.10/site-packages/airflow/example_dags/example_trigger_controller_dag.py took 0.055 seconds
[2022-05-21 17:55:29,719] {processor.py:153} INFO - Started process (PID=5665) to work on /home/ubuntu/.local/lib/python3.10/site-packages/airflow/example_dags/example_trigger_controller_dag.py
[2022-05-21 17:55:29,720] {processor.py:641} INFO - Processing file /home/ubuntu/.local/lib/python3.10/site-packages/airflow/example_dags/example_trigger_controller_dag.py for tasks to queue
[2022-05-21 17:55:29,720] {logging_mixin.py:115} INFO - [2022-05-21 17:55:29,720] {dagbag.py:507} INFO - Filling up the DagBag from /home/ubuntu/.local/lib/python3.10/site-packages/airflow/example_dags/example_trigger_controller_dag.py
[2022-05-21 17:55:29,723] {processor.py:651} INFO - DAG(s) dict_keys(['example_trigger_controller_dag']) retrieved from /home/ubuntu/.local/lib/python3.10/site-packages/airflow/example_dags/example_trigger_controller_dag.py
[2022-05-21 17:55:29,739] {logging_mixin.py:115} INFO - [2022-05-21 17:55:29,739] {dag.py:2371} INFO - Sync 1 DAGs
[2022-05-21 17:55:29,756] {logging_mixin.py:115} INFO - [2022-05-21 17:55:29,755] {dag.py:2915} INFO - Setting next_dagrun for example_trigger_controller_dag to 2021-01-01T00:00:00+00:00, run_after=2021-01-01T00:00:00+00:00
[2022-05-21 17:55:29,769] {processor.py:161} INFO - Processing /home/ubuntu/.local/lib/python3.10/site-packages/airflow/example_dags/example_trigger_controller_dag.py took 0.053 seconds
[2022-05-21 17:56:02,932] {processor.py:153} INFO - Started process (PID=5702) to work on /home/ubuntu/.local/lib/python3.10/site-packages/airflow/example_dags/example_trigger_controller_dag.py
[2022-05-21 17:56:02,933] {processor.py:641} INFO - Processing file /home/ubuntu/.local/lib/python3.10/site-packages/airflow/example_dags/example_trigger_controller_dag.py for tasks to queue
[2022-05-21 17:56:02,933] {logging_mixin.py:115} INFO - [2022-05-21 17:56:02,933] {dagbag.py:507} INFO - Filling up the DagBag from /home/ubuntu/.local/lib/python3.10/site-packages/airflow/example_dags/example_trigger_controller_dag.py
[2022-05-21 17:56:02,936] {processor.py:651} INFO - DAG(s) dict_keys(['example_trigger_controller_dag']) retrieved from /home/ubuntu/.local/lib/python3.10/site-packages/airflow/example_dags/example_trigger_controller_dag.py
[2022-05-21 17:56:02,953] {logging_mixin.py:115} INFO - [2022-05-21 17:56:02,952] {dag.py:2371} INFO - Sync 1 DAGs
[2022-05-21 17:56:02,969] {logging_mixin.py:115} INFO - [2022-05-21 17:56:02,969] {dag.py:2915} INFO - Setting next_dagrun for example_trigger_controller_dag to 2021-01-01T00:00:00+00:00, run_after=2021-01-01T00:00:00+00:00
[2022-05-21 17:56:02,983] {processor.py:161} INFO - Processing /home/ubuntu/.local/lib/python3.10/site-packages/airflow/example_dags/example_trigger_controller_dag.py took 0.054 seconds
[2022-05-21 17:56:35,862] {processor.py:153} INFO - Started process (PID=5737) to work on /home/ubuntu/.local/lib/python3.10/site-packages/airflow/example_dags/example_trigger_controller_dag.py
[2022-05-21 17:56:35,863] {processor.py:641} INFO - Processing file /home/ubuntu/.local/lib/python3.10/site-packages/airflow/example_dags/example_trigger_controller_dag.py for tasks to queue
[2022-05-21 17:56:35,863] {logging_mixin.py:115} INFO - [2022-05-21 17:56:35,863] {dagbag.py:507} INFO - Filling up the DagBag from /home/ubuntu/.local/lib/python3.10/site-packages/airflow/example_dags/example_trigger_controller_dag.py
[2022-05-21 17:56:35,866] {processor.py:651} INFO - DAG(s) dict_keys(['example_trigger_controller_dag']) retrieved from /home/ubuntu/.local/lib/python3.10/site-packages/airflow/example_dags/example_trigger_controller_dag.py
[2022-05-21 17:56:35,882] {logging_mixin.py:115} INFO - [2022-05-21 17:56:35,882] {dag.py:2371} INFO - Sync 1 DAGs
[2022-05-21 17:56:35,898] {logging_mixin.py:115} INFO - [2022-05-21 17:56:35,898] {dag.py:2915} INFO - Setting next_dagrun for example_trigger_controller_dag to 2021-01-01T00:00:00+00:00, run_after=2021-01-01T00:00:00+00:00
[2022-05-21 17:56:35,911] {processor.py:161} INFO - Processing /home/ubuntu/.local/lib/python3.10/site-packages/airflow/example_dags/example_trigger_controller_dag.py took 0.052 seconds
[2022-05-21 17:57:07,393] {processor.py:153} INFO - Started process (PID=5772) to work on /home/ubuntu/.local/lib/python3.10/site-packages/airflow/example_dags/example_trigger_controller_dag.py
[2022-05-21 17:57:07,394] {processor.py:641} INFO - Processing file /home/ubuntu/.local/lib/python3.10/site-packages/airflow/example_dags/example_trigger_controller_dag.py for tasks to queue
[2022-05-21 17:57:07,395] {logging_mixin.py:115} INFO - [2022-05-21 17:57:07,395] {dagbag.py:507} INFO - Filling up the DagBag from /home/ubuntu/.local/lib/python3.10/site-packages/airflow/example_dags/example_trigger_controller_dag.py
[2022-05-21 17:57:07,398] {processor.py:651} INFO - DAG(s) dict_keys(['example_trigger_controller_dag']) retrieved from /home/ubuntu/.local/lib/python3.10/site-packages/airflow/example_dags/example_trigger_controller_dag.py
[2022-05-21 17:57:07,414] {logging_mixin.py:115} INFO - [2022-05-21 17:57:07,414] {dag.py:2371} INFO - Sync 1 DAGs
[2022-05-21 17:57:07,430] {logging_mixin.py:115} INFO - [2022-05-21 17:57:07,430] {dag.py:2915} INFO - Setting next_dagrun for example_trigger_controller_dag to 2021-01-01T00:00:00+00:00, run_after=2021-01-01T00:00:00+00:00
[2022-05-21 17:57:07,444] {processor.py:161} INFO - Processing /home/ubuntu/.local/lib/python3.10/site-packages/airflow/example_dags/example_trigger_controller_dag.py took 0.053 seconds
[2022-05-21 17:57:43,359] {processor.py:153} INFO - Started process (PID=5815) to work on /home/ubuntu/.local/lib/python3.10/site-packages/airflow/example_dags/example_trigger_controller_dag.py
[2022-05-21 17:57:43,360] {processor.py:641} INFO - Processing file /home/ubuntu/.local/lib/python3.10/site-packages/airflow/example_dags/example_trigger_controller_dag.py for tasks to queue
[2022-05-21 17:57:43,361] {logging_mixin.py:115} INFO - [2022-05-21 17:57:43,360] {dagbag.py:507} INFO - Filling up the DagBag from /home/ubuntu/.local/lib/python3.10/site-packages/airflow/example_dags/example_trigger_controller_dag.py
[2022-05-21 17:57:43,364] {processor.py:651} INFO - DAG(s) dict_keys(['example_trigger_controller_dag']) retrieved from /home/ubuntu/.local/lib/python3.10/site-packages/airflow/example_dags/example_trigger_controller_dag.py
[2022-05-21 17:57:43,378] {logging_mixin.py:115} INFO - [2022-05-21 17:57:43,378] {dag.py:2371} INFO - Sync 1 DAGs
[2022-05-21 17:57:43,394] {logging_mixin.py:115} INFO - [2022-05-21 17:57:43,394] {dag.py:2915} INFO - Setting next_dagrun for example_trigger_controller_dag to 2021-01-01T00:00:00+00:00, run_after=2021-01-01T00:00:00+00:00
[2022-05-21 17:57:43,407] {processor.py:161} INFO - Processing /home/ubuntu/.local/lib/python3.10/site-packages/airflow/example_dags/example_trigger_controller_dag.py took 0.051 seconds
[2022-05-21 17:58:15,076] {processor.py:153} INFO - Started process (PID=5849) to work on /home/ubuntu/.local/lib/python3.10/site-packages/airflow/example_dags/example_trigger_controller_dag.py
[2022-05-21 17:58:15,077] {processor.py:641} INFO - Processing file /home/ubuntu/.local/lib/python3.10/site-packages/airflow/example_dags/example_trigger_controller_dag.py for tasks to queue
[2022-05-21 17:58:15,078] {logging_mixin.py:115} INFO - [2022-05-21 17:58:15,077] {dagbag.py:507} INFO - Filling up the DagBag from /home/ubuntu/.local/lib/python3.10/site-packages/airflow/example_dags/example_trigger_controller_dag.py
[2022-05-21 17:58:15,081] {processor.py:651} INFO - DAG(s) dict_keys(['example_trigger_controller_dag']) retrieved from /home/ubuntu/.local/lib/python3.10/site-packages/airflow/example_dags/example_trigger_controller_dag.py
[2022-05-21 17:58:15,098] {logging_mixin.py:115} INFO - [2022-05-21 17:58:15,098] {dag.py:2371} INFO - Sync 1 DAGs
[2022-05-21 17:58:15,114] {logging_mixin.py:115} INFO - [2022-05-21 17:58:15,114] {dag.py:2915} INFO - Setting next_dagrun for example_trigger_controller_dag to 2021-01-01T00:00:00+00:00, run_after=2021-01-01T00:00:00+00:00
[2022-05-21 17:58:15,127] {processor.py:161} INFO - Processing /home/ubuntu/.local/lib/python3.10/site-packages/airflow/example_dags/example_trigger_controller_dag.py took 0.054 seconds
[2022-05-21 17:58:47,533] {processor.py:153} INFO - Started process (PID=5889) to work on /home/ubuntu/.local/lib/python3.10/site-packages/airflow/example_dags/example_trigger_controller_dag.py
[2022-05-21 17:58:47,533] {processor.py:641} INFO - Processing file /home/ubuntu/.local/lib/python3.10/site-packages/airflow/example_dags/example_trigger_controller_dag.py for tasks to queue
[2022-05-21 17:58:47,533] {logging_mixin.py:115} INFO - [2022-05-21 17:58:47,533] {dagbag.py:507} INFO - Filling up the DagBag from /home/ubuntu/.local/lib/python3.10/site-packages/airflow/example_dags/example_trigger_controller_dag.py
[2022-05-21 17:58:47,536] {processor.py:651} INFO - DAG(s) dict_keys(['example_trigger_controller_dag']) retrieved from /home/ubuntu/.local/lib/python3.10/site-packages/airflow/example_dags/example_trigger_controller_dag.py
[2022-05-21 17:58:47,553] {logging_mixin.py:115} INFO - [2022-05-21 17:58:47,553] {dag.py:2371} INFO - Sync 1 DAGs
[2022-05-21 17:58:47,570] {logging_mixin.py:115} INFO - [2022-05-21 17:58:47,570] {dag.py:2915} INFO - Setting next_dagrun for example_trigger_controller_dag to 2021-01-01T00:00:00+00:00, run_after=2021-01-01T00:00:00+00:00
[2022-05-21 17:58:47,584] {processor.py:161} INFO - Processing /home/ubuntu/.local/lib/python3.10/site-packages/airflow/example_dags/example_trigger_controller_dag.py took 0.055 seconds
[2022-05-21 17:59:19,881] {processor.py:153} INFO - Started process (PID=5923) to work on /home/ubuntu/.local/lib/python3.10/site-packages/airflow/example_dags/example_trigger_controller_dag.py
[2022-05-21 17:59:19,881] {processor.py:641} INFO - Processing file /home/ubuntu/.local/lib/python3.10/site-packages/airflow/example_dags/example_trigger_controller_dag.py for tasks to queue
[2022-05-21 17:59:19,882] {logging_mixin.py:115} INFO - [2022-05-21 17:59:19,882] {dagbag.py:507} INFO - Filling up the DagBag from /home/ubuntu/.local/lib/python3.10/site-packages/airflow/example_dags/example_trigger_controller_dag.py
[2022-05-21 17:59:19,885] {processor.py:651} INFO - DAG(s) dict_keys(['example_trigger_controller_dag']) retrieved from /home/ubuntu/.local/lib/python3.10/site-packages/airflow/example_dags/example_trigger_controller_dag.py
[2022-05-21 17:59:19,901] {logging_mixin.py:115} INFO - [2022-05-21 17:59:19,901] {dag.py:2371} INFO - Sync 1 DAGs
[2022-05-21 17:59:19,918] {logging_mixin.py:115} INFO - [2022-05-21 17:59:19,918] {dag.py:2915} INFO - Setting next_dagrun for example_trigger_controller_dag to 2021-01-01T00:00:00+00:00, run_after=2021-01-01T00:00:00+00:00
[2022-05-21 17:59:19,934] {processor.py:161} INFO - Processing /home/ubuntu/.local/lib/python3.10/site-packages/airflow/example_dags/example_trigger_controller_dag.py took 0.056 seconds
[2022-05-21 17:59:54,657] {processor.py:153} INFO - Started process (PID=5967) to work on /home/ubuntu/.local/lib/python3.10/site-packages/airflow/example_dags/example_trigger_controller_dag.py
[2022-05-21 17:59:54,657] {processor.py:641} INFO - Processing file /home/ubuntu/.local/lib/python3.10/site-packages/airflow/example_dags/example_trigger_controller_dag.py for tasks to queue
[2022-05-21 17:59:54,658] {logging_mixin.py:115} INFO - [2022-05-21 17:59:54,658] {dagbag.py:507} INFO - Filling up the DagBag from /home/ubuntu/.local/lib/python3.10/site-packages/airflow/example_dags/example_trigger_controller_dag.py
[2022-05-21 17:59:54,661] {processor.py:651} INFO - DAG(s) dict_keys(['example_trigger_controller_dag']) retrieved from /home/ubuntu/.local/lib/python3.10/site-packages/airflow/example_dags/example_trigger_controller_dag.py
[2022-05-21 17:59:54,677] {logging_mixin.py:115} INFO - [2022-05-21 17:59:54,677] {dag.py:2371} INFO - Sync 1 DAGs
[2022-05-21 17:59:54,693] {logging_mixin.py:115} INFO - [2022-05-21 17:59:54,693] {dag.py:2915} INFO - Setting next_dagrun for example_trigger_controller_dag to 2021-01-01T00:00:00+00:00, run_after=2021-01-01T00:00:00+00:00
[2022-05-21 17:59:54,707] {processor.py:161} INFO - Processing /home/ubuntu/.local/lib/python3.10/site-packages/airflow/example_dags/example_trigger_controller_dag.py took 0.054 seconds
[2022-05-21 18:00:25,504] {processor.py:153} INFO - Started process (PID=5999) to work on /home/ubuntu/.local/lib/python3.10/site-packages/airflow/example_dags/example_trigger_controller_dag.py
[2022-05-21 18:00:25,504] {processor.py:641} INFO - Processing file /home/ubuntu/.local/lib/python3.10/site-packages/airflow/example_dags/example_trigger_controller_dag.py for tasks to queue
[2022-05-21 18:00:25,505] {logging_mixin.py:115} INFO - [2022-05-21 18:00:25,505] {dagbag.py:507} INFO - Filling up the DagBag from /home/ubuntu/.local/lib/python3.10/site-packages/airflow/example_dags/example_trigger_controller_dag.py
[2022-05-21 18:00:25,508] {processor.py:651} INFO - DAG(s) dict_keys(['example_trigger_controller_dag']) retrieved from /home/ubuntu/.local/lib/python3.10/site-packages/airflow/example_dags/example_trigger_controller_dag.py
[2022-05-21 18:00:25,524] {logging_mixin.py:115} INFO - [2022-05-21 18:00:25,524] {dag.py:2371} INFO - Sync 1 DAGs
[2022-05-21 18:00:25,542] {logging_mixin.py:115} INFO - [2022-05-21 18:00:25,542] {dag.py:2915} INFO - Setting next_dagrun for example_trigger_controller_dag to 2021-01-01T00:00:00+00:00, run_after=2021-01-01T00:00:00+00:00
[2022-05-21 18:00:25,555] {processor.py:161} INFO - Processing /home/ubuntu/.local/lib/python3.10/site-packages/airflow/example_dags/example_trigger_controller_dag.py took 0.054 seconds
