[2022-05-21 17:48:08,583] {processor.py:153} INFO - Started process (PID=5182) to work on /home/ubuntu/.local/lib/python3.10/site-packages/airflow/example_dags/example_dag_decorator.py
[2022-05-21 17:48:08,584] {processor.py:641} INFO - Processing file /home/ubuntu/.local/lib/python3.10/site-packages/airflow/example_dags/example_dag_decorator.py for tasks to queue
[2022-05-21 17:48:08,584] {logging_mixin.py:115} INFO - [2022-05-21 17:48:08,584] {dagbag.py:507} INFO - Filling up the DagBag from /home/ubuntu/.local/lib/python3.10/site-packages/airflow/example_dags/example_dag_decorator.py
[2022-05-21 17:48:08,607] {processor.py:651} INFO - DAG(s) dict_keys(['example_dag_decorator']) retrieved from /home/ubuntu/.local/lib/python3.10/site-packages/airflow/example_dags/example_dag_decorator.py
[2022-05-21 17:48:08,674] {logging_mixin.py:115} INFO - [2022-05-21 17:48:08,673] {manager.py:508} INFO - Created Permission View: can read on DAG:example_dag_decorator
[2022-05-21 17:48:08,684] {logging_mixin.py:115} INFO - [2022-05-21 17:48:08,684] {manager.py:508} INFO - Created Permission View: can delete on DAG:example_dag_decorator
[2022-05-21 17:48:08,694] {logging_mixin.py:115} INFO - [2022-05-21 17:48:08,693] {manager.py:508} INFO - Created Permission View: can edit on DAG:example_dag_decorator
[2022-05-21 17:48:08,694] {logging_mixin.py:115} INFO - [2022-05-21 17:48:08,694] {dag.py:2371} INFO - Sync 1 DAGs
[2022-05-21 17:48:08,701] {logging_mixin.py:115} INFO - [2022-05-21 17:48:08,700] {dag.py:2390} INFO - Creating ORM DAG for example_dag_decorator
[2022-05-21 17:48:08,709] {logging_mixin.py:115} INFO - [2022-05-21 17:48:08,709] {dag.py:2915} INFO - Setting next_dagrun for example_dag_decorator to None, run_after=None
[2022-05-21 17:48:08,725] {processor.py:161} INFO - Processing /home/ubuntu/.local/lib/python3.10/site-packages/airflow/example_dags/example_dag_decorator.py took 0.144 seconds
[2022-05-21 17:48:40,892] {processor.py:153} INFO - Started process (PID=5217) to work on /home/ubuntu/.local/lib/python3.10/site-packages/airflow/example_dags/example_dag_decorator.py
[2022-05-21 17:48:40,893] {processor.py:641} INFO - Processing file /home/ubuntu/.local/lib/python3.10/site-packages/airflow/example_dags/example_dag_decorator.py for tasks to queue
[2022-05-21 17:48:40,894] {logging_mixin.py:115} INFO - [2022-05-21 17:48:40,894] {dagbag.py:507} INFO - Filling up the DagBag from /home/ubuntu/.local/lib/python3.10/site-packages/airflow/example_dags/example_dag_decorator.py
[2022-05-21 17:48:40,916] {processor.py:651} INFO - DAG(s) dict_keys(['example_dag_decorator']) retrieved from /home/ubuntu/.local/lib/python3.10/site-packages/airflow/example_dags/example_dag_decorator.py
[2022-05-21 17:48:40,958] {logging_mixin.py:115} INFO - [2022-05-21 17:48:40,958] {dag.py:2371} INFO - Sync 1 DAGs
[2022-05-21 17:48:40,974] {logging_mixin.py:115} INFO - [2022-05-21 17:48:40,974] {dag.py:2915} INFO - Setting next_dagrun for example_dag_decorator to None, run_after=None
[2022-05-21 17:48:40,988] {processor.py:161} INFO - Processing /home/ubuntu/.local/lib/python3.10/site-packages/airflow/example_dags/example_dag_decorator.py took 0.098 seconds
[2022-05-21 17:49:13,241] {processor.py:153} INFO - Started process (PID=5255) to work on /home/ubuntu/.local/lib/python3.10/site-packages/airflow/example_dags/example_dag_decorator.py
[2022-05-21 17:49:13,242] {processor.py:641} INFO - Processing file /home/ubuntu/.local/lib/python3.10/site-packages/airflow/example_dags/example_dag_decorator.py for tasks to queue
[2022-05-21 17:49:13,243] {logging_mixin.py:115} INFO - [2022-05-21 17:49:13,242] {dagbag.py:507} INFO - Filling up the DagBag from /home/ubuntu/.local/lib/python3.10/site-packages/airflow/example_dags/example_dag_decorator.py
[2022-05-21 17:49:13,265] {processor.py:651} INFO - DAG(s) dict_keys(['example_dag_decorator']) retrieved from /home/ubuntu/.local/lib/python3.10/site-packages/airflow/example_dags/example_dag_decorator.py
[2022-05-21 17:49:13,281] {logging_mixin.py:115} INFO - [2022-05-21 17:49:13,281] {dag.py:2371} INFO - Sync 1 DAGs
[2022-05-21 17:49:13,297] {logging_mixin.py:115} INFO - [2022-05-21 17:49:13,296] {dag.py:2915} INFO - Setting next_dagrun for example_dag_decorator to None, run_after=None
[2022-05-21 17:49:13,311] {processor.py:161} INFO - Processing /home/ubuntu/.local/lib/python3.10/site-packages/airflow/example_dags/example_dag_decorator.py took 0.072 seconds
[2022-05-21 17:49:50,243] {processor.py:153} INFO - Started process (PID=5296) to work on /home/ubuntu/.local/lib/python3.10/site-packages/airflow/example_dags/example_dag_decorator.py
[2022-05-21 17:49:50,244] {processor.py:641} INFO - Processing file /home/ubuntu/.local/lib/python3.10/site-packages/airflow/example_dags/example_dag_decorator.py for tasks to queue
[2022-05-21 17:49:50,244] {logging_mixin.py:115} INFO - [2022-05-21 17:49:50,244] {dagbag.py:507} INFO - Filling up the DagBag from /home/ubuntu/.local/lib/python3.10/site-packages/airflow/example_dags/example_dag_decorator.py
[2022-05-21 17:49:50,268] {processor.py:651} INFO - DAG(s) dict_keys(['example_dag_decorator']) retrieved from /home/ubuntu/.local/lib/python3.10/site-packages/airflow/example_dags/example_dag_decorator.py
[2022-05-21 17:49:50,311] {logging_mixin.py:115} INFO - [2022-05-21 17:49:50,311] {dag.py:2371} INFO - Sync 1 DAGs
[2022-05-21 17:49:50,327] {logging_mixin.py:115} INFO - [2022-05-21 17:49:50,327] {dag.py:2915} INFO - Setting next_dagrun for example_dag_decorator to None, run_after=None
[2022-05-21 17:49:50,342] {processor.py:161} INFO - Processing /home/ubuntu/.local/lib/python3.10/site-packages/airflow/example_dags/example_dag_decorator.py took 0.101 seconds
[2022-05-21 17:50:22,225] {processor.py:153} INFO - Started process (PID=5331) to work on /home/ubuntu/.local/lib/python3.10/site-packages/airflow/example_dags/example_dag_decorator.py
[2022-05-21 17:50:22,226] {processor.py:641} INFO - Processing file /home/ubuntu/.local/lib/python3.10/site-packages/airflow/example_dags/example_dag_decorator.py for tasks to queue
[2022-05-21 17:50:22,226] {logging_mixin.py:115} INFO - [2022-05-21 17:50:22,226] {dagbag.py:507} INFO - Filling up the DagBag from /home/ubuntu/.local/lib/python3.10/site-packages/airflow/example_dags/example_dag_decorator.py
[2022-05-21 17:50:22,250] {processor.py:651} INFO - DAG(s) dict_keys(['example_dag_decorator']) retrieved from /home/ubuntu/.local/lib/python3.10/site-packages/airflow/example_dags/example_dag_decorator.py
[2022-05-21 17:50:22,292] {logging_mixin.py:115} INFO - [2022-05-21 17:50:22,292] {dag.py:2371} INFO - Sync 1 DAGs
[2022-05-21 17:50:22,308] {logging_mixin.py:115} INFO - [2022-05-21 17:50:22,308] {dag.py:2915} INFO - Setting next_dagrun for example_dag_decorator to None, run_after=None
[2022-05-21 17:50:22,322] {processor.py:161} INFO - Processing /home/ubuntu/.local/lib/python3.10/site-packages/airflow/example_dags/example_dag_decorator.py took 0.100 seconds
[2022-05-21 17:50:56,516] {processor.py:153} INFO - Started process (PID=5366) to work on /home/ubuntu/.local/lib/python3.10/site-packages/airflow/example_dags/example_dag_decorator.py
[2022-05-21 17:50:56,517] {processor.py:641} INFO - Processing file /home/ubuntu/.local/lib/python3.10/site-packages/airflow/example_dags/example_dag_decorator.py for tasks to queue
[2022-05-21 17:50:56,517] {logging_mixin.py:115} INFO - [2022-05-21 17:50:56,517] {dagbag.py:507} INFO - Filling up the DagBag from /home/ubuntu/.local/lib/python3.10/site-packages/airflow/example_dags/example_dag_decorator.py
[2022-05-21 17:50:56,540] {processor.py:651} INFO - DAG(s) dict_keys(['example_dag_decorator']) retrieved from /home/ubuntu/.local/lib/python3.10/site-packages/airflow/example_dags/example_dag_decorator.py
[2022-05-21 17:50:56,583] {logging_mixin.py:115} INFO - [2022-05-21 17:50:56,582] {dag.py:2371} INFO - Sync 1 DAGs
[2022-05-21 17:50:56,599] {logging_mixin.py:115} INFO - [2022-05-21 17:50:56,599] {dag.py:2915} INFO - Setting next_dagrun for example_dag_decorator to None, run_after=None
[2022-05-21 17:50:56,613] {processor.py:161} INFO - Processing /home/ubuntu/.local/lib/python3.10/site-packages/airflow/example_dags/example_dag_decorator.py took 0.100 seconds
[2022-05-21 17:51:30,465] {processor.py:153} INFO - Started process (PID=5401) to work on /home/ubuntu/.local/lib/python3.10/site-packages/airflow/example_dags/example_dag_decorator.py
[2022-05-21 17:51:30,466] {processor.py:641} INFO - Processing file /home/ubuntu/.local/lib/python3.10/site-packages/airflow/example_dags/example_dag_decorator.py for tasks to queue
[2022-05-21 17:51:30,466] {logging_mixin.py:115} INFO - [2022-05-21 17:51:30,466] {dagbag.py:507} INFO - Filling up the DagBag from /home/ubuntu/.local/lib/python3.10/site-packages/airflow/example_dags/example_dag_decorator.py
[2022-05-21 17:51:30,489] {processor.py:651} INFO - DAG(s) dict_keys(['example_dag_decorator']) retrieved from /home/ubuntu/.local/lib/python3.10/site-packages/airflow/example_dags/example_dag_decorator.py
[2022-05-21 17:51:30,530] {logging_mixin.py:115} INFO - [2022-05-21 17:51:30,530] {dag.py:2371} INFO - Sync 1 DAGs
[2022-05-21 17:51:30,545] {logging_mixin.py:115} INFO - [2022-05-21 17:51:30,545] {dag.py:2915} INFO - Setting next_dagrun for example_dag_decorator to None, run_after=None
[2022-05-21 17:51:30,560] {processor.py:161} INFO - Processing /home/ubuntu/.local/lib/python3.10/site-packages/airflow/example_dags/example_dag_decorator.py took 0.098 seconds
[2022-05-21 17:52:08,081] {processor.py:153} INFO - Started process (PID=5438) to work on /home/ubuntu/.local/lib/python3.10/site-packages/airflow/example_dags/example_dag_decorator.py
[2022-05-21 17:52:08,082] {processor.py:641} INFO - Processing file /home/ubuntu/.local/lib/python3.10/site-packages/airflow/example_dags/example_dag_decorator.py for tasks to queue
[2022-05-21 17:52:08,083] {logging_mixin.py:115} INFO - [2022-05-21 17:52:08,083] {dagbag.py:507} INFO - Filling up the DagBag from /home/ubuntu/.local/lib/python3.10/site-packages/airflow/example_dags/example_dag_decorator.py
[2022-05-21 17:52:08,105] {processor.py:651} INFO - DAG(s) dict_keys(['example_dag_decorator']) retrieved from /home/ubuntu/.local/lib/python3.10/site-packages/airflow/example_dags/example_dag_decorator.py
[2022-05-21 17:52:08,147] {logging_mixin.py:115} INFO - [2022-05-21 17:52:08,147] {dag.py:2371} INFO - Sync 1 DAGs
[2022-05-21 17:52:08,162] {logging_mixin.py:115} INFO - [2022-05-21 17:52:08,162] {dag.py:2915} INFO - Setting next_dagrun for example_dag_decorator to None, run_after=None
[2022-05-21 17:52:08,176] {processor.py:161} INFO - Processing /home/ubuntu/.local/lib/python3.10/site-packages/airflow/example_dags/example_dag_decorator.py took 0.098 seconds
[2022-05-21 17:52:42,777] {processor.py:153} INFO - Started process (PID=5475) to work on /home/ubuntu/.local/lib/python3.10/site-packages/airflow/example_dags/example_dag_decorator.py
[2022-05-21 17:52:42,778] {processor.py:641} INFO - Processing file /home/ubuntu/.local/lib/python3.10/site-packages/airflow/example_dags/example_dag_decorator.py for tasks to queue
[2022-05-21 17:52:42,779] {logging_mixin.py:115} INFO - [2022-05-21 17:52:42,779] {dagbag.py:507} INFO - Filling up the DagBag from /home/ubuntu/.local/lib/python3.10/site-packages/airflow/example_dags/example_dag_decorator.py
[2022-05-21 17:52:42,802] {processor.py:651} INFO - DAG(s) dict_keys(['example_dag_decorator']) retrieved from /home/ubuntu/.local/lib/python3.10/site-packages/airflow/example_dags/example_dag_decorator.py
[2022-05-21 17:52:42,843] {logging_mixin.py:115} INFO - [2022-05-21 17:52:42,843] {dag.py:2371} INFO - Sync 1 DAGs
[2022-05-21 17:52:42,859] {logging_mixin.py:115} INFO - [2022-05-21 17:52:42,859] {dag.py:2915} INFO - Setting next_dagrun for example_dag_decorator to None, run_after=None
[2022-05-21 17:52:42,873] {processor.py:161} INFO - Processing /home/ubuntu/.local/lib/python3.10/site-packages/airflow/example_dags/example_dag_decorator.py took 0.099 seconds
[2022-05-21 17:53:14,867] {processor.py:153} INFO - Started process (PID=5509) to work on /home/ubuntu/.local/lib/python3.10/site-packages/airflow/example_dags/example_dag_decorator.py
[2022-05-21 17:53:14,867] {processor.py:641} INFO - Processing file /home/ubuntu/.local/lib/python3.10/site-packages/airflow/example_dags/example_dag_decorator.py for tasks to queue
[2022-05-21 17:53:14,868] {logging_mixin.py:115} INFO - [2022-05-21 17:53:14,867] {dagbag.py:507} INFO - Filling up the DagBag from /home/ubuntu/.local/lib/python3.10/site-packages/airflow/example_dags/example_dag_decorator.py
[2022-05-21 17:53:14,890] {processor.py:651} INFO - DAG(s) dict_keys(['example_dag_decorator']) retrieved from /home/ubuntu/.local/lib/python3.10/site-packages/airflow/example_dags/example_dag_decorator.py
[2022-05-21 17:53:14,905] {logging_mixin.py:115} INFO - [2022-05-21 17:53:14,905] {dag.py:2371} INFO - Sync 1 DAGs
[2022-05-21 17:53:14,921] {logging_mixin.py:115} INFO - [2022-05-21 17:53:14,921] {dag.py:2915} INFO - Setting next_dagrun for example_dag_decorator to None, run_after=None
[2022-05-21 17:53:14,937] {processor.py:161} INFO - Processing /home/ubuntu/.local/lib/python3.10/site-packages/airflow/example_dags/example_dag_decorator.py took 0.073 seconds
[2022-05-21 17:53:49,110] {processor.py:153} INFO - Started process (PID=5557) to work on /home/ubuntu/.local/lib/python3.10/site-packages/airflow/example_dags/example_dag_decorator.py
[2022-05-21 17:53:49,111] {processor.py:641} INFO - Processing file /home/ubuntu/.local/lib/python3.10/site-packages/airflow/example_dags/example_dag_decorator.py for tasks to queue
[2022-05-21 17:53:49,111] {logging_mixin.py:115} INFO - [2022-05-21 17:53:49,111] {dagbag.py:507} INFO - Filling up the DagBag from /home/ubuntu/.local/lib/python3.10/site-packages/airflow/example_dags/example_dag_decorator.py
[2022-05-21 17:53:49,134] {processor.py:651} INFO - DAG(s) dict_keys(['example_dag_decorator']) retrieved from /home/ubuntu/.local/lib/python3.10/site-packages/airflow/example_dags/example_dag_decorator.py
[2022-05-21 17:53:49,149] {logging_mixin.py:115} INFO - [2022-05-21 17:53:49,149] {dag.py:2371} INFO - Sync 1 DAGs
[2022-05-21 17:53:49,165] {logging_mixin.py:115} INFO - [2022-05-21 17:53:49,165] {dag.py:2915} INFO - Setting next_dagrun for example_dag_decorator to None, run_after=None
[2022-05-21 17:53:49,179] {processor.py:161} INFO - Processing /home/ubuntu/.local/lib/python3.10/site-packages/airflow/example_dags/example_dag_decorator.py took 0.071 seconds
[2022-05-21 17:54:22,951] {processor.py:153} INFO - Started process (PID=5595) to work on /home/ubuntu/.local/lib/python3.10/site-packages/airflow/example_dags/example_dag_decorator.py
[2022-05-21 17:54:22,951] {processor.py:641} INFO - Processing file /home/ubuntu/.local/lib/python3.10/site-packages/airflow/example_dags/example_dag_decorator.py for tasks to queue
[2022-05-21 17:54:22,951] {logging_mixin.py:115} INFO - [2022-05-21 17:54:22,951] {dagbag.py:507} INFO - Filling up the DagBag from /home/ubuntu/.local/lib/python3.10/site-packages/airflow/example_dags/example_dag_decorator.py
[2022-05-21 17:54:22,975] {processor.py:651} INFO - DAG(s) dict_keys(['example_dag_decorator']) retrieved from /home/ubuntu/.local/lib/python3.10/site-packages/airflow/example_dags/example_dag_decorator.py
[2022-05-21 17:54:22,990] {logging_mixin.py:115} INFO - [2022-05-21 17:54:22,990] {dag.py:2371} INFO - Sync 1 DAGs
[2022-05-21 17:54:23,006] {logging_mixin.py:115} INFO - [2022-05-21 17:54:23,006] {dag.py:2915} INFO - Setting next_dagrun for example_dag_decorator to None, run_after=None
[2022-05-21 17:54:23,022] {processor.py:161} INFO - Processing /home/ubuntu/.local/lib/python3.10/site-packages/airflow/example_dags/example_dag_decorator.py took 0.074 seconds
[2022-05-21 17:54:59,500] {processor.py:153} INFO - Started process (PID=5631) to work on /home/ubuntu/.local/lib/python3.10/site-packages/airflow/example_dags/example_dag_decorator.py
[2022-05-21 17:54:59,501] {processor.py:641} INFO - Processing file /home/ubuntu/.local/lib/python3.10/site-packages/airflow/example_dags/example_dag_decorator.py for tasks to queue
[2022-05-21 17:54:59,501] {logging_mixin.py:115} INFO - [2022-05-21 17:54:59,501] {dagbag.py:507} INFO - Filling up the DagBag from /home/ubuntu/.local/lib/python3.10/site-packages/airflow/example_dags/example_dag_decorator.py
[2022-05-21 17:54:59,524] {processor.py:651} INFO - DAG(s) dict_keys(['example_dag_decorator']) retrieved from /home/ubuntu/.local/lib/python3.10/site-packages/airflow/example_dags/example_dag_decorator.py
[2022-05-21 17:54:59,540] {logging_mixin.py:115} INFO - [2022-05-21 17:54:59,540] {dag.py:2371} INFO - Sync 1 DAGs
[2022-05-21 17:54:59,556] {logging_mixin.py:115} INFO - [2022-05-21 17:54:59,556] {dag.py:2915} INFO - Setting next_dagrun for example_dag_decorator to None, run_after=None
[2022-05-21 17:54:59,569] {processor.py:161} INFO - Processing /home/ubuntu/.local/lib/python3.10/site-packages/airflow/example_dags/example_dag_decorator.py took 0.073 seconds
[2022-05-21 17:55:32,585] {processor.py:153} INFO - Started process (PID=5668) to work on /home/ubuntu/.local/lib/python3.10/site-packages/airflow/example_dags/example_dag_decorator.py
[2022-05-21 17:55:32,586] {processor.py:641} INFO - Processing file /home/ubuntu/.local/lib/python3.10/site-packages/airflow/example_dags/example_dag_decorator.py for tasks to queue
[2022-05-21 17:55:32,587] {logging_mixin.py:115} INFO - [2022-05-21 17:55:32,586] {dagbag.py:507} INFO - Filling up the DagBag from /home/ubuntu/.local/lib/python3.10/site-packages/airflow/example_dags/example_dag_decorator.py
[2022-05-21 17:55:32,609] {processor.py:651} INFO - DAG(s) dict_keys(['example_dag_decorator']) retrieved from /home/ubuntu/.local/lib/python3.10/site-packages/airflow/example_dags/example_dag_decorator.py
[2022-05-21 17:55:32,650] {logging_mixin.py:115} INFO - [2022-05-21 17:55:32,650] {dag.py:2371} INFO - Sync 1 DAGs
[2022-05-21 17:55:32,665] {logging_mixin.py:115} INFO - [2022-05-21 17:55:32,665] {dag.py:2915} INFO - Setting next_dagrun for example_dag_decorator to None, run_after=None
[2022-05-21 17:55:32,680] {processor.py:161} INFO - Processing /home/ubuntu/.local/lib/python3.10/site-packages/airflow/example_dags/example_dag_decorator.py took 0.097 seconds
[2022-05-21 17:56:05,263] {processor.py:153} INFO - Started process (PID=5705) to work on /home/ubuntu/.local/lib/python3.10/site-packages/airflow/example_dags/example_dag_decorator.py
[2022-05-21 17:56:05,263] {processor.py:641} INFO - Processing file /home/ubuntu/.local/lib/python3.10/site-packages/airflow/example_dags/example_dag_decorator.py for tasks to queue
[2022-05-21 17:56:05,264] {logging_mixin.py:115} INFO - [2022-05-21 17:56:05,264] {dagbag.py:507} INFO - Filling up the DagBag from /home/ubuntu/.local/lib/python3.10/site-packages/airflow/example_dags/example_dag_decorator.py
[2022-05-21 17:56:05,287] {processor.py:651} INFO - DAG(s) dict_keys(['example_dag_decorator']) retrieved from /home/ubuntu/.local/lib/python3.10/site-packages/airflow/example_dags/example_dag_decorator.py
[2022-05-21 17:56:05,330] {logging_mixin.py:115} INFO - [2022-05-21 17:56:05,330] {dag.py:2371} INFO - Sync 1 DAGs
[2022-05-21 17:56:05,346] {logging_mixin.py:115} INFO - [2022-05-21 17:56:05,346] {dag.py:2915} INFO - Setting next_dagrun for example_dag_decorator to None, run_after=None
[2022-05-21 17:56:05,361] {processor.py:161} INFO - Processing /home/ubuntu/.local/lib/python3.10/site-packages/airflow/example_dags/example_dag_decorator.py took 0.101 seconds
[2022-05-21 17:56:41,682] {processor.py:153} INFO - Started process (PID=5743) to work on /home/ubuntu/.local/lib/python3.10/site-packages/airflow/example_dags/example_dag_decorator.py
[2022-05-21 17:56:41,683] {processor.py:641} INFO - Processing file /home/ubuntu/.local/lib/python3.10/site-packages/airflow/example_dags/example_dag_decorator.py for tasks to queue
[2022-05-21 17:56:41,683] {logging_mixin.py:115} INFO - [2022-05-21 17:56:41,683] {dagbag.py:507} INFO - Filling up the DagBag from /home/ubuntu/.local/lib/python3.10/site-packages/airflow/example_dags/example_dag_decorator.py
[2022-05-21 17:56:41,706] {processor.py:651} INFO - DAG(s) dict_keys(['example_dag_decorator']) retrieved from /home/ubuntu/.local/lib/python3.10/site-packages/airflow/example_dags/example_dag_decorator.py
[2022-05-21 17:56:41,721] {logging_mixin.py:115} INFO - [2022-05-21 17:56:41,721] {dag.py:2371} INFO - Sync 1 DAGs
[2022-05-21 17:56:41,736] {logging_mixin.py:115} INFO - [2022-05-21 17:56:41,736] {dag.py:2915} INFO - Setting next_dagrun for example_dag_decorator to None, run_after=None
[2022-05-21 17:56:41,749] {processor.py:161} INFO - Processing /home/ubuntu/.local/lib/python3.10/site-packages/airflow/example_dags/example_dag_decorator.py took 0.070 seconds
[2022-05-21 17:57:13,398] {processor.py:153} INFO - Started process (PID=5778) to work on /home/ubuntu/.local/lib/python3.10/site-packages/airflow/example_dags/example_dag_decorator.py
[2022-05-21 17:57:13,400] {processor.py:641} INFO - Processing file /home/ubuntu/.local/lib/python3.10/site-packages/airflow/example_dags/example_dag_decorator.py for tasks to queue
[2022-05-21 17:57:13,400] {logging_mixin.py:115} INFO - [2022-05-21 17:57:13,400] {dagbag.py:507} INFO - Filling up the DagBag from /home/ubuntu/.local/lib/python3.10/site-packages/airflow/example_dags/example_dag_decorator.py
[2022-05-21 17:57:13,423] {processor.py:651} INFO - DAG(s) dict_keys(['example_dag_decorator']) retrieved from /home/ubuntu/.local/lib/python3.10/site-packages/airflow/example_dags/example_dag_decorator.py
[2022-05-21 17:57:13,439] {logging_mixin.py:115} INFO - [2022-05-21 17:57:13,439] {dag.py:2371} INFO - Sync 1 DAGs
[2022-05-21 17:57:13,455] {logging_mixin.py:115} INFO - [2022-05-21 17:57:13,455] {dag.py:2915} INFO - Setting next_dagrun for example_dag_decorator to None, run_after=None
[2022-05-21 17:57:13,468] {processor.py:161} INFO - Processing /home/ubuntu/.local/lib/python3.10/site-packages/airflow/example_dags/example_dag_decorator.py took 0.073 seconds
[2022-05-21 17:57:49,054] {processor.py:153} INFO - Started process (PID=5822) to work on /home/ubuntu/.local/lib/python3.10/site-packages/airflow/example_dags/example_dag_decorator.py
[2022-05-21 17:57:49,055] {processor.py:641} INFO - Processing file /home/ubuntu/.local/lib/python3.10/site-packages/airflow/example_dags/example_dag_decorator.py for tasks to queue
[2022-05-21 17:57:49,055] {logging_mixin.py:115} INFO - [2022-05-21 17:57:49,055] {dagbag.py:507} INFO - Filling up the DagBag from /home/ubuntu/.local/lib/python3.10/site-packages/airflow/example_dags/example_dag_decorator.py
[2022-05-21 17:57:49,079] {processor.py:651} INFO - DAG(s) dict_keys(['example_dag_decorator']) retrieved from /home/ubuntu/.local/lib/python3.10/site-packages/airflow/example_dags/example_dag_decorator.py
[2022-05-21 17:57:49,121] {logging_mixin.py:115} INFO - [2022-05-21 17:57:49,121] {dag.py:2371} INFO - Sync 1 DAGs
[2022-05-21 17:57:49,136] {logging_mixin.py:115} INFO - [2022-05-21 17:57:49,136] {dag.py:2915} INFO - Setting next_dagrun for example_dag_decorator to None, run_after=None
[2022-05-21 17:57:49,151] {processor.py:161} INFO - Processing /home/ubuntu/.local/lib/python3.10/site-packages/airflow/example_dags/example_dag_decorator.py took 0.099 seconds
[2022-05-21 17:58:24,539] {processor.py:153} INFO - Started process (PID=5859) to work on /home/ubuntu/.local/lib/python3.10/site-packages/airflow/example_dags/example_dag_decorator.py
[2022-05-21 17:58:24,540] {processor.py:641} INFO - Processing file /home/ubuntu/.local/lib/python3.10/site-packages/airflow/example_dags/example_dag_decorator.py for tasks to queue
[2022-05-21 17:58:24,540] {logging_mixin.py:115} INFO - [2022-05-21 17:58:24,540] {dagbag.py:507} INFO - Filling up the DagBag from /home/ubuntu/.local/lib/python3.10/site-packages/airflow/example_dags/example_dag_decorator.py
[2022-05-21 17:58:24,563] {processor.py:651} INFO - DAG(s) dict_keys(['example_dag_decorator']) retrieved from /home/ubuntu/.local/lib/python3.10/site-packages/airflow/example_dags/example_dag_decorator.py
[2022-05-21 17:58:24,578] {logging_mixin.py:115} INFO - [2022-05-21 17:58:24,578] {dag.py:2371} INFO - Sync 1 DAGs
[2022-05-21 17:58:24,594] {logging_mixin.py:115} INFO - [2022-05-21 17:58:24,594] {dag.py:2915} INFO - Setting next_dagrun for example_dag_decorator to None, run_after=None
[2022-05-21 17:58:24,608] {processor.py:161} INFO - Processing /home/ubuntu/.local/lib/python3.10/site-packages/airflow/example_dags/example_dag_decorator.py took 0.072 seconds
[2022-05-21 17:58:56,435] {processor.py:153} INFO - Started process (PID=5898) to work on /home/ubuntu/.local/lib/python3.10/site-packages/airflow/example_dags/example_dag_decorator.py
[2022-05-21 17:58:56,436] {processor.py:641} INFO - Processing file /home/ubuntu/.local/lib/python3.10/site-packages/airflow/example_dags/example_dag_decorator.py for tasks to queue
[2022-05-21 17:58:56,436] {logging_mixin.py:115} INFO - [2022-05-21 17:58:56,436] {dagbag.py:507} INFO - Filling up the DagBag from /home/ubuntu/.local/lib/python3.10/site-packages/airflow/example_dags/example_dag_decorator.py
[2022-05-21 17:58:56,459] {processor.py:651} INFO - DAG(s) dict_keys(['example_dag_decorator']) retrieved from /home/ubuntu/.local/lib/python3.10/site-packages/airflow/example_dags/example_dag_decorator.py
[2022-05-21 17:58:56,474] {logging_mixin.py:115} INFO - [2022-05-21 17:58:56,474] {dag.py:2371} INFO - Sync 1 DAGs
[2022-05-21 17:58:56,490] {logging_mixin.py:115} INFO - [2022-05-21 17:58:56,490] {dag.py:2915} INFO - Setting next_dagrun for example_dag_decorator to None, run_after=None
[2022-05-21 17:58:56,503] {processor.py:161} INFO - Processing /home/ubuntu/.local/lib/python3.10/site-packages/airflow/example_dags/example_dag_decorator.py took 0.071 seconds
[2022-05-21 17:59:32,977] {processor.py:153} INFO - Started process (PID=5937) to work on /home/ubuntu/.local/lib/python3.10/site-packages/airflow/example_dags/example_dag_decorator.py
[2022-05-21 17:59:32,978] {processor.py:641} INFO - Processing file /home/ubuntu/.local/lib/python3.10/site-packages/airflow/example_dags/example_dag_decorator.py for tasks to queue
[2022-05-21 17:59:32,978] {logging_mixin.py:115} INFO - [2022-05-21 17:59:32,978] {dagbag.py:507} INFO - Filling up the DagBag from /home/ubuntu/.local/lib/python3.10/site-packages/airflow/example_dags/example_dag_decorator.py
[2022-05-21 17:59:33,001] {processor.py:651} INFO - DAG(s) dict_keys(['example_dag_decorator']) retrieved from /home/ubuntu/.local/lib/python3.10/site-packages/airflow/example_dags/example_dag_decorator.py
[2022-05-21 17:59:33,016] {logging_mixin.py:115} INFO - [2022-05-21 17:59:33,016] {dag.py:2371} INFO - Sync 1 DAGs
[2022-05-21 17:59:33,032] {logging_mixin.py:115} INFO - [2022-05-21 17:59:33,032] {dag.py:2915} INFO - Setting next_dagrun for example_dag_decorator to None, run_after=None
[2022-05-21 17:59:33,046] {processor.py:161} INFO - Processing /home/ubuntu/.local/lib/python3.10/site-packages/airflow/example_dags/example_dag_decorator.py took 0.072 seconds
[2022-05-21 18:00:08,343] {processor.py:153} INFO - Started process (PID=5981) to work on /home/ubuntu/.local/lib/python3.10/site-packages/airflow/example_dags/example_dag_decorator.py
[2022-05-21 18:00:08,343] {processor.py:641} INFO - Processing file /home/ubuntu/.local/lib/python3.10/site-packages/airflow/example_dags/example_dag_decorator.py for tasks to queue
[2022-05-21 18:00:08,344] {logging_mixin.py:115} INFO - [2022-05-21 18:00:08,344] {dagbag.py:507} INFO - Filling up the DagBag from /home/ubuntu/.local/lib/python3.10/site-packages/airflow/example_dags/example_dag_decorator.py
[2022-05-21 18:00:08,367] {processor.py:651} INFO - DAG(s) dict_keys(['example_dag_decorator']) retrieved from /home/ubuntu/.local/lib/python3.10/site-packages/airflow/example_dags/example_dag_decorator.py
[2022-05-21 18:00:08,383] {logging_mixin.py:115} INFO - [2022-05-21 18:00:08,383] {dag.py:2371} INFO - Sync 1 DAGs
[2022-05-21 18:00:08,400] {logging_mixin.py:115} INFO - [2022-05-21 18:00:08,400] {dag.py:2915} INFO - Setting next_dagrun for example_dag_decorator to None, run_after=None
[2022-05-21 18:00:08,413] {processor.py:161} INFO - Processing /home/ubuntu/.local/lib/python3.10/site-packages/airflow/example_dags/example_dag_decorator.py took 0.074 seconds
[2022-05-21 18:00:40,927] {processor.py:153} INFO - Started process (PID=6018) to work on /home/ubuntu/.local/lib/python3.10/site-packages/airflow/example_dags/example_dag_decorator.py
[2022-05-21 18:00:40,927] {processor.py:641} INFO - Processing file /home/ubuntu/.local/lib/python3.10/site-packages/airflow/example_dags/example_dag_decorator.py for tasks to queue
[2022-05-21 18:00:40,928] {logging_mixin.py:115} INFO - [2022-05-21 18:00:40,928] {dagbag.py:507} INFO - Filling up the DagBag from /home/ubuntu/.local/lib/python3.10/site-packages/airflow/example_dags/example_dag_decorator.py
[2022-05-21 18:00:40,951] {processor.py:651} INFO - DAG(s) dict_keys(['example_dag_decorator']) retrieved from /home/ubuntu/.local/lib/python3.10/site-packages/airflow/example_dags/example_dag_decorator.py
[2022-05-21 18:00:40,967] {logging_mixin.py:115} INFO - [2022-05-21 18:00:40,967] {dag.py:2371} INFO - Sync 1 DAGs
[2022-05-21 18:00:40,984] {logging_mixin.py:115} INFO - [2022-05-21 18:00:40,984] {dag.py:2915} INFO - Setting next_dagrun for example_dag_decorator to None, run_after=None
[2022-05-21 18:00:40,998] {processor.py:161} INFO - Processing /home/ubuntu/.local/lib/python3.10/site-packages/airflow/example_dags/example_dag_decorator.py took 0.075 seconds
[2022-05-21 18:01:13,984] {processor.py:153} INFO - Started process (PID=6058) to work on /home/ubuntu/.local/lib/python3.10/site-packages/airflow/example_dags/example_dag_decorator.py
[2022-05-21 18:01:13,985] {processor.py:641} INFO - Processing file /home/ubuntu/.local/lib/python3.10/site-packages/airflow/example_dags/example_dag_decorator.py for tasks to queue
[2022-05-21 18:01:13,986] {logging_mixin.py:115} INFO - [2022-05-21 18:01:13,986] {dagbag.py:507} INFO - Filling up the DagBag from /home/ubuntu/.local/lib/python3.10/site-packages/airflow/example_dags/example_dag_decorator.py
[2022-05-21 18:01:14,010] {processor.py:651} INFO - DAG(s) dict_keys(['example_dag_decorator']) retrieved from /home/ubuntu/.local/lib/python3.10/site-packages/airflow/example_dags/example_dag_decorator.py
[2022-05-21 18:01:14,030] {logging_mixin.py:115} INFO - [2022-05-21 18:01:14,030] {dag.py:2371} INFO - Sync 1 DAGs
[2022-05-21 18:01:14,049] {logging_mixin.py:115} INFO - [2022-05-21 18:01:14,049] {dag.py:2915} INFO - Setting next_dagrun for example_dag_decorator to None, run_after=None
[2022-05-21 18:01:14,068] {processor.py:161} INFO - Processing /home/ubuntu/.local/lib/python3.10/site-packages/airflow/example_dags/example_dag_decorator.py took 0.086 seconds
[2022-05-21 18:01:48,841] {processor.py:153} INFO - Started process (PID=6100) to work on /home/ubuntu/.local/lib/python3.10/site-packages/airflow/example_dags/example_dag_decorator.py
[2022-05-21 18:01:48,841] {processor.py:641} INFO - Processing file /home/ubuntu/.local/lib/python3.10/site-packages/airflow/example_dags/example_dag_decorator.py for tasks to queue
[2022-05-21 18:01:48,842] {logging_mixin.py:115} INFO - [2022-05-21 18:01:48,842] {dagbag.py:507} INFO - Filling up the DagBag from /home/ubuntu/.local/lib/python3.10/site-packages/airflow/example_dags/example_dag_decorator.py
[2022-05-21 18:01:48,865] {processor.py:651} INFO - DAG(s) dict_keys(['example_dag_decorator']) retrieved from /home/ubuntu/.local/lib/python3.10/site-packages/airflow/example_dags/example_dag_decorator.py
[2022-05-21 18:01:48,881] {logging_mixin.py:115} INFO - [2022-05-21 18:01:48,881] {dag.py:2371} INFO - Sync 1 DAGs
[2022-05-21 18:01:48,898] {logging_mixin.py:115} INFO - [2022-05-21 18:01:48,898] {dag.py:2915} INFO - Setting next_dagrun for example_dag_decorator to None, run_after=None
[2022-05-21 18:01:48,911] {processor.py:161} INFO - Processing /home/ubuntu/.local/lib/python3.10/site-packages/airflow/example_dags/example_dag_decorator.py took 0.073 seconds
[2022-05-21 18:02:22,340] {processor.py:153} INFO - Started process (PID=6134) to work on /home/ubuntu/.local/lib/python3.10/site-packages/airflow/example_dags/example_dag_decorator.py
[2022-05-21 18:02:22,341] {processor.py:641} INFO - Processing file /home/ubuntu/.local/lib/python3.10/site-packages/airflow/example_dags/example_dag_decorator.py for tasks to queue
[2022-05-21 18:02:22,341] {logging_mixin.py:115} INFO - [2022-05-21 18:02:22,341] {dagbag.py:507} INFO - Filling up the DagBag from /home/ubuntu/.local/lib/python3.10/site-packages/airflow/example_dags/example_dag_decorator.py
[2022-05-21 18:02:22,366] {processor.py:651} INFO - DAG(s) dict_keys(['example_dag_decorator']) retrieved from /home/ubuntu/.local/lib/python3.10/site-packages/airflow/example_dags/example_dag_decorator.py
[2022-05-21 18:02:22,382] {logging_mixin.py:115} INFO - [2022-05-21 18:02:22,382] {dag.py:2371} INFO - Sync 1 DAGs
[2022-05-21 18:02:22,400] {logging_mixin.py:115} INFO - [2022-05-21 18:02:22,400] {dag.py:2915} INFO - Setting next_dagrun for example_dag_decorator to None, run_after=None
[2022-05-21 18:02:22,416] {processor.py:161} INFO - Processing /home/ubuntu/.local/lib/python3.10/site-packages/airflow/example_dags/example_dag_decorator.py took 0.079 seconds
[2022-05-21 18:02:55,621] {processor.py:153} INFO - Started process (PID=6170) to work on /home/ubuntu/.local/lib/python3.10/site-packages/airflow/example_dags/example_dag_decorator.py
[2022-05-21 18:02:55,622] {processor.py:641} INFO - Processing file /home/ubuntu/.local/lib/python3.10/site-packages/airflow/example_dags/example_dag_decorator.py for tasks to queue
[2022-05-21 18:02:55,622] {logging_mixin.py:115} INFO - [2022-05-21 18:02:55,622] {dagbag.py:507} INFO - Filling up the DagBag from /home/ubuntu/.local/lib/python3.10/site-packages/airflow/example_dags/example_dag_decorator.py
[2022-05-21 18:02:55,646] {processor.py:651} INFO - DAG(s) dict_keys(['example_dag_decorator']) retrieved from /home/ubuntu/.local/lib/python3.10/site-packages/airflow/example_dags/example_dag_decorator.py
[2022-05-21 18:02:55,689] {logging_mixin.py:115} INFO - [2022-05-21 18:02:55,688] {dag.py:2371} INFO - Sync 1 DAGs
[2022-05-21 18:02:55,705] {logging_mixin.py:115} INFO - [2022-05-21 18:02:55,705] {dag.py:2915} INFO - Setting next_dagrun for example_dag_decorator to None, run_after=None
[2022-05-21 18:02:55,719] {processor.py:161} INFO - Processing /home/ubuntu/.local/lib/python3.10/site-packages/airflow/example_dags/example_dag_decorator.py took 0.101 seconds
[2022-05-21 18:03:30,887] {processor.py:153} INFO - Started process (PID=6210) to work on /home/ubuntu/.local/lib/python3.10/site-packages/airflow/example_dags/example_dag_decorator.py
[2022-05-21 18:03:30,888] {processor.py:641} INFO - Processing file /home/ubuntu/.local/lib/python3.10/site-packages/airflow/example_dags/example_dag_decorator.py for tasks to queue
[2022-05-21 18:03:30,888] {logging_mixin.py:115} INFO - [2022-05-21 18:03:30,888] {dagbag.py:507} INFO - Filling up the DagBag from /home/ubuntu/.local/lib/python3.10/site-packages/airflow/example_dags/example_dag_decorator.py
[2022-05-21 18:03:30,912] {processor.py:651} INFO - DAG(s) dict_keys(['example_dag_decorator']) retrieved from /home/ubuntu/.local/lib/python3.10/site-packages/airflow/example_dags/example_dag_decorator.py
[2022-05-21 18:03:30,954] {logging_mixin.py:115} INFO - [2022-05-21 18:03:30,954] {dag.py:2371} INFO - Sync 1 DAGs
[2022-05-21 18:03:30,970] {logging_mixin.py:115} INFO - [2022-05-21 18:03:30,970] {dag.py:2915} INFO - Setting next_dagrun for example_dag_decorator to None, run_after=None
[2022-05-21 18:03:30,986] {processor.py:161} INFO - Processing /home/ubuntu/.local/lib/python3.10/site-packages/airflow/example_dags/example_dag_decorator.py took 0.102 seconds
[2022-05-21 18:04:03,141] {processor.py:153} INFO - Started process (PID=6254) to work on /home/ubuntu/.local/lib/python3.10/site-packages/airflow/example_dags/example_dag_decorator.py
[2022-05-21 18:04:03,142] {processor.py:641} INFO - Processing file /home/ubuntu/.local/lib/python3.10/site-packages/airflow/example_dags/example_dag_decorator.py for tasks to queue
[2022-05-21 18:04:03,142] {logging_mixin.py:115} INFO - [2022-05-21 18:04:03,142] {dagbag.py:507} INFO - Filling up the DagBag from /home/ubuntu/.local/lib/python3.10/site-packages/airflow/example_dags/example_dag_decorator.py
[2022-05-21 18:04:03,166] {processor.py:651} INFO - DAG(s) dict_keys(['example_dag_decorator']) retrieved from /home/ubuntu/.local/lib/python3.10/site-packages/airflow/example_dags/example_dag_decorator.py
[2022-05-21 18:04:03,208] {logging_mixin.py:115} INFO - [2022-05-21 18:04:03,207] {dag.py:2371} INFO - Sync 1 DAGs
[2022-05-21 18:04:03,223] {logging_mixin.py:115} INFO - [2022-05-21 18:04:03,223] {dag.py:2915} INFO - Setting next_dagrun for example_dag_decorator to None, run_after=None
[2022-05-21 18:04:03,243] {processor.py:161} INFO - Processing /home/ubuntu/.local/lib/python3.10/site-packages/airflow/example_dags/example_dag_decorator.py took 0.105 seconds
[2022-05-21 18:04:35,674] {processor.py:153} INFO - Started process (PID=6294) to work on /home/ubuntu/.local/lib/python3.10/site-packages/airflow/example_dags/example_dag_decorator.py
[2022-05-21 18:04:35,674] {processor.py:641} INFO - Processing file /home/ubuntu/.local/lib/python3.10/site-packages/airflow/example_dags/example_dag_decorator.py for tasks to queue
[2022-05-21 18:04:35,674] {logging_mixin.py:115} INFO - [2022-05-21 18:04:35,674] {dagbag.py:507} INFO - Filling up the DagBag from /home/ubuntu/.local/lib/python3.10/site-packages/airflow/example_dags/example_dag_decorator.py
[2022-05-21 18:04:35,698] {processor.py:651} INFO - DAG(s) dict_keys(['example_dag_decorator']) retrieved from /home/ubuntu/.local/lib/python3.10/site-packages/airflow/example_dags/example_dag_decorator.py
[2022-05-21 18:04:35,741] {logging_mixin.py:115} INFO - [2022-05-21 18:04:35,741] {dag.py:2371} INFO - Sync 1 DAGs
[2022-05-21 18:04:35,757] {logging_mixin.py:115} INFO - [2022-05-21 18:04:35,757] {dag.py:2915} INFO - Setting next_dagrun for example_dag_decorator to None, run_after=None
[2022-05-21 18:04:35,772] {processor.py:161} INFO - Processing /home/ubuntu/.local/lib/python3.10/site-packages/airflow/example_dags/example_dag_decorator.py took 0.101 seconds
[2022-05-21 18:05:08,083] {processor.py:153} INFO - Started process (PID=6337) to work on /home/ubuntu/.local/lib/python3.10/site-packages/airflow/example_dags/example_dag_decorator.py
[2022-05-21 18:05:08,084] {processor.py:641} INFO - Processing file /home/ubuntu/.local/lib/python3.10/site-packages/airflow/example_dags/example_dag_decorator.py for tasks to queue
[2022-05-21 18:05:08,084] {logging_mixin.py:115} INFO - [2022-05-21 18:05:08,084] {dagbag.py:507} INFO - Filling up the DagBag from /home/ubuntu/.local/lib/python3.10/site-packages/airflow/example_dags/example_dag_decorator.py
[2022-05-21 18:05:08,107] {processor.py:651} INFO - DAG(s) dict_keys(['example_dag_decorator']) retrieved from /home/ubuntu/.local/lib/python3.10/site-packages/airflow/example_dags/example_dag_decorator.py
[2022-05-21 18:05:08,122] {logging_mixin.py:115} INFO - [2022-05-21 18:05:08,122] {dag.py:2371} INFO - Sync 1 DAGs
[2022-05-21 18:05:08,138] {logging_mixin.py:115} INFO - [2022-05-21 18:05:08,138] {dag.py:2915} INFO - Setting next_dagrun for example_dag_decorator to None, run_after=None
[2022-05-21 18:05:08,152] {processor.py:161} INFO - Processing /home/ubuntu/.local/lib/python3.10/site-packages/airflow/example_dags/example_dag_decorator.py took 0.072 seconds
[2022-05-21 18:05:41,244] {processor.py:153} INFO - Started process (PID=6371) to work on /home/ubuntu/.local/lib/python3.10/site-packages/airflow/example_dags/example_dag_decorator.py
[2022-05-21 18:05:41,245] {processor.py:641} INFO - Processing file /home/ubuntu/.local/lib/python3.10/site-packages/airflow/example_dags/example_dag_decorator.py for tasks to queue
[2022-05-21 18:05:41,245] {logging_mixin.py:115} INFO - [2022-05-21 18:05:41,245] {dagbag.py:507} INFO - Filling up the DagBag from /home/ubuntu/.local/lib/python3.10/site-packages/airflow/example_dags/example_dag_decorator.py
[2022-05-21 18:05:41,269] {processor.py:651} INFO - DAG(s) dict_keys(['example_dag_decorator']) retrieved from /home/ubuntu/.local/lib/python3.10/site-packages/airflow/example_dags/example_dag_decorator.py
[2022-05-21 18:05:41,285] {logging_mixin.py:115} INFO - [2022-05-21 18:05:41,284] {dag.py:2371} INFO - Sync 1 DAGs
[2022-05-21 18:05:41,301] {logging_mixin.py:115} INFO - [2022-05-21 18:05:41,300] {dag.py:2915} INFO - Setting next_dagrun for example_dag_decorator to None, run_after=None
[2022-05-21 18:05:41,314] {processor.py:161} INFO - Processing /home/ubuntu/.local/lib/python3.10/site-packages/airflow/example_dags/example_dag_decorator.py took 0.073 seconds
[2022-05-21 18:06:12,038] {processor.py:153} INFO - Started process (PID=6405) to work on /home/ubuntu/.local/lib/python3.10/site-packages/airflow/example_dags/example_dag_decorator.py
[2022-05-21 18:06:12,038] {processor.py:641} INFO - Processing file /home/ubuntu/.local/lib/python3.10/site-packages/airflow/example_dags/example_dag_decorator.py for tasks to queue
[2022-05-21 18:06:12,039] {logging_mixin.py:115} INFO - [2022-05-21 18:06:12,039] {dagbag.py:507} INFO - Filling up the DagBag from /home/ubuntu/.local/lib/python3.10/site-packages/airflow/example_dags/example_dag_decorator.py
[2022-05-21 18:06:12,062] {processor.py:651} INFO - DAG(s) dict_keys(['example_dag_decorator']) retrieved from /home/ubuntu/.local/lib/python3.10/site-packages/airflow/example_dags/example_dag_decorator.py
[2022-05-21 18:06:12,077] {logging_mixin.py:115} INFO - [2022-05-21 18:06:12,077] {dag.py:2371} INFO - Sync 1 DAGs
[2022-05-21 18:06:12,094] {logging_mixin.py:115} INFO - [2022-05-21 18:06:12,094] {dag.py:2915} INFO - Setting next_dagrun for example_dag_decorator to None, run_after=None
[2022-05-21 18:06:12,107] {processor.py:161} INFO - Processing /home/ubuntu/.local/lib/python3.10/site-packages/airflow/example_dags/example_dag_decorator.py took 0.072 seconds
[2022-05-21 18:06:48,036] {processor.py:153} INFO - Started process (PID=6441) to work on /home/ubuntu/.local/lib/python3.10/site-packages/airflow/example_dags/example_dag_decorator.py
[2022-05-21 18:06:48,037] {processor.py:641} INFO - Processing file /home/ubuntu/.local/lib/python3.10/site-packages/airflow/example_dags/example_dag_decorator.py for tasks to queue
[2022-05-21 18:06:48,037] {logging_mixin.py:115} INFO - [2022-05-21 18:06:48,037] {dagbag.py:507} INFO - Filling up the DagBag from /home/ubuntu/.local/lib/python3.10/site-packages/airflow/example_dags/example_dag_decorator.py
[2022-05-21 18:06:48,060] {processor.py:651} INFO - DAG(s) dict_keys(['example_dag_decorator']) retrieved from /home/ubuntu/.local/lib/python3.10/site-packages/airflow/example_dags/example_dag_decorator.py
[2022-05-21 18:06:48,074] {logging_mixin.py:115} INFO - [2022-05-21 18:06:48,074] {dag.py:2371} INFO - Sync 1 DAGs
[2022-05-21 18:06:48,090] {logging_mixin.py:115} INFO - [2022-05-21 18:06:48,090] {dag.py:2915} INFO - Setting next_dagrun for example_dag_decorator to None, run_after=None
[2022-05-21 18:06:48,103] {processor.py:161} INFO - Processing /home/ubuntu/.local/lib/python3.10/site-packages/airflow/example_dags/example_dag_decorator.py took 0.071 seconds
[2022-05-21 18:07:22,810] {processor.py:153} INFO - Started process (PID=6477) to work on /home/ubuntu/.local/lib/python3.10/site-packages/airflow/example_dags/example_dag_decorator.py
[2022-05-21 18:07:22,811] {processor.py:641} INFO - Processing file /home/ubuntu/.local/lib/python3.10/site-packages/airflow/example_dags/example_dag_decorator.py for tasks to queue
[2022-05-21 18:07:22,812] {logging_mixin.py:115} INFO - [2022-05-21 18:07:22,811] {dagbag.py:507} INFO - Filling up the DagBag from /home/ubuntu/.local/lib/python3.10/site-packages/airflow/example_dags/example_dag_decorator.py
[2022-05-21 18:07:22,834] {processor.py:651} INFO - DAG(s) dict_keys(['example_dag_decorator']) retrieved from /home/ubuntu/.local/lib/python3.10/site-packages/airflow/example_dags/example_dag_decorator.py
[2022-05-21 18:07:22,850] {logging_mixin.py:115} INFO - [2022-05-21 18:07:22,850] {dag.py:2371} INFO - Sync 1 DAGs
[2022-05-21 18:07:22,866] {logging_mixin.py:115} INFO - [2022-05-21 18:07:22,866] {dag.py:2915} INFO - Setting next_dagrun for example_dag_decorator to None, run_after=None
[2022-05-21 18:07:22,879] {processor.py:161} INFO - Processing /home/ubuntu/.local/lib/python3.10/site-packages/airflow/example_dags/example_dag_decorator.py took 0.072 seconds
[2022-05-21 18:07:57,612] {processor.py:153} INFO - Started process (PID=6530) to work on /home/ubuntu/.local/lib/python3.10/site-packages/airflow/example_dags/example_dag_decorator.py
[2022-05-21 18:07:57,613] {processor.py:641} INFO - Processing file /home/ubuntu/.local/lib/python3.10/site-packages/airflow/example_dags/example_dag_decorator.py for tasks to queue
[2022-05-21 18:07:57,613] {logging_mixin.py:115} INFO - [2022-05-21 18:07:57,613] {dagbag.py:507} INFO - Filling up the DagBag from /home/ubuntu/.local/lib/python3.10/site-packages/airflow/example_dags/example_dag_decorator.py
[2022-05-21 18:07:57,636] {processor.py:651} INFO - DAG(s) dict_keys(['example_dag_decorator']) retrieved from /home/ubuntu/.local/lib/python3.10/site-packages/airflow/example_dags/example_dag_decorator.py
[2022-05-21 18:07:57,679] {logging_mixin.py:115} INFO - [2022-05-21 18:07:57,679] {dag.py:2371} INFO - Sync 1 DAGs
[2022-05-21 18:07:57,693] {logging_mixin.py:115} INFO - [2022-05-21 18:07:57,693] {dag.py:2915} INFO - Setting next_dagrun for example_dag_decorator to None, run_after=None
[2022-05-21 18:07:57,707] {processor.py:161} INFO - Processing /home/ubuntu/.local/lib/python3.10/site-packages/airflow/example_dags/example_dag_decorator.py took 0.098 seconds
[2022-05-21 18:08:33,070] {processor.py:153} INFO - Started process (PID=6567) to work on /home/ubuntu/.local/lib/python3.10/site-packages/airflow/example_dags/example_dag_decorator.py
[2022-05-21 18:08:33,071] {processor.py:641} INFO - Processing file /home/ubuntu/.local/lib/python3.10/site-packages/airflow/example_dags/example_dag_decorator.py for tasks to queue
[2022-05-21 18:08:33,071] {logging_mixin.py:115} INFO - [2022-05-21 18:08:33,071] {dagbag.py:507} INFO - Filling up the DagBag from /home/ubuntu/.local/lib/python3.10/site-packages/airflow/example_dags/example_dag_decorator.py
[2022-05-21 18:08:33,094] {processor.py:651} INFO - DAG(s) dict_keys(['example_dag_decorator']) retrieved from /home/ubuntu/.local/lib/python3.10/site-packages/airflow/example_dags/example_dag_decorator.py
[2022-05-21 18:08:33,138] {logging_mixin.py:115} INFO - [2022-05-21 18:08:33,138] {dag.py:2371} INFO - Sync 1 DAGs
[2022-05-21 18:08:33,153] {logging_mixin.py:115} INFO - [2022-05-21 18:08:33,153] {dag.py:2915} INFO - Setting next_dagrun for example_dag_decorator to None, run_after=None
[2022-05-21 18:08:33,168] {processor.py:161} INFO - Processing /home/ubuntu/.local/lib/python3.10/site-packages/airflow/example_dags/example_dag_decorator.py took 0.101 seconds
[2022-05-21 18:09:06,501] {processor.py:153} INFO - Started process (PID=6609) to work on /home/ubuntu/.local/lib/python3.10/site-packages/airflow/example_dags/example_dag_decorator.py
[2022-05-21 18:09:06,502] {processor.py:641} INFO - Processing file /home/ubuntu/.local/lib/python3.10/site-packages/airflow/example_dags/example_dag_decorator.py for tasks to queue
[2022-05-21 18:09:06,503] {logging_mixin.py:115} INFO - [2022-05-21 18:09:06,503] {dagbag.py:507} INFO - Filling up the DagBag from /home/ubuntu/.local/lib/python3.10/site-packages/airflow/example_dags/example_dag_decorator.py
[2022-05-21 18:09:06,526] {processor.py:651} INFO - DAG(s) dict_keys(['example_dag_decorator']) retrieved from /home/ubuntu/.local/lib/python3.10/site-packages/airflow/example_dags/example_dag_decorator.py
[2022-05-21 18:09:06,542] {logging_mixin.py:115} INFO - [2022-05-21 18:09:06,542] {dag.py:2371} INFO - Sync 1 DAGs
[2022-05-21 18:09:06,559] {logging_mixin.py:115} INFO - [2022-05-21 18:09:06,559] {dag.py:2915} INFO - Setting next_dagrun for example_dag_decorator to None, run_after=None
[2022-05-21 18:09:06,573] {processor.py:161} INFO - Processing /home/ubuntu/.local/lib/python3.10/site-packages/airflow/example_dags/example_dag_decorator.py took 0.075 seconds
