[2022-05-21 17:48:09,259] {processor.py:153} INFO - Started process (PID=5184) to work on /home/ubuntu/.local/lib/python3.10/site-packages/airflow/example_dags/example_branch_operator_decorator.py
[2022-05-21 17:48:09,260] {processor.py:641} INFO - Processing file /home/ubuntu/.local/lib/python3.10/site-packages/airflow/example_dags/example_branch_operator_decorator.py for tasks to queue
[2022-05-21 17:48:09,260] {logging_mixin.py:115} INFO - [2022-05-21 17:48:09,260] {dagbag.py:507} INFO - Filling up the DagBag from /home/ubuntu/.local/lib/python3.10/site-packages/airflow/example_dags/example_branch_operator_decorator.py
[2022-05-21 17:48:09,279] {processor.py:651} INFO - DAG(s) dict_keys(['example_branch_python_operator_decorator']) retrieved from /home/ubuntu/.local/lib/python3.10/site-packages/airflow/example_dags/example_branch_operator_decorator.py
[2022-05-21 17:48:09,346] {logging_mixin.py:115} INFO - [2022-05-21 17:48:09,345] {manager.py:508} INFO - Created Permission View: can read on DAG:example_branch_python_operator_decorator
[2022-05-21 17:48:09,357] {logging_mixin.py:115} INFO - [2022-05-21 17:48:09,357] {manager.py:508} INFO - Created Permission View: can delete on DAG:example_branch_python_operator_decorator
[2022-05-21 17:48:09,368] {logging_mixin.py:115} INFO - [2022-05-21 17:48:09,368] {manager.py:508} INFO - Created Permission View: can edit on DAG:example_branch_python_operator_decorator
[2022-05-21 17:48:09,368] {logging_mixin.py:115} INFO - [2022-05-21 17:48:09,368] {dag.py:2371} INFO - Sync 1 DAGs
[2022-05-21 17:48:09,375] {logging_mixin.py:115} INFO - [2022-05-21 17:48:09,375] {dag.py:2390} INFO - Creating ORM DAG for example_branch_python_operator_decorator
[2022-05-21 17:48:09,385] {logging_mixin.py:115} INFO - [2022-05-21 17:48:09,385] {dag.py:2915} INFO - Setting next_dagrun for example_branch_python_operator_decorator to 2022-05-20T00:00:00+00:00, run_after=2022-05-21T00:00:00+00:00
[2022-05-21 17:48:09,402] {processor.py:161} INFO - Processing /home/ubuntu/.local/lib/python3.10/site-packages/airflow/example_dags/example_branch_operator_decorator.py took 0.145 seconds
[2022-05-21 17:48:42,336] {processor.py:153} INFO - Started process (PID=5219) to work on /home/ubuntu/.local/lib/python3.10/site-packages/airflow/example_dags/example_branch_operator_decorator.py
[2022-05-21 17:48:42,337] {processor.py:641} INFO - Processing file /home/ubuntu/.local/lib/python3.10/site-packages/airflow/example_dags/example_branch_operator_decorator.py for tasks to queue
[2022-05-21 17:48:42,337] {logging_mixin.py:115} INFO - [2022-05-21 17:48:42,337] {dagbag.py:507} INFO - Filling up the DagBag from /home/ubuntu/.local/lib/python3.10/site-packages/airflow/example_dags/example_branch_operator_decorator.py
[2022-05-21 17:48:42,355] {processor.py:651} INFO - DAG(s) dict_keys(['example_branch_python_operator_decorator']) retrieved from /home/ubuntu/.local/lib/python3.10/site-packages/airflow/example_dags/example_branch_operator_decorator.py
[2022-05-21 17:48:42,372] {logging_mixin.py:115} INFO - [2022-05-21 17:48:42,372] {dag.py:2371} INFO - Sync 1 DAGs
[2022-05-21 17:48:42,390] {logging_mixin.py:115} INFO - [2022-05-21 17:48:42,389] {dag.py:2915} INFO - Setting next_dagrun for example_branch_python_operator_decorator to 2022-05-20T00:00:00+00:00, run_after=2022-05-21T00:00:00+00:00
[2022-05-21 17:48:42,402] {processor.py:161} INFO - Processing /home/ubuntu/.local/lib/python3.10/site-packages/airflow/example_dags/example_branch_operator_decorator.py took 0.069 seconds
[2022-05-21 17:49:15,502] {processor.py:153} INFO - Started process (PID=5257) to work on /home/ubuntu/.local/lib/python3.10/site-packages/airflow/example_dags/example_branch_operator_decorator.py
[2022-05-21 17:49:15,502] {processor.py:641} INFO - Processing file /home/ubuntu/.local/lib/python3.10/site-packages/airflow/example_dags/example_branch_operator_decorator.py for tasks to queue
[2022-05-21 17:49:15,503] {logging_mixin.py:115} INFO - [2022-05-21 17:49:15,503] {dagbag.py:507} INFO - Filling up the DagBag from /home/ubuntu/.local/lib/python3.10/site-packages/airflow/example_dags/example_branch_operator_decorator.py
[2022-05-21 17:49:15,521] {processor.py:651} INFO - DAG(s) dict_keys(['example_branch_python_operator_decorator']) retrieved from /home/ubuntu/.local/lib/python3.10/site-packages/airflow/example_dags/example_branch_operator_decorator.py
[2022-05-21 17:49:15,538] {logging_mixin.py:115} INFO - [2022-05-21 17:49:15,538] {dag.py:2371} INFO - Sync 1 DAGs
[2022-05-21 17:49:15,556] {logging_mixin.py:115} INFO - [2022-05-21 17:49:15,556] {dag.py:2915} INFO - Setting next_dagrun for example_branch_python_operator_decorator to 2022-05-20T00:00:00+00:00, run_after=2022-05-21T00:00:00+00:00
[2022-05-21 17:49:15,569] {processor.py:161} INFO - Processing /home/ubuntu/.local/lib/python3.10/site-packages/airflow/example_dags/example_branch_operator_decorator.py took 0.070 seconds
[2022-05-21 17:49:51,826] {processor.py:153} INFO - Started process (PID=5298) to work on /home/ubuntu/.local/lib/python3.10/site-packages/airflow/example_dags/example_branch_operator_decorator.py
[2022-05-21 17:49:51,827] {processor.py:641} INFO - Processing file /home/ubuntu/.local/lib/python3.10/site-packages/airflow/example_dags/example_branch_operator_decorator.py for tasks to queue
[2022-05-21 17:49:51,828] {logging_mixin.py:115} INFO - [2022-05-21 17:49:51,828] {dagbag.py:507} INFO - Filling up the DagBag from /home/ubuntu/.local/lib/python3.10/site-packages/airflow/example_dags/example_branch_operator_decorator.py
[2022-05-21 17:49:51,847] {processor.py:651} INFO - DAG(s) dict_keys(['example_branch_python_operator_decorator']) retrieved from /home/ubuntu/.local/lib/python3.10/site-packages/airflow/example_dags/example_branch_operator_decorator.py
[2022-05-21 17:49:51,864] {logging_mixin.py:115} INFO - [2022-05-21 17:49:51,864] {dag.py:2371} INFO - Sync 1 DAGs
[2022-05-21 17:49:51,883] {logging_mixin.py:115} INFO - [2022-05-21 17:49:51,883] {dag.py:2915} INFO - Setting next_dagrun for example_branch_python_operator_decorator to 2022-05-20T00:00:00+00:00, run_after=2022-05-21T00:00:00+00:00
[2022-05-21 17:49:51,897] {processor.py:161} INFO - Processing /home/ubuntu/.local/lib/python3.10/site-packages/airflow/example_dags/example_branch_operator_decorator.py took 0.074 seconds
[2022-05-21 17:50:26,243] {processor.py:153} INFO - Started process (PID=5335) to work on /home/ubuntu/.local/lib/python3.10/site-packages/airflow/example_dags/example_branch_operator_decorator.py
[2022-05-21 17:50:26,244] {processor.py:641} INFO - Processing file /home/ubuntu/.local/lib/python3.10/site-packages/airflow/example_dags/example_branch_operator_decorator.py for tasks to queue
[2022-05-21 17:50:26,245] {logging_mixin.py:115} INFO - [2022-05-21 17:50:26,244] {dagbag.py:507} INFO - Filling up the DagBag from /home/ubuntu/.local/lib/python3.10/site-packages/airflow/example_dags/example_branch_operator_decorator.py
[2022-05-21 17:50:26,263] {processor.py:651} INFO - DAG(s) dict_keys(['example_branch_python_operator_decorator']) retrieved from /home/ubuntu/.local/lib/python3.10/site-packages/airflow/example_dags/example_branch_operator_decorator.py
[2022-05-21 17:50:26,279] {logging_mixin.py:115} INFO - [2022-05-21 17:50:26,279] {dag.py:2371} INFO - Sync 1 DAGs
[2022-05-21 17:50:26,297] {logging_mixin.py:115} INFO - [2022-05-21 17:50:26,297] {dag.py:2915} INFO - Setting next_dagrun for example_branch_python_operator_decorator to 2022-05-20T00:00:00+00:00, run_after=2022-05-21T00:00:00+00:00
[2022-05-21 17:50:26,310] {processor.py:161} INFO - Processing /home/ubuntu/.local/lib/python3.10/site-packages/airflow/example_dags/example_branch_operator_decorator.py took 0.069 seconds
[2022-05-21 17:51:01,253] {processor.py:153} INFO - Started process (PID=5370) to work on /home/ubuntu/.local/lib/python3.10/site-packages/airflow/example_dags/example_branch_operator_decorator.py
[2022-05-21 17:51:01,253] {processor.py:641} INFO - Processing file /home/ubuntu/.local/lib/python3.10/site-packages/airflow/example_dags/example_branch_operator_decorator.py for tasks to queue
[2022-05-21 17:51:01,254] {logging_mixin.py:115} INFO - [2022-05-21 17:51:01,254] {dagbag.py:507} INFO - Filling up the DagBag from /home/ubuntu/.local/lib/python3.10/site-packages/airflow/example_dags/example_branch_operator_decorator.py
[2022-05-21 17:51:01,273] {processor.py:651} INFO - DAG(s) dict_keys(['example_branch_python_operator_decorator']) retrieved from /home/ubuntu/.local/lib/python3.10/site-packages/airflow/example_dags/example_branch_operator_decorator.py
[2022-05-21 17:51:01,290] {logging_mixin.py:115} INFO - [2022-05-21 17:51:01,289] {dag.py:2371} INFO - Sync 1 DAGs
[2022-05-21 17:51:01,309] {logging_mixin.py:115} INFO - [2022-05-21 17:51:01,309] {dag.py:2915} INFO - Setting next_dagrun for example_branch_python_operator_decorator to 2022-05-20T00:00:00+00:00, run_after=2022-05-21T00:00:00+00:00
[2022-05-21 17:51:01,323] {processor.py:161} INFO - Processing /home/ubuntu/.local/lib/python3.10/site-packages/airflow/example_dags/example_branch_operator_decorator.py took 0.074 seconds
[2022-05-21 17:51:36,214] {processor.py:153} INFO - Started process (PID=5407) to work on /home/ubuntu/.local/lib/python3.10/site-packages/airflow/example_dags/example_branch_operator_decorator.py
[2022-05-21 17:51:36,215] {processor.py:641} INFO - Processing file /home/ubuntu/.local/lib/python3.10/site-packages/airflow/example_dags/example_branch_operator_decorator.py for tasks to queue
[2022-05-21 17:51:36,216] {logging_mixin.py:115} INFO - [2022-05-21 17:51:36,216] {dagbag.py:507} INFO - Filling up the DagBag from /home/ubuntu/.local/lib/python3.10/site-packages/airflow/example_dags/example_branch_operator_decorator.py
[2022-05-21 17:51:36,235] {processor.py:651} INFO - DAG(s) dict_keys(['example_branch_python_operator_decorator']) retrieved from /home/ubuntu/.local/lib/python3.10/site-packages/airflow/example_dags/example_branch_operator_decorator.py
[2022-05-21 17:51:36,252] {logging_mixin.py:115} INFO - [2022-05-21 17:51:36,251] {dag.py:2371} INFO - Sync 1 DAGs
[2022-05-21 17:51:36,270] {logging_mixin.py:115} INFO - [2022-05-21 17:51:36,270] {dag.py:2915} INFO - Setting next_dagrun for example_branch_python_operator_decorator to 2022-05-20T00:00:00+00:00, run_after=2022-05-21T00:00:00+00:00
[2022-05-21 17:51:36,284] {processor.py:161} INFO - Processing /home/ubuntu/.local/lib/python3.10/site-packages/airflow/example_dags/example_branch_operator_decorator.py took 0.072 seconds
[2022-05-21 17:52:12,544] {processor.py:153} INFO - Started process (PID=5443) to work on /home/ubuntu/.local/lib/python3.10/site-packages/airflow/example_dags/example_branch_operator_decorator.py
[2022-05-21 17:52:12,545] {processor.py:641} INFO - Processing file /home/ubuntu/.local/lib/python3.10/site-packages/airflow/example_dags/example_branch_operator_decorator.py for tasks to queue
[2022-05-21 17:52:12,546] {logging_mixin.py:115} INFO - [2022-05-21 17:52:12,546] {dagbag.py:507} INFO - Filling up the DagBag from /home/ubuntu/.local/lib/python3.10/site-packages/airflow/example_dags/example_branch_operator_decorator.py
[2022-05-21 17:52:12,564] {processor.py:651} INFO - DAG(s) dict_keys(['example_branch_python_operator_decorator']) retrieved from /home/ubuntu/.local/lib/python3.10/site-packages/airflow/example_dags/example_branch_operator_decorator.py
[2022-05-21 17:52:12,581] {logging_mixin.py:115} INFO - [2022-05-21 17:52:12,581] {dag.py:2371} INFO - Sync 1 DAGs
[2022-05-21 17:52:12,599] {logging_mixin.py:115} INFO - [2022-05-21 17:52:12,599] {dag.py:2915} INFO - Setting next_dagrun for example_branch_python_operator_decorator to 2022-05-20T00:00:00+00:00, run_after=2022-05-21T00:00:00+00:00
[2022-05-21 17:52:12,613] {processor.py:161} INFO - Processing /home/ubuntu/.local/lib/python3.10/site-packages/airflow/example_dags/example_branch_operator_decorator.py took 0.071 seconds
[2022-05-21 17:52:47,415] {processor.py:153} INFO - Started process (PID=5479) to work on /home/ubuntu/.local/lib/python3.10/site-packages/airflow/example_dags/example_branch_operator_decorator.py
[2022-05-21 17:52:47,416] {processor.py:641} INFO - Processing file /home/ubuntu/.local/lib/python3.10/site-packages/airflow/example_dags/example_branch_operator_decorator.py for tasks to queue
[2022-05-21 17:52:47,417] {logging_mixin.py:115} INFO - [2022-05-21 17:52:47,417] {dagbag.py:507} INFO - Filling up the DagBag from /home/ubuntu/.local/lib/python3.10/site-packages/airflow/example_dags/example_branch_operator_decorator.py
[2022-05-21 17:52:47,436] {processor.py:651} INFO - DAG(s) dict_keys(['example_branch_python_operator_decorator']) retrieved from /home/ubuntu/.local/lib/python3.10/site-packages/airflow/example_dags/example_branch_operator_decorator.py
[2022-05-21 17:52:47,452] {logging_mixin.py:115} INFO - [2022-05-21 17:52:47,452] {dag.py:2371} INFO - Sync 1 DAGs
[2022-05-21 17:52:47,471] {logging_mixin.py:115} INFO - [2022-05-21 17:52:47,471] {dag.py:2915} INFO - Setting next_dagrun for example_branch_python_operator_decorator to 2022-05-20T00:00:00+00:00, run_after=2022-05-21T00:00:00+00:00
[2022-05-21 17:52:47,485] {processor.py:161} INFO - Processing /home/ubuntu/.local/lib/python3.10/site-packages/airflow/example_dags/example_branch_operator_decorator.py took 0.073 seconds
[2022-05-21 17:53:18,866] {processor.py:153} INFO - Started process (PID=5513) to work on /home/ubuntu/.local/lib/python3.10/site-packages/airflow/example_dags/example_branch_operator_decorator.py
[2022-05-21 17:53:18,867] {processor.py:641} INFO - Processing file /home/ubuntu/.local/lib/python3.10/site-packages/airflow/example_dags/example_branch_operator_decorator.py for tasks to queue
[2022-05-21 17:53:18,867] {logging_mixin.py:115} INFO - [2022-05-21 17:53:18,867] {dagbag.py:507} INFO - Filling up the DagBag from /home/ubuntu/.local/lib/python3.10/site-packages/airflow/example_dags/example_branch_operator_decorator.py
[2022-05-21 17:53:18,886] {processor.py:651} INFO - DAG(s) dict_keys(['example_branch_python_operator_decorator']) retrieved from /home/ubuntu/.local/lib/python3.10/site-packages/airflow/example_dags/example_branch_operator_decorator.py
[2022-05-21 17:53:18,903] {logging_mixin.py:115} INFO - [2022-05-21 17:53:18,903] {dag.py:2371} INFO - Sync 1 DAGs
[2022-05-21 17:53:18,921] {logging_mixin.py:115} INFO - [2022-05-21 17:53:18,921] {dag.py:2915} INFO - Setting next_dagrun for example_branch_python_operator_decorator to 2022-05-20T00:00:00+00:00, run_after=2022-05-21T00:00:00+00:00
[2022-05-21 17:53:18,935] {processor.py:161} INFO - Processing /home/ubuntu/.local/lib/python3.10/site-packages/airflow/example_dags/example_branch_operator_decorator.py took 0.072 seconds
[2022-05-21 17:53:53,121] {processor.py:153} INFO - Started process (PID=5561) to work on /home/ubuntu/.local/lib/python3.10/site-packages/airflow/example_dags/example_branch_operator_decorator.py
[2022-05-21 17:53:53,122] {processor.py:641} INFO - Processing file /home/ubuntu/.local/lib/python3.10/site-packages/airflow/example_dags/example_branch_operator_decorator.py for tasks to queue
[2022-05-21 17:53:53,123] {logging_mixin.py:115} INFO - [2022-05-21 17:53:53,123] {dagbag.py:507} INFO - Filling up the DagBag from /home/ubuntu/.local/lib/python3.10/site-packages/airflow/example_dags/example_branch_operator_decorator.py
[2022-05-21 17:53:53,141] {processor.py:651} INFO - DAG(s) dict_keys(['example_branch_python_operator_decorator']) retrieved from /home/ubuntu/.local/lib/python3.10/site-packages/airflow/example_dags/example_branch_operator_decorator.py
[2022-05-21 17:53:53,157] {logging_mixin.py:115} INFO - [2022-05-21 17:53:53,157] {dag.py:2371} INFO - Sync 1 DAGs
[2022-05-21 17:53:53,175] {logging_mixin.py:115} INFO - [2022-05-21 17:53:53,175] {dag.py:2915} INFO - Setting next_dagrun for example_branch_python_operator_decorator to 2022-05-20T00:00:00+00:00, run_after=2022-05-21T00:00:00+00:00
[2022-05-21 17:53:53,188] {processor.py:161} INFO - Processing /home/ubuntu/.local/lib/python3.10/site-packages/airflow/example_dags/example_branch_operator_decorator.py took 0.070 seconds
[2022-05-21 17:54:26,960] {processor.py:153} INFO - Started process (PID=5599) to work on /home/ubuntu/.local/lib/python3.10/site-packages/airflow/example_dags/example_branch_operator_decorator.py
[2022-05-21 17:54:26,961] {processor.py:641} INFO - Processing file /home/ubuntu/.local/lib/python3.10/site-packages/airflow/example_dags/example_branch_operator_decorator.py for tasks to queue
[2022-05-21 17:54:26,962] {logging_mixin.py:115} INFO - [2022-05-21 17:54:26,962] {dagbag.py:507} INFO - Filling up the DagBag from /home/ubuntu/.local/lib/python3.10/site-packages/airflow/example_dags/example_branch_operator_decorator.py
[2022-05-21 17:54:26,980] {processor.py:651} INFO - DAG(s) dict_keys(['example_branch_python_operator_decorator']) retrieved from /home/ubuntu/.local/lib/python3.10/site-packages/airflow/example_dags/example_branch_operator_decorator.py
[2022-05-21 17:54:26,996] {logging_mixin.py:115} INFO - [2022-05-21 17:54:26,996] {dag.py:2371} INFO - Sync 1 DAGs
[2022-05-21 17:54:27,015] {logging_mixin.py:115} INFO - [2022-05-21 17:54:27,014] {dag.py:2915} INFO - Setting next_dagrun for example_branch_python_operator_decorator to 2022-05-20T00:00:00+00:00, run_after=2022-05-21T00:00:00+00:00
[2022-05-21 17:54:27,029] {processor.py:161} INFO - Processing /home/ubuntu/.local/lib/python3.10/site-packages/airflow/example_dags/example_branch_operator_decorator.py took 0.071 seconds
[2022-05-21 17:55:04,614] {processor.py:153} INFO - Started process (PID=5636) to work on /home/ubuntu/.local/lib/python3.10/site-packages/airflow/example_dags/example_branch_operator_decorator.py
[2022-05-21 17:55:04,615] {processor.py:641} INFO - Processing file /home/ubuntu/.local/lib/python3.10/site-packages/airflow/example_dags/example_branch_operator_decorator.py for tasks to queue
[2022-05-21 17:55:04,615] {logging_mixin.py:115} INFO - [2022-05-21 17:55:04,615] {dagbag.py:507} INFO - Filling up the DagBag from /home/ubuntu/.local/lib/python3.10/site-packages/airflow/example_dags/example_branch_operator_decorator.py
[2022-05-21 17:55:04,634] {processor.py:651} INFO - DAG(s) dict_keys(['example_branch_python_operator_decorator']) retrieved from /home/ubuntu/.local/lib/python3.10/site-packages/airflow/example_dags/example_branch_operator_decorator.py
[2022-05-21 17:55:04,650] {logging_mixin.py:115} INFO - [2022-05-21 17:55:04,650] {dag.py:2371} INFO - Sync 1 DAGs
[2022-05-21 17:55:04,668] {logging_mixin.py:115} INFO - [2022-05-21 17:55:04,668] {dag.py:2915} INFO - Setting next_dagrun for example_branch_python_operator_decorator to 2022-05-20T00:00:00+00:00, run_after=2022-05-21T00:00:00+00:00
[2022-05-21 17:55:04,682] {processor.py:161} INFO - Processing /home/ubuntu/.local/lib/python3.10/site-packages/airflow/example_dags/example_branch_operator_decorator.py took 0.071 seconds
[2022-05-21 17:55:38,873] {processor.py:153} INFO - Started process (PID=5675) to work on /home/ubuntu/.local/lib/python3.10/site-packages/airflow/example_dags/example_branch_operator_decorator.py
[2022-05-21 17:55:38,874] {processor.py:641} INFO - Processing file /home/ubuntu/.local/lib/python3.10/site-packages/airflow/example_dags/example_branch_operator_decorator.py for tasks to queue
[2022-05-21 17:55:38,874] {logging_mixin.py:115} INFO - [2022-05-21 17:55:38,874] {dagbag.py:507} INFO - Filling up the DagBag from /home/ubuntu/.local/lib/python3.10/site-packages/airflow/example_dags/example_branch_operator_decorator.py
[2022-05-21 17:55:38,892] {processor.py:651} INFO - DAG(s) dict_keys(['example_branch_python_operator_decorator']) retrieved from /home/ubuntu/.local/lib/python3.10/site-packages/airflow/example_dags/example_branch_operator_decorator.py
[2022-05-21 17:55:38,908] {logging_mixin.py:115} INFO - [2022-05-21 17:55:38,908] {dag.py:2371} INFO - Sync 1 DAGs
[2022-05-21 17:55:38,926] {logging_mixin.py:115} INFO - [2022-05-21 17:55:38,926] {dag.py:2915} INFO - Setting next_dagrun for example_branch_python_operator_decorator to 2022-05-20T00:00:00+00:00, run_after=2022-05-21T00:00:00+00:00
[2022-05-21 17:55:38,940] {processor.py:161} INFO - Processing /home/ubuntu/.local/lib/python3.10/site-packages/airflow/example_dags/example_branch_operator_decorator.py took 0.070 seconds
[2022-05-21 17:56:12,187] {processor.py:153} INFO - Started process (PID=5712) to work on /home/ubuntu/.local/lib/python3.10/site-packages/airflow/example_dags/example_branch_operator_decorator.py
[2022-05-21 17:56:12,189] {processor.py:641} INFO - Processing file /home/ubuntu/.local/lib/python3.10/site-packages/airflow/example_dags/example_branch_operator_decorator.py for tasks to queue
[2022-05-21 17:56:12,189] {logging_mixin.py:115} INFO - [2022-05-21 17:56:12,189] {dagbag.py:507} INFO - Filling up the DagBag from /home/ubuntu/.local/lib/python3.10/site-packages/airflow/example_dags/example_branch_operator_decorator.py
[2022-05-21 17:56:12,208] {processor.py:651} INFO - DAG(s) dict_keys(['example_branch_python_operator_decorator']) retrieved from /home/ubuntu/.local/lib/python3.10/site-packages/airflow/example_dags/example_branch_operator_decorator.py
[2022-05-21 17:56:12,225] {logging_mixin.py:115} INFO - [2022-05-21 17:56:12,225] {dag.py:2371} INFO - Sync 1 DAGs
[2022-05-21 17:56:12,243] {logging_mixin.py:115} INFO - [2022-05-21 17:56:12,243] {dag.py:2915} INFO - Setting next_dagrun for example_branch_python_operator_decorator to 2022-05-20T00:00:00+00:00, run_after=2022-05-21T00:00:00+00:00
[2022-05-21 17:56:12,259] {processor.py:161} INFO - Processing /home/ubuntu/.local/lib/python3.10/site-packages/airflow/example_dags/example_branch_operator_decorator.py took 0.075 seconds
[2022-05-21 17:56:45,694] {processor.py:153} INFO - Started process (PID=5748) to work on /home/ubuntu/.local/lib/python3.10/site-packages/airflow/example_dags/example_branch_operator_decorator.py
[2022-05-21 17:56:45,694] {processor.py:641} INFO - Processing file /home/ubuntu/.local/lib/python3.10/site-packages/airflow/example_dags/example_branch_operator_decorator.py for tasks to queue
[2022-05-21 17:56:45,695] {logging_mixin.py:115} INFO - [2022-05-21 17:56:45,695] {dagbag.py:507} INFO - Filling up the DagBag from /home/ubuntu/.local/lib/python3.10/site-packages/airflow/example_dags/example_branch_operator_decorator.py
[2022-05-21 17:56:45,713] {processor.py:651} INFO - DAG(s) dict_keys(['example_branch_python_operator_decorator']) retrieved from /home/ubuntu/.local/lib/python3.10/site-packages/airflow/example_dags/example_branch_operator_decorator.py
[2022-05-21 17:56:45,729] {logging_mixin.py:115} INFO - [2022-05-21 17:56:45,729] {dag.py:2371} INFO - Sync 1 DAGs
[2022-05-21 17:56:45,746] {logging_mixin.py:115} INFO - [2022-05-21 17:56:45,746] {dag.py:2915} INFO - Setting next_dagrun for example_branch_python_operator_decorator to 2022-05-20T00:00:00+00:00, run_after=2022-05-21T00:00:00+00:00
[2022-05-21 17:56:45,761] {processor.py:161} INFO - Processing /home/ubuntu/.local/lib/python3.10/site-packages/airflow/example_dags/example_branch_operator_decorator.py took 0.070 seconds
[2022-05-21 17:57:20,564] {processor.py:153} INFO - Started process (PID=5786) to work on /home/ubuntu/.local/lib/python3.10/site-packages/airflow/example_dags/example_branch_operator_decorator.py
[2022-05-21 17:57:20,565] {processor.py:641} INFO - Processing file /home/ubuntu/.local/lib/python3.10/site-packages/airflow/example_dags/example_branch_operator_decorator.py for tasks to queue
[2022-05-21 17:57:20,565] {logging_mixin.py:115} INFO - [2022-05-21 17:57:20,565] {dagbag.py:507} INFO - Filling up the DagBag from /home/ubuntu/.local/lib/python3.10/site-packages/airflow/example_dags/example_branch_operator_decorator.py
[2022-05-21 17:57:20,584] {processor.py:651} INFO - DAG(s) dict_keys(['example_branch_python_operator_decorator']) retrieved from /home/ubuntu/.local/lib/python3.10/site-packages/airflow/example_dags/example_branch_operator_decorator.py
[2022-05-21 17:57:20,600] {logging_mixin.py:115} INFO - [2022-05-21 17:57:20,600] {dag.py:2371} INFO - Sync 1 DAGs
[2022-05-21 17:57:20,618] {logging_mixin.py:115} INFO - [2022-05-21 17:57:20,618] {dag.py:2915} INFO - Setting next_dagrun for example_branch_python_operator_decorator to 2022-05-20T00:00:00+00:00, run_after=2022-05-21T00:00:00+00:00
[2022-05-21 17:57:20,631] {processor.py:161} INFO - Processing /home/ubuntu/.local/lib/python3.10/site-packages/airflow/example_dags/example_branch_operator_decorator.py took 0.070 seconds
[2022-05-21 17:57:56,922] {processor.py:153} INFO - Started process (PID=5830) to work on /home/ubuntu/.local/lib/python3.10/site-packages/airflow/example_dags/example_branch_operator_decorator.py
[2022-05-21 17:57:56,923] {processor.py:641} INFO - Processing file /home/ubuntu/.local/lib/python3.10/site-packages/airflow/example_dags/example_branch_operator_decorator.py for tasks to queue
[2022-05-21 17:57:56,924] {logging_mixin.py:115} INFO - [2022-05-21 17:57:56,924] {dagbag.py:507} INFO - Filling up the DagBag from /home/ubuntu/.local/lib/python3.10/site-packages/airflow/example_dags/example_branch_operator_decorator.py
[2022-05-21 17:57:56,942] {processor.py:651} INFO - DAG(s) dict_keys(['example_branch_python_operator_decorator']) retrieved from /home/ubuntu/.local/lib/python3.10/site-packages/airflow/example_dags/example_branch_operator_decorator.py
[2022-05-21 17:57:56,958] {logging_mixin.py:115} INFO - [2022-05-21 17:57:56,958] {dag.py:2371} INFO - Sync 1 DAGs
[2022-05-21 17:57:56,976] {logging_mixin.py:115} INFO - [2022-05-21 17:57:56,976] {dag.py:2915} INFO - Setting next_dagrun for example_branch_python_operator_decorator to 2022-05-20T00:00:00+00:00, run_after=2022-05-21T00:00:00+00:00
[2022-05-21 17:57:56,989] {processor.py:161} INFO - Processing /home/ubuntu/.local/lib/python3.10/site-packages/airflow/example_dags/example_branch_operator_decorator.py took 0.070 seconds
[2022-05-21 17:58:29,075] {processor.py:153} INFO - Started process (PID=5869) to work on /home/ubuntu/.local/lib/python3.10/site-packages/airflow/example_dags/example_branch_operator_decorator.py
[2022-05-21 17:58:29,076] {processor.py:641} INFO - Processing file /home/ubuntu/.local/lib/python3.10/site-packages/airflow/example_dags/example_branch_operator_decorator.py for tasks to queue
[2022-05-21 17:58:29,076] {logging_mixin.py:115} INFO - [2022-05-21 17:58:29,076] {dagbag.py:507} INFO - Filling up the DagBag from /home/ubuntu/.local/lib/python3.10/site-packages/airflow/example_dags/example_branch_operator_decorator.py
[2022-05-21 17:58:29,094] {processor.py:651} INFO - DAG(s) dict_keys(['example_branch_python_operator_decorator']) retrieved from /home/ubuntu/.local/lib/python3.10/site-packages/airflow/example_dags/example_branch_operator_decorator.py
[2022-05-21 17:58:29,111] {logging_mixin.py:115} INFO - [2022-05-21 17:58:29,111] {dag.py:2371} INFO - Sync 1 DAGs
[2022-05-21 17:58:29,129] {logging_mixin.py:115} INFO - [2022-05-21 17:58:29,129] {dag.py:2915} INFO - Setting next_dagrun for example_branch_python_operator_decorator to 2022-05-20T00:00:00+00:00, run_after=2022-05-21T00:00:00+00:00
[2022-05-21 17:58:29,142] {processor.py:161} INFO - Processing /home/ubuntu/.local/lib/python3.10/site-packages/airflow/example_dags/example_branch_operator_decorator.py took 0.070 seconds
[2022-05-21 17:59:04,457] {processor.py:153} INFO - Started process (PID=5908) to work on /home/ubuntu/.local/lib/python3.10/site-packages/airflow/example_dags/example_branch_operator_decorator.py
[2022-05-21 17:59:04,458] {processor.py:641} INFO - Processing file /home/ubuntu/.local/lib/python3.10/site-packages/airflow/example_dags/example_branch_operator_decorator.py for tasks to queue
[2022-05-21 17:59:04,458] {logging_mixin.py:115} INFO - [2022-05-21 17:59:04,458] {dagbag.py:507} INFO - Filling up the DagBag from /home/ubuntu/.local/lib/python3.10/site-packages/airflow/example_dags/example_branch_operator_decorator.py
[2022-05-21 17:59:04,477] {processor.py:651} INFO - DAG(s) dict_keys(['example_branch_python_operator_decorator']) retrieved from /home/ubuntu/.local/lib/python3.10/site-packages/airflow/example_dags/example_branch_operator_decorator.py
[2022-05-21 17:59:04,494] {logging_mixin.py:115} INFO - [2022-05-21 17:59:04,494] {dag.py:2371} INFO - Sync 1 DAGs
[2022-05-21 17:59:04,513] {logging_mixin.py:115} INFO - [2022-05-21 17:59:04,513] {dag.py:2915} INFO - Setting next_dagrun for example_branch_python_operator_decorator to 2022-05-20T00:00:00+00:00, run_after=2022-05-21T00:00:00+00:00
[2022-05-21 17:59:04,550] {processor.py:161} INFO - Processing /home/ubuntu/.local/lib/python3.10/site-packages/airflow/example_dags/example_branch_operator_decorator.py took 0.096 seconds
[2022-05-21 17:59:43,761] {processor.py:153} INFO - Started process (PID=5954) to work on /home/ubuntu/.local/lib/python3.10/site-packages/airflow/example_dags/example_branch_operator_decorator.py
[2022-05-21 17:59:43,762] {processor.py:641} INFO - Processing file /home/ubuntu/.local/lib/python3.10/site-packages/airflow/example_dags/example_branch_operator_decorator.py for tasks to queue
[2022-05-21 17:59:43,762] {logging_mixin.py:115} INFO - [2022-05-21 17:59:43,762] {dagbag.py:507} INFO - Filling up the DagBag from /home/ubuntu/.local/lib/python3.10/site-packages/airflow/example_dags/example_branch_operator_decorator.py
[2022-05-21 17:59:43,781] {processor.py:651} INFO - DAG(s) dict_keys(['example_branch_python_operator_decorator']) retrieved from /home/ubuntu/.local/lib/python3.10/site-packages/airflow/example_dags/example_branch_operator_decorator.py
[2022-05-21 17:59:43,797] {logging_mixin.py:115} INFO - [2022-05-21 17:59:43,797] {dag.py:2371} INFO - Sync 1 DAGs
[2022-05-21 17:59:43,815] {logging_mixin.py:115} INFO - [2022-05-21 17:59:43,815] {dag.py:2915} INFO - Setting next_dagrun for example_branch_python_operator_decorator to 2022-05-20T00:00:00+00:00, run_after=2022-05-21T00:00:00+00:00
[2022-05-21 17:59:43,828] {processor.py:161} INFO - Processing /home/ubuntu/.local/lib/python3.10/site-packages/airflow/example_dags/example_branch_operator_decorator.py took 0.070 seconds
[2022-05-21 18:00:17,494] {processor.py:153} INFO - Started process (PID=5991) to work on /home/ubuntu/.local/lib/python3.10/site-packages/airflow/example_dags/example_branch_operator_decorator.py
[2022-05-21 18:00:17,495] {processor.py:641} INFO - Processing file /home/ubuntu/.local/lib/python3.10/site-packages/airflow/example_dags/example_branch_operator_decorator.py for tasks to queue
[2022-05-21 18:00:17,495] {logging_mixin.py:115} INFO - [2022-05-21 18:00:17,495] {dagbag.py:507} INFO - Filling up the DagBag from /home/ubuntu/.local/lib/python3.10/site-packages/airflow/example_dags/example_branch_operator_decorator.py
[2022-05-21 18:00:17,514] {processor.py:651} INFO - DAG(s) dict_keys(['example_branch_python_operator_decorator']) retrieved from /home/ubuntu/.local/lib/python3.10/site-packages/airflow/example_dags/example_branch_operator_decorator.py
[2022-05-21 18:00:17,531] {logging_mixin.py:115} INFO - [2022-05-21 18:00:17,531] {dag.py:2371} INFO - Sync 1 DAGs
[2022-05-21 18:00:17,550] {logging_mixin.py:115} INFO - [2022-05-21 18:00:17,550] {dag.py:2915} INFO - Setting next_dagrun for example_branch_python_operator_decorator to 2022-05-20T00:00:00+00:00, run_after=2022-05-21T00:00:00+00:00
[2022-05-21 18:00:17,564] {processor.py:161} INFO - Processing /home/ubuntu/.local/lib/python3.10/site-packages/airflow/example_dags/example_branch_operator_decorator.py took 0.073 seconds
[2022-05-21 18:00:52,281] {processor.py:153} INFO - Started process (PID=6031) to work on /home/ubuntu/.local/lib/python3.10/site-packages/airflow/example_dags/example_branch_operator_decorator.py
[2022-05-21 18:00:52,281] {processor.py:641} INFO - Processing file /home/ubuntu/.local/lib/python3.10/site-packages/airflow/example_dags/example_branch_operator_decorator.py for tasks to queue
[2022-05-21 18:00:52,282] {logging_mixin.py:115} INFO - [2022-05-21 18:00:52,281] {dagbag.py:507} INFO - Filling up the DagBag from /home/ubuntu/.local/lib/python3.10/site-packages/airflow/example_dags/example_branch_operator_decorator.py
[2022-05-21 18:00:52,300] {processor.py:651} INFO - DAG(s) dict_keys(['example_branch_python_operator_decorator']) retrieved from /home/ubuntu/.local/lib/python3.10/site-packages/airflow/example_dags/example_branch_operator_decorator.py
[2022-05-21 18:00:52,317] {logging_mixin.py:115} INFO - [2022-05-21 18:00:52,317] {dag.py:2371} INFO - Sync 1 DAGs
[2022-05-21 18:00:52,336] {logging_mixin.py:115} INFO - [2022-05-21 18:00:52,336] {dag.py:2915} INFO - Setting next_dagrun for example_branch_python_operator_decorator to 2022-05-20T00:00:00+00:00, run_after=2022-05-21T00:00:00+00:00
[2022-05-21 18:00:52,350] {processor.py:161} INFO - Processing /home/ubuntu/.local/lib/python3.10/site-packages/airflow/example_dags/example_branch_operator_decorator.py took 0.072 seconds
[2022-05-21 18:01:23,135] {processor.py:153} INFO - Started process (PID=6074) to work on /home/ubuntu/.local/lib/python3.10/site-packages/airflow/example_dags/example_branch_operator_decorator.py
[2022-05-21 18:01:23,136] {processor.py:641} INFO - Processing file /home/ubuntu/.local/lib/python3.10/site-packages/airflow/example_dags/example_branch_operator_decorator.py for tasks to queue
[2022-05-21 18:01:23,136] {logging_mixin.py:115} INFO - [2022-05-21 18:01:23,136] {dagbag.py:507} INFO - Filling up the DagBag from /home/ubuntu/.local/lib/python3.10/site-packages/airflow/example_dags/example_branch_operator_decorator.py
[2022-05-21 18:01:23,155] {processor.py:651} INFO - DAG(s) dict_keys(['example_branch_python_operator_decorator']) retrieved from /home/ubuntu/.local/lib/python3.10/site-packages/airflow/example_dags/example_branch_operator_decorator.py
[2022-05-21 18:01:23,171] {logging_mixin.py:115} INFO - [2022-05-21 18:01:23,171] {dag.py:2371} INFO - Sync 1 DAGs
[2022-05-21 18:01:23,189] {logging_mixin.py:115} INFO - [2022-05-21 18:01:23,189] {dag.py:2915} INFO - Setting next_dagrun for example_branch_python_operator_decorator to 2022-05-20T00:00:00+00:00, run_after=2022-05-21T00:00:00+00:00
[2022-05-21 18:01:23,202] {processor.py:161} INFO - Processing /home/ubuntu/.local/lib/python3.10/site-packages/airflow/example_dags/example_branch_operator_decorator.py took 0.070 seconds
[2022-05-21 18:01:59,124] {processor.py:153} INFO - Started process (PID=6110) to work on /home/ubuntu/.local/lib/python3.10/site-packages/airflow/example_dags/example_branch_operator_decorator.py
[2022-05-21 18:01:59,125] {processor.py:641} INFO - Processing file /home/ubuntu/.local/lib/python3.10/site-packages/airflow/example_dags/example_branch_operator_decorator.py for tasks to queue
[2022-05-21 18:01:59,125] {logging_mixin.py:115} INFO - [2022-05-21 18:01:59,125] {dagbag.py:507} INFO - Filling up the DagBag from /home/ubuntu/.local/lib/python3.10/site-packages/airflow/example_dags/example_branch_operator_decorator.py
[2022-05-21 18:01:59,144] {processor.py:651} INFO - DAG(s) dict_keys(['example_branch_python_operator_decorator']) retrieved from /home/ubuntu/.local/lib/python3.10/site-packages/airflow/example_dags/example_branch_operator_decorator.py
[2022-05-21 18:01:59,161] {logging_mixin.py:115} INFO - [2022-05-21 18:01:59,160] {dag.py:2371} INFO - Sync 1 DAGs
[2022-05-21 18:01:59,179] {logging_mixin.py:115} INFO - [2022-05-21 18:01:59,179] {dag.py:2915} INFO - Setting next_dagrun for example_branch_python_operator_decorator to 2022-05-20T00:00:00+00:00, run_after=2022-05-21T00:00:00+00:00
[2022-05-21 18:01:59,194] {processor.py:161} INFO - Processing /home/ubuntu/.local/lib/python3.10/site-packages/airflow/example_dags/example_branch_operator_decorator.py took 0.073 seconds
[2022-05-21 18:02:32,219] {processor.py:153} INFO - Started process (PID=6146) to work on /home/ubuntu/.local/lib/python3.10/site-packages/airflow/example_dags/example_branch_operator_decorator.py
[2022-05-21 18:02:32,220] {processor.py:641} INFO - Processing file /home/ubuntu/.local/lib/python3.10/site-packages/airflow/example_dags/example_branch_operator_decorator.py for tasks to queue
[2022-05-21 18:02:32,220] {logging_mixin.py:115} INFO - [2022-05-21 18:02:32,220] {dagbag.py:507} INFO - Filling up the DagBag from /home/ubuntu/.local/lib/python3.10/site-packages/airflow/example_dags/example_branch_operator_decorator.py
[2022-05-21 18:02:32,239] {processor.py:651} INFO - DAG(s) dict_keys(['example_branch_python_operator_decorator']) retrieved from /home/ubuntu/.local/lib/python3.10/site-packages/airflow/example_dags/example_branch_operator_decorator.py
[2022-05-21 18:02:32,255] {logging_mixin.py:115} INFO - [2022-05-21 18:02:32,255] {dag.py:2371} INFO - Sync 1 DAGs
[2022-05-21 18:02:32,273] {logging_mixin.py:115} INFO - [2022-05-21 18:02:32,273] {dag.py:2915} INFO - Setting next_dagrun for example_branch_python_operator_decorator to 2022-05-20T00:00:00+00:00, run_after=2022-05-21T00:00:00+00:00
[2022-05-21 18:02:32,286] {processor.py:161} INFO - Processing /home/ubuntu/.local/lib/python3.10/site-packages/airflow/example_dags/example_branch_operator_decorator.py took 0.071 seconds
[2022-05-21 18:03:09,300] {processor.py:153} INFO - Started process (PID=6184) to work on /home/ubuntu/.local/lib/python3.10/site-packages/airflow/example_dags/example_branch_operator_decorator.py
[2022-05-21 18:03:09,301] {processor.py:641} INFO - Processing file /home/ubuntu/.local/lib/python3.10/site-packages/airflow/example_dags/example_branch_operator_decorator.py for tasks to queue
[2022-05-21 18:03:09,302] {logging_mixin.py:115} INFO - [2022-05-21 18:03:09,302] {dagbag.py:507} INFO - Filling up the DagBag from /home/ubuntu/.local/lib/python3.10/site-packages/airflow/example_dags/example_branch_operator_decorator.py
[2022-05-21 18:03:09,320] {processor.py:651} INFO - DAG(s) dict_keys(['example_branch_python_operator_decorator']) retrieved from /home/ubuntu/.local/lib/python3.10/site-packages/airflow/example_dags/example_branch_operator_decorator.py
[2022-05-21 18:03:09,337] {logging_mixin.py:115} INFO - [2022-05-21 18:03:09,337] {dag.py:2371} INFO - Sync 1 DAGs
[2022-05-21 18:03:09,355] {logging_mixin.py:115} INFO - [2022-05-21 18:03:09,355] {dag.py:2915} INFO - Setting next_dagrun for example_branch_python_operator_decorator to 2022-05-20T00:00:00+00:00, run_after=2022-05-21T00:00:00+00:00
[2022-05-21 18:03:09,370] {processor.py:161} INFO - Processing /home/ubuntu/.local/lib/python3.10/site-packages/airflow/example_dags/example_branch_operator_decorator.py took 0.073 seconds
[2022-05-21 18:03:42,254] {processor.py:153} INFO - Started process (PID=6226) to work on /home/ubuntu/.local/lib/python3.10/site-packages/airflow/example_dags/example_branch_operator_decorator.py
[2022-05-21 18:03:42,255] {processor.py:641} INFO - Processing file /home/ubuntu/.local/lib/python3.10/site-packages/airflow/example_dags/example_branch_operator_decorator.py for tasks to queue
[2022-05-21 18:03:42,255] {logging_mixin.py:115} INFO - [2022-05-21 18:03:42,255] {dagbag.py:507} INFO - Filling up the DagBag from /home/ubuntu/.local/lib/python3.10/site-packages/airflow/example_dags/example_branch_operator_decorator.py
[2022-05-21 18:03:42,274] {processor.py:651} INFO - DAG(s) dict_keys(['example_branch_python_operator_decorator']) retrieved from /home/ubuntu/.local/lib/python3.10/site-packages/airflow/example_dags/example_branch_operator_decorator.py
[2022-05-21 18:03:42,290] {logging_mixin.py:115} INFO - [2022-05-21 18:03:42,290] {dag.py:2371} INFO - Sync 1 DAGs
[2022-05-21 18:03:42,309] {logging_mixin.py:115} INFO - [2022-05-21 18:03:42,308] {dag.py:2915} INFO - Setting next_dagrun for example_branch_python_operator_decorator to 2022-05-20T00:00:00+00:00, run_after=2022-05-21T00:00:00+00:00
[2022-05-21 18:03:42,322] {processor.py:161} INFO - Processing /home/ubuntu/.local/lib/python3.10/site-packages/airflow/example_dags/example_branch_operator_decorator.py took 0.071 seconds
[2022-05-21 18:04:16,592] {processor.py:153} INFO - Started process (PID=6269) to work on /home/ubuntu/.local/lib/python3.10/site-packages/airflow/example_dags/example_branch_operator_decorator.py
[2022-05-21 18:04:16,592] {processor.py:641} INFO - Processing file /home/ubuntu/.local/lib/python3.10/site-packages/airflow/example_dags/example_branch_operator_decorator.py for tasks to queue
[2022-05-21 18:04:16,593] {logging_mixin.py:115} INFO - [2022-05-21 18:04:16,593] {dagbag.py:507} INFO - Filling up the DagBag from /home/ubuntu/.local/lib/python3.10/site-packages/airflow/example_dags/example_branch_operator_decorator.py
[2022-05-21 18:04:16,612] {processor.py:651} INFO - DAG(s) dict_keys(['example_branch_python_operator_decorator']) retrieved from /home/ubuntu/.local/lib/python3.10/site-packages/airflow/example_dags/example_branch_operator_decorator.py
[2022-05-21 18:04:16,628] {logging_mixin.py:115} INFO - [2022-05-21 18:04:16,628] {dag.py:2371} INFO - Sync 1 DAGs
[2022-05-21 18:04:16,647] {logging_mixin.py:115} INFO - [2022-05-21 18:04:16,647] {dag.py:2915} INFO - Setting next_dagrun for example_branch_python_operator_decorator to 2022-05-20T00:00:00+00:00, run_after=2022-05-21T00:00:00+00:00
[2022-05-21 18:04:16,660] {processor.py:161} INFO - Processing /home/ubuntu/.local/lib/python3.10/site-packages/airflow/example_dags/example_branch_operator_decorator.py took 0.072 seconds
[2022-05-21 18:04:48,659] {processor.py:153} INFO - Started process (PID=6307) to work on /home/ubuntu/.local/lib/python3.10/site-packages/airflow/example_dags/example_branch_operator_decorator.py
[2022-05-21 18:04:48,660] {processor.py:641} INFO - Processing file /home/ubuntu/.local/lib/python3.10/site-packages/airflow/example_dags/example_branch_operator_decorator.py for tasks to queue
[2022-05-21 18:04:48,660] {logging_mixin.py:115} INFO - [2022-05-21 18:04:48,660] {dagbag.py:507} INFO - Filling up the DagBag from /home/ubuntu/.local/lib/python3.10/site-packages/airflow/example_dags/example_branch_operator_decorator.py
[2022-05-21 18:04:48,679] {processor.py:651} INFO - DAG(s) dict_keys(['example_branch_python_operator_decorator']) retrieved from /home/ubuntu/.local/lib/python3.10/site-packages/airflow/example_dags/example_branch_operator_decorator.py
[2022-05-21 18:04:48,696] {logging_mixin.py:115} INFO - [2022-05-21 18:04:48,696] {dag.py:2371} INFO - Sync 1 DAGs
[2022-05-21 18:04:48,714] {logging_mixin.py:115} INFO - [2022-05-21 18:04:48,714] {dag.py:2915} INFO - Setting next_dagrun for example_branch_python_operator_decorator to 2022-05-20T00:00:00+00:00, run_after=2022-05-21T00:00:00+00:00
[2022-05-21 18:04:48,727] {processor.py:161} INFO - Processing /home/ubuntu/.local/lib/python3.10/site-packages/airflow/example_dags/example_branch_operator_decorator.py took 0.071 seconds
[2022-05-21 18:05:24,686] {processor.py:153} INFO - Started process (PID=6353) to work on /home/ubuntu/.local/lib/python3.10/site-packages/airflow/example_dags/example_branch_operator_decorator.py
[2022-05-21 18:05:24,687] {processor.py:641} INFO - Processing file /home/ubuntu/.local/lib/python3.10/site-packages/airflow/example_dags/example_branch_operator_decorator.py for tasks to queue
[2022-05-21 18:05:24,688] {logging_mixin.py:115} INFO - [2022-05-21 18:05:24,688] {dagbag.py:507} INFO - Filling up the DagBag from /home/ubuntu/.local/lib/python3.10/site-packages/airflow/example_dags/example_branch_operator_decorator.py
[2022-05-21 18:05:24,707] {processor.py:651} INFO - DAG(s) dict_keys(['example_branch_python_operator_decorator']) retrieved from /home/ubuntu/.local/lib/python3.10/site-packages/airflow/example_dags/example_branch_operator_decorator.py
[2022-05-21 18:05:24,723] {logging_mixin.py:115} INFO - [2022-05-21 18:05:24,723] {dag.py:2371} INFO - Sync 1 DAGs
[2022-05-21 18:05:24,742] {logging_mixin.py:115} INFO - [2022-05-21 18:05:24,742] {dag.py:2915} INFO - Setting next_dagrun for example_branch_python_operator_decorator to 2022-05-20T00:00:00+00:00, run_after=2022-05-21T00:00:00+00:00
[2022-05-21 18:05:24,756] {processor.py:161} INFO - Processing /home/ubuntu/.local/lib/python3.10/site-packages/airflow/example_dags/example_branch_operator_decorator.py took 0.072 seconds
[2022-05-21 18:05:56,612] {processor.py:153} INFO - Started process (PID=6388) to work on /home/ubuntu/.local/lib/python3.10/site-packages/airflow/example_dags/example_branch_operator_decorator.py
[2022-05-21 18:05:56,613] {processor.py:641} INFO - Processing file /home/ubuntu/.local/lib/python3.10/site-packages/airflow/example_dags/example_branch_operator_decorator.py for tasks to queue
[2022-05-21 18:05:56,613] {logging_mixin.py:115} INFO - [2022-05-21 18:05:56,613] {dagbag.py:507} INFO - Filling up the DagBag from /home/ubuntu/.local/lib/python3.10/site-packages/airflow/example_dags/example_branch_operator_decorator.py
[2022-05-21 18:05:56,632] {processor.py:651} INFO - DAG(s) dict_keys(['example_branch_python_operator_decorator']) retrieved from /home/ubuntu/.local/lib/python3.10/site-packages/airflow/example_dags/example_branch_operator_decorator.py
[2022-05-21 18:05:56,650] {logging_mixin.py:115} INFO - [2022-05-21 18:05:56,650] {dag.py:2371} INFO - Sync 1 DAGs
[2022-05-21 18:05:56,670] {logging_mixin.py:115} INFO - [2022-05-21 18:05:56,669] {dag.py:2915} INFO - Setting next_dagrun for example_branch_python_operator_decorator to 2022-05-20T00:00:00+00:00, run_after=2022-05-21T00:00:00+00:00
[2022-05-21 18:05:56,684] {processor.py:161} INFO - Processing /home/ubuntu/.local/lib/python3.10/site-packages/airflow/example_dags/example_branch_operator_decorator.py took 0.074 seconds
[2022-05-21 18:06:29,726] {processor.py:153} INFO - Started process (PID=6422) to work on /home/ubuntu/.local/lib/python3.10/site-packages/airflow/example_dags/example_branch_operator_decorator.py
[2022-05-21 18:06:29,727] {processor.py:641} INFO - Processing file /home/ubuntu/.local/lib/python3.10/site-packages/airflow/example_dags/example_branch_operator_decorator.py for tasks to queue
[2022-05-21 18:06:29,727] {logging_mixin.py:115} INFO - [2022-05-21 18:06:29,727] {dagbag.py:507} INFO - Filling up the DagBag from /home/ubuntu/.local/lib/python3.10/site-packages/airflow/example_dags/example_branch_operator_decorator.py
[2022-05-21 18:06:29,746] {processor.py:651} INFO - DAG(s) dict_keys(['example_branch_python_operator_decorator']) retrieved from /home/ubuntu/.local/lib/python3.10/site-packages/airflow/example_dags/example_branch_operator_decorator.py
[2022-05-21 18:06:29,762] {logging_mixin.py:115} INFO - [2022-05-21 18:06:29,762] {dag.py:2371} INFO - Sync 1 DAGs
[2022-05-21 18:06:29,780] {logging_mixin.py:115} INFO - [2022-05-21 18:06:29,780] {dag.py:2915} INFO - Setting next_dagrun for example_branch_python_operator_decorator to 2022-05-20T00:00:00+00:00, run_after=2022-05-21T00:00:00+00:00
[2022-05-21 18:06:29,793] {processor.py:161} INFO - Processing /home/ubuntu/.local/lib/python3.10/site-packages/airflow/example_dags/example_branch_operator_decorator.py took 0.070 seconds
[2022-05-21 18:07:06,244] {processor.py:153} INFO - Started process (PID=6460) to work on /home/ubuntu/.local/lib/python3.10/site-packages/airflow/example_dags/example_branch_operator_decorator.py
[2022-05-21 18:07:06,245] {processor.py:641} INFO - Processing file /home/ubuntu/.local/lib/python3.10/site-packages/airflow/example_dags/example_branch_operator_decorator.py for tasks to queue
[2022-05-21 18:07:06,245] {logging_mixin.py:115} INFO - [2022-05-21 18:07:06,245] {dagbag.py:507} INFO - Filling up the DagBag from /home/ubuntu/.local/lib/python3.10/site-packages/airflow/example_dags/example_branch_operator_decorator.py
[2022-05-21 18:07:06,265] {processor.py:651} INFO - DAG(s) dict_keys(['example_branch_python_operator_decorator']) retrieved from /home/ubuntu/.local/lib/python3.10/site-packages/airflow/example_dags/example_branch_operator_decorator.py
[2022-05-21 18:07:06,282] {logging_mixin.py:115} INFO - [2022-05-21 18:07:06,282] {dag.py:2371} INFO - Sync 1 DAGs
[2022-05-21 18:07:06,301] {logging_mixin.py:115} INFO - [2022-05-21 18:07:06,301] {dag.py:2915} INFO - Setting next_dagrun for example_branch_python_operator_decorator to 2022-05-20T00:00:00+00:00, run_after=2022-05-21T00:00:00+00:00
[2022-05-21 18:07:06,316] {processor.py:161} INFO - Processing /home/ubuntu/.local/lib/python3.10/site-packages/airflow/example_dags/example_branch_operator_decorator.py took 0.075 seconds
[2022-05-21 18:07:39,191] {processor.py:153} INFO - Started process (PID=6498) to work on /home/ubuntu/.local/lib/python3.10/site-packages/airflow/example_dags/example_branch_operator_decorator.py
[2022-05-21 18:07:39,191] {processor.py:641} INFO - Processing file /home/ubuntu/.local/lib/python3.10/site-packages/airflow/example_dags/example_branch_operator_decorator.py for tasks to queue
[2022-05-21 18:07:39,192] {logging_mixin.py:115} INFO - [2022-05-21 18:07:39,192] {dagbag.py:507} INFO - Filling up the DagBag from /home/ubuntu/.local/lib/python3.10/site-packages/airflow/example_dags/example_branch_operator_decorator.py
[2022-05-21 18:07:39,210] {processor.py:651} INFO - DAG(s) dict_keys(['example_branch_python_operator_decorator']) retrieved from /home/ubuntu/.local/lib/python3.10/site-packages/airflow/example_dags/example_branch_operator_decorator.py
[2022-05-21 18:07:39,227] {logging_mixin.py:115} INFO - [2022-05-21 18:07:39,226] {dag.py:2371} INFO - Sync 1 DAGs
[2022-05-21 18:07:39,245] {logging_mixin.py:115} INFO - [2022-05-21 18:07:39,245] {dag.py:2915} INFO - Setting next_dagrun for example_branch_python_operator_decorator to 2022-05-20T00:00:00+00:00, run_after=2022-05-21T00:00:00+00:00
[2022-05-21 18:07:39,258] {processor.py:161} INFO - Processing /home/ubuntu/.local/lib/python3.10/site-packages/airflow/example_dags/example_branch_operator_decorator.py took 0.071 seconds
[2022-05-21 18:08:15,838] {processor.py:153} INFO - Started process (PID=6548) to work on /home/ubuntu/.local/lib/python3.10/site-packages/airflow/example_dags/example_branch_operator_decorator.py
[2022-05-21 18:08:15,838] {processor.py:641} INFO - Processing file /home/ubuntu/.local/lib/python3.10/site-packages/airflow/example_dags/example_branch_operator_decorator.py for tasks to queue
[2022-05-21 18:08:15,839] {logging_mixin.py:115} INFO - [2022-05-21 18:08:15,839] {dagbag.py:507} INFO - Filling up the DagBag from /home/ubuntu/.local/lib/python3.10/site-packages/airflow/example_dags/example_branch_operator_decorator.py
[2022-05-21 18:08:15,857] {processor.py:651} INFO - DAG(s) dict_keys(['example_branch_python_operator_decorator']) retrieved from /home/ubuntu/.local/lib/python3.10/site-packages/airflow/example_dags/example_branch_operator_decorator.py
[2022-05-21 18:08:15,873] {logging_mixin.py:115} INFO - [2022-05-21 18:08:15,873] {dag.py:2371} INFO - Sync 1 DAGs
[2022-05-21 18:08:15,891] {logging_mixin.py:115} INFO - [2022-05-21 18:08:15,891] {dag.py:2915} INFO - Setting next_dagrun for example_branch_python_operator_decorator to 2022-05-20T00:00:00+00:00, run_after=2022-05-21T00:00:00+00:00
[2022-05-21 18:08:15,904] {processor.py:161} INFO - Processing /home/ubuntu/.local/lib/python3.10/site-packages/airflow/example_dags/example_branch_operator_decorator.py took 0.069 seconds
[2022-05-21 18:08:48,496] {processor.py:153} INFO - Started process (PID=6590) to work on /home/ubuntu/.local/lib/python3.10/site-packages/airflow/example_dags/example_branch_operator_decorator.py
[2022-05-21 18:08:48,496] {processor.py:641} INFO - Processing file /home/ubuntu/.local/lib/python3.10/site-packages/airflow/example_dags/example_branch_operator_decorator.py for tasks to queue
[2022-05-21 18:08:48,496] {logging_mixin.py:115} INFO - [2022-05-21 18:08:48,496] {dagbag.py:507} INFO - Filling up the DagBag from /home/ubuntu/.local/lib/python3.10/site-packages/airflow/example_dags/example_branch_operator_decorator.py
[2022-05-21 18:08:48,515] {processor.py:651} INFO - DAG(s) dict_keys(['example_branch_python_operator_decorator']) retrieved from /home/ubuntu/.local/lib/python3.10/site-packages/airflow/example_dags/example_branch_operator_decorator.py
[2022-05-21 18:08:48,531] {logging_mixin.py:115} INFO - [2022-05-21 18:08:48,531] {dag.py:2371} INFO - Sync 1 DAGs
[2022-05-21 18:08:48,549] {logging_mixin.py:115} INFO - [2022-05-21 18:08:48,549] {dag.py:2915} INFO - Setting next_dagrun for example_branch_python_operator_decorator to 2022-05-20T00:00:00+00:00, run_after=2022-05-21T00:00:00+00:00
[2022-05-21 18:08:48,562] {processor.py:161} INFO - Processing /home/ubuntu/.local/lib/python3.10/site-packages/airflow/example_dags/example_branch_operator_decorator.py took 0.069 seconds
