[2022-05-21 17:48:13,927] {processor.py:153} INFO - Started process (PID=5188) to work on /home/ubuntu/.local/lib/python3.10/site-packages/airflow/example_dags/example_bash_operator.py
[2022-05-21 17:48:13,927] {processor.py:641} INFO - Processing file /home/ubuntu/.local/lib/python3.10/site-packages/airflow/example_dags/example_bash_operator.py for tasks to queue
[2022-05-21 17:48:13,928] {logging_mixin.py:115} INFO - [2022-05-21 17:48:13,928] {dagbag.py:507} INFO - Filling up the DagBag from /home/ubuntu/.local/lib/python3.10/site-packages/airflow/example_dags/example_bash_operator.py
[2022-05-21 17:48:13,939] {processor.py:651} INFO - DAG(s) dict_keys(['example_bash_operator']) retrieved from /home/ubuntu/.local/lib/python3.10/site-packages/airflow/example_dags/example_bash_operator.py
[2022-05-21 17:48:14,003] {logging_mixin.py:115} INFO - [2022-05-21 17:48:14,003] {manager.py:508} INFO - Created Permission View: can read on DAG:example_bash_operator
[2022-05-21 17:48:14,015] {logging_mixin.py:115} INFO - [2022-05-21 17:48:14,015] {manager.py:508} INFO - Created Permission View: can delete on DAG:example_bash_operator
[2022-05-21 17:48:14,024] {logging_mixin.py:115} INFO - [2022-05-21 17:48:14,024] {manager.py:508} INFO - Created Permission View: can edit on DAG:example_bash_operator
[2022-05-21 17:48:14,025] {logging_mixin.py:115} INFO - [2022-05-21 17:48:14,025] {dag.py:2371} INFO - Sync 1 DAGs
[2022-05-21 17:48:14,033] {logging_mixin.py:115} INFO - [2022-05-21 17:48:14,033] {dag.py:2390} INFO - Creating ORM DAG for example_bash_operator
[2022-05-21 17:48:14,044] {logging_mixin.py:115} INFO - [2022-05-21 17:48:14,044] {dag.py:2915} INFO - Setting next_dagrun for example_bash_operator to 2022-05-20T00:00:00+00:00, run_after=2022-05-21T00:00:00+00:00
[2022-05-21 17:48:14,064] {processor.py:161} INFO - Processing /home/ubuntu/.local/lib/python3.10/site-packages/airflow/example_dags/example_bash_operator.py took 0.140 seconds
[2022-05-21 17:48:48,613] {processor.py:153} INFO - Started process (PID=5225) to work on /home/ubuntu/.local/lib/python3.10/site-packages/airflow/example_dags/example_bash_operator.py
[2022-05-21 17:48:48,614] {processor.py:641} INFO - Processing file /home/ubuntu/.local/lib/python3.10/site-packages/airflow/example_dags/example_bash_operator.py for tasks to queue
[2022-05-21 17:48:48,614] {logging_mixin.py:115} INFO - [2022-05-21 17:48:48,614] {dagbag.py:507} INFO - Filling up the DagBag from /home/ubuntu/.local/lib/python3.10/site-packages/airflow/example_dags/example_bash_operator.py
[2022-05-21 17:48:48,626] {processor.py:651} INFO - DAG(s) dict_keys(['example_bash_operator']) retrieved from /home/ubuntu/.local/lib/python3.10/site-packages/airflow/example_dags/example_bash_operator.py
[2022-05-21 17:48:48,642] {logging_mixin.py:115} INFO - [2022-05-21 17:48:48,642] {dag.py:2371} INFO - Sync 1 DAGs
[2022-05-21 17:48:48,660] {logging_mixin.py:115} INFO - [2022-05-21 17:48:48,660] {dag.py:2915} INFO - Setting next_dagrun for example_bash_operator to 2022-05-20T00:00:00+00:00, run_after=2022-05-21T00:00:00+00:00
[2022-05-21 17:48:48,673] {processor.py:161} INFO - Processing /home/ubuntu/.local/lib/python3.10/site-packages/airflow/example_dags/example_bash_operator.py took 0.063 seconds
[2022-05-21 17:49:23,524] {processor.py:153} INFO - Started process (PID=5266) to work on /home/ubuntu/.local/lib/python3.10/site-packages/airflow/example_dags/example_bash_operator.py
[2022-05-21 17:49:23,525] {processor.py:641} INFO - Processing file /home/ubuntu/.local/lib/python3.10/site-packages/airflow/example_dags/example_bash_operator.py for tasks to queue
[2022-05-21 17:49:23,525] {logging_mixin.py:115} INFO - [2022-05-21 17:49:23,525] {dagbag.py:507} INFO - Filling up the DagBag from /home/ubuntu/.local/lib/python3.10/site-packages/airflow/example_dags/example_bash_operator.py
[2022-05-21 17:49:23,537] {processor.py:651} INFO - DAG(s) dict_keys(['example_bash_operator']) retrieved from /home/ubuntu/.local/lib/python3.10/site-packages/airflow/example_dags/example_bash_operator.py
[2022-05-21 17:49:23,554] {logging_mixin.py:115} INFO - [2022-05-21 17:49:23,554] {dag.py:2371} INFO - Sync 1 DAGs
[2022-05-21 17:49:23,573] {logging_mixin.py:115} INFO - [2022-05-21 17:49:23,573] {dag.py:2915} INFO - Setting next_dagrun for example_bash_operator to 2022-05-20T00:00:00+00:00, run_after=2022-05-21T00:00:00+00:00
[2022-05-21 17:49:23,587] {processor.py:161} INFO - Processing /home/ubuntu/.local/lib/python3.10/site-packages/airflow/example_dags/example_bash_operator.py took 0.066 seconds
[2022-05-21 17:50:00,512] {processor.py:153} INFO - Started process (PID=5307) to work on /home/ubuntu/.local/lib/python3.10/site-packages/airflow/example_dags/example_bash_operator.py
[2022-05-21 17:50:00,513] {processor.py:641} INFO - Processing file /home/ubuntu/.local/lib/python3.10/site-packages/airflow/example_dags/example_bash_operator.py for tasks to queue
[2022-05-21 17:50:00,513] {logging_mixin.py:115} INFO - [2022-05-21 17:50:00,513] {dagbag.py:507} INFO - Filling up the DagBag from /home/ubuntu/.local/lib/python3.10/site-packages/airflow/example_dags/example_bash_operator.py
[2022-05-21 17:50:00,524] {processor.py:651} INFO - DAG(s) dict_keys(['example_bash_operator']) retrieved from /home/ubuntu/.local/lib/python3.10/site-packages/airflow/example_dags/example_bash_operator.py
[2022-05-21 17:50:00,540] {logging_mixin.py:115} INFO - [2022-05-21 17:50:00,540] {dag.py:2371} INFO - Sync 1 DAGs
[2022-05-21 17:50:00,558] {logging_mixin.py:115} INFO - [2022-05-21 17:50:00,558] {dag.py:2915} INFO - Setting next_dagrun for example_bash_operator to 2022-05-20T00:00:00+00:00, run_after=2022-05-21T00:00:00+00:00
[2022-05-21 17:50:00,570] {processor.py:161} INFO - Processing /home/ubuntu/.local/lib/python3.10/site-packages/airflow/example_dags/example_bash_operator.py took 0.061 seconds
[2022-05-21 17:50:34,428] {processor.py:153} INFO - Started process (PID=5343) to work on /home/ubuntu/.local/lib/python3.10/site-packages/airflow/example_dags/example_bash_operator.py
[2022-05-21 17:50:34,429] {processor.py:641} INFO - Processing file /home/ubuntu/.local/lib/python3.10/site-packages/airflow/example_dags/example_bash_operator.py for tasks to queue
[2022-05-21 17:50:34,429] {logging_mixin.py:115} INFO - [2022-05-21 17:50:34,429] {dagbag.py:507} INFO - Filling up the DagBag from /home/ubuntu/.local/lib/python3.10/site-packages/airflow/example_dags/example_bash_operator.py
[2022-05-21 17:50:34,440] {processor.py:651} INFO - DAG(s) dict_keys(['example_bash_operator']) retrieved from /home/ubuntu/.local/lib/python3.10/site-packages/airflow/example_dags/example_bash_operator.py
[2022-05-21 17:50:34,456] {logging_mixin.py:115} INFO - [2022-05-21 17:50:34,456] {dag.py:2371} INFO - Sync 1 DAGs
[2022-05-21 17:50:34,473] {logging_mixin.py:115} INFO - [2022-05-21 17:50:34,473] {dag.py:2915} INFO - Setting next_dagrun for example_bash_operator to 2022-05-20T00:00:00+00:00, run_after=2022-05-21T00:00:00+00:00
[2022-05-21 17:50:34,486] {processor.py:161} INFO - Processing /home/ubuntu/.local/lib/python3.10/site-packages/airflow/example_dags/example_bash_operator.py took 0.060 seconds
[2022-05-21 17:51:08,663] {processor.py:153} INFO - Started process (PID=5378) to work on /home/ubuntu/.local/lib/python3.10/site-packages/airflow/example_dags/example_bash_operator.py
[2022-05-21 17:51:08,664] {processor.py:641} INFO - Processing file /home/ubuntu/.local/lib/python3.10/site-packages/airflow/example_dags/example_bash_operator.py for tasks to queue
[2022-05-21 17:51:08,664] {logging_mixin.py:115} INFO - [2022-05-21 17:51:08,664] {dagbag.py:507} INFO - Filling up the DagBag from /home/ubuntu/.local/lib/python3.10/site-packages/airflow/example_dags/example_bash_operator.py
[2022-05-21 17:51:08,676] {processor.py:651} INFO - DAG(s) dict_keys(['example_bash_operator']) retrieved from /home/ubuntu/.local/lib/python3.10/site-packages/airflow/example_dags/example_bash_operator.py
[2022-05-21 17:51:08,692] {logging_mixin.py:115} INFO - [2022-05-21 17:51:08,692] {dag.py:2371} INFO - Sync 1 DAGs
[2022-05-21 17:51:08,711] {logging_mixin.py:115} INFO - [2022-05-21 17:51:08,711] {dag.py:2915} INFO - Setting next_dagrun for example_bash_operator to 2022-05-20T00:00:00+00:00, run_after=2022-05-21T00:00:00+00:00
[2022-05-21 17:51:08,726] {processor.py:161} INFO - Processing /home/ubuntu/.local/lib/python3.10/site-packages/airflow/example_dags/example_bash_operator.py took 0.065 seconds
[2022-05-21 17:51:45,639] {processor.py:153} INFO - Started process (PID=5416) to work on /home/ubuntu/.local/lib/python3.10/site-packages/airflow/example_dags/example_bash_operator.py
[2022-05-21 17:51:45,640] {processor.py:641} INFO - Processing file /home/ubuntu/.local/lib/python3.10/site-packages/airflow/example_dags/example_bash_operator.py for tasks to queue
[2022-05-21 17:51:45,641] {logging_mixin.py:115} INFO - [2022-05-21 17:51:45,641] {dagbag.py:507} INFO - Filling up the DagBag from /home/ubuntu/.local/lib/python3.10/site-packages/airflow/example_dags/example_bash_operator.py
[2022-05-21 17:51:45,651] {processor.py:651} INFO - DAG(s) dict_keys(['example_bash_operator']) retrieved from /home/ubuntu/.local/lib/python3.10/site-packages/airflow/example_dags/example_bash_operator.py
[2022-05-21 17:51:45,667] {logging_mixin.py:115} INFO - [2022-05-21 17:51:45,667] {dag.py:2371} INFO - Sync 1 DAGs
[2022-05-21 17:51:45,684] {logging_mixin.py:115} INFO - [2022-05-21 17:51:45,684] {dag.py:2915} INFO - Setting next_dagrun for example_bash_operator to 2022-05-20T00:00:00+00:00, run_after=2022-05-21T00:00:00+00:00
[2022-05-21 17:51:45,697] {processor.py:161} INFO - Processing /home/ubuntu/.local/lib/python3.10/site-packages/airflow/example_dags/example_bash_operator.py took 0.061 seconds
[2022-05-21 17:52:23,810] {processor.py:153} INFO - Started process (PID=5455) to work on /home/ubuntu/.local/lib/python3.10/site-packages/airflow/example_dags/example_bash_operator.py
[2022-05-21 17:52:23,811] {processor.py:641} INFO - Processing file /home/ubuntu/.local/lib/python3.10/site-packages/airflow/example_dags/example_bash_operator.py for tasks to queue
[2022-05-21 17:52:23,811] {logging_mixin.py:115} INFO - [2022-05-21 17:52:23,811] {dagbag.py:507} INFO - Filling up the DagBag from /home/ubuntu/.local/lib/python3.10/site-packages/airflow/example_dags/example_bash_operator.py
[2022-05-21 17:52:23,822] {processor.py:651} INFO - DAG(s) dict_keys(['example_bash_operator']) retrieved from /home/ubuntu/.local/lib/python3.10/site-packages/airflow/example_dags/example_bash_operator.py
[2022-05-21 17:52:23,838] {logging_mixin.py:115} INFO - [2022-05-21 17:52:23,838] {dag.py:2371} INFO - Sync 1 DAGs
[2022-05-21 17:52:23,856] {logging_mixin.py:115} INFO - [2022-05-21 17:52:23,856] {dag.py:2915} INFO - Setting next_dagrun for example_bash_operator to 2022-05-20T00:00:00+00:00, run_after=2022-05-21T00:00:00+00:00
[2022-05-21 17:52:23,870] {processor.py:161} INFO - Processing /home/ubuntu/.local/lib/python3.10/site-packages/airflow/example_dags/example_bash_operator.py took 0.063 seconds
[2022-05-21 17:52:57,346] {processor.py:153} INFO - Started process (PID=5490) to work on /home/ubuntu/.local/lib/python3.10/site-packages/airflow/example_dags/example_bash_operator.py
[2022-05-21 17:52:57,347] {processor.py:641} INFO - Processing file /home/ubuntu/.local/lib/python3.10/site-packages/airflow/example_dags/example_bash_operator.py for tasks to queue
[2022-05-21 17:52:57,347] {logging_mixin.py:115} INFO - [2022-05-21 17:52:57,347] {dagbag.py:507} INFO - Filling up the DagBag from /home/ubuntu/.local/lib/python3.10/site-packages/airflow/example_dags/example_bash_operator.py
[2022-05-21 17:52:57,358] {processor.py:651} INFO - DAG(s) dict_keys(['example_bash_operator']) retrieved from /home/ubuntu/.local/lib/python3.10/site-packages/airflow/example_dags/example_bash_operator.py
[2022-05-21 17:52:57,375] {logging_mixin.py:115} INFO - [2022-05-21 17:52:57,374] {dag.py:2371} INFO - Sync 1 DAGs
[2022-05-21 17:52:57,393] {logging_mixin.py:115} INFO - [2022-05-21 17:52:57,393] {dag.py:2915} INFO - Setting next_dagrun for example_bash_operator to 2022-05-20T00:00:00+00:00, run_after=2022-05-21T00:00:00+00:00
[2022-05-21 17:52:57,406] {processor.py:161} INFO - Processing /home/ubuntu/.local/lib/python3.10/site-packages/airflow/example_dags/example_bash_operator.py took 0.063 seconds
[2022-05-21 17:53:30,291] {processor.py:153} INFO - Started process (PID=5533) to work on /home/ubuntu/.local/lib/python3.10/site-packages/airflow/example_dags/example_bash_operator.py
[2022-05-21 17:53:30,292] {processor.py:641} INFO - Processing file /home/ubuntu/.local/lib/python3.10/site-packages/airflow/example_dags/example_bash_operator.py for tasks to queue
[2022-05-21 17:53:30,292] {logging_mixin.py:115} INFO - [2022-05-21 17:53:30,292] {dagbag.py:507} INFO - Filling up the DagBag from /home/ubuntu/.local/lib/python3.10/site-packages/airflow/example_dags/example_bash_operator.py
[2022-05-21 17:53:30,303] {processor.py:651} INFO - DAG(s) dict_keys(['example_bash_operator']) retrieved from /home/ubuntu/.local/lib/python3.10/site-packages/airflow/example_dags/example_bash_operator.py
[2022-05-21 17:53:30,319] {logging_mixin.py:115} INFO - [2022-05-21 17:53:30,319] {dag.py:2371} INFO - Sync 1 DAGs
[2022-05-21 17:53:30,337] {logging_mixin.py:115} INFO - [2022-05-21 17:53:30,337] {dag.py:2915} INFO - Setting next_dagrun for example_bash_operator to 2022-05-20T00:00:00+00:00, run_after=2022-05-21T00:00:00+00:00
[2022-05-21 17:53:30,351] {processor.py:161} INFO - Processing /home/ubuntu/.local/lib/python3.10/site-packages/airflow/example_dags/example_bash_operator.py took 0.062 seconds
[2022-05-21 17:54:07,527] {processor.py:153} INFO - Started process (PID=5578) to work on /home/ubuntu/.local/lib/python3.10/site-packages/airflow/example_dags/example_bash_operator.py
[2022-05-21 17:54:07,528] {processor.py:641} INFO - Processing file /home/ubuntu/.local/lib/python3.10/site-packages/airflow/example_dags/example_bash_operator.py for tasks to queue
[2022-05-21 17:54:07,528] {logging_mixin.py:115} INFO - [2022-05-21 17:54:07,528] {dagbag.py:507} INFO - Filling up the DagBag from /home/ubuntu/.local/lib/python3.10/site-packages/airflow/example_dags/example_bash_operator.py
[2022-05-21 17:54:07,539] {processor.py:651} INFO - DAG(s) dict_keys(['example_bash_operator']) retrieved from /home/ubuntu/.local/lib/python3.10/site-packages/airflow/example_dags/example_bash_operator.py
[2022-05-21 17:54:07,555] {logging_mixin.py:115} INFO - [2022-05-21 17:54:07,555] {dag.py:2371} INFO - Sync 1 DAGs
[2022-05-21 17:54:07,573] {logging_mixin.py:115} INFO - [2022-05-21 17:54:07,572] {dag.py:2915} INFO - Setting next_dagrun for example_bash_operator to 2022-05-20T00:00:00+00:00, run_after=2022-05-21T00:00:00+00:00
[2022-05-21 17:54:07,585] {processor.py:161} INFO - Processing /home/ubuntu/.local/lib/python3.10/site-packages/airflow/example_dags/example_bash_operator.py took 0.061 seconds
[2022-05-21 17:54:44,348] {processor.py:153} INFO - Started process (PID=5616) to work on /home/ubuntu/.local/lib/python3.10/site-packages/airflow/example_dags/example_bash_operator.py
[2022-05-21 17:54:44,349] {processor.py:641} INFO - Processing file /home/ubuntu/.local/lib/python3.10/site-packages/airflow/example_dags/example_bash_operator.py for tasks to queue
[2022-05-21 17:54:44,350] {logging_mixin.py:115} INFO - [2022-05-21 17:54:44,350] {dagbag.py:507} INFO - Filling up the DagBag from /home/ubuntu/.local/lib/python3.10/site-packages/airflow/example_dags/example_bash_operator.py
[2022-05-21 17:54:44,361] {processor.py:651} INFO - DAG(s) dict_keys(['example_bash_operator']) retrieved from /home/ubuntu/.local/lib/python3.10/site-packages/airflow/example_dags/example_bash_operator.py
[2022-05-21 17:54:44,377] {logging_mixin.py:115} INFO - [2022-05-21 17:54:44,377] {dag.py:2371} INFO - Sync 1 DAGs
[2022-05-21 17:54:44,395] {logging_mixin.py:115} INFO - [2022-05-21 17:54:44,395] {dag.py:2915} INFO - Setting next_dagrun for example_bash_operator to 2022-05-20T00:00:00+00:00, run_after=2022-05-21T00:00:00+00:00
[2022-05-21 17:54:44,412] {processor.py:161} INFO - Processing /home/ubuntu/.local/lib/python3.10/site-packages/airflow/example_dags/example_bash_operator.py took 0.066 seconds
[2022-05-21 17:55:20,566] {processor.py:153} INFO - Started process (PID=5654) to work on /home/ubuntu/.local/lib/python3.10/site-packages/airflow/example_dags/example_bash_operator.py
[2022-05-21 17:55:20,567] {processor.py:641} INFO - Processing file /home/ubuntu/.local/lib/python3.10/site-packages/airflow/example_dags/example_bash_operator.py for tasks to queue
[2022-05-21 17:55:20,567] {logging_mixin.py:115} INFO - [2022-05-21 17:55:20,567] {dagbag.py:507} INFO - Filling up the DagBag from /home/ubuntu/.local/lib/python3.10/site-packages/airflow/example_dags/example_bash_operator.py
[2022-05-21 17:55:20,578] {processor.py:651} INFO - DAG(s) dict_keys(['example_bash_operator']) retrieved from /home/ubuntu/.local/lib/python3.10/site-packages/airflow/example_dags/example_bash_operator.py
[2022-05-21 17:55:20,594] {logging_mixin.py:115} INFO - [2022-05-21 17:55:20,594] {dag.py:2371} INFO - Sync 1 DAGs
[2022-05-21 17:55:20,612] {logging_mixin.py:115} INFO - [2022-05-21 17:55:20,612] {dag.py:2915} INFO - Setting next_dagrun for example_bash_operator to 2022-05-20T00:00:00+00:00, run_after=2022-05-21T00:00:00+00:00
[2022-05-21 17:55:20,626] {processor.py:161} INFO - Processing /home/ubuntu/.local/lib/python3.10/site-packages/airflow/example_dags/example_bash_operator.py took 0.062 seconds
[2022-05-21 17:55:55,130] {processor.py:153} INFO - Started process (PID=5694) to work on /home/ubuntu/.local/lib/python3.10/site-packages/airflow/example_dags/example_bash_operator.py
[2022-05-21 17:55:55,131] {processor.py:641} INFO - Processing file /home/ubuntu/.local/lib/python3.10/site-packages/airflow/example_dags/example_bash_operator.py for tasks to queue
[2022-05-21 17:55:55,131] {logging_mixin.py:115} INFO - [2022-05-21 17:55:55,131] {dagbag.py:507} INFO - Filling up the DagBag from /home/ubuntu/.local/lib/python3.10/site-packages/airflow/example_dags/example_bash_operator.py
[2022-05-21 17:55:55,142] {processor.py:651} INFO - DAG(s) dict_keys(['example_bash_operator']) retrieved from /home/ubuntu/.local/lib/python3.10/site-packages/airflow/example_dags/example_bash_operator.py
[2022-05-21 17:55:55,158] {logging_mixin.py:115} INFO - [2022-05-21 17:55:55,158] {dag.py:2371} INFO - Sync 1 DAGs
[2022-05-21 17:55:55,176] {logging_mixin.py:115} INFO - [2022-05-21 17:55:55,176] {dag.py:2915} INFO - Setting next_dagrun for example_bash_operator to 2022-05-20T00:00:00+00:00, run_after=2022-05-21T00:00:00+00:00
[2022-05-21 17:55:55,189] {processor.py:161} INFO - Processing /home/ubuntu/.local/lib/python3.10/site-packages/airflow/example_dags/example_bash_operator.py took 0.062 seconds
[2022-05-21 17:56:33,661] {processor.py:153} INFO - Started process (PID=5734) to work on /home/ubuntu/.local/lib/python3.10/site-packages/airflow/example_dags/example_bash_operator.py
[2022-05-21 17:56:33,661] {processor.py:641} INFO - Processing file /home/ubuntu/.local/lib/python3.10/site-packages/airflow/example_dags/example_bash_operator.py for tasks to queue
[2022-05-21 17:56:33,662] {logging_mixin.py:115} INFO - [2022-05-21 17:56:33,662] {dagbag.py:507} INFO - Filling up the DagBag from /home/ubuntu/.local/lib/python3.10/site-packages/airflow/example_dags/example_bash_operator.py
[2022-05-21 17:56:33,673] {processor.py:651} INFO - DAG(s) dict_keys(['example_bash_operator']) retrieved from /home/ubuntu/.local/lib/python3.10/site-packages/airflow/example_dags/example_bash_operator.py
[2022-05-21 17:56:33,689] {logging_mixin.py:115} INFO - [2022-05-21 17:56:33,689] {dag.py:2371} INFO - Sync 1 DAGs
[2022-05-21 17:56:33,708] {logging_mixin.py:115} INFO - [2022-05-21 17:56:33,708] {dag.py:2915} INFO - Setting next_dagrun for example_bash_operator to 2022-05-20T00:00:00+00:00, run_after=2022-05-21T00:00:00+00:00
[2022-05-21 17:56:33,721] {processor.py:161} INFO - Processing /home/ubuntu/.local/lib/python3.10/site-packages/airflow/example_dags/example_bash_operator.py took 0.064 seconds
[2022-05-21 17:57:05,141] {processor.py:153} INFO - Started process (PID=5770) to work on /home/ubuntu/.local/lib/python3.10/site-packages/airflow/example_dags/example_bash_operator.py
[2022-05-21 17:57:05,142] {processor.py:641} INFO - Processing file /home/ubuntu/.local/lib/python3.10/site-packages/airflow/example_dags/example_bash_operator.py for tasks to queue
[2022-05-21 17:57:05,142] {logging_mixin.py:115} INFO - [2022-05-21 17:57:05,142] {dagbag.py:507} INFO - Filling up the DagBag from /home/ubuntu/.local/lib/python3.10/site-packages/airflow/example_dags/example_bash_operator.py
[2022-05-21 17:57:05,153] {processor.py:651} INFO - DAG(s) dict_keys(['example_bash_operator']) retrieved from /home/ubuntu/.local/lib/python3.10/site-packages/airflow/example_dags/example_bash_operator.py
[2022-05-21 17:57:05,169] {logging_mixin.py:115} INFO - [2022-05-21 17:57:05,169] {dag.py:2371} INFO - Sync 1 DAGs
[2022-05-21 17:57:05,187] {logging_mixin.py:115} INFO - [2022-05-21 17:57:05,186] {dag.py:2915} INFO - Setting next_dagrun for example_bash_operator to 2022-05-20T00:00:00+00:00, run_after=2022-05-21T00:00:00+00:00
[2022-05-21 17:57:05,201] {processor.py:161} INFO - Processing /home/ubuntu/.local/lib/python3.10/site-packages/airflow/example_dags/example_bash_operator.py took 0.063 seconds
[2022-05-21 17:57:40,077] {processor.py:153} INFO - Started process (PID=5807) to work on /home/ubuntu/.local/lib/python3.10/site-packages/airflow/example_dags/example_bash_operator.py
[2022-05-21 17:57:40,078] {processor.py:641} INFO - Processing file /home/ubuntu/.local/lib/python3.10/site-packages/airflow/example_dags/example_bash_operator.py for tasks to queue
[2022-05-21 17:57:40,078] {logging_mixin.py:115} INFO - [2022-05-21 17:57:40,078] {dagbag.py:507} INFO - Filling up the DagBag from /home/ubuntu/.local/lib/python3.10/site-packages/airflow/example_dags/example_bash_operator.py
[2022-05-21 17:57:40,089] {processor.py:651} INFO - DAG(s) dict_keys(['example_bash_operator']) retrieved from /home/ubuntu/.local/lib/python3.10/site-packages/airflow/example_dags/example_bash_operator.py
[2022-05-21 17:57:40,104] {logging_mixin.py:115} INFO - [2022-05-21 17:57:40,104] {dag.py:2371} INFO - Sync 1 DAGs
[2022-05-21 17:57:40,122] {logging_mixin.py:115} INFO - [2022-05-21 17:57:40,121] {dag.py:2915} INFO - Setting next_dagrun for example_bash_operator to 2022-05-20T00:00:00+00:00, run_after=2022-05-21T00:00:00+00:00
[2022-05-21 17:57:40,135] {processor.py:161} INFO - Processing /home/ubuntu/.local/lib/python3.10/site-packages/airflow/example_dags/example_bash_operator.py took 0.061 seconds
[2022-05-21 17:58:11,984] {processor.py:153} INFO - Started process (PID=5846) to work on /home/ubuntu/.local/lib/python3.10/site-packages/airflow/example_dags/example_bash_operator.py
[2022-05-21 17:58:11,985] {processor.py:641} INFO - Processing file /home/ubuntu/.local/lib/python3.10/site-packages/airflow/example_dags/example_bash_operator.py for tasks to queue
[2022-05-21 17:58:11,985] {logging_mixin.py:115} INFO - [2022-05-21 17:58:11,985] {dagbag.py:507} INFO - Filling up the DagBag from /home/ubuntu/.local/lib/python3.10/site-packages/airflow/example_dags/example_bash_operator.py
[2022-05-21 17:58:11,996] {processor.py:651} INFO - DAG(s) dict_keys(['example_bash_operator']) retrieved from /home/ubuntu/.local/lib/python3.10/site-packages/airflow/example_dags/example_bash_operator.py
[2022-05-21 17:58:12,012] {logging_mixin.py:115} INFO - [2022-05-21 17:58:12,012] {dag.py:2371} INFO - Sync 1 DAGs
[2022-05-21 17:58:12,029] {logging_mixin.py:115} INFO - [2022-05-21 17:58:12,029] {dag.py:2915} INFO - Setting next_dagrun for example_bash_operator to 2022-05-20T00:00:00+00:00, run_after=2022-05-21T00:00:00+00:00
[2022-05-21 17:58:12,042] {processor.py:161} INFO - Processing /home/ubuntu/.local/lib/python3.10/site-packages/airflow/example_dags/example_bash_operator.py took 0.061 seconds
[2022-05-21 17:58:44,207] {processor.py:153} INFO - Started process (PID=5886) to work on /home/ubuntu/.local/lib/python3.10/site-packages/airflow/example_dags/example_bash_operator.py
[2022-05-21 17:58:44,207] {processor.py:641} INFO - Processing file /home/ubuntu/.local/lib/python3.10/site-packages/airflow/example_dags/example_bash_operator.py for tasks to queue
[2022-05-21 17:58:44,208] {logging_mixin.py:115} INFO - [2022-05-21 17:58:44,208] {dagbag.py:507} INFO - Filling up the DagBag from /home/ubuntu/.local/lib/python3.10/site-packages/airflow/example_dags/example_bash_operator.py
[2022-05-21 17:58:44,219] {processor.py:651} INFO - DAG(s) dict_keys(['example_bash_operator']) retrieved from /home/ubuntu/.local/lib/python3.10/site-packages/airflow/example_dags/example_bash_operator.py
[2022-05-21 17:58:44,235] {logging_mixin.py:115} INFO - [2022-05-21 17:58:44,235] {dag.py:2371} INFO - Sync 1 DAGs
[2022-05-21 17:58:44,253] {logging_mixin.py:115} INFO - [2022-05-21 17:58:44,253] {dag.py:2915} INFO - Setting next_dagrun for example_bash_operator to 2022-05-20T00:00:00+00:00, run_after=2022-05-21T00:00:00+00:00
[2022-05-21 17:58:44,266] {processor.py:161} INFO - Processing /home/ubuntu/.local/lib/python3.10/site-packages/airflow/example_dags/example_bash_operator.py took 0.062 seconds
[2022-05-21 17:59:22,141] {processor.py:153} INFO - Started process (PID=5925) to work on /home/ubuntu/.local/lib/python3.10/site-packages/airflow/example_dags/example_bash_operator.py
[2022-05-21 17:59:22,142] {processor.py:641} INFO - Processing file /home/ubuntu/.local/lib/python3.10/site-packages/airflow/example_dags/example_bash_operator.py for tasks to queue
[2022-05-21 17:59:22,142] {logging_mixin.py:115} INFO - [2022-05-21 17:59:22,142] {dagbag.py:507} INFO - Filling up the DagBag from /home/ubuntu/.local/lib/python3.10/site-packages/airflow/example_dags/example_bash_operator.py
[2022-05-21 17:59:22,154] {processor.py:651} INFO - DAG(s) dict_keys(['example_bash_operator']) retrieved from /home/ubuntu/.local/lib/python3.10/site-packages/airflow/example_dags/example_bash_operator.py
[2022-05-21 17:59:22,170] {logging_mixin.py:115} INFO - [2022-05-21 17:59:22,170] {dag.py:2371} INFO - Sync 1 DAGs
[2022-05-21 17:59:22,188] {logging_mixin.py:115} INFO - [2022-05-21 17:59:22,188] {dag.py:2915} INFO - Setting next_dagrun for example_bash_operator to 2022-05-20T00:00:00+00:00, run_after=2022-05-21T00:00:00+00:00
[2022-05-21 17:59:22,201] {processor.py:161} INFO - Processing /home/ubuntu/.local/lib/python3.10/site-packages/airflow/example_dags/example_bash_operator.py took 0.063 seconds
[2022-05-21 17:59:58,060] {processor.py:153} INFO - Started process (PID=5970) to work on /home/ubuntu/.local/lib/python3.10/site-packages/airflow/example_dags/example_bash_operator.py
[2022-05-21 17:59:58,060] {processor.py:641} INFO - Processing file /home/ubuntu/.local/lib/python3.10/site-packages/airflow/example_dags/example_bash_operator.py for tasks to queue
[2022-05-21 17:59:58,061] {logging_mixin.py:115} INFO - [2022-05-21 17:59:58,061] {dagbag.py:507} INFO - Filling up the DagBag from /home/ubuntu/.local/lib/python3.10/site-packages/airflow/example_dags/example_bash_operator.py
[2022-05-21 17:59:58,072] {processor.py:651} INFO - DAG(s) dict_keys(['example_bash_operator']) retrieved from /home/ubuntu/.local/lib/python3.10/site-packages/airflow/example_dags/example_bash_operator.py
[2022-05-21 17:59:58,087] {logging_mixin.py:115} INFO - [2022-05-21 17:59:58,087] {dag.py:2371} INFO - Sync 1 DAGs
[2022-05-21 17:59:58,105] {logging_mixin.py:115} INFO - [2022-05-21 17:59:58,105] {dag.py:2915} INFO - Setting next_dagrun for example_bash_operator to 2022-05-20T00:00:00+00:00, run_after=2022-05-21T00:00:00+00:00
[2022-05-21 17:59:58,118] {processor.py:161} INFO - Processing /home/ubuntu/.local/lib/python3.10/site-packages/airflow/example_dags/example_bash_operator.py took 0.061 seconds
[2022-05-21 18:00:30,644] {processor.py:153} INFO - Started process (PID=6006) to work on /home/ubuntu/.local/lib/python3.10/site-packages/airflow/example_dags/example_bash_operator.py
[2022-05-21 18:00:30,644] {processor.py:641} INFO - Processing file /home/ubuntu/.local/lib/python3.10/site-packages/airflow/example_dags/example_bash_operator.py for tasks to queue
[2022-05-21 18:00:30,644] {logging_mixin.py:115} INFO - [2022-05-21 18:00:30,644] {dagbag.py:507} INFO - Filling up the DagBag from /home/ubuntu/.local/lib/python3.10/site-packages/airflow/example_dags/example_bash_operator.py
[2022-05-21 18:00:30,656] {processor.py:651} INFO - DAG(s) dict_keys(['example_bash_operator']) retrieved from /home/ubuntu/.local/lib/python3.10/site-packages/airflow/example_dags/example_bash_operator.py
[2022-05-21 18:00:30,672] {logging_mixin.py:115} INFO - [2022-05-21 18:00:30,672] {dag.py:2371} INFO - Sync 1 DAGs
[2022-05-21 18:00:30,690] {logging_mixin.py:115} INFO - [2022-05-21 18:00:30,690] {dag.py:2915} INFO - Setting next_dagrun for example_bash_operator to 2022-05-20T00:00:00+00:00, run_after=2022-05-21T00:00:00+00:00
[2022-05-21 18:00:30,704] {processor.py:161} INFO - Processing /home/ubuntu/.local/lib/python3.10/site-packages/airflow/example_dags/example_bash_operator.py took 0.063 seconds
[2022-05-21 18:01:07,706] {processor.py:153} INFO - Started process (PID=6051) to work on /home/ubuntu/.local/lib/python3.10/site-packages/airflow/example_dags/example_bash_operator.py
[2022-05-21 18:01:07,707] {processor.py:641} INFO - Processing file /home/ubuntu/.local/lib/python3.10/site-packages/airflow/example_dags/example_bash_operator.py for tasks to queue
[2022-05-21 18:01:07,707] {logging_mixin.py:115} INFO - [2022-05-21 18:01:07,707] {dagbag.py:507} INFO - Filling up the DagBag from /home/ubuntu/.local/lib/python3.10/site-packages/airflow/example_dags/example_bash_operator.py
[2022-05-21 18:01:07,718] {processor.py:651} INFO - DAG(s) dict_keys(['example_bash_operator']) retrieved from /home/ubuntu/.local/lib/python3.10/site-packages/airflow/example_dags/example_bash_operator.py
[2022-05-21 18:01:07,735] {logging_mixin.py:115} INFO - [2022-05-21 18:01:07,735] {dag.py:2371} INFO - Sync 1 DAGs
[2022-05-21 18:01:07,753] {logging_mixin.py:115} INFO - [2022-05-21 18:01:07,753] {dag.py:2915} INFO - Setting next_dagrun for example_bash_operator to 2022-05-20T00:00:00+00:00, run_after=2022-05-21T00:00:00+00:00
[2022-05-21 18:01:07,767] {processor.py:161} INFO - Processing /home/ubuntu/.local/lib/python3.10/site-packages/airflow/example_dags/example_bash_operator.py took 0.064 seconds
[2022-05-21 18:01:41,804] {processor.py:153} INFO - Started process (PID=6093) to work on /home/ubuntu/.local/lib/python3.10/site-packages/airflow/example_dags/example_bash_operator.py
[2022-05-21 18:01:41,805] {processor.py:641} INFO - Processing file /home/ubuntu/.local/lib/python3.10/site-packages/airflow/example_dags/example_bash_operator.py for tasks to queue
[2022-05-21 18:01:41,805] {logging_mixin.py:115} INFO - [2022-05-21 18:01:41,805] {dagbag.py:507} INFO - Filling up the DagBag from /home/ubuntu/.local/lib/python3.10/site-packages/airflow/example_dags/example_bash_operator.py
[2022-05-21 18:01:41,817] {processor.py:651} INFO - DAG(s) dict_keys(['example_bash_operator']) retrieved from /home/ubuntu/.local/lib/python3.10/site-packages/airflow/example_dags/example_bash_operator.py
[2022-05-21 18:01:41,833] {logging_mixin.py:115} INFO - [2022-05-21 18:01:41,833] {dag.py:2371} INFO - Sync 1 DAGs
[2022-05-21 18:01:41,851] {logging_mixin.py:115} INFO - [2022-05-21 18:01:41,850] {dag.py:2915} INFO - Setting next_dagrun for example_bash_operator to 2022-05-20T00:00:00+00:00, run_after=2022-05-21T00:00:00+00:00
[2022-05-21 18:01:41,864] {processor.py:161} INFO - Processing /home/ubuntu/.local/lib/python3.10/site-packages/airflow/example_dags/example_bash_operator.py took 0.063 seconds
[2022-05-21 18:02:18,499] {processor.py:153} INFO - Started process (PID=6130) to work on /home/ubuntu/.local/lib/python3.10/site-packages/airflow/example_dags/example_bash_operator.py
[2022-05-21 18:02:18,500] {processor.py:641} INFO - Processing file /home/ubuntu/.local/lib/python3.10/site-packages/airflow/example_dags/example_bash_operator.py for tasks to queue
[2022-05-21 18:02:18,501] {logging_mixin.py:115} INFO - [2022-05-21 18:02:18,501] {dagbag.py:507} INFO - Filling up the DagBag from /home/ubuntu/.local/lib/python3.10/site-packages/airflow/example_dags/example_bash_operator.py
[2022-05-21 18:02:18,512] {processor.py:651} INFO - DAG(s) dict_keys(['example_bash_operator']) retrieved from /home/ubuntu/.local/lib/python3.10/site-packages/airflow/example_dags/example_bash_operator.py
[2022-05-21 18:02:18,529] {logging_mixin.py:115} INFO - [2022-05-21 18:02:18,529] {dag.py:2371} INFO - Sync 1 DAGs
[2022-05-21 18:02:18,547] {logging_mixin.py:115} INFO - [2022-05-21 18:02:18,547] {dag.py:2915} INFO - Setting next_dagrun for example_bash_operator to 2022-05-20T00:00:00+00:00, run_after=2022-05-21T00:00:00+00:00
[2022-05-21 18:02:18,561] {processor.py:161} INFO - Processing /home/ubuntu/.local/lib/python3.10/site-packages/airflow/example_dags/example_bash_operator.py took 0.065 seconds
[2022-05-21 18:02:51,486] {processor.py:153} INFO - Started process (PID=6166) to work on /home/ubuntu/.local/lib/python3.10/site-packages/airflow/example_dags/example_bash_operator.py
[2022-05-21 18:02:51,487] {processor.py:641} INFO - Processing file /home/ubuntu/.local/lib/python3.10/site-packages/airflow/example_dags/example_bash_operator.py for tasks to queue
[2022-05-21 18:02:51,488] {logging_mixin.py:115} INFO - [2022-05-21 18:02:51,487] {dagbag.py:507} INFO - Filling up the DagBag from /home/ubuntu/.local/lib/python3.10/site-packages/airflow/example_dags/example_bash_operator.py
[2022-05-21 18:02:51,499] {processor.py:651} INFO - DAG(s) dict_keys(['example_bash_operator']) retrieved from /home/ubuntu/.local/lib/python3.10/site-packages/airflow/example_dags/example_bash_operator.py
[2022-05-21 18:02:51,515] {logging_mixin.py:115} INFO - [2022-05-21 18:02:51,515] {dag.py:2371} INFO - Sync 1 DAGs
[2022-05-21 18:02:51,533] {logging_mixin.py:115} INFO - [2022-05-21 18:02:51,533] {dag.py:2915} INFO - Setting next_dagrun for example_bash_operator to 2022-05-20T00:00:00+00:00, run_after=2022-05-21T00:00:00+00:00
[2022-05-21 18:02:51,546] {processor.py:161} INFO - Processing /home/ubuntu/.local/lib/python3.10/site-packages/airflow/example_dags/example_bash_operator.py took 0.062 seconds
[2022-05-21 18:03:27,553] {processor.py:153} INFO - Started process (PID=6205) to work on /home/ubuntu/.local/lib/python3.10/site-packages/airflow/example_dags/example_bash_operator.py
[2022-05-21 18:03:27,554] {processor.py:641} INFO - Processing file /home/ubuntu/.local/lib/python3.10/site-packages/airflow/example_dags/example_bash_operator.py for tasks to queue
[2022-05-21 18:03:27,555] {logging_mixin.py:115} INFO - [2022-05-21 18:03:27,554] {dagbag.py:507} INFO - Filling up the DagBag from /home/ubuntu/.local/lib/python3.10/site-packages/airflow/example_dags/example_bash_operator.py
[2022-05-21 18:03:27,566] {processor.py:651} INFO - DAG(s) dict_keys(['example_bash_operator']) retrieved from /home/ubuntu/.local/lib/python3.10/site-packages/airflow/example_dags/example_bash_operator.py
[2022-05-21 18:03:27,582] {logging_mixin.py:115} INFO - [2022-05-21 18:03:27,581] {dag.py:2371} INFO - Sync 1 DAGs
[2022-05-21 18:03:27,599] {logging_mixin.py:115} INFO - [2022-05-21 18:03:27,599] {dag.py:2915} INFO - Setting next_dagrun for example_bash_operator to 2022-05-20T00:00:00+00:00, run_after=2022-05-21T00:00:00+00:00
[2022-05-21 18:03:27,612] {processor.py:161} INFO - Processing /home/ubuntu/.local/lib/python3.10/site-packages/airflow/example_dags/example_bash_operator.py took 0.062 seconds
[2022-05-21 18:04:01,169] {processor.py:153} INFO - Started process (PID=6250) to work on /home/ubuntu/.local/lib/python3.10/site-packages/airflow/example_dags/example_bash_operator.py
[2022-05-21 18:04:01,169] {processor.py:641} INFO - Processing file /home/ubuntu/.local/lib/python3.10/site-packages/airflow/example_dags/example_bash_operator.py for tasks to queue
[2022-05-21 18:04:01,170] {logging_mixin.py:115} INFO - [2022-05-21 18:04:01,170] {dagbag.py:507} INFO - Filling up the DagBag from /home/ubuntu/.local/lib/python3.10/site-packages/airflow/example_dags/example_bash_operator.py
[2022-05-21 18:04:01,181] {processor.py:651} INFO - DAG(s) dict_keys(['example_bash_operator']) retrieved from /home/ubuntu/.local/lib/python3.10/site-packages/airflow/example_dags/example_bash_operator.py
[2022-05-21 18:04:01,198] {logging_mixin.py:115} INFO - [2022-05-21 18:04:01,197] {dag.py:2371} INFO - Sync 1 DAGs
[2022-05-21 18:04:01,216] {logging_mixin.py:115} INFO - [2022-05-21 18:04:01,216] {dag.py:2915} INFO - Setting next_dagrun for example_bash_operator to 2022-05-20T00:00:00+00:00, run_after=2022-05-21T00:00:00+00:00
[2022-05-21 18:04:01,230] {processor.py:161} INFO - Processing /home/ubuntu/.local/lib/python3.10/site-packages/airflow/example_dags/example_bash_operator.py took 0.064 seconds
[2022-05-21 18:04:32,277] {processor.py:153} INFO - Started process (PID=6291) to work on /home/ubuntu/.local/lib/python3.10/site-packages/airflow/example_dags/example_bash_operator.py
[2022-05-21 18:04:32,278] {processor.py:641} INFO - Processing file /home/ubuntu/.local/lib/python3.10/site-packages/airflow/example_dags/example_bash_operator.py for tasks to queue
[2022-05-21 18:04:32,278] {logging_mixin.py:115} INFO - [2022-05-21 18:04:32,278] {dagbag.py:507} INFO - Filling up the DagBag from /home/ubuntu/.local/lib/python3.10/site-packages/airflow/example_dags/example_bash_operator.py
[2022-05-21 18:04:32,290] {processor.py:651} INFO - DAG(s) dict_keys(['example_bash_operator']) retrieved from /home/ubuntu/.local/lib/python3.10/site-packages/airflow/example_dags/example_bash_operator.py
[2022-05-21 18:04:32,306] {logging_mixin.py:115} INFO - [2022-05-21 18:04:32,306] {dag.py:2371} INFO - Sync 1 DAGs
[2022-05-21 18:04:32,324] {logging_mixin.py:115} INFO - [2022-05-21 18:04:32,324] {dag.py:2915} INFO - Setting next_dagrun for example_bash_operator to 2022-05-20T00:00:00+00:00, run_after=2022-05-21T00:00:00+00:00
[2022-05-21 18:04:32,338] {processor.py:161} INFO - Processing /home/ubuntu/.local/lib/python3.10/site-packages/airflow/example_dags/example_bash_operator.py took 0.064 seconds
[2022-05-21 18:05:09,226] {processor.py:153} INFO - Started process (PID=6338) to work on /home/ubuntu/.local/lib/python3.10/site-packages/airflow/example_dags/example_bash_operator.py
[2022-05-21 18:05:09,227] {processor.py:641} INFO - Processing file /home/ubuntu/.local/lib/python3.10/site-packages/airflow/example_dags/example_bash_operator.py for tasks to queue
[2022-05-21 18:05:09,228] {logging_mixin.py:115} INFO - [2022-05-21 18:05:09,228] {dagbag.py:507} INFO - Filling up the DagBag from /home/ubuntu/.local/lib/python3.10/site-packages/airflow/example_dags/example_bash_operator.py
[2022-05-21 18:05:09,239] {processor.py:651} INFO - DAG(s) dict_keys(['example_bash_operator']) retrieved from /home/ubuntu/.local/lib/python3.10/site-packages/airflow/example_dags/example_bash_operator.py
[2022-05-21 18:05:09,256] {logging_mixin.py:115} INFO - [2022-05-21 18:05:09,256] {dag.py:2371} INFO - Sync 1 DAGs
[2022-05-21 18:05:09,275] {logging_mixin.py:115} INFO - [2022-05-21 18:05:09,275] {dag.py:2915} INFO - Setting next_dagrun for example_bash_operator to 2022-05-20T00:00:00+00:00, run_after=2022-05-21T00:00:00+00:00
[2022-05-21 18:05:09,289] {processor.py:161} INFO - Processing /home/ubuntu/.local/lib/python3.10/site-packages/airflow/example_dags/example_bash_operator.py took 0.066 seconds
[2022-05-21 18:05:45,255] {processor.py:153} INFO - Started process (PID=6376) to work on /home/ubuntu/.local/lib/python3.10/site-packages/airflow/example_dags/example_bash_operator.py
[2022-05-21 18:05:45,256] {processor.py:641} INFO - Processing file /home/ubuntu/.local/lib/python3.10/site-packages/airflow/example_dags/example_bash_operator.py for tasks to queue
[2022-05-21 18:05:45,256] {logging_mixin.py:115} INFO - [2022-05-21 18:05:45,256] {dagbag.py:507} INFO - Filling up the DagBag from /home/ubuntu/.local/lib/python3.10/site-packages/airflow/example_dags/example_bash_operator.py
[2022-05-21 18:05:45,268] {processor.py:651} INFO - DAG(s) dict_keys(['example_bash_operator']) retrieved from /home/ubuntu/.local/lib/python3.10/site-packages/airflow/example_dags/example_bash_operator.py
[2022-05-21 18:05:45,285] {logging_mixin.py:115} INFO - [2022-05-21 18:05:45,285] {dag.py:2371} INFO - Sync 1 DAGs
[2022-05-21 18:05:45,304] {logging_mixin.py:115} INFO - [2022-05-21 18:05:45,303] {dag.py:2915} INFO - Setting next_dagrun for example_bash_operator to 2022-05-20T00:00:00+00:00, run_after=2022-05-21T00:00:00+00:00
[2022-05-21 18:05:45,338] {processor.py:161} INFO - Processing /home/ubuntu/.local/lib/python3.10/site-packages/airflow/example_dags/example_bash_operator.py took 0.086 seconds
[2022-05-21 18:06:18,311] {processor.py:153} INFO - Started process (PID=6411) to work on /home/ubuntu/.local/lib/python3.10/site-packages/airflow/example_dags/example_bash_operator.py
[2022-05-21 18:06:18,312] {processor.py:641} INFO - Processing file /home/ubuntu/.local/lib/python3.10/site-packages/airflow/example_dags/example_bash_operator.py for tasks to queue
[2022-05-21 18:06:18,312] {logging_mixin.py:115} INFO - [2022-05-21 18:06:18,312] {dagbag.py:507} INFO - Filling up the DagBag from /home/ubuntu/.local/lib/python3.10/site-packages/airflow/example_dags/example_bash_operator.py
[2022-05-21 18:06:18,324] {processor.py:651} INFO - DAG(s) dict_keys(['example_bash_operator']) retrieved from /home/ubuntu/.local/lib/python3.10/site-packages/airflow/example_dags/example_bash_operator.py
[2022-05-21 18:06:18,340] {logging_mixin.py:115} INFO - [2022-05-21 18:06:18,340] {dag.py:2371} INFO - Sync 1 DAGs
[2022-05-21 18:06:18,358] {logging_mixin.py:115} INFO - [2022-05-21 18:06:18,358] {dag.py:2915} INFO - Setting next_dagrun for example_bash_operator to 2022-05-20T00:00:00+00:00, run_after=2022-05-21T00:00:00+00:00
[2022-05-21 18:06:18,372] {processor.py:161} INFO - Processing /home/ubuntu/.local/lib/python3.10/site-packages/airflow/example_dags/example_bash_operator.py took 0.064 seconds
[2022-05-21 18:06:53,107] {processor.py:153} INFO - Started process (PID=6446) to work on /home/ubuntu/.local/lib/python3.10/site-packages/airflow/example_dags/example_bash_operator.py
[2022-05-21 18:06:53,108] {processor.py:641} INFO - Processing file /home/ubuntu/.local/lib/python3.10/site-packages/airflow/example_dags/example_bash_operator.py for tasks to queue
[2022-05-21 18:06:53,109] {logging_mixin.py:115} INFO - [2022-05-21 18:06:53,108] {dagbag.py:507} INFO - Filling up the DagBag from /home/ubuntu/.local/lib/python3.10/site-packages/airflow/example_dags/example_bash_operator.py
[2022-05-21 18:06:53,120] {processor.py:651} INFO - DAG(s) dict_keys(['example_bash_operator']) retrieved from /home/ubuntu/.local/lib/python3.10/site-packages/airflow/example_dags/example_bash_operator.py
[2022-05-21 18:06:53,136] {logging_mixin.py:115} INFO - [2022-05-21 18:06:53,136] {dag.py:2371} INFO - Sync 1 DAGs
[2022-05-21 18:06:53,153] {logging_mixin.py:115} INFO - [2022-05-21 18:06:53,153] {dag.py:2915} INFO - Setting next_dagrun for example_bash_operator to 2022-05-20T00:00:00+00:00, run_after=2022-05-21T00:00:00+00:00
[2022-05-21 18:06:53,167] {processor.py:161} INFO - Processing /home/ubuntu/.local/lib/python3.10/site-packages/airflow/example_dags/example_bash_operator.py took 0.062 seconds
[2022-05-21 18:07:26,810] {processor.py:153} INFO - Started process (PID=6481) to work on /home/ubuntu/.local/lib/python3.10/site-packages/airflow/example_dags/example_bash_operator.py
[2022-05-21 18:07:26,810] {processor.py:641} INFO - Processing file /home/ubuntu/.local/lib/python3.10/site-packages/airflow/example_dags/example_bash_operator.py for tasks to queue
[2022-05-21 18:07:26,811] {logging_mixin.py:115} INFO - [2022-05-21 18:07:26,811] {dagbag.py:507} INFO - Filling up the DagBag from /home/ubuntu/.local/lib/python3.10/site-packages/airflow/example_dags/example_bash_operator.py
[2022-05-21 18:07:26,822] {processor.py:651} INFO - DAG(s) dict_keys(['example_bash_operator']) retrieved from /home/ubuntu/.local/lib/python3.10/site-packages/airflow/example_dags/example_bash_operator.py
[2022-05-21 18:07:26,838] {logging_mixin.py:115} INFO - [2022-05-21 18:07:26,838] {dag.py:2371} INFO - Sync 1 DAGs
[2022-05-21 18:07:26,856] {logging_mixin.py:115} INFO - [2022-05-21 18:07:26,856] {dag.py:2915} INFO - Setting next_dagrun for example_bash_operator to 2022-05-20T00:00:00+00:00, run_after=2022-05-21T00:00:00+00:00
[2022-05-21 18:07:26,870] {processor.py:161} INFO - Processing /home/ubuntu/.local/lib/python3.10/site-packages/airflow/example_dags/example_bash_operator.py took 0.063 seconds
