[2022-05-21 17:47:38,830] {processor.py:153} INFO - Started process (PID=5150) to work on /home/ubuntu/.local/lib/python3.10/site-packages/airflow/example_dags/example_trigger_target_dag.py
[2022-05-21 17:47:38,830] {processor.py:641} INFO - Processing file /home/ubuntu/.local/lib/python3.10/site-packages/airflow/example_dags/example_trigger_target_dag.py for tasks to queue
[2022-05-21 17:47:38,831] {logging_mixin.py:115} INFO - [2022-05-21 17:47:38,831] {dagbag.py:507} INFO - Filling up the DagBag from /home/ubuntu/.local/lib/python3.10/site-packages/airflow/example_dags/example_trigger_target_dag.py
[2022-05-21 17:47:38,852] {processor.py:651} INFO - DAG(s) dict_keys(['example_trigger_target_dag']) retrieved from /home/ubuntu/.local/lib/python3.10/site-packages/airflow/example_dags/example_trigger_target_dag.py
[2022-05-21 17:47:38,918] {logging_mixin.py:115} INFO - [2022-05-21 17:47:38,917] {manager.py:508} INFO - Created Permission View: can read on DAG:example_trigger_target_dag
[2022-05-21 17:47:38,928] {logging_mixin.py:115} INFO - [2022-05-21 17:47:38,928] {manager.py:508} INFO - Created Permission View: can delete on DAG:example_trigger_target_dag
[2022-05-21 17:47:38,939] {logging_mixin.py:115} INFO - [2022-05-21 17:47:38,939] {manager.py:508} INFO - Created Permission View: can edit on DAG:example_trigger_target_dag
[2022-05-21 17:47:38,939] {logging_mixin.py:115} INFO - [2022-05-21 17:47:38,939] {dag.py:2371} INFO - Sync 1 DAGs
[2022-05-21 17:47:38,948] {logging_mixin.py:115} INFO - [2022-05-21 17:47:38,948] {dag.py:2390} INFO - Creating ORM DAG for example_trigger_target_dag
[2022-05-21 17:47:38,957] {logging_mixin.py:115} INFO - [2022-05-21 17:47:38,957] {dag.py:2915} INFO - Setting next_dagrun for example_trigger_target_dag to None, run_after=None
[2022-05-21 17:47:38,971] {processor.py:161} INFO - Processing /home/ubuntu/.local/lib/python3.10/site-packages/airflow/example_dags/example_trigger_target_dag.py took 0.144 seconds
[2022-05-21 17:48:15,158] {processor.py:153} INFO - Started process (PID=5190) to work on /home/ubuntu/.local/lib/python3.10/site-packages/airflow/example_dags/example_trigger_target_dag.py
[2022-05-21 17:48:15,159] {processor.py:641} INFO - Processing file /home/ubuntu/.local/lib/python3.10/site-packages/airflow/example_dags/example_trigger_target_dag.py for tasks to queue
[2022-05-21 17:48:15,159] {logging_mixin.py:115} INFO - [2022-05-21 17:48:15,159] {dagbag.py:507} INFO - Filling up the DagBag from /home/ubuntu/.local/lib/python3.10/site-packages/airflow/example_dags/example_trigger_target_dag.py
[2022-05-21 17:48:15,175] {processor.py:651} INFO - DAG(s) dict_keys(['example_trigger_target_dag']) retrieved from /home/ubuntu/.local/lib/python3.10/site-packages/airflow/example_dags/example_trigger_target_dag.py
[2022-05-21 17:48:15,190] {logging_mixin.py:115} INFO - [2022-05-21 17:48:15,190] {dag.py:2371} INFO - Sync 1 DAGs
[2022-05-21 17:48:15,206] {logging_mixin.py:115} INFO - [2022-05-21 17:48:15,206] {dag.py:2915} INFO - Setting next_dagrun for example_trigger_target_dag to None, run_after=None
[2022-05-21 17:48:15,220] {processor.py:161} INFO - Processing /home/ubuntu/.local/lib/python3.10/site-packages/airflow/example_dags/example_trigger_target_dag.py took 0.065 seconds
[2022-05-21 17:48:45,730] {processor.py:153} INFO - Started process (PID=5222) to work on /home/ubuntu/.local/lib/python3.10/site-packages/airflow/example_dags/example_trigger_target_dag.py
[2022-05-21 17:48:45,731] {processor.py:641} INFO - Processing file /home/ubuntu/.local/lib/python3.10/site-packages/airflow/example_dags/example_trigger_target_dag.py for tasks to queue
[2022-05-21 17:48:45,731] {logging_mixin.py:115} INFO - [2022-05-21 17:48:45,731] {dagbag.py:507} INFO - Filling up the DagBag from /home/ubuntu/.local/lib/python3.10/site-packages/airflow/example_dags/example_trigger_target_dag.py
[2022-05-21 17:48:45,748] {processor.py:651} INFO - DAG(s) dict_keys(['example_trigger_target_dag']) retrieved from /home/ubuntu/.local/lib/python3.10/site-packages/airflow/example_dags/example_trigger_target_dag.py
[2022-05-21 17:48:45,766] {logging_mixin.py:115} INFO - [2022-05-21 17:48:45,766] {dag.py:2371} INFO - Sync 1 DAGs
[2022-05-21 17:48:45,782] {logging_mixin.py:115} INFO - [2022-05-21 17:48:45,782] {dag.py:2915} INFO - Setting next_dagrun for example_trigger_target_dag to None, run_after=None
[2022-05-21 17:48:45,799] {processor.py:161} INFO - Processing /home/ubuntu/.local/lib/python3.10/site-packages/airflow/example_dags/example_trigger_target_dag.py took 0.071 seconds
[2022-05-21 17:49:16,633] {processor.py:153} INFO - Started process (PID=5259) to work on /home/ubuntu/.local/lib/python3.10/site-packages/airflow/example_dags/example_trigger_target_dag.py
[2022-05-21 17:49:16,634] {processor.py:641} INFO - Processing file /home/ubuntu/.local/lib/python3.10/site-packages/airflow/example_dags/example_trigger_target_dag.py for tasks to queue
[2022-05-21 17:49:16,634] {logging_mixin.py:115} INFO - [2022-05-21 17:49:16,634] {dagbag.py:507} INFO - Filling up the DagBag from /home/ubuntu/.local/lib/python3.10/site-packages/airflow/example_dags/example_trigger_target_dag.py
[2022-05-21 17:49:16,650] {processor.py:651} INFO - DAG(s) dict_keys(['example_trigger_target_dag']) retrieved from /home/ubuntu/.local/lib/python3.10/site-packages/airflow/example_dags/example_trigger_target_dag.py
[2022-05-21 17:49:16,665] {logging_mixin.py:115} INFO - [2022-05-21 17:49:16,665] {dag.py:2371} INFO - Sync 1 DAGs
[2022-05-21 17:49:16,682] {logging_mixin.py:115} INFO - [2022-05-21 17:49:16,682] {dag.py:2915} INFO - Setting next_dagrun for example_trigger_target_dag to None, run_after=None
[2022-05-21 17:49:16,695] {processor.py:161} INFO - Processing /home/ubuntu/.local/lib/python3.10/site-packages/airflow/example_dags/example_trigger_target_dag.py took 0.065 seconds
[2022-05-21 17:49:47,362] {processor.py:153} INFO - Started process (PID=5293) to work on /home/ubuntu/.local/lib/python3.10/site-packages/airflow/example_dags/example_trigger_target_dag.py
[2022-05-21 17:49:47,362] {processor.py:641} INFO - Processing file /home/ubuntu/.local/lib/python3.10/site-packages/airflow/example_dags/example_trigger_target_dag.py for tasks to queue
[2022-05-21 17:49:47,363] {logging_mixin.py:115} INFO - [2022-05-21 17:49:47,363] {dagbag.py:507} INFO - Filling up the DagBag from /home/ubuntu/.local/lib/python3.10/site-packages/airflow/example_dags/example_trigger_target_dag.py
[2022-05-21 17:49:47,378] {processor.py:651} INFO - DAG(s) dict_keys(['example_trigger_target_dag']) retrieved from /home/ubuntu/.local/lib/python3.10/site-packages/airflow/example_dags/example_trigger_target_dag.py
[2022-05-21 17:49:47,394] {logging_mixin.py:115} INFO - [2022-05-21 17:49:47,394] {dag.py:2371} INFO - Sync 1 DAGs
[2022-05-21 17:49:47,410] {logging_mixin.py:115} INFO - [2022-05-21 17:49:47,410] {dag.py:2915} INFO - Setting next_dagrun for example_trigger_target_dag to None, run_after=None
[2022-05-21 17:49:47,423] {processor.py:161} INFO - Processing /home/ubuntu/.local/lib/python3.10/site-packages/airflow/example_dags/example_trigger_target_dag.py took 0.064 seconds
[2022-05-21 17:50:18,299] {processor.py:153} INFO - Started process (PID=5327) to work on /home/ubuntu/.local/lib/python3.10/site-packages/airflow/example_dags/example_trigger_target_dag.py
[2022-05-21 17:50:18,300] {processor.py:641} INFO - Processing file /home/ubuntu/.local/lib/python3.10/site-packages/airflow/example_dags/example_trigger_target_dag.py for tasks to queue
[2022-05-21 17:50:18,300] {logging_mixin.py:115} INFO - [2022-05-21 17:50:18,300] {dagbag.py:507} INFO - Filling up the DagBag from /home/ubuntu/.local/lib/python3.10/site-packages/airflow/example_dags/example_trigger_target_dag.py
[2022-05-21 17:50:18,317] {processor.py:651} INFO - DAG(s) dict_keys(['example_trigger_target_dag']) retrieved from /home/ubuntu/.local/lib/python3.10/site-packages/airflow/example_dags/example_trigger_target_dag.py
[2022-05-21 17:50:18,333] {logging_mixin.py:115} INFO - [2022-05-21 17:50:18,332] {dag.py:2371} INFO - Sync 1 DAGs
[2022-05-21 17:50:18,349] {logging_mixin.py:115} INFO - [2022-05-21 17:50:18,349] {dag.py:2915} INFO - Setting next_dagrun for example_trigger_target_dag to None, run_after=None
[2022-05-21 17:50:18,363] {processor.py:161} INFO - Processing /home/ubuntu/.local/lib/python3.10/site-packages/airflow/example_dags/example_trigger_target_dag.py took 0.067 seconds
[2022-05-21 17:50:49,245] {processor.py:153} INFO - Started process (PID=5357) to work on /home/ubuntu/.local/lib/python3.10/site-packages/airflow/example_dags/example_trigger_target_dag.py
[2022-05-21 17:50:49,246] {processor.py:641} INFO - Processing file /home/ubuntu/.local/lib/python3.10/site-packages/airflow/example_dags/example_trigger_target_dag.py for tasks to queue
[2022-05-21 17:50:49,246] {logging_mixin.py:115} INFO - [2022-05-21 17:50:49,246] {dagbag.py:507} INFO - Filling up the DagBag from /home/ubuntu/.local/lib/python3.10/site-packages/airflow/example_dags/example_trigger_target_dag.py
[2022-05-21 17:50:49,262] {processor.py:651} INFO - DAG(s) dict_keys(['example_trigger_target_dag']) retrieved from /home/ubuntu/.local/lib/python3.10/site-packages/airflow/example_dags/example_trigger_target_dag.py
[2022-05-21 17:50:49,281] {logging_mixin.py:115} INFO - [2022-05-21 17:50:49,281] {dag.py:2371} INFO - Sync 1 DAGs
[2022-05-21 17:50:49,298] {logging_mixin.py:115} INFO - [2022-05-21 17:50:49,298] {dag.py:2915} INFO - Setting next_dagrun for example_trigger_target_dag to None, run_after=None
[2022-05-21 17:50:49,311] {processor.py:161} INFO - Processing /home/ubuntu/.local/lib/python3.10/site-packages/airflow/example_dags/example_trigger_target_dag.py took 0.069 seconds
[2022-05-21 17:51:20,783] {processor.py:153} INFO - Started process (PID=5391) to work on /home/ubuntu/.local/lib/python3.10/site-packages/airflow/example_dags/example_trigger_target_dag.py
[2022-05-21 17:51:20,784] {processor.py:641} INFO - Processing file /home/ubuntu/.local/lib/python3.10/site-packages/airflow/example_dags/example_trigger_target_dag.py for tasks to queue
[2022-05-21 17:51:20,784] {logging_mixin.py:115} INFO - [2022-05-21 17:51:20,784] {dagbag.py:507} INFO - Filling up the DagBag from /home/ubuntu/.local/lib/python3.10/site-packages/airflow/example_dags/example_trigger_target_dag.py
[2022-05-21 17:51:20,801] {processor.py:651} INFO - DAG(s) dict_keys(['example_trigger_target_dag']) retrieved from /home/ubuntu/.local/lib/python3.10/site-packages/airflow/example_dags/example_trigger_target_dag.py
[2022-05-21 17:51:20,817] {logging_mixin.py:115} INFO - [2022-05-21 17:51:20,817] {dag.py:2371} INFO - Sync 1 DAGs
[2022-05-21 17:51:20,834] {logging_mixin.py:115} INFO - [2022-05-21 17:51:20,834] {dag.py:2915} INFO - Setting next_dagrun for example_trigger_target_dag to None, run_after=None
[2022-05-21 17:51:20,850] {processor.py:161} INFO - Processing /home/ubuntu/.local/lib/python3.10/site-packages/airflow/example_dags/example_trigger_target_dag.py took 0.070 seconds
[2022-05-21 17:51:51,030] {processor.py:153} INFO - Started process (PID=5421) to work on /home/ubuntu/.local/lib/python3.10/site-packages/airflow/example_dags/example_trigger_target_dag.py
[2022-05-21 17:51:51,031] {processor.py:641} INFO - Processing file /home/ubuntu/.local/lib/python3.10/site-packages/airflow/example_dags/example_trigger_target_dag.py for tasks to queue
[2022-05-21 17:51:51,032] {logging_mixin.py:115} INFO - [2022-05-21 17:51:51,032] {dagbag.py:507} INFO - Filling up the DagBag from /home/ubuntu/.local/lib/python3.10/site-packages/airflow/example_dags/example_trigger_target_dag.py
[2022-05-21 17:51:51,047] {processor.py:651} INFO - DAG(s) dict_keys(['example_trigger_target_dag']) retrieved from /home/ubuntu/.local/lib/python3.10/site-packages/airflow/example_dags/example_trigger_target_dag.py
[2022-05-21 17:51:51,062] {logging_mixin.py:115} INFO - [2022-05-21 17:51:51,062] {dag.py:2371} INFO - Sync 1 DAGs
[2022-05-21 17:51:51,079] {logging_mixin.py:115} INFO - [2022-05-21 17:51:51,079] {dag.py:2915} INFO - Setting next_dagrun for example_trigger_target_dag to None, run_after=None
[2022-05-21 17:51:51,094] {processor.py:161} INFO - Processing /home/ubuntu/.local/lib/python3.10/site-packages/airflow/example_dags/example_trigger_target_dag.py took 0.066 seconds
[2022-05-21 17:52:24,941] {processor.py:153} INFO - Started process (PID=5456) to work on /home/ubuntu/.local/lib/python3.10/site-packages/airflow/example_dags/example_trigger_target_dag.py
[2022-05-21 17:52:24,941] {processor.py:641} INFO - Processing file /home/ubuntu/.local/lib/python3.10/site-packages/airflow/example_dags/example_trigger_target_dag.py for tasks to queue
[2022-05-21 17:52:24,942] {logging_mixin.py:115} INFO - [2022-05-21 17:52:24,942] {dagbag.py:507} INFO - Filling up the DagBag from /home/ubuntu/.local/lib/python3.10/site-packages/airflow/example_dags/example_trigger_target_dag.py
[2022-05-21 17:52:24,958] {processor.py:651} INFO - DAG(s) dict_keys(['example_trigger_target_dag']) retrieved from /home/ubuntu/.local/lib/python3.10/site-packages/airflow/example_dags/example_trigger_target_dag.py
[2022-05-21 17:52:24,973] {logging_mixin.py:115} INFO - [2022-05-21 17:52:24,973] {dag.py:2371} INFO - Sync 1 DAGs
[2022-05-21 17:52:24,989] {logging_mixin.py:115} INFO - [2022-05-21 17:52:24,989] {dag.py:2915} INFO - Setting next_dagrun for example_trigger_target_dag to None, run_after=None
[2022-05-21 17:52:25,002] {processor.py:161} INFO - Processing /home/ubuntu/.local/lib/python3.10/site-packages/airflow/example_dags/example_trigger_target_dag.py took 0.064 seconds
[2022-05-21 17:52:55,431] {processor.py:153} INFO - Started process (PID=5488) to work on /home/ubuntu/.local/lib/python3.10/site-packages/airflow/example_dags/example_trigger_target_dag.py
[2022-05-21 17:52:55,432] {processor.py:641} INFO - Processing file /home/ubuntu/.local/lib/python3.10/site-packages/airflow/example_dags/example_trigger_target_dag.py for tasks to queue
[2022-05-21 17:52:55,432] {logging_mixin.py:115} INFO - [2022-05-21 17:52:55,432] {dagbag.py:507} INFO - Filling up the DagBag from /home/ubuntu/.local/lib/python3.10/site-packages/airflow/example_dags/example_trigger_target_dag.py
[2022-05-21 17:52:55,448] {processor.py:651} INFO - DAG(s) dict_keys(['example_trigger_target_dag']) retrieved from /home/ubuntu/.local/lib/python3.10/site-packages/airflow/example_dags/example_trigger_target_dag.py
[2022-05-21 17:52:55,463] {logging_mixin.py:115} INFO - [2022-05-21 17:52:55,463] {dag.py:2371} INFO - Sync 1 DAGs
[2022-05-21 17:52:55,480] {logging_mixin.py:115} INFO - [2022-05-21 17:52:55,480] {dag.py:2915} INFO - Setting next_dagrun for example_trigger_target_dag to None, run_after=None
[2022-05-21 17:52:55,494] {processor.py:161} INFO - Processing /home/ubuntu/.local/lib/python3.10/site-packages/airflow/example_dags/example_trigger_target_dag.py took 0.066 seconds
[2022-05-21 17:53:26,482] {processor.py:153} INFO - Started process (PID=5526) to work on /home/ubuntu/.local/lib/python3.10/site-packages/airflow/example_dags/example_trigger_target_dag.py
[2022-05-21 17:53:26,483] {processor.py:641} INFO - Processing file /home/ubuntu/.local/lib/python3.10/site-packages/airflow/example_dags/example_trigger_target_dag.py for tasks to queue
[2022-05-21 17:53:26,483] {logging_mixin.py:115} INFO - [2022-05-21 17:53:26,483] {dagbag.py:507} INFO - Filling up the DagBag from /home/ubuntu/.local/lib/python3.10/site-packages/airflow/example_dags/example_trigger_target_dag.py
[2022-05-21 17:53:26,499] {processor.py:651} INFO - DAG(s) dict_keys(['example_trigger_target_dag']) retrieved from /home/ubuntu/.local/lib/python3.10/site-packages/airflow/example_dags/example_trigger_target_dag.py
[2022-05-21 17:53:26,514] {logging_mixin.py:115} INFO - [2022-05-21 17:53:26,514] {dag.py:2371} INFO - Sync 1 DAGs
[2022-05-21 17:53:26,530] {logging_mixin.py:115} INFO - [2022-05-21 17:53:26,530] {dag.py:2915} INFO - Setting next_dagrun for example_trigger_target_dag to None, run_after=None
[2022-05-21 17:53:26,543] {processor.py:161} INFO - Processing /home/ubuntu/.local/lib/python3.10/site-packages/airflow/example_dags/example_trigger_target_dag.py took 0.064 seconds
[2022-05-21 17:53:59,022] {processor.py:153} INFO - Started process (PID=5567) to work on /home/ubuntu/.local/lib/python3.10/site-packages/airflow/example_dags/example_trigger_target_dag.py
[2022-05-21 17:53:59,023] {processor.py:641} INFO - Processing file /home/ubuntu/.local/lib/python3.10/site-packages/airflow/example_dags/example_trigger_target_dag.py for tasks to queue
[2022-05-21 17:53:59,023] {logging_mixin.py:115} INFO - [2022-05-21 17:53:59,023] {dagbag.py:507} INFO - Filling up the DagBag from /home/ubuntu/.local/lib/python3.10/site-packages/airflow/example_dags/example_trigger_target_dag.py
[2022-05-21 17:53:59,040] {processor.py:651} INFO - DAG(s) dict_keys(['example_trigger_target_dag']) retrieved from /home/ubuntu/.local/lib/python3.10/site-packages/airflow/example_dags/example_trigger_target_dag.py
[2022-05-21 17:53:59,055] {logging_mixin.py:115} INFO - [2022-05-21 17:53:59,055] {dag.py:2371} INFO - Sync 1 DAGs
[2022-05-21 17:53:59,072] {logging_mixin.py:115} INFO - [2022-05-21 17:53:59,071] {dag.py:2915} INFO - Setting next_dagrun for example_trigger_target_dag to None, run_after=None
[2022-05-21 17:53:59,084] {processor.py:161} INFO - Processing /home/ubuntu/.local/lib/python3.10/site-packages/airflow/example_dags/example_trigger_target_dag.py took 0.065 seconds
[2022-05-21 17:54:29,226] {processor.py:153} INFO - Started process (PID=5601) to work on /home/ubuntu/.local/lib/python3.10/site-packages/airflow/example_dags/example_trigger_target_dag.py
[2022-05-21 17:54:29,227] {processor.py:641} INFO - Processing file /home/ubuntu/.local/lib/python3.10/site-packages/airflow/example_dags/example_trigger_target_dag.py for tasks to queue
[2022-05-21 17:54:29,227] {logging_mixin.py:115} INFO - [2022-05-21 17:54:29,227] {dagbag.py:507} INFO - Filling up the DagBag from /home/ubuntu/.local/lib/python3.10/site-packages/airflow/example_dags/example_trigger_target_dag.py
[2022-05-21 17:54:29,243] {processor.py:651} INFO - DAG(s) dict_keys(['example_trigger_target_dag']) retrieved from /home/ubuntu/.local/lib/python3.10/site-packages/airflow/example_dags/example_trigger_target_dag.py
[2022-05-21 17:54:29,259] {logging_mixin.py:115} INFO - [2022-05-21 17:54:29,259] {dag.py:2371} INFO - Sync 1 DAGs
[2022-05-21 17:54:29,276] {logging_mixin.py:115} INFO - [2022-05-21 17:54:29,276] {dag.py:2915} INFO - Setting next_dagrun for example_trigger_target_dag to None, run_after=None
[2022-05-21 17:54:29,290] {processor.py:161} INFO - Processing /home/ubuntu/.local/lib/python3.10/site-packages/airflow/example_dags/example_trigger_target_dag.py took 0.067 seconds
[2022-05-21 17:55:01,762] {processor.py:153} INFO - Started process (PID=5633) to work on /home/ubuntu/.local/lib/python3.10/site-packages/airflow/example_dags/example_trigger_target_dag.py
[2022-05-21 17:55:01,763] {processor.py:641} INFO - Processing file /home/ubuntu/.local/lib/python3.10/site-packages/airflow/example_dags/example_trigger_target_dag.py for tasks to queue
[2022-05-21 17:55:01,763] {logging_mixin.py:115} INFO - [2022-05-21 17:55:01,763] {dagbag.py:507} INFO - Filling up the DagBag from /home/ubuntu/.local/lib/python3.10/site-packages/airflow/example_dags/example_trigger_target_dag.py
[2022-05-21 17:55:01,779] {processor.py:651} INFO - DAG(s) dict_keys(['example_trigger_target_dag']) retrieved from /home/ubuntu/.local/lib/python3.10/site-packages/airflow/example_dags/example_trigger_target_dag.py
[2022-05-21 17:55:01,795] {logging_mixin.py:115} INFO - [2022-05-21 17:55:01,795] {dag.py:2371} INFO - Sync 1 DAGs
[2022-05-21 17:55:01,811] {logging_mixin.py:115} INFO - [2022-05-21 17:55:01,811] {dag.py:2915} INFO - Setting next_dagrun for example_trigger_target_dag to None, run_after=None
[2022-05-21 17:55:01,830] {processor.py:161} INFO - Processing /home/ubuntu/.local/lib/python3.10/site-packages/airflow/example_dags/example_trigger_target_dag.py took 0.071 seconds
[2022-05-21 17:55:33,731] {processor.py:153} INFO - Started process (PID=5669) to work on /home/ubuntu/.local/lib/python3.10/site-packages/airflow/example_dags/example_trigger_target_dag.py
[2022-05-21 17:55:33,732] {processor.py:641} INFO - Processing file /home/ubuntu/.local/lib/python3.10/site-packages/airflow/example_dags/example_trigger_target_dag.py for tasks to queue
[2022-05-21 17:55:33,732] {logging_mixin.py:115} INFO - [2022-05-21 17:55:33,732] {dagbag.py:507} INFO - Filling up the DagBag from /home/ubuntu/.local/lib/python3.10/site-packages/airflow/example_dags/example_trigger_target_dag.py
[2022-05-21 17:55:33,748] {processor.py:651} INFO - DAG(s) dict_keys(['example_trigger_target_dag']) retrieved from /home/ubuntu/.local/lib/python3.10/site-packages/airflow/example_dags/example_trigger_target_dag.py
[2022-05-21 17:55:33,763] {logging_mixin.py:115} INFO - [2022-05-21 17:55:33,763] {dag.py:2371} INFO - Sync 1 DAGs
[2022-05-21 17:55:33,779] {logging_mixin.py:115} INFO - [2022-05-21 17:55:33,779] {dag.py:2915} INFO - Setting next_dagrun for example_trigger_target_dag to None, run_after=None
[2022-05-21 17:55:33,792] {processor.py:161} INFO - Processing /home/ubuntu/.local/lib/python3.10/site-packages/airflow/example_dags/example_trigger_target_dag.py took 0.064 seconds
[2022-05-21 17:56:06,496] {processor.py:153} INFO - Started process (PID=5706) to work on /home/ubuntu/.local/lib/python3.10/site-packages/airflow/example_dags/example_trigger_target_dag.py
[2022-05-21 17:56:06,500] {processor.py:641} INFO - Processing file /home/ubuntu/.local/lib/python3.10/site-packages/airflow/example_dags/example_trigger_target_dag.py for tasks to queue
[2022-05-21 17:56:06,500] {logging_mixin.py:115} INFO - [2022-05-21 17:56:06,500] {dagbag.py:507} INFO - Filling up the DagBag from /home/ubuntu/.local/lib/python3.10/site-packages/airflow/example_dags/example_trigger_target_dag.py
[2022-05-21 17:56:06,516] {processor.py:651} INFO - DAG(s) dict_keys(['example_trigger_target_dag']) retrieved from /home/ubuntu/.local/lib/python3.10/site-packages/airflow/example_dags/example_trigger_target_dag.py
[2022-05-21 17:56:06,532] {logging_mixin.py:115} INFO - [2022-05-21 17:56:06,532] {dag.py:2371} INFO - Sync 1 DAGs
[2022-05-21 17:56:06,548] {logging_mixin.py:115} INFO - [2022-05-21 17:56:06,548] {dag.py:2915} INFO - Setting next_dagrun for example_trigger_target_dag to None, run_after=None
[2022-05-21 17:56:06,563] {processor.py:161} INFO - Processing /home/ubuntu/.local/lib/python3.10/site-packages/airflow/example_dags/example_trigger_target_dag.py took 0.070 seconds
[2022-05-21 17:56:39,257] {processor.py:153} INFO - Started process (PID=5740) to work on /home/ubuntu/.local/lib/python3.10/site-packages/airflow/example_dags/example_trigger_target_dag.py
[2022-05-21 17:56:39,258] {processor.py:641} INFO - Processing file /home/ubuntu/.local/lib/python3.10/site-packages/airflow/example_dags/example_trigger_target_dag.py for tasks to queue
[2022-05-21 17:56:39,258] {logging_mixin.py:115} INFO - [2022-05-21 17:56:39,258] {dagbag.py:507} INFO - Filling up the DagBag from /home/ubuntu/.local/lib/python3.10/site-packages/airflow/example_dags/example_trigger_target_dag.py
[2022-05-21 17:56:39,274] {processor.py:651} INFO - DAG(s) dict_keys(['example_trigger_target_dag']) retrieved from /home/ubuntu/.local/lib/python3.10/site-packages/airflow/example_dags/example_trigger_target_dag.py
[2022-05-21 17:56:39,290] {logging_mixin.py:115} INFO - [2022-05-21 17:56:39,289] {dag.py:2371} INFO - Sync 1 DAGs
[2022-05-21 17:56:39,306] {logging_mixin.py:115} INFO - [2022-05-21 17:56:39,306] {dag.py:2915} INFO - Setting next_dagrun for example_trigger_target_dag to None, run_after=None
[2022-05-21 17:56:39,319] {processor.py:161} INFO - Processing /home/ubuntu/.local/lib/python3.10/site-packages/airflow/example_dags/example_trigger_target_dag.py took 0.065 seconds
[2022-05-21 17:57:10,283] {processor.py:153} INFO - Started process (PID=5775) to work on /home/ubuntu/.local/lib/python3.10/site-packages/airflow/example_dags/example_trigger_target_dag.py
[2022-05-21 17:57:10,284] {processor.py:641} INFO - Processing file /home/ubuntu/.local/lib/python3.10/site-packages/airflow/example_dags/example_trigger_target_dag.py for tasks to queue
[2022-05-21 17:57:10,284] {logging_mixin.py:115} INFO - [2022-05-21 17:57:10,284] {dagbag.py:507} INFO - Filling up the DagBag from /home/ubuntu/.local/lib/python3.10/site-packages/airflow/example_dags/example_trigger_target_dag.py
[2022-05-21 17:57:10,300] {processor.py:651} INFO - DAG(s) dict_keys(['example_trigger_target_dag']) retrieved from /home/ubuntu/.local/lib/python3.10/site-packages/airflow/example_dags/example_trigger_target_dag.py
[2022-05-21 17:57:10,316] {logging_mixin.py:115} INFO - [2022-05-21 17:57:10,316] {dag.py:2371} INFO - Sync 1 DAGs
[2022-05-21 17:57:10,333] {logging_mixin.py:115} INFO - [2022-05-21 17:57:10,332] {dag.py:2915} INFO - Setting next_dagrun for example_trigger_target_dag to None, run_after=None
[2022-05-21 17:57:10,346] {processor.py:161} INFO - Processing /home/ubuntu/.local/lib/python3.10/site-packages/airflow/example_dags/example_trigger_target_dag.py took 0.066 seconds
[2022-05-21 17:57:41,082] {processor.py:153} INFO - Started process (PID=5808) to work on /home/ubuntu/.local/lib/python3.10/site-packages/airflow/example_dags/example_trigger_target_dag.py
[2022-05-21 17:57:41,082] {processor.py:641} INFO - Processing file /home/ubuntu/.local/lib/python3.10/site-packages/airflow/example_dags/example_trigger_target_dag.py for tasks to queue
[2022-05-21 17:57:41,083] {logging_mixin.py:115} INFO - [2022-05-21 17:57:41,083] {dagbag.py:507} INFO - Filling up the DagBag from /home/ubuntu/.local/lib/python3.10/site-packages/airflow/example_dags/example_trigger_target_dag.py
[2022-05-21 17:57:41,099] {processor.py:651} INFO - DAG(s) dict_keys(['example_trigger_target_dag']) retrieved from /home/ubuntu/.local/lib/python3.10/site-packages/airflow/example_dags/example_trigger_target_dag.py
[2022-05-21 17:57:41,114] {logging_mixin.py:115} INFO - [2022-05-21 17:57:41,114] {dag.py:2371} INFO - Sync 1 DAGs
[2022-05-21 17:57:41,130] {logging_mixin.py:115} INFO - [2022-05-21 17:57:41,130] {dag.py:2915} INFO - Setting next_dagrun for example_trigger_target_dag to None, run_after=None
[2022-05-21 17:57:41,145] {processor.py:161} INFO - Processing /home/ubuntu/.local/lib/python3.10/site-packages/airflow/example_dags/example_trigger_target_dag.py took 0.066 seconds
[2022-05-21 17:58:13,125] {processor.py:153} INFO - Started process (PID=5847) to work on /home/ubuntu/.local/lib/python3.10/site-packages/airflow/example_dags/example_trigger_target_dag.py
[2022-05-21 17:58:13,126] {processor.py:641} INFO - Processing file /home/ubuntu/.local/lib/python3.10/site-packages/airflow/example_dags/example_trigger_target_dag.py for tasks to queue
[2022-05-21 17:58:13,126] {logging_mixin.py:115} INFO - [2022-05-21 17:58:13,126] {dagbag.py:507} INFO - Filling up the DagBag from /home/ubuntu/.local/lib/python3.10/site-packages/airflow/example_dags/example_trigger_target_dag.py
[2022-05-21 17:58:13,143] {processor.py:651} INFO - DAG(s) dict_keys(['example_trigger_target_dag']) retrieved from /home/ubuntu/.local/lib/python3.10/site-packages/airflow/example_dags/example_trigger_target_dag.py
[2022-05-21 17:58:13,159] {logging_mixin.py:115} INFO - [2022-05-21 17:58:13,159] {dag.py:2371} INFO - Sync 1 DAGs
[2022-05-21 17:58:13,176] {logging_mixin.py:115} INFO - [2022-05-21 17:58:13,176] {dag.py:2915} INFO - Setting next_dagrun for example_trigger_target_dag to None, run_after=None
[2022-05-21 17:58:13,189] {processor.py:161} INFO - Processing /home/ubuntu/.local/lib/python3.10/site-packages/airflow/example_dags/example_trigger_target_dag.py took 0.067 seconds
[2022-05-21 17:58:45,344] {processor.py:153} INFO - Started process (PID=5887) to work on /home/ubuntu/.local/lib/python3.10/site-packages/airflow/example_dags/example_trigger_target_dag.py
[2022-05-21 17:58:45,345] {processor.py:641} INFO - Processing file /home/ubuntu/.local/lib/python3.10/site-packages/airflow/example_dags/example_trigger_target_dag.py for tasks to queue
[2022-05-21 17:58:45,346] {logging_mixin.py:115} INFO - [2022-05-21 17:58:45,346] {dagbag.py:507} INFO - Filling up the DagBag from /home/ubuntu/.local/lib/python3.10/site-packages/airflow/example_dags/example_trigger_target_dag.py
[2022-05-21 17:58:45,362] {processor.py:651} INFO - DAG(s) dict_keys(['example_trigger_target_dag']) retrieved from /home/ubuntu/.local/lib/python3.10/site-packages/airflow/example_dags/example_trigger_target_dag.py
[2022-05-21 17:58:45,377] {logging_mixin.py:115} INFO - [2022-05-21 17:58:45,377] {dag.py:2371} INFO - Sync 1 DAGs
[2022-05-21 17:58:45,393] {logging_mixin.py:115} INFO - [2022-05-21 17:58:45,393] {dag.py:2915} INFO - Setting next_dagrun for example_trigger_target_dag to None, run_after=None
[2022-05-21 17:58:45,406] {processor.py:161} INFO - Processing /home/ubuntu/.local/lib/python3.10/site-packages/airflow/example_dags/example_trigger_target_dag.py took 0.065 seconds
[2022-05-21 17:59:17,832] {processor.py:153} INFO - Started process (PID=5921) to work on /home/ubuntu/.local/lib/python3.10/site-packages/airflow/example_dags/example_trigger_target_dag.py
[2022-05-21 17:59:17,832] {processor.py:641} INFO - Processing file /home/ubuntu/.local/lib/python3.10/site-packages/airflow/example_dags/example_trigger_target_dag.py for tasks to queue
[2022-05-21 17:59:17,833] {logging_mixin.py:115} INFO - [2022-05-21 17:59:17,833] {dagbag.py:507} INFO - Filling up the DagBag from /home/ubuntu/.local/lib/python3.10/site-packages/airflow/example_dags/example_trigger_target_dag.py
[2022-05-21 17:59:17,848] {processor.py:651} INFO - DAG(s) dict_keys(['example_trigger_target_dag']) retrieved from /home/ubuntu/.local/lib/python3.10/site-packages/airflow/example_dags/example_trigger_target_dag.py
[2022-05-21 17:59:17,863] {logging_mixin.py:115} INFO - [2022-05-21 17:59:17,863] {dag.py:2371} INFO - Sync 1 DAGs
[2022-05-21 17:59:17,879] {logging_mixin.py:115} INFO - [2022-05-21 17:59:17,879] {dag.py:2915} INFO - Setting next_dagrun for example_trigger_target_dag to None, run_after=None
[2022-05-21 17:59:17,892] {processor.py:161} INFO - Processing /home/ubuntu/.local/lib/python3.10/site-packages/airflow/example_dags/example_trigger_target_dag.py took 0.064 seconds
[2022-05-21 17:59:49,248] {processor.py:153} INFO - Started process (PID=5960) to work on /home/ubuntu/.local/lib/python3.10/site-packages/airflow/example_dags/example_trigger_target_dag.py
[2022-05-21 17:59:49,249] {processor.py:641} INFO - Processing file /home/ubuntu/.local/lib/python3.10/site-packages/airflow/example_dags/example_trigger_target_dag.py for tasks to queue
[2022-05-21 17:59:49,249] {logging_mixin.py:115} INFO - [2022-05-21 17:59:49,249] {dagbag.py:507} INFO - Filling up the DagBag from /home/ubuntu/.local/lib/python3.10/site-packages/airflow/example_dags/example_trigger_target_dag.py
[2022-05-21 17:59:49,265] {processor.py:651} INFO - DAG(s) dict_keys(['example_trigger_target_dag']) retrieved from /home/ubuntu/.local/lib/python3.10/site-packages/airflow/example_dags/example_trigger_target_dag.py
[2022-05-21 17:59:49,280] {logging_mixin.py:115} INFO - [2022-05-21 17:59:49,280] {dag.py:2371} INFO - Sync 1 DAGs
[2022-05-21 17:59:49,296] {logging_mixin.py:115} INFO - [2022-05-21 17:59:49,296] {dag.py:2915} INFO - Setting next_dagrun for example_trigger_target_dag to None, run_after=None
[2022-05-21 17:59:49,310] {processor.py:161} INFO - Processing /home/ubuntu/.local/lib/python3.10/site-packages/airflow/example_dags/example_trigger_target_dag.py took 0.065 seconds
[2022-05-21 18:00:21,505] {processor.py:153} INFO - Started process (PID=5995) to work on /home/ubuntu/.local/lib/python3.10/site-packages/airflow/example_dags/example_trigger_target_dag.py
[2022-05-21 18:00:21,505] {processor.py:641} INFO - Processing file /home/ubuntu/.local/lib/python3.10/site-packages/airflow/example_dags/example_trigger_target_dag.py for tasks to queue
[2022-05-21 18:00:21,506] {logging_mixin.py:115} INFO - [2022-05-21 18:00:21,506] {dagbag.py:507} INFO - Filling up the DagBag from /home/ubuntu/.local/lib/python3.10/site-packages/airflow/example_dags/example_trigger_target_dag.py
[2022-05-21 18:00:21,522] {processor.py:651} INFO - DAG(s) dict_keys(['example_trigger_target_dag']) retrieved from /home/ubuntu/.local/lib/python3.10/site-packages/airflow/example_dags/example_trigger_target_dag.py
[2022-05-21 18:00:21,537] {logging_mixin.py:115} INFO - [2022-05-21 18:00:21,537] {dag.py:2371} INFO - Sync 1 DAGs
[2022-05-21 18:00:21,553] {logging_mixin.py:115} INFO - [2022-05-21 18:00:21,553] {dag.py:2915} INFO - Setting next_dagrun for example_trigger_target_dag to None, run_after=None
[2022-05-21 18:00:21,566] {processor.py:161} INFO - Processing /home/ubuntu/.local/lib/python3.10/site-packages/airflow/example_dags/example_trigger_target_dag.py took 0.064 seconds
[2022-05-21 18:00:53,413] {processor.py:153} INFO - Started process (PID=6032) to work on /home/ubuntu/.local/lib/python3.10/site-packages/airflow/example_dags/example_trigger_target_dag.py
[2022-05-21 18:00:53,414] {processor.py:641} INFO - Processing file /home/ubuntu/.local/lib/python3.10/site-packages/airflow/example_dags/example_trigger_target_dag.py for tasks to queue
[2022-05-21 18:00:53,414] {logging_mixin.py:115} INFO - [2022-05-21 18:00:53,414] {dagbag.py:507} INFO - Filling up the DagBag from /home/ubuntu/.local/lib/python3.10/site-packages/airflow/example_dags/example_trigger_target_dag.py
[2022-05-21 18:00:53,430] {processor.py:651} INFO - DAG(s) dict_keys(['example_trigger_target_dag']) retrieved from /home/ubuntu/.local/lib/python3.10/site-packages/airflow/example_dags/example_trigger_target_dag.py
[2022-05-21 18:00:53,445] {logging_mixin.py:115} INFO - [2022-05-21 18:00:53,445] {dag.py:2371} INFO - Sync 1 DAGs
[2022-05-21 18:00:53,461] {logging_mixin.py:115} INFO - [2022-05-21 18:00:53,461] {dag.py:2915} INFO - Setting next_dagrun for example_trigger_target_dag to None, run_after=None
[2022-05-21 18:00:53,475] {processor.py:161} INFO - Processing /home/ubuntu/.local/lib/python3.10/site-packages/airflow/example_dags/example_trigger_target_dag.py took 0.066 seconds
[2022-05-21 18:01:24,267] {processor.py:153} INFO - Started process (PID=6075) to work on /home/ubuntu/.local/lib/python3.10/site-packages/airflow/example_dags/example_trigger_target_dag.py
[2022-05-21 18:01:24,268] {processor.py:641} INFO - Processing file /home/ubuntu/.local/lib/python3.10/site-packages/airflow/example_dags/example_trigger_target_dag.py for tasks to queue
[2022-05-21 18:01:24,268] {logging_mixin.py:115} INFO - [2022-05-21 18:01:24,268] {dagbag.py:507} INFO - Filling up the DagBag from /home/ubuntu/.local/lib/python3.10/site-packages/airflow/example_dags/example_trigger_target_dag.py
[2022-05-21 18:01:24,284] {processor.py:651} INFO - DAG(s) dict_keys(['example_trigger_target_dag']) retrieved from /home/ubuntu/.local/lib/python3.10/site-packages/airflow/example_dags/example_trigger_target_dag.py
[2022-05-21 18:01:24,300] {logging_mixin.py:115} INFO - [2022-05-21 18:01:24,299] {dag.py:2371} INFO - Sync 1 DAGs
[2022-05-21 18:01:24,316] {logging_mixin.py:115} INFO - [2022-05-21 18:01:24,316] {dag.py:2915} INFO - Setting next_dagrun for example_trigger_target_dag to None, run_after=None
[2022-05-21 18:01:24,329] {processor.py:161} INFO - Processing /home/ubuntu/.local/lib/python3.10/site-packages/airflow/example_dags/example_trigger_target_dag.py took 0.065 seconds
[2022-05-21 18:01:55,113] {processor.py:153} INFO - Started process (PID=6106) to work on /home/ubuntu/.local/lib/python3.10/site-packages/airflow/example_dags/example_trigger_target_dag.py
[2022-05-21 18:01:55,114] {processor.py:641} INFO - Processing file /home/ubuntu/.local/lib/python3.10/site-packages/airflow/example_dags/example_trigger_target_dag.py for tasks to queue
[2022-05-21 18:01:55,114] {logging_mixin.py:115} INFO - [2022-05-21 18:01:55,114] {dagbag.py:507} INFO - Filling up the DagBag from /home/ubuntu/.local/lib/python3.10/site-packages/airflow/example_dags/example_trigger_target_dag.py
[2022-05-21 18:01:55,131] {processor.py:651} INFO - DAG(s) dict_keys(['example_trigger_target_dag']) retrieved from /home/ubuntu/.local/lib/python3.10/site-packages/airflow/example_dags/example_trigger_target_dag.py
[2022-05-21 18:01:55,146] {logging_mixin.py:115} INFO - [2022-05-21 18:01:55,146] {dag.py:2371} INFO - Sync 1 DAGs
[2022-05-21 18:01:55,163] {logging_mixin.py:115} INFO - [2022-05-21 18:01:55,163] {dag.py:2915} INFO - Setting next_dagrun for example_trigger_target_dag to None, run_after=None
[2022-05-21 18:01:55,176] {processor.py:161} INFO - Processing /home/ubuntu/.local/lib/python3.10/site-packages/airflow/example_dags/example_trigger_target_dag.py took 0.066 seconds
[2022-05-21 18:02:27,042] {processor.py:153} INFO - Started process (PID=6139) to work on /home/ubuntu/.local/lib/python3.10/site-packages/airflow/example_dags/example_trigger_target_dag.py
[2022-05-21 18:02:27,043] {processor.py:641} INFO - Processing file /home/ubuntu/.local/lib/python3.10/site-packages/airflow/example_dags/example_trigger_target_dag.py for tasks to queue
[2022-05-21 18:02:27,043] {logging_mixin.py:115} INFO - [2022-05-21 18:02:27,043] {dagbag.py:507} INFO - Filling up the DagBag from /home/ubuntu/.local/lib/python3.10/site-packages/airflow/example_dags/example_trigger_target_dag.py
[2022-05-21 18:02:27,059] {processor.py:651} INFO - DAG(s) dict_keys(['example_trigger_target_dag']) retrieved from /home/ubuntu/.local/lib/python3.10/site-packages/airflow/example_dags/example_trigger_target_dag.py
[2022-05-21 18:02:27,075] {logging_mixin.py:115} INFO - [2022-05-21 18:02:27,075] {dag.py:2371} INFO - Sync 1 DAGs
[2022-05-21 18:02:27,091] {logging_mixin.py:115} INFO - [2022-05-21 18:02:27,091] {dag.py:2915} INFO - Setting next_dagrun for example_trigger_target_dag to None, run_after=None
[2022-05-21 18:02:27,105] {processor.py:161} INFO - Processing /home/ubuntu/.local/lib/python3.10/site-packages/airflow/example_dags/example_trigger_target_dag.py took 0.066 seconds
[2022-05-21 18:03:00,486] {processor.py:153} INFO - Started process (PID=6176) to work on /home/ubuntu/.local/lib/python3.10/site-packages/airflow/example_dags/example_trigger_target_dag.py
[2022-05-21 18:03:00,487] {processor.py:641} INFO - Processing file /home/ubuntu/.local/lib/python3.10/site-packages/airflow/example_dags/example_trigger_target_dag.py for tasks to queue
[2022-05-21 18:03:00,487] {logging_mixin.py:115} INFO - [2022-05-21 18:03:00,487] {dagbag.py:507} INFO - Filling up the DagBag from /home/ubuntu/.local/lib/python3.10/site-packages/airflow/example_dags/example_trigger_target_dag.py
[2022-05-21 18:03:00,503] {processor.py:651} INFO - DAG(s) dict_keys(['example_trigger_target_dag']) retrieved from /home/ubuntu/.local/lib/python3.10/site-packages/airflow/example_dags/example_trigger_target_dag.py
[2022-05-21 18:03:00,518] {logging_mixin.py:115} INFO - [2022-05-21 18:03:00,518] {dag.py:2371} INFO - Sync 1 DAGs
[2022-05-21 18:03:00,534] {logging_mixin.py:115} INFO - [2022-05-21 18:03:00,534] {dag.py:2915} INFO - Setting next_dagrun for example_trigger_target_dag to None, run_after=None
[2022-05-21 18:03:00,548] {processor.py:161} INFO - Processing /home/ubuntu/.local/lib/python3.10/site-packages/airflow/example_dags/example_trigger_target_dag.py took 0.065 seconds
[2022-05-21 18:03:31,733] {processor.py:153} INFO - Started process (PID=6211) to work on /home/ubuntu/.local/lib/python3.10/site-packages/airflow/example_dags/example_trigger_target_dag.py
[2022-05-21 18:03:31,734] {processor.py:641} INFO - Processing file /home/ubuntu/.local/lib/python3.10/site-packages/airflow/example_dags/example_trigger_target_dag.py for tasks to queue
[2022-05-21 18:03:31,734] {logging_mixin.py:115} INFO - [2022-05-21 18:03:31,734] {dagbag.py:507} INFO - Filling up the DagBag from /home/ubuntu/.local/lib/python3.10/site-packages/airflow/example_dags/example_trigger_target_dag.py
[2022-05-21 18:03:31,750] {processor.py:651} INFO - DAG(s) dict_keys(['example_trigger_target_dag']) retrieved from /home/ubuntu/.local/lib/python3.10/site-packages/airflow/example_dags/example_trigger_target_dag.py
[2022-05-21 18:03:31,766] {logging_mixin.py:115} INFO - [2022-05-21 18:03:31,765] {dag.py:2371} INFO - Sync 1 DAGs
[2022-05-21 18:03:31,782] {logging_mixin.py:115} INFO - [2022-05-21 18:03:31,782] {dag.py:2915} INFO - Setting next_dagrun for example_trigger_target_dag to None, run_after=None
[2022-05-21 18:03:31,796] {processor.py:161} INFO - Processing /home/ubuntu/.local/lib/python3.10/site-packages/airflow/example_dags/example_trigger_target_dag.py took 0.066 seconds
[2022-05-21 18:04:04,373] {processor.py:153} INFO - Started process (PID=6255) to work on /home/ubuntu/.local/lib/python3.10/site-packages/airflow/example_dags/example_trigger_target_dag.py
[2022-05-21 18:04:04,374] {processor.py:641} INFO - Processing file /home/ubuntu/.local/lib/python3.10/site-packages/airflow/example_dags/example_trigger_target_dag.py for tasks to queue
[2022-05-21 18:04:04,374] {logging_mixin.py:115} INFO - [2022-05-21 18:04:04,374] {dagbag.py:507} INFO - Filling up the DagBag from /home/ubuntu/.local/lib/python3.10/site-packages/airflow/example_dags/example_trigger_target_dag.py
[2022-05-21 18:04:04,390] {processor.py:651} INFO - DAG(s) dict_keys(['example_trigger_target_dag']) retrieved from /home/ubuntu/.local/lib/python3.10/site-packages/airflow/example_dags/example_trigger_target_dag.py
[2022-05-21 18:04:04,405] {logging_mixin.py:115} INFO - [2022-05-21 18:04:04,405] {dag.py:2371} INFO - Sync 1 DAGs
[2022-05-21 18:04:04,421] {logging_mixin.py:115} INFO - [2022-05-21 18:04:04,421] {dag.py:2915} INFO - Setting next_dagrun for example_trigger_target_dag to None, run_after=None
[2022-05-21 18:04:04,434] {processor.py:161} INFO - Processing /home/ubuntu/.local/lib/python3.10/site-packages/airflow/example_dags/example_trigger_target_dag.py took 0.065 seconds
[2022-05-21 18:04:36,905] {processor.py:153} INFO - Started process (PID=6295) to work on /home/ubuntu/.local/lib/python3.10/site-packages/airflow/example_dags/example_trigger_target_dag.py
[2022-05-21 18:04:36,905] {processor.py:641} INFO - Processing file /home/ubuntu/.local/lib/python3.10/site-packages/airflow/example_dags/example_trigger_target_dag.py for tasks to queue
[2022-05-21 18:04:36,906] {logging_mixin.py:115} INFO - [2022-05-21 18:04:36,906] {dagbag.py:507} INFO - Filling up the DagBag from /home/ubuntu/.local/lib/python3.10/site-packages/airflow/example_dags/example_trigger_target_dag.py
[2022-05-21 18:04:36,921] {processor.py:651} INFO - DAG(s) dict_keys(['example_trigger_target_dag']) retrieved from /home/ubuntu/.local/lib/python3.10/site-packages/airflow/example_dags/example_trigger_target_dag.py
[2022-05-21 18:04:36,937] {logging_mixin.py:115} INFO - [2022-05-21 18:04:36,937] {dag.py:2371} INFO - Sync 1 DAGs
[2022-05-21 18:04:36,954] {logging_mixin.py:115} INFO - [2022-05-21 18:04:36,953] {dag.py:2915} INFO - Setting next_dagrun for example_trigger_target_dag to None, run_after=None
[2022-05-21 18:04:36,967] {processor.py:161} INFO - Processing /home/ubuntu/.local/lib/python3.10/site-packages/airflow/example_dags/example_trigger_target_dag.py took 0.065 seconds
[2022-05-21 18:05:10,358] {processor.py:153} INFO - Started process (PID=6339) to work on /home/ubuntu/.local/lib/python3.10/site-packages/airflow/example_dags/example_trigger_target_dag.py
[2022-05-21 18:05:10,359] {processor.py:641} INFO - Processing file /home/ubuntu/.local/lib/python3.10/site-packages/airflow/example_dags/example_trigger_target_dag.py for tasks to queue
[2022-05-21 18:05:10,359] {logging_mixin.py:115} INFO - [2022-05-21 18:05:10,359] {dagbag.py:507} INFO - Filling up the DagBag from /home/ubuntu/.local/lib/python3.10/site-packages/airflow/example_dags/example_trigger_target_dag.py
[2022-05-21 18:05:10,376] {processor.py:651} INFO - DAG(s) dict_keys(['example_trigger_target_dag']) retrieved from /home/ubuntu/.local/lib/python3.10/site-packages/airflow/example_dags/example_trigger_target_dag.py
[2022-05-21 18:05:10,391] {logging_mixin.py:115} INFO - [2022-05-21 18:05:10,391] {dag.py:2371} INFO - Sync 1 DAGs
[2022-05-21 18:05:10,408] {logging_mixin.py:115} INFO - [2022-05-21 18:05:10,408] {dag.py:2915} INFO - Setting next_dagrun for example_trigger_target_dag to None, run_after=None
[2022-05-21 18:05:10,422] {processor.py:161} INFO - Processing /home/ubuntu/.local/lib/python3.10/site-packages/airflow/example_dags/example_trigger_target_dag.py took 0.067 seconds
[2022-05-21 18:05:42,765] {processor.py:153} INFO - Started process (PID=6373) to work on /home/ubuntu/.local/lib/python3.10/site-packages/airflow/example_dags/example_trigger_target_dag.py
[2022-05-21 18:05:42,765] {processor.py:641} INFO - Processing file /home/ubuntu/.local/lib/python3.10/site-packages/airflow/example_dags/example_trigger_target_dag.py for tasks to queue
[2022-05-21 18:05:42,766] {logging_mixin.py:115} INFO - [2022-05-21 18:05:42,766] {dagbag.py:507} INFO - Filling up the DagBag from /home/ubuntu/.local/lib/python3.10/site-packages/airflow/example_dags/example_trigger_target_dag.py
[2022-05-21 18:05:42,782] {processor.py:651} INFO - DAG(s) dict_keys(['example_trigger_target_dag']) retrieved from /home/ubuntu/.local/lib/python3.10/site-packages/airflow/example_dags/example_trigger_target_dag.py
[2022-05-21 18:05:42,797] {logging_mixin.py:115} INFO - [2022-05-21 18:05:42,797] {dag.py:2371} INFO - Sync 1 DAGs
[2022-05-21 18:05:42,813] {logging_mixin.py:115} INFO - [2022-05-21 18:05:42,813] {dag.py:2915} INFO - Setting next_dagrun for example_trigger_target_dag to None, run_after=None
[2022-05-21 18:05:42,826] {processor.py:161} INFO - Processing /home/ubuntu/.local/lib/python3.10/site-packages/airflow/example_dags/example_trigger_target_dag.py took 0.064 seconds
[2022-05-21 18:06:13,165] {processor.py:153} INFO - Started process (PID=6406) to work on /home/ubuntu/.local/lib/python3.10/site-packages/airflow/example_dags/example_trigger_target_dag.py
[2022-05-21 18:06:13,167] {processor.py:641} INFO - Processing file /home/ubuntu/.local/lib/python3.10/site-packages/airflow/example_dags/example_trigger_target_dag.py for tasks to queue
[2022-05-21 18:06:13,168] {logging_mixin.py:115} INFO - [2022-05-21 18:06:13,168] {dagbag.py:507} INFO - Filling up the DagBag from /home/ubuntu/.local/lib/python3.10/site-packages/airflow/example_dags/example_trigger_target_dag.py
[2022-05-21 18:06:13,184] {processor.py:651} INFO - DAG(s) dict_keys(['example_trigger_target_dag']) retrieved from /home/ubuntu/.local/lib/python3.10/site-packages/airflow/example_dags/example_trigger_target_dag.py
[2022-05-21 18:06:13,200] {logging_mixin.py:115} INFO - [2022-05-21 18:06:13,200] {dag.py:2371} INFO - Sync 1 DAGs
[2022-05-21 18:06:13,216] {logging_mixin.py:115} INFO - [2022-05-21 18:06:13,216] {dag.py:2915} INFO - Setting next_dagrun for example_trigger_target_dag to None, run_after=None
[2022-05-21 18:06:13,230] {processor.py:161} INFO - Processing /home/ubuntu/.local/lib/python3.10/site-packages/airflow/example_dags/example_trigger_target_dag.py took 0.068 seconds
[2022-05-21 18:06:43,567] {processor.py:153} INFO - Started process (PID=6437) to work on /home/ubuntu/.local/lib/python3.10/site-packages/airflow/example_dags/example_trigger_target_dag.py
[2022-05-21 18:06:43,567] {processor.py:641} INFO - Processing file /home/ubuntu/.local/lib/python3.10/site-packages/airflow/example_dags/example_trigger_target_dag.py for tasks to queue
[2022-05-21 18:06:43,567] {logging_mixin.py:115} INFO - [2022-05-21 18:06:43,567] {dagbag.py:507} INFO - Filling up the DagBag from /home/ubuntu/.local/lib/python3.10/site-packages/airflow/example_dags/example_trigger_target_dag.py
[2022-05-21 18:06:43,584] {processor.py:651} INFO - DAG(s) dict_keys(['example_trigger_target_dag']) retrieved from /home/ubuntu/.local/lib/python3.10/site-packages/airflow/example_dags/example_trigger_target_dag.py
[2022-05-21 18:06:43,600] {logging_mixin.py:115} INFO - [2022-05-21 18:06:43,600] {dag.py:2371} INFO - Sync 1 DAGs
[2022-05-21 18:06:43,617] {logging_mixin.py:115} INFO - [2022-05-21 18:06:43,617] {dag.py:2915} INFO - Setting next_dagrun for example_trigger_target_dag to None, run_after=None
[2022-05-21 18:06:43,631] {processor.py:161} INFO - Processing /home/ubuntu/.local/lib/python3.10/site-packages/airflow/example_dags/example_trigger_target_dag.py took 0.067 seconds
[2022-05-21 18:07:16,105] {processor.py:153} INFO - Started process (PID=6470) to work on /home/ubuntu/.local/lib/python3.10/site-packages/airflow/example_dags/example_trigger_target_dag.py
[2022-05-21 18:07:16,106] {processor.py:641} INFO - Processing file /home/ubuntu/.local/lib/python3.10/site-packages/airflow/example_dags/example_trigger_target_dag.py for tasks to queue
[2022-05-21 18:07:16,106] {logging_mixin.py:115} INFO - [2022-05-21 18:07:16,106] {dagbag.py:507} INFO - Filling up the DagBag from /home/ubuntu/.local/lib/python3.10/site-packages/airflow/example_dags/example_trigger_target_dag.py
[2022-05-21 18:07:16,123] {processor.py:651} INFO - DAG(s) dict_keys(['example_trigger_target_dag']) retrieved from /home/ubuntu/.local/lib/python3.10/site-packages/airflow/example_dags/example_trigger_target_dag.py
[2022-05-21 18:07:16,138] {logging_mixin.py:115} INFO - [2022-05-21 18:07:16,138] {dag.py:2371} INFO - Sync 1 DAGs
[2022-05-21 18:07:16,155] {logging_mixin.py:115} INFO - [2022-05-21 18:07:16,155] {dag.py:2915} INFO - Setting next_dagrun for example_trigger_target_dag to None, run_after=None
[2022-05-21 18:07:16,168] {processor.py:161} INFO - Processing /home/ubuntu/.local/lib/python3.10/site-packages/airflow/example_dags/example_trigger_target_dag.py took 0.066 seconds
