[2022-05-21 17:47:51,728] {processor.py:153} INFO - Started process (PID=5166) to work on /home/ubuntu/.local/lib/python3.10/site-packages/airflow/example_dags/example_time_delta_sensor_async.py
[2022-05-21 17:47:51,728] {processor.py:641} INFO - Processing file /home/ubuntu/.local/lib/python3.10/site-packages/airflow/example_dags/example_time_delta_sensor_async.py for tasks to queue
[2022-05-21 17:47:51,729] {logging_mixin.py:115} INFO - [2022-05-21 17:47:51,729] {dagbag.py:507} INFO - Filling up the DagBag from /home/ubuntu/.local/lib/python3.10/site-packages/airflow/example_dags/example_time_delta_sensor_async.py
[2022-05-21 17:47:51,734] {processor.py:651} INFO - DAG(s) dict_keys(['example_time_delta_sensor_async']) retrieved from /home/ubuntu/.local/lib/python3.10/site-packages/airflow/example_dags/example_time_delta_sensor_async.py
[2022-05-21 17:47:51,806] {logging_mixin.py:115} INFO - [2022-05-21 17:47:51,806] {manager.py:508} INFO - Created Permission View: can read on DAG:example_time_delta_sensor_async
[2022-05-21 17:47:51,817] {logging_mixin.py:115} INFO - [2022-05-21 17:47:51,817] {manager.py:508} INFO - Created Permission View: can delete on DAG:example_time_delta_sensor_async
[2022-05-21 17:47:51,826] {logging_mixin.py:115} INFO - [2022-05-21 17:47:51,826] {manager.py:508} INFO - Created Permission View: can edit on DAG:example_time_delta_sensor_async
[2022-05-21 17:47:51,826] {logging_mixin.py:115} INFO - [2022-05-21 17:47:51,826] {dag.py:2371} INFO - Sync 1 DAGs
[2022-05-21 17:47:51,834] {logging_mixin.py:115} INFO - [2022-05-21 17:47:51,834] {dag.py:2390} INFO - Creating ORM DAG for example_time_delta_sensor_async
[2022-05-21 17:47:51,844] {logging_mixin.py:115} INFO - [2022-05-21 17:47:51,844] {dag.py:2915} INFO - Setting next_dagrun for example_time_delta_sensor_async to None, run_after=None
[2022-05-21 17:47:51,859] {processor.py:161} INFO - Processing /home/ubuntu/.local/lib/python3.10/site-packages/airflow/example_dags/example_time_delta_sensor_async.py took 0.134 seconds
[2022-05-21 17:48:25,769] {processor.py:153} INFO - Started process (PID=5201) to work on /home/ubuntu/.local/lib/python3.10/site-packages/airflow/example_dags/example_time_delta_sensor_async.py
[2022-05-21 17:48:25,770] {processor.py:641} INFO - Processing file /home/ubuntu/.local/lib/python3.10/site-packages/airflow/example_dags/example_time_delta_sensor_async.py for tasks to queue
[2022-05-21 17:48:25,771] {logging_mixin.py:115} INFO - [2022-05-21 17:48:25,771] {dagbag.py:507} INFO - Filling up the DagBag from /home/ubuntu/.local/lib/python3.10/site-packages/airflow/example_dags/example_time_delta_sensor_async.py
[2022-05-21 17:48:25,776] {processor.py:651} INFO - DAG(s) dict_keys(['example_time_delta_sensor_async']) retrieved from /home/ubuntu/.local/lib/python3.10/site-packages/airflow/example_dags/example_time_delta_sensor_async.py
[2022-05-21 17:48:25,801] {logging_mixin.py:115} INFO - [2022-05-21 17:48:25,801] {dag.py:2371} INFO - Sync 1 DAGs
[2022-05-21 17:48:25,818] {logging_mixin.py:115} INFO - [2022-05-21 17:48:25,818] {dag.py:2915} INFO - Setting next_dagrun for example_time_delta_sensor_async to None, run_after=None
[2022-05-21 17:48:25,830] {processor.py:161} INFO - Processing /home/ubuntu/.local/lib/python3.10/site-packages/airflow/example_dags/example_time_delta_sensor_async.py took 0.064 seconds
[2022-05-21 17:48:57,814] {processor.py:153} INFO - Started process (PID=5235) to work on /home/ubuntu/.local/lib/python3.10/site-packages/airflow/example_dags/example_time_delta_sensor_async.py
[2022-05-21 17:48:57,815] {processor.py:641} INFO - Processing file /home/ubuntu/.local/lib/python3.10/site-packages/airflow/example_dags/example_time_delta_sensor_async.py for tasks to queue
[2022-05-21 17:48:57,815] {logging_mixin.py:115} INFO - [2022-05-21 17:48:57,815] {dagbag.py:507} INFO - Filling up the DagBag from /home/ubuntu/.local/lib/python3.10/site-packages/airflow/example_dags/example_time_delta_sensor_async.py
[2022-05-21 17:48:57,821] {processor.py:651} INFO - DAG(s) dict_keys(['example_time_delta_sensor_async']) retrieved from /home/ubuntu/.local/lib/python3.10/site-packages/airflow/example_dags/example_time_delta_sensor_async.py
[2022-05-21 17:48:57,845] {logging_mixin.py:115} INFO - [2022-05-21 17:48:57,845] {dag.py:2371} INFO - Sync 1 DAGs
[2022-05-21 17:48:57,862] {logging_mixin.py:115} INFO - [2022-05-21 17:48:57,862] {dag.py:2915} INFO - Setting next_dagrun for example_time_delta_sensor_async to None, run_after=None
[2022-05-21 17:48:57,875] {processor.py:161} INFO - Processing /home/ubuntu/.local/lib/python3.10/site-packages/airflow/example_dags/example_time_delta_sensor_async.py took 0.064 seconds
[2022-05-21 17:49:31,560] {processor.py:153} INFO - Started process (PID=5274) to work on /home/ubuntu/.local/lib/python3.10/site-packages/airflow/example_dags/example_time_delta_sensor_async.py
[2022-05-21 17:49:31,561] {processor.py:641} INFO - Processing file /home/ubuntu/.local/lib/python3.10/site-packages/airflow/example_dags/example_time_delta_sensor_async.py for tasks to queue
[2022-05-21 17:49:31,561] {logging_mixin.py:115} INFO - [2022-05-21 17:49:31,561] {dagbag.py:507} INFO - Filling up the DagBag from /home/ubuntu/.local/lib/python3.10/site-packages/airflow/example_dags/example_time_delta_sensor_async.py
[2022-05-21 17:49:31,567] {processor.py:651} INFO - DAG(s) dict_keys(['example_time_delta_sensor_async']) retrieved from /home/ubuntu/.local/lib/python3.10/site-packages/airflow/example_dags/example_time_delta_sensor_async.py
[2022-05-21 17:49:31,592] {logging_mixin.py:115} INFO - [2022-05-21 17:49:31,592] {dag.py:2371} INFO - Sync 1 DAGs
[2022-05-21 17:49:31,608] {logging_mixin.py:115} INFO - [2022-05-21 17:49:31,608] {dag.py:2915} INFO - Setting next_dagrun for example_time_delta_sensor_async to None, run_after=None
[2022-05-21 17:49:31,622] {processor.py:161} INFO - Processing /home/ubuntu/.local/lib/python3.10/site-packages/airflow/example_dags/example_time_delta_sensor_async.py took 0.066 seconds
[2022-05-21 17:50:04,624] {processor.py:153} INFO - Started process (PID=5312) to work on /home/ubuntu/.local/lib/python3.10/site-packages/airflow/example_dags/example_time_delta_sensor_async.py
[2022-05-21 17:50:04,625] {processor.py:641} INFO - Processing file /home/ubuntu/.local/lib/python3.10/site-packages/airflow/example_dags/example_time_delta_sensor_async.py for tasks to queue
[2022-05-21 17:50:04,625] {logging_mixin.py:115} INFO - [2022-05-21 17:50:04,625] {dagbag.py:507} INFO - Filling up the DagBag from /home/ubuntu/.local/lib/python3.10/site-packages/airflow/example_dags/example_time_delta_sensor_async.py
[2022-05-21 17:50:04,631] {processor.py:651} INFO - DAG(s) dict_keys(['example_time_delta_sensor_async']) retrieved from /home/ubuntu/.local/lib/python3.10/site-packages/airflow/example_dags/example_time_delta_sensor_async.py
[2022-05-21 17:50:04,655] {logging_mixin.py:115} INFO - [2022-05-21 17:50:04,655] {dag.py:2371} INFO - Sync 1 DAGs
[2022-05-21 17:50:04,672] {logging_mixin.py:115} INFO - [2022-05-21 17:50:04,672] {dag.py:2915} INFO - Setting next_dagrun for example_time_delta_sensor_async to None, run_after=None
[2022-05-21 17:50:04,687] {processor.py:161} INFO - Processing /home/ubuntu/.local/lib/python3.10/site-packages/airflow/example_dags/example_time_delta_sensor_async.py took 0.066 seconds
[2022-05-21 17:50:38,961] {processor.py:153} INFO - Started process (PID=5347) to work on /home/ubuntu/.local/lib/python3.10/site-packages/airflow/example_dags/example_time_delta_sensor_async.py
[2022-05-21 17:50:38,962] {processor.py:641} INFO - Processing file /home/ubuntu/.local/lib/python3.10/site-packages/airflow/example_dags/example_time_delta_sensor_async.py for tasks to queue
[2022-05-21 17:50:38,962] {logging_mixin.py:115} INFO - [2022-05-21 17:50:38,962] {dagbag.py:507} INFO - Filling up the DagBag from /home/ubuntu/.local/lib/python3.10/site-packages/airflow/example_dags/example_time_delta_sensor_async.py
[2022-05-21 17:50:38,968] {processor.py:651} INFO - DAG(s) dict_keys(['example_time_delta_sensor_async']) retrieved from /home/ubuntu/.local/lib/python3.10/site-packages/airflow/example_dags/example_time_delta_sensor_async.py
[2022-05-21 17:50:38,992] {logging_mixin.py:115} INFO - [2022-05-21 17:50:38,992] {dag.py:2371} INFO - Sync 1 DAGs
[2022-05-21 17:50:39,009] {logging_mixin.py:115} INFO - [2022-05-21 17:50:39,009] {dag.py:2915} INFO - Setting next_dagrun for example_time_delta_sensor_async to None, run_after=None
[2022-05-21 17:50:39,022] {processor.py:161} INFO - Processing /home/ubuntu/.local/lib/python3.10/site-packages/airflow/example_dags/example_time_delta_sensor_async.py took 0.064 seconds
[2022-05-21 17:51:11,643] {processor.py:153} INFO - Started process (PID=5381) to work on /home/ubuntu/.local/lib/python3.10/site-packages/airflow/example_dags/example_time_delta_sensor_async.py
[2022-05-21 17:51:11,644] {processor.py:641} INFO - Processing file /home/ubuntu/.local/lib/python3.10/site-packages/airflow/example_dags/example_time_delta_sensor_async.py for tasks to queue
[2022-05-21 17:51:11,644] {logging_mixin.py:115} INFO - [2022-05-21 17:51:11,644] {dagbag.py:507} INFO - Filling up the DagBag from /home/ubuntu/.local/lib/python3.10/site-packages/airflow/example_dags/example_time_delta_sensor_async.py
[2022-05-21 17:51:11,650] {processor.py:651} INFO - DAG(s) dict_keys(['example_time_delta_sensor_async']) retrieved from /home/ubuntu/.local/lib/python3.10/site-packages/airflow/example_dags/example_time_delta_sensor_async.py
[2022-05-21 17:51:11,674] {logging_mixin.py:115} INFO - [2022-05-21 17:51:11,674] {dag.py:2371} INFO - Sync 1 DAGs
[2022-05-21 17:51:11,691] {logging_mixin.py:115} INFO - [2022-05-21 17:51:11,691] {dag.py:2915} INFO - Setting next_dagrun for example_time_delta_sensor_async to None, run_after=None
[2022-05-21 17:51:11,705] {processor.py:161} INFO - Processing /home/ubuntu/.local/lib/python3.10/site-packages/airflow/example_dags/example_time_delta_sensor_async.py took 0.064 seconds
[2022-05-21 17:51:44,509] {processor.py:153} INFO - Started process (PID=5415) to work on /home/ubuntu/.local/lib/python3.10/site-packages/airflow/example_dags/example_time_delta_sensor_async.py
[2022-05-21 17:51:44,510] {processor.py:641} INFO - Processing file /home/ubuntu/.local/lib/python3.10/site-packages/airflow/example_dags/example_time_delta_sensor_async.py for tasks to queue
[2022-05-21 17:51:44,510] {logging_mixin.py:115} INFO - [2022-05-21 17:51:44,510] {dagbag.py:507} INFO - Filling up the DagBag from /home/ubuntu/.local/lib/python3.10/site-packages/airflow/example_dags/example_time_delta_sensor_async.py
[2022-05-21 17:51:44,516] {processor.py:651} INFO - DAG(s) dict_keys(['example_time_delta_sensor_async']) retrieved from /home/ubuntu/.local/lib/python3.10/site-packages/airflow/example_dags/example_time_delta_sensor_async.py
[2022-05-21 17:51:44,540] {logging_mixin.py:115} INFO - [2022-05-21 17:51:44,540] {dag.py:2371} INFO - Sync 1 DAGs
[2022-05-21 17:51:44,557] {logging_mixin.py:115} INFO - [2022-05-21 17:51:44,557] {dag.py:2915} INFO - Setting next_dagrun for example_time_delta_sensor_async to None, run_after=None
[2022-05-21 17:51:44,571] {processor.py:161} INFO - Processing /home/ubuntu/.local/lib/python3.10/site-packages/airflow/example_dags/example_time_delta_sensor_async.py took 0.065 seconds
[2022-05-21 17:52:17,069] {processor.py:153} INFO - Started process (PID=5447) to work on /home/ubuntu/.local/lib/python3.10/site-packages/airflow/example_dags/example_time_delta_sensor_async.py
[2022-05-21 17:52:17,070] {processor.py:641} INFO - Processing file /home/ubuntu/.local/lib/python3.10/site-packages/airflow/example_dags/example_time_delta_sensor_async.py for tasks to queue
[2022-05-21 17:52:17,070] {logging_mixin.py:115} INFO - [2022-05-21 17:52:17,070] {dagbag.py:507} INFO - Filling up the DagBag from /home/ubuntu/.local/lib/python3.10/site-packages/airflow/example_dags/example_time_delta_sensor_async.py
[2022-05-21 17:52:17,076] {processor.py:651} INFO - DAG(s) dict_keys(['example_time_delta_sensor_async']) retrieved from /home/ubuntu/.local/lib/python3.10/site-packages/airflow/example_dags/example_time_delta_sensor_async.py
[2022-05-21 17:52:17,100] {logging_mixin.py:115} INFO - [2022-05-21 17:52:17,100] {dag.py:2371} INFO - Sync 1 DAGs
[2022-05-21 17:52:17,116] {logging_mixin.py:115} INFO - [2022-05-21 17:52:17,116] {dag.py:2915} INFO - Setting next_dagrun for example_time_delta_sensor_async to None, run_after=None
[2022-05-21 17:52:17,129] {processor.py:161} INFO - Processing /home/ubuntu/.local/lib/python3.10/site-packages/airflow/example_dags/example_time_delta_sensor_async.py took 0.063 seconds
[2022-05-21 17:52:50,390] {processor.py:153} INFO - Started process (PID=5482) to work on /home/ubuntu/.local/lib/python3.10/site-packages/airflow/example_dags/example_time_delta_sensor_async.py
[2022-05-21 17:52:50,391] {processor.py:641} INFO - Processing file /home/ubuntu/.local/lib/python3.10/site-packages/airflow/example_dags/example_time_delta_sensor_async.py for tasks to queue
[2022-05-21 17:52:50,391] {logging_mixin.py:115} INFO - [2022-05-21 17:52:50,391] {dagbag.py:507} INFO - Filling up the DagBag from /home/ubuntu/.local/lib/python3.10/site-packages/airflow/example_dags/example_time_delta_sensor_async.py
[2022-05-21 17:52:50,397] {processor.py:651} INFO - DAG(s) dict_keys(['example_time_delta_sensor_async']) retrieved from /home/ubuntu/.local/lib/python3.10/site-packages/airflow/example_dags/example_time_delta_sensor_async.py
[2022-05-21 17:52:50,421] {logging_mixin.py:115} INFO - [2022-05-21 17:52:50,421] {dag.py:2371} INFO - Sync 1 DAGs
[2022-05-21 17:52:50,437] {logging_mixin.py:115} INFO - [2022-05-21 17:52:50,437] {dag.py:2915} INFO - Setting next_dagrun for example_time_delta_sensor_async to None, run_after=None
[2022-05-21 17:52:50,452] {processor.py:161} INFO - Processing /home/ubuntu/.local/lib/python3.10/site-packages/airflow/example_dags/example_time_delta_sensor_async.py took 0.065 seconds
[2022-05-21 17:53:22,270] {processor.py:153} INFO - Started process (PID=5519) to work on /home/ubuntu/.local/lib/python3.10/site-packages/airflow/example_dags/example_time_delta_sensor_async.py
[2022-05-21 17:53:22,270] {processor.py:641} INFO - Processing file /home/ubuntu/.local/lib/python3.10/site-packages/airflow/example_dags/example_time_delta_sensor_async.py for tasks to queue
[2022-05-21 17:53:22,271] {logging_mixin.py:115} INFO - [2022-05-21 17:53:22,271] {dagbag.py:507} INFO - Filling up the DagBag from /home/ubuntu/.local/lib/python3.10/site-packages/airflow/example_dags/example_time_delta_sensor_async.py
[2022-05-21 17:53:22,276] {processor.py:651} INFO - DAG(s) dict_keys(['example_time_delta_sensor_async']) retrieved from /home/ubuntu/.local/lib/python3.10/site-packages/airflow/example_dags/example_time_delta_sensor_async.py
[2022-05-21 17:53:22,300] {logging_mixin.py:115} INFO - [2022-05-21 17:53:22,300] {dag.py:2371} INFO - Sync 1 DAGs
[2022-05-21 17:53:22,316] {logging_mixin.py:115} INFO - [2022-05-21 17:53:22,316] {dag.py:2915} INFO - Setting next_dagrun for example_time_delta_sensor_async to None, run_after=None
[2022-05-21 17:53:22,330] {processor.py:161} INFO - Processing /home/ubuntu/.local/lib/python3.10/site-packages/airflow/example_dags/example_time_delta_sensor_async.py took 0.063 seconds
[2022-05-21 17:53:56,000] {processor.py:153} INFO - Started process (PID=5564) to work on /home/ubuntu/.local/lib/python3.10/site-packages/airflow/example_dags/example_time_delta_sensor_async.py
[2022-05-21 17:53:56,001] {processor.py:641} INFO - Processing file /home/ubuntu/.local/lib/python3.10/site-packages/airflow/example_dags/example_time_delta_sensor_async.py for tasks to queue
[2022-05-21 17:53:56,002] {logging_mixin.py:115} INFO - [2022-05-21 17:53:56,002] {dagbag.py:507} INFO - Filling up the DagBag from /home/ubuntu/.local/lib/python3.10/site-packages/airflow/example_dags/example_time_delta_sensor_async.py
[2022-05-21 17:53:56,007] {processor.py:651} INFO - DAG(s) dict_keys(['example_time_delta_sensor_async']) retrieved from /home/ubuntu/.local/lib/python3.10/site-packages/airflow/example_dags/example_time_delta_sensor_async.py
[2022-05-21 17:53:56,032] {logging_mixin.py:115} INFO - [2022-05-21 17:53:56,032] {dag.py:2371} INFO - Sync 1 DAGs
[2022-05-21 17:53:56,049] {logging_mixin.py:115} INFO - [2022-05-21 17:53:56,049] {dag.py:2915} INFO - Setting next_dagrun for example_time_delta_sensor_async to None, run_after=None
[2022-05-21 17:53:56,062] {processor.py:161} INFO - Processing /home/ubuntu/.local/lib/python3.10/site-packages/airflow/example_dags/example_time_delta_sensor_async.py took 0.065 seconds
[2022-05-21 17:54:30,356] {processor.py:153} INFO - Started process (PID=5602) to work on /home/ubuntu/.local/lib/python3.10/site-packages/airflow/example_dags/example_time_delta_sensor_async.py
[2022-05-21 17:54:30,357] {processor.py:641} INFO - Processing file /home/ubuntu/.local/lib/python3.10/site-packages/airflow/example_dags/example_time_delta_sensor_async.py for tasks to queue
[2022-05-21 17:54:30,358] {logging_mixin.py:115} INFO - [2022-05-21 17:54:30,358] {dagbag.py:507} INFO - Filling up the DagBag from /home/ubuntu/.local/lib/python3.10/site-packages/airflow/example_dags/example_time_delta_sensor_async.py
[2022-05-21 17:54:30,363] {processor.py:651} INFO - DAG(s) dict_keys(['example_time_delta_sensor_async']) retrieved from /home/ubuntu/.local/lib/python3.10/site-packages/airflow/example_dags/example_time_delta_sensor_async.py
[2022-05-21 17:54:30,387] {logging_mixin.py:115} INFO - [2022-05-21 17:54:30,387] {dag.py:2371} INFO - Sync 1 DAGs
[2022-05-21 17:54:30,404] {logging_mixin.py:115} INFO - [2022-05-21 17:54:30,404] {dag.py:2915} INFO - Setting next_dagrun for example_time_delta_sensor_async to None, run_after=None
[2022-05-21 17:54:30,419] {processor.py:161} INFO - Processing /home/ubuntu/.local/lib/python3.10/site-packages/airflow/example_dags/example_time_delta_sensor_async.py took 0.066 seconds
[2022-05-21 17:55:02,905] {processor.py:153} INFO - Started process (PID=5634) to work on /home/ubuntu/.local/lib/python3.10/site-packages/airflow/example_dags/example_time_delta_sensor_async.py
[2022-05-21 17:55:02,905] {processor.py:641} INFO - Processing file /home/ubuntu/.local/lib/python3.10/site-packages/airflow/example_dags/example_time_delta_sensor_async.py for tasks to queue
[2022-05-21 17:55:02,905] {logging_mixin.py:115} INFO - [2022-05-21 17:55:02,905] {dagbag.py:507} INFO - Filling up the DagBag from /home/ubuntu/.local/lib/python3.10/site-packages/airflow/example_dags/example_time_delta_sensor_async.py
[2022-05-21 17:55:02,911] {processor.py:651} INFO - DAG(s) dict_keys(['example_time_delta_sensor_async']) retrieved from /home/ubuntu/.local/lib/python3.10/site-packages/airflow/example_dags/example_time_delta_sensor_async.py
[2022-05-21 17:55:02,936] {logging_mixin.py:115} INFO - [2022-05-21 17:55:02,936] {dag.py:2371} INFO - Sync 1 DAGs
[2022-05-21 17:55:02,953] {logging_mixin.py:115} INFO - [2022-05-21 17:55:02,953] {dag.py:2915} INFO - Setting next_dagrun for example_time_delta_sensor_async to None, run_after=None
[2022-05-21 17:55:02,967] {processor.py:161} INFO - Processing /home/ubuntu/.local/lib/python3.10/site-packages/airflow/example_dags/example_time_delta_sensor_async.py took 0.065 seconds
[2022-05-21 17:55:34,862] {processor.py:153} INFO - Started process (PID=5670) to work on /home/ubuntu/.local/lib/python3.10/site-packages/airflow/example_dags/example_time_delta_sensor_async.py
[2022-05-21 17:55:34,863] {processor.py:641} INFO - Processing file /home/ubuntu/.local/lib/python3.10/site-packages/airflow/example_dags/example_time_delta_sensor_async.py for tasks to queue
[2022-05-21 17:55:34,863] {logging_mixin.py:115} INFO - [2022-05-21 17:55:34,863] {dagbag.py:507} INFO - Filling up the DagBag from /home/ubuntu/.local/lib/python3.10/site-packages/airflow/example_dags/example_time_delta_sensor_async.py
[2022-05-21 17:55:34,868] {processor.py:651} INFO - DAG(s) dict_keys(['example_time_delta_sensor_async']) retrieved from /home/ubuntu/.local/lib/python3.10/site-packages/airflow/example_dags/example_time_delta_sensor_async.py
[2022-05-21 17:55:34,893] {logging_mixin.py:115} INFO - [2022-05-21 17:55:34,893] {dag.py:2371} INFO - Sync 1 DAGs
[2022-05-21 17:55:34,910] {logging_mixin.py:115} INFO - [2022-05-21 17:55:34,910] {dag.py:2915} INFO - Setting next_dagrun for example_time_delta_sensor_async to None, run_after=None
[2022-05-21 17:55:34,924] {processor.py:161} INFO - Processing /home/ubuntu/.local/lib/python3.10/site-packages/airflow/example_dags/example_time_delta_sensor_async.py took 0.065 seconds
