[2022-05-21 17:48:03,443] {processor.py:153} INFO - Started process (PID=5177) to work on /home/ubuntu/.local/lib/python3.10/site-packages/airflow/example_dags/example_sla_dag.py
[2022-05-21 17:48:03,443] {processor.py:641} INFO - Processing file /home/ubuntu/.local/lib/python3.10/site-packages/airflow/example_dags/example_sla_dag.py for tasks to queue
[2022-05-21 17:48:03,444] {logging_mixin.py:115} INFO - [2022-05-21 17:48:03,444] {dagbag.py:507} INFO - Filling up the DagBag from /home/ubuntu/.local/lib/python3.10/site-packages/airflow/example_dags/example_sla_dag.py
[2022-05-21 17:48:03,461] {processor.py:651} INFO - DAG(s) dict_keys(['example_sla_dag']) retrieved from /home/ubuntu/.local/lib/python3.10/site-packages/airflow/example_dags/example_sla_dag.py
[2022-05-21 17:48:03,546] {logging_mixin.py:115} INFO - [2022-05-21 17:48:03,546] {manager.py:508} INFO - Created Permission View: can read on DAG:example_sla_dag
[2022-05-21 17:48:03,556] {logging_mixin.py:115} INFO - [2022-05-21 17:48:03,556] {manager.py:508} INFO - Created Permission View: can delete on DAG:example_sla_dag
[2022-05-21 17:48:03,567] {logging_mixin.py:115} INFO - [2022-05-21 17:48:03,567] {manager.py:508} INFO - Created Permission View: can edit on DAG:example_sla_dag
[2022-05-21 17:48:03,567] {logging_mixin.py:115} INFO - [2022-05-21 17:48:03,567] {dag.py:2371} INFO - Sync 1 DAGs
[2022-05-21 17:48:03,574] {logging_mixin.py:115} INFO - [2022-05-21 17:48:03,574] {dag.py:2390} INFO - Creating ORM DAG for example_sla_dag
[2022-05-21 17:48:03,586] {logging_mixin.py:115} INFO - [2022-05-21 17:48:03,586] {dag.py:2915} INFO - Setting next_dagrun for example_sla_dag to 2022-05-21T17:46:00+00:00, run_after=2022-05-21T17:48:00+00:00
[2022-05-21 17:48:03,602] {processor.py:161} INFO - Processing /home/ubuntu/.local/lib/python3.10/site-packages/airflow/example_dags/example_sla_dag.py took 0.162 seconds
[2022-05-21 17:48:36,053] {processor.py:153} INFO - Started process (PID=5212) to work on /home/ubuntu/.local/lib/python3.10/site-packages/airflow/example_dags/example_sla_dag.py
[2022-05-21 17:48:36,054] {processor.py:641} INFO - Processing file /home/ubuntu/.local/lib/python3.10/site-packages/airflow/example_dags/example_sla_dag.py for tasks to queue
[2022-05-21 17:48:36,054] {logging_mixin.py:115} INFO - [2022-05-21 17:48:36,054] {dagbag.py:507} INFO - Filling up the DagBag from /home/ubuntu/.local/lib/python3.10/site-packages/airflow/example_dags/example_sla_dag.py
[2022-05-21 17:48:36,072] {processor.py:651} INFO - DAG(s) dict_keys(['example_sla_dag']) retrieved from /home/ubuntu/.local/lib/python3.10/site-packages/airflow/example_dags/example_sla_dag.py
[2022-05-21 17:48:36,087] {logging_mixin.py:115} INFO - [2022-05-21 17:48:36,087] {dag.py:2371} INFO - Sync 1 DAGs
[2022-05-21 17:48:36,107] {logging_mixin.py:115} INFO - [2022-05-21 17:48:36,107] {dag.py:2915} INFO - Setting next_dagrun for example_sla_dag to 2022-05-21T17:46:00+00:00, run_after=2022-05-21T17:48:00+00:00
[2022-05-21 17:48:36,121] {processor.py:161} INFO - Processing /home/ubuntu/.local/lib/python3.10/site-packages/airflow/example_dags/example_sla_dag.py took 0.071 seconds
[2022-05-21 17:49:09,228] {processor.py:153} INFO - Started process (PID=5249) to work on /home/ubuntu/.local/lib/python3.10/site-packages/airflow/example_dags/example_sla_dag.py
[2022-05-21 17:49:09,229] {processor.py:641} INFO - Processing file /home/ubuntu/.local/lib/python3.10/site-packages/airflow/example_dags/example_sla_dag.py for tasks to queue
[2022-05-21 17:49:09,229] {logging_mixin.py:115} INFO - [2022-05-21 17:49:09,229] {dagbag.py:507} INFO - Filling up the DagBag from /home/ubuntu/.local/lib/python3.10/site-packages/airflow/example_dags/example_sla_dag.py
[2022-05-21 17:49:09,247] {processor.py:651} INFO - DAG(s) dict_keys(['example_sla_dag']) retrieved from /home/ubuntu/.local/lib/python3.10/site-packages/airflow/example_dags/example_sla_dag.py
[2022-05-21 17:49:09,262] {logging_mixin.py:115} INFO - [2022-05-21 17:49:09,262] {dag.py:2371} INFO - Sync 1 DAGs
[2022-05-21 17:49:09,283] {logging_mixin.py:115} INFO - [2022-05-21 17:49:09,283] {dag.py:2915} INFO - Setting next_dagrun for example_sla_dag to 2022-05-21T17:46:00+00:00, run_after=2022-05-21T17:48:00+00:00
[2022-05-21 17:49:09,296] {processor.py:161} INFO - Processing /home/ubuntu/.local/lib/python3.10/site-packages/airflow/example_dags/example_sla_dag.py took 0.071 seconds
[2022-05-21 17:49:42,825] {processor.py:153} INFO - Started process (PID=5289) to work on /home/ubuntu/.local/lib/python3.10/site-packages/airflow/example_dags/example_sla_dag.py
[2022-05-21 17:49:42,826] {processor.py:641} INFO - Processing file /home/ubuntu/.local/lib/python3.10/site-packages/airflow/example_dags/example_sla_dag.py for tasks to queue
[2022-05-21 17:49:42,826] {logging_mixin.py:115} INFO - [2022-05-21 17:49:42,826] {dagbag.py:507} INFO - Filling up the DagBag from /home/ubuntu/.local/lib/python3.10/site-packages/airflow/example_dags/example_sla_dag.py
[2022-05-21 17:49:42,845] {processor.py:651} INFO - DAG(s) dict_keys(['example_sla_dag']) retrieved from /home/ubuntu/.local/lib/python3.10/site-packages/airflow/example_dags/example_sla_dag.py
[2022-05-21 17:49:42,860] {logging_mixin.py:115} INFO - [2022-05-21 17:49:42,860] {dag.py:2371} INFO - Sync 1 DAGs
[2022-05-21 17:49:42,881] {logging_mixin.py:115} INFO - [2022-05-21 17:49:42,881] {dag.py:2915} INFO - Setting next_dagrun for example_sla_dag to 2022-05-21T17:46:00+00:00, run_after=2022-05-21T17:48:00+00:00
[2022-05-21 17:49:42,894] {processor.py:161} INFO - Processing /home/ubuntu/.local/lib/python3.10/site-packages/airflow/example_dags/example_sla_dag.py took 0.072 seconds
[2022-05-21 17:50:14,905] {processor.py:153} INFO - Started process (PID=5323) to work on /home/ubuntu/.local/lib/python3.10/site-packages/airflow/example_dags/example_sla_dag.py
[2022-05-21 17:50:14,906] {processor.py:641} INFO - Processing file /home/ubuntu/.local/lib/python3.10/site-packages/airflow/example_dags/example_sla_dag.py for tasks to queue
[2022-05-21 17:50:14,906] {logging_mixin.py:115} INFO - [2022-05-21 17:50:14,906] {dagbag.py:507} INFO - Filling up the DagBag from /home/ubuntu/.local/lib/python3.10/site-packages/airflow/example_dags/example_sla_dag.py
[2022-05-21 17:50:14,924] {processor.py:651} INFO - DAG(s) dict_keys(['example_sla_dag']) retrieved from /home/ubuntu/.local/lib/python3.10/site-packages/airflow/example_dags/example_sla_dag.py
[2022-05-21 17:50:14,939] {logging_mixin.py:115} INFO - [2022-05-21 17:50:14,939] {dag.py:2371} INFO - Sync 1 DAGs
[2022-05-21 17:50:14,958] {logging_mixin.py:115} INFO - [2022-05-21 17:50:14,958] {dag.py:2915} INFO - Setting next_dagrun for example_sla_dag to 2022-05-21T17:48:00+00:00, run_after=2022-05-21T17:50:00+00:00
[2022-05-21 17:50:14,971] {processor.py:161} INFO - Processing /home/ubuntu/.local/lib/python3.10/site-packages/airflow/example_dags/example_sla_dag.py took 0.069 seconds
[2022-05-21 17:50:51,492] {processor.py:153} INFO - Started process (PID=5360) to work on /home/ubuntu/.local/lib/python3.10/site-packages/airflow/example_dags/example_sla_dag.py
[2022-05-21 17:50:51,493] {processor.py:641} INFO - Processing file /home/ubuntu/.local/lib/python3.10/site-packages/airflow/example_dags/example_sla_dag.py for tasks to queue
[2022-05-21 17:50:51,493] {logging_mixin.py:115} INFO - [2022-05-21 17:50:51,493] {dagbag.py:507} INFO - Filling up the DagBag from /home/ubuntu/.local/lib/python3.10/site-packages/airflow/example_dags/example_sla_dag.py
[2022-05-21 17:50:51,512] {processor.py:651} INFO - DAG(s) dict_keys(['example_sla_dag']) retrieved from /home/ubuntu/.local/lib/python3.10/site-packages/airflow/example_dags/example_sla_dag.py
[2022-05-21 17:50:51,527] {logging_mixin.py:115} INFO - [2022-05-21 17:50:51,527] {dag.py:2371} INFO - Sync 1 DAGs
[2022-05-21 17:50:51,548] {logging_mixin.py:115} INFO - [2022-05-21 17:50:51,548] {dag.py:2915} INFO - Setting next_dagrun for example_sla_dag to 2022-05-21T17:48:00+00:00, run_after=2022-05-21T17:50:00+00:00
[2022-05-21 17:50:51,561] {processor.py:161} INFO - Processing /home/ubuntu/.local/lib/python3.10/site-packages/airflow/example_dags/example_sla_dag.py took 0.072 seconds
[2022-05-21 17:51:25,270] {processor.py:153} INFO - Started process (PID=5395) to work on /home/ubuntu/.local/lib/python3.10/site-packages/airflow/example_dags/example_sla_dag.py
[2022-05-21 17:51:25,271] {processor.py:641} INFO - Processing file /home/ubuntu/.local/lib/python3.10/site-packages/airflow/example_dags/example_sla_dag.py for tasks to queue
[2022-05-21 17:51:25,272] {logging_mixin.py:115} INFO - [2022-05-21 17:51:25,272] {dagbag.py:507} INFO - Filling up the DagBag from /home/ubuntu/.local/lib/python3.10/site-packages/airflow/example_dags/example_sla_dag.py
[2022-05-21 17:51:25,290] {processor.py:651} INFO - DAG(s) dict_keys(['example_sla_dag']) retrieved from /home/ubuntu/.local/lib/python3.10/site-packages/airflow/example_dags/example_sla_dag.py
[2022-05-21 17:51:25,305] {logging_mixin.py:115} INFO - [2022-05-21 17:51:25,305] {dag.py:2371} INFO - Sync 1 DAGs
[2022-05-21 17:51:25,326] {logging_mixin.py:115} INFO - [2022-05-21 17:51:25,326] {dag.py:2915} INFO - Setting next_dagrun for example_sla_dag to 2022-05-21T17:48:00+00:00, run_after=2022-05-21T17:50:00+00:00
[2022-05-21 17:51:25,339] {processor.py:161} INFO - Processing /home/ubuntu/.local/lib/python3.10/site-packages/airflow/example_dags/example_sla_dag.py took 0.072 seconds
[2022-05-21 17:51:59,050] {processor.py:153} INFO - Started process (PID=5429) to work on /home/ubuntu/.local/lib/python3.10/site-packages/airflow/example_dags/example_sla_dag.py
[2022-05-21 17:51:59,050] {processor.py:641} INFO - Processing file /home/ubuntu/.local/lib/python3.10/site-packages/airflow/example_dags/example_sla_dag.py for tasks to queue
[2022-05-21 17:51:59,051] {logging_mixin.py:115} INFO - [2022-05-21 17:51:59,051] {dagbag.py:507} INFO - Filling up the DagBag from /home/ubuntu/.local/lib/python3.10/site-packages/airflow/example_dags/example_sla_dag.py
[2022-05-21 17:51:59,069] {processor.py:651} INFO - DAG(s) dict_keys(['example_sla_dag']) retrieved from /home/ubuntu/.local/lib/python3.10/site-packages/airflow/example_dags/example_sla_dag.py
[2022-05-21 17:51:59,084] {logging_mixin.py:115} INFO - [2022-05-21 17:51:59,084] {dag.py:2371} INFO - Sync 1 DAGs
[2022-05-21 17:51:59,104] {logging_mixin.py:115} INFO - [2022-05-21 17:51:59,103] {dag.py:2915} INFO - Setting next_dagrun for example_sla_dag to 2022-05-21T17:48:00+00:00, run_after=2022-05-21T17:50:00+00:00
[2022-05-21 17:51:59,117] {processor.py:161} INFO - Processing /home/ubuntu/.local/lib/python3.10/site-packages/airflow/example_dags/example_sla_dag.py took 0.070 seconds
[2022-05-21 17:52:32,492] {processor.py:153} INFO - Started process (PID=5464) to work on /home/ubuntu/.local/lib/python3.10/site-packages/airflow/example_dags/example_sla_dag.py
[2022-05-21 17:52:32,493] {processor.py:641} INFO - Processing file /home/ubuntu/.local/lib/python3.10/site-packages/airflow/example_dags/example_sla_dag.py for tasks to queue
[2022-05-21 17:52:32,493] {logging_mixin.py:115} INFO - [2022-05-21 17:52:32,493] {dagbag.py:507} INFO - Filling up the DagBag from /home/ubuntu/.local/lib/python3.10/site-packages/airflow/example_dags/example_sla_dag.py
[2022-05-21 17:52:32,511] {processor.py:651} INFO - DAG(s) dict_keys(['example_sla_dag']) retrieved from /home/ubuntu/.local/lib/python3.10/site-packages/airflow/example_dags/example_sla_dag.py
[2022-05-21 17:52:32,526] {logging_mixin.py:115} INFO - [2022-05-21 17:52:32,525] {dag.py:2371} INFO - Sync 1 DAGs
[2022-05-21 17:52:32,545] {logging_mixin.py:115} INFO - [2022-05-21 17:52:32,545] {dag.py:2915} INFO - Setting next_dagrun for example_sla_dag to 2022-05-21T17:50:00+00:00, run_after=2022-05-21T17:52:00+00:00
[2022-05-21 17:52:32,559] {processor.py:161} INFO - Processing /home/ubuntu/.local/lib/python3.10/site-packages/airflow/example_dags/example_sla_dag.py took 0.070 seconds
[2022-05-21 17:53:05,713] {processor.py:153} INFO - Started process (PID=5499) to work on /home/ubuntu/.local/lib/python3.10/site-packages/airflow/example_dags/example_sla_dag.py
[2022-05-21 17:53:05,714] {processor.py:641} INFO - Processing file /home/ubuntu/.local/lib/python3.10/site-packages/airflow/example_dags/example_sla_dag.py for tasks to queue
[2022-05-21 17:53:05,714] {logging_mixin.py:115} INFO - [2022-05-21 17:53:05,714] {dagbag.py:507} INFO - Filling up the DagBag from /home/ubuntu/.local/lib/python3.10/site-packages/airflow/example_dags/example_sla_dag.py
[2022-05-21 17:53:05,732] {processor.py:651} INFO - DAG(s) dict_keys(['example_sla_dag']) retrieved from /home/ubuntu/.local/lib/python3.10/site-packages/airflow/example_dags/example_sla_dag.py
[2022-05-21 17:53:05,747] {logging_mixin.py:115} INFO - [2022-05-21 17:53:05,747] {dag.py:2371} INFO - Sync 1 DAGs
[2022-05-21 17:53:05,768] {logging_mixin.py:115} INFO - [2022-05-21 17:53:05,768] {dag.py:2915} INFO - Setting next_dagrun for example_sla_dag to 2022-05-21T17:50:00+00:00, run_after=2022-05-21T17:52:00+00:00
[2022-05-21 17:53:05,781] {processor.py:161} INFO - Processing /home/ubuntu/.local/lib/python3.10/site-packages/airflow/example_dags/example_sla_dag.py took 0.071 seconds
[2022-05-21 17:53:38,826] {processor.py:153} INFO - Started process (PID=5547) to work on /home/ubuntu/.local/lib/python3.10/site-packages/airflow/example_dags/example_sla_dag.py
[2022-05-21 17:53:38,827] {processor.py:641} INFO - Processing file /home/ubuntu/.local/lib/python3.10/site-packages/airflow/example_dags/example_sla_dag.py for tasks to queue
[2022-05-21 17:53:38,827] {logging_mixin.py:115} INFO - [2022-05-21 17:53:38,827] {dagbag.py:507} INFO - Filling up the DagBag from /home/ubuntu/.local/lib/python3.10/site-packages/airflow/example_dags/example_sla_dag.py
[2022-05-21 17:53:38,845] {processor.py:651} INFO - DAG(s) dict_keys(['example_sla_dag']) retrieved from /home/ubuntu/.local/lib/python3.10/site-packages/airflow/example_dags/example_sla_dag.py
[2022-05-21 17:53:38,860] {logging_mixin.py:115} INFO - [2022-05-21 17:53:38,860] {dag.py:2371} INFO - Sync 1 DAGs
[2022-05-21 17:53:38,881] {logging_mixin.py:115} INFO - [2022-05-21 17:53:38,880] {dag.py:2915} INFO - Setting next_dagrun for example_sla_dag to 2022-05-21T17:50:00+00:00, run_after=2022-05-21T17:52:00+00:00
[2022-05-21 17:53:38,893] {processor.py:161} INFO - Processing /home/ubuntu/.local/lib/python3.10/site-packages/airflow/example_dags/example_sla_dag.py took 0.070 seconds
[2022-05-21 17:54:11,890] {processor.py:153} INFO - Started process (PID=5583) to work on /home/ubuntu/.local/lib/python3.10/site-packages/airflow/example_dags/example_sla_dag.py
[2022-05-21 17:54:11,891] {processor.py:641} INFO - Processing file /home/ubuntu/.local/lib/python3.10/site-packages/airflow/example_dags/example_sla_dag.py for tasks to queue
[2022-05-21 17:54:11,891] {logging_mixin.py:115} INFO - [2022-05-21 17:54:11,891] {dagbag.py:507} INFO - Filling up the DagBag from /home/ubuntu/.local/lib/python3.10/site-packages/airflow/example_dags/example_sla_dag.py
[2022-05-21 17:54:11,909] {processor.py:651} INFO - DAG(s) dict_keys(['example_sla_dag']) retrieved from /home/ubuntu/.local/lib/python3.10/site-packages/airflow/example_dags/example_sla_dag.py
[2022-05-21 17:54:11,924] {logging_mixin.py:115} INFO - [2022-05-21 17:54:11,924] {dag.py:2371} INFO - Sync 1 DAGs
[2022-05-21 17:54:11,945] {logging_mixin.py:115} INFO - [2022-05-21 17:54:11,945] {dag.py:2915} INFO - Setting next_dagrun for example_sla_dag to 2022-05-21T17:52:00+00:00, run_after=2022-05-21T17:54:00+00:00
[2022-05-21 17:54:11,959] {processor.py:161} INFO - Processing /home/ubuntu/.local/lib/python3.10/site-packages/airflow/example_dags/example_sla_dag.py took 0.071 seconds
[2022-05-21 17:54:46,384] {processor.py:153} INFO - Started process (PID=5618) to work on /home/ubuntu/.local/lib/python3.10/site-packages/airflow/example_dags/example_sla_dag.py
[2022-05-21 17:54:46,385] {processor.py:641} INFO - Processing file /home/ubuntu/.local/lib/python3.10/site-packages/airflow/example_dags/example_sla_dag.py for tasks to queue
[2022-05-21 17:54:46,386] {logging_mixin.py:115} INFO - [2022-05-21 17:54:46,385] {dagbag.py:507} INFO - Filling up the DagBag from /home/ubuntu/.local/lib/python3.10/site-packages/airflow/example_dags/example_sla_dag.py
[2022-05-21 17:54:46,403] {processor.py:651} INFO - DAG(s) dict_keys(['example_sla_dag']) retrieved from /home/ubuntu/.local/lib/python3.10/site-packages/airflow/example_dags/example_sla_dag.py
[2022-05-21 17:54:46,418] {logging_mixin.py:115} INFO - [2022-05-21 17:54:46,418] {dag.py:2371} INFO - Sync 1 DAGs
[2022-05-21 17:54:46,438] {logging_mixin.py:115} INFO - [2022-05-21 17:54:46,437] {dag.py:2915} INFO - Setting next_dagrun for example_sla_dag to 2022-05-21T17:52:00+00:00, run_after=2022-05-21T17:54:00+00:00
[2022-05-21 17:54:46,450] {processor.py:161} INFO - Processing /home/ubuntu/.local/lib/python3.10/site-packages/airflow/example_dags/example_sla_dag.py took 0.069 seconds
[2022-05-21 17:55:19,436] {processor.py:153} INFO - Started process (PID=5653) to work on /home/ubuntu/.local/lib/python3.10/site-packages/airflow/example_dags/example_sla_dag.py
[2022-05-21 17:55:19,436] {processor.py:641} INFO - Processing file /home/ubuntu/.local/lib/python3.10/site-packages/airflow/example_dags/example_sla_dag.py for tasks to queue
[2022-05-21 17:55:19,436] {logging_mixin.py:115} INFO - [2022-05-21 17:55:19,436] {dagbag.py:507} INFO - Filling up the DagBag from /home/ubuntu/.local/lib/python3.10/site-packages/airflow/example_dags/example_sla_dag.py
[2022-05-21 17:55:19,455] {processor.py:651} INFO - DAG(s) dict_keys(['example_sla_dag']) retrieved from /home/ubuntu/.local/lib/python3.10/site-packages/airflow/example_dags/example_sla_dag.py
[2022-05-21 17:55:19,470] {logging_mixin.py:115} INFO - [2022-05-21 17:55:19,470] {dag.py:2371} INFO - Sync 1 DAGs
[2022-05-21 17:55:19,490] {logging_mixin.py:115} INFO - [2022-05-21 17:55:19,490] {dag.py:2915} INFO - Setting next_dagrun for example_sla_dag to 2022-05-21T17:52:00+00:00, run_after=2022-05-21T17:54:00+00:00
[2022-05-21 17:55:19,505] {processor.py:161} INFO - Processing /home/ubuntu/.local/lib/python3.10/site-packages/airflow/example_dags/example_sla_dag.py took 0.072 seconds
