[2022-05-21 17:47:41,553] {processor.py:153} INFO - Started process (PID=5157) to work on /home/ubuntu/.local/lib/python3.10/site-packages/airflow/example_dags/example_subdag_operator.py
[2022-05-21 17:47:41,554] {processor.py:641} INFO - Processing file /home/ubuntu/.local/lib/python3.10/site-packages/airflow/example_dags/example_subdag_operator.py for tasks to queue
[2022-05-21 17:47:41,554] {logging_mixin.py:115} INFO - [2022-05-21 17:47:41,554] {dagbag.py:507} INFO - Filling up the DagBag from /home/ubuntu/.local/lib/python3.10/site-packages/airflow/example_dags/example_subdag_operator.py
[2022-05-21 17:47:41,616] {processor.py:651} INFO - DAG(s) dict_keys(['example_subdag_operator.section-1', 'example_subdag_operator.section-2', 'example_subdag_operator']) retrieved from /home/ubuntu/.local/lib/python3.10/site-packages/airflow/example_dags/example_subdag_operator.py
[2022-05-21 17:47:41,746] {logging_mixin.py:115} INFO - [2022-05-21 17:47:41,746] {manager.py:508} INFO - Created Permission View: can read on DAG:example_subdag_operator
[2022-05-21 17:47:41,796] {logging_mixin.py:115} INFO - [2022-05-21 17:47:41,796] {manager.py:508} INFO - Created Permission View: can delete on DAG:example_subdag_operator
[2022-05-21 17:47:41,820] {logging_mixin.py:115} INFO - [2022-05-21 17:47:41,820] {manager.py:508} INFO - Created Permission View: can edit on DAG:example_subdag_operator
[2022-05-21 17:47:41,820] {logging_mixin.py:115} INFO - [2022-05-21 17:47:41,820] {dag.py:2371} INFO - Sync 3 DAGs
[2022-05-21 17:47:41,837] {logging_mixin.py:115} INFO - [2022-05-21 17:47:41,837] {dag.py:2390} INFO - Creating ORM DAG for example_subdag_operator
[2022-05-21 17:47:41,838] {logging_mixin.py:115} INFO - [2022-05-21 17:47:41,838] {dag.py:2390} INFO - Creating ORM DAG for example_subdag_operator.section-2
[2022-05-21 17:47:41,838] {logging_mixin.py:115} INFO - [2022-05-21 17:47:41,838] {dag.py:2390} INFO - Creating ORM DAG for example_subdag_operator.section-1
[2022-05-21 17:47:41,855] {logging_mixin.py:115} INFO - [2022-05-21 17:47:41,855] {dag.py:2915} INFO - Setting next_dagrun for example_subdag_operator to 2022-05-19T00:00:00+00:00, run_after=2022-05-19T00:00:00+00:00
[2022-05-21 17:47:41,855] {logging_mixin.py:115} INFO - [2022-05-21 17:47:41,855] {dag.py:2915} INFO - Setting next_dagrun for example_subdag_operator.section-1 to None, run_after=None
[2022-05-21 17:47:41,856] {logging_mixin.py:115} INFO - [2022-05-21 17:47:41,856] {dag.py:2915} INFO - Setting next_dagrun for example_subdag_operator.section-2 to None, run_after=None
[2022-05-21 17:47:41,870] {logging_mixin.py:115} INFO - [2022-05-21 17:47:41,870] {dag.py:2371} INFO - Sync 2 DAGs
[2022-05-21 17:47:41,891] {logging_mixin.py:115} INFO - [2022-05-21 17:47:41,891] {dag.py:2915} INFO - Setting next_dagrun for example_subdag_operator.section-1 to None, run_after=None
[2022-05-21 17:47:41,891] {logging_mixin.py:115} INFO - [2022-05-21 17:47:41,891] {dag.py:2915} INFO - Setting next_dagrun for example_subdag_operator.section-2 to None, run_after=None
[2022-05-21 17:47:41,903] {processor.py:161} INFO - Processing /home/ubuntu/.local/lib/python3.10/site-packages/airflow/example_dags/example_subdag_operator.py took 0.353 seconds
[2022-05-21 17:48:16,706] {processor.py:153} INFO - Started process (PID=5192) to work on /home/ubuntu/.local/lib/python3.10/site-packages/airflow/example_dags/example_subdag_operator.py
[2022-05-21 17:48:16,707] {processor.py:641} INFO - Processing file /home/ubuntu/.local/lib/python3.10/site-packages/airflow/example_dags/example_subdag_operator.py for tasks to queue
[2022-05-21 17:48:16,708] {logging_mixin.py:115} INFO - [2022-05-21 17:48:16,707] {dagbag.py:507} INFO - Filling up the DagBag from /home/ubuntu/.local/lib/python3.10/site-packages/airflow/example_dags/example_subdag_operator.py
[2022-05-21 17:48:16,729] {processor.py:651} INFO - DAG(s) dict_keys(['example_subdag_operator.section-1', 'example_subdag_operator.section-2', 'example_subdag_operator']) retrieved from /home/ubuntu/.local/lib/python3.10/site-packages/airflow/example_dags/example_subdag_operator.py
[2022-05-21 17:48:16,749] {logging_mixin.py:115} INFO - [2022-05-21 17:48:16,749] {dag.py:2371} INFO - Sync 3 DAGs
[2022-05-21 17:48:16,765] {logging_mixin.py:115} INFO - [2022-05-21 17:48:16,765] {dag.py:2915} INFO - Setting next_dagrun for example_subdag_operator to 2022-05-19T00:00:00+00:00, run_after=2022-05-19T00:00:00+00:00
[2022-05-21 17:48:16,766] {logging_mixin.py:115} INFO - [2022-05-21 17:48:16,766] {dag.py:2915} INFO - Setting next_dagrun for example_subdag_operator.section-1 to None, run_after=None
[2022-05-21 17:48:16,766] {logging_mixin.py:115} INFO - [2022-05-21 17:48:16,766] {dag.py:2915} INFO - Setting next_dagrun for example_subdag_operator.section-2 to None, run_after=None
[2022-05-21 17:48:16,771] {logging_mixin.py:115} INFO - [2022-05-21 17:48:16,771] {dag.py:2371} INFO - Sync 2 DAGs
[2022-05-21 17:48:16,774] {logging_mixin.py:115} INFO - [2022-05-21 17:48:16,774] {dag.py:2915} INFO - Setting next_dagrun for example_subdag_operator.section-1 to None, run_after=None
[2022-05-21 17:48:16,774] {logging_mixin.py:115} INFO - [2022-05-21 17:48:16,774] {dag.py:2915} INFO - Setting next_dagrun for example_subdag_operator.section-2 to None, run_after=None
[2022-05-21 17:48:16,784] {processor.py:161} INFO - Processing /home/ubuntu/.local/lib/python3.10/site-packages/airflow/example_dags/example_subdag_operator.py took 0.080 seconds
[2022-05-21 17:48:49,743] {processor.py:153} INFO - Started process (PID=5226) to work on /home/ubuntu/.local/lib/python3.10/site-packages/airflow/example_dags/example_subdag_operator.py
[2022-05-21 17:48:49,744] {processor.py:641} INFO - Processing file /home/ubuntu/.local/lib/python3.10/site-packages/airflow/example_dags/example_subdag_operator.py for tasks to queue
[2022-05-21 17:48:49,744] {logging_mixin.py:115} INFO - [2022-05-21 17:48:49,744] {dagbag.py:507} INFO - Filling up the DagBag from /home/ubuntu/.local/lib/python3.10/site-packages/airflow/example_dags/example_subdag_operator.py
[2022-05-21 17:48:49,765] {processor.py:651} INFO - DAG(s) dict_keys(['example_subdag_operator.section-1', 'example_subdag_operator.section-2', 'example_subdag_operator']) retrieved from /home/ubuntu/.local/lib/python3.10/site-packages/airflow/example_dags/example_subdag_operator.py
[2022-05-21 17:48:49,785] {logging_mixin.py:115} INFO - [2022-05-21 17:48:49,785] {dag.py:2371} INFO - Sync 3 DAGs
[2022-05-21 17:48:49,801] {logging_mixin.py:115} INFO - [2022-05-21 17:48:49,801] {dag.py:2915} INFO - Setting next_dagrun for example_subdag_operator to 2022-05-19T00:00:00+00:00, run_after=2022-05-19T00:00:00+00:00
[2022-05-21 17:48:49,802] {logging_mixin.py:115} INFO - [2022-05-21 17:48:49,802] {dag.py:2915} INFO - Setting next_dagrun for example_subdag_operator.section-1 to None, run_after=None
[2022-05-21 17:48:49,802] {logging_mixin.py:115} INFO - [2022-05-21 17:48:49,802] {dag.py:2915} INFO - Setting next_dagrun for example_subdag_operator.section-2 to None, run_after=None
[2022-05-21 17:48:49,807] {logging_mixin.py:115} INFO - [2022-05-21 17:48:49,806] {dag.py:2371} INFO - Sync 2 DAGs
[2022-05-21 17:48:49,810] {logging_mixin.py:115} INFO - [2022-05-21 17:48:49,810] {dag.py:2915} INFO - Setting next_dagrun for example_subdag_operator.section-1 to None, run_after=None
[2022-05-21 17:48:49,810] {logging_mixin.py:115} INFO - [2022-05-21 17:48:49,810] {dag.py:2915} INFO - Setting next_dagrun for example_subdag_operator.section-2 to None, run_after=None
[2022-05-21 17:48:49,819] {processor.py:161} INFO - Processing /home/ubuntu/.local/lib/python3.10/site-packages/airflow/example_dags/example_subdag_operator.py took 0.078 seconds
[2022-05-21 17:49:20,294] {processor.py:153} INFO - Started process (PID=5263) to work on /home/ubuntu/.local/lib/python3.10/site-packages/airflow/example_dags/example_subdag_operator.py
[2022-05-21 17:49:20,295] {processor.py:641} INFO - Processing file /home/ubuntu/.local/lib/python3.10/site-packages/airflow/example_dags/example_subdag_operator.py for tasks to queue
[2022-05-21 17:49:20,295] {logging_mixin.py:115} INFO - [2022-05-21 17:49:20,295] {dagbag.py:507} INFO - Filling up the DagBag from /home/ubuntu/.local/lib/python3.10/site-packages/airflow/example_dags/example_subdag_operator.py
[2022-05-21 17:49:20,316] {processor.py:651} INFO - DAG(s) dict_keys(['example_subdag_operator.section-1', 'example_subdag_operator.section-2', 'example_subdag_operator']) retrieved from /home/ubuntu/.local/lib/python3.10/site-packages/airflow/example_dags/example_subdag_operator.py
[2022-05-21 17:49:20,337] {logging_mixin.py:115} INFO - [2022-05-21 17:49:20,336] {dag.py:2371} INFO - Sync 3 DAGs
[2022-05-21 17:49:20,353] {logging_mixin.py:115} INFO - [2022-05-21 17:49:20,353] {dag.py:2915} INFO - Setting next_dagrun for example_subdag_operator to 2022-05-19T00:00:00+00:00, run_after=2022-05-19T00:00:00+00:00
[2022-05-21 17:49:20,353] {logging_mixin.py:115} INFO - [2022-05-21 17:49:20,353] {dag.py:2915} INFO - Setting next_dagrun for example_subdag_operator.section-1 to None, run_after=None
[2022-05-21 17:49:20,353] {logging_mixin.py:115} INFO - [2022-05-21 17:49:20,353] {dag.py:2915} INFO - Setting next_dagrun for example_subdag_operator.section-2 to None, run_after=None
[2022-05-21 17:49:20,358] {logging_mixin.py:115} INFO - [2022-05-21 17:49:20,358] {dag.py:2371} INFO - Sync 2 DAGs
[2022-05-21 17:49:20,361] {logging_mixin.py:115} INFO - [2022-05-21 17:49:20,361] {dag.py:2915} INFO - Setting next_dagrun for example_subdag_operator.section-1 to None, run_after=None
[2022-05-21 17:49:20,362] {logging_mixin.py:115} INFO - [2022-05-21 17:49:20,362] {dag.py:2915} INFO - Setting next_dagrun for example_subdag_operator.section-2 to None, run_after=None
[2022-05-21 17:49:20,371] {processor.py:161} INFO - Processing /home/ubuntu/.local/lib/python3.10/site-packages/airflow/example_dags/example_subdag_operator.py took 0.079 seconds
[2022-05-21 17:49:52,958] {processor.py:153} INFO - Started process (PID=5299) to work on /home/ubuntu/.local/lib/python3.10/site-packages/airflow/example_dags/example_subdag_operator.py
[2022-05-21 17:49:52,959] {processor.py:641} INFO - Processing file /home/ubuntu/.local/lib/python3.10/site-packages/airflow/example_dags/example_subdag_operator.py for tasks to queue
[2022-05-21 17:49:52,959] {logging_mixin.py:115} INFO - [2022-05-21 17:49:52,959] {dagbag.py:507} INFO - Filling up the DagBag from /home/ubuntu/.local/lib/python3.10/site-packages/airflow/example_dags/example_subdag_operator.py
[2022-05-21 17:49:52,980] {processor.py:651} INFO - DAG(s) dict_keys(['example_subdag_operator.section-1', 'example_subdag_operator.section-2', 'example_subdag_operator']) retrieved from /home/ubuntu/.local/lib/python3.10/site-packages/airflow/example_dags/example_subdag_operator.py
[2022-05-21 17:49:53,001] {logging_mixin.py:115} INFO - [2022-05-21 17:49:53,001] {dag.py:2371} INFO - Sync 3 DAGs
[2022-05-21 17:49:53,018] {logging_mixin.py:115} INFO - [2022-05-21 17:49:53,017] {dag.py:2915} INFO - Setting next_dagrun for example_subdag_operator to 2022-05-19T00:00:00+00:00, run_after=2022-05-19T00:00:00+00:00
[2022-05-21 17:49:53,018] {logging_mixin.py:115} INFO - [2022-05-21 17:49:53,018] {dag.py:2915} INFO - Setting next_dagrun for example_subdag_operator.section-1 to None, run_after=None
[2022-05-21 17:49:53,018] {logging_mixin.py:115} INFO - [2022-05-21 17:49:53,018] {dag.py:2915} INFO - Setting next_dagrun for example_subdag_operator.section-2 to None, run_after=None
[2022-05-21 17:49:53,023] {logging_mixin.py:115} INFO - [2022-05-21 17:49:53,023] {dag.py:2371} INFO - Sync 2 DAGs
[2022-05-21 17:49:53,027] {logging_mixin.py:115} INFO - [2022-05-21 17:49:53,026] {dag.py:2915} INFO - Setting next_dagrun for example_subdag_operator.section-1 to None, run_after=None
[2022-05-21 17:49:53,027] {logging_mixin.py:115} INFO - [2022-05-21 17:49:53,027] {dag.py:2915} INFO - Setting next_dagrun for example_subdag_operator.section-2 to None, run_after=None
[2022-05-21 17:49:53,037] {processor.py:161} INFO - Processing /home/ubuntu/.local/lib/python3.10/site-packages/airflow/example_dags/example_subdag_operator.py took 0.082 seconds
[2022-05-21 17:50:24,145] {processor.py:153} INFO - Started process (PID=5333) to work on /home/ubuntu/.local/lib/python3.10/site-packages/airflow/example_dags/example_subdag_operator.py
[2022-05-21 17:50:24,146] {processor.py:641} INFO - Processing file /home/ubuntu/.local/lib/python3.10/site-packages/airflow/example_dags/example_subdag_operator.py for tasks to queue
[2022-05-21 17:50:24,146] {logging_mixin.py:115} INFO - [2022-05-21 17:50:24,146] {dagbag.py:507} INFO - Filling up the DagBag from /home/ubuntu/.local/lib/python3.10/site-packages/airflow/example_dags/example_subdag_operator.py
[2022-05-21 17:50:24,167] {processor.py:651} INFO - DAG(s) dict_keys(['example_subdag_operator.section-1', 'example_subdag_operator.section-2', 'example_subdag_operator']) retrieved from /home/ubuntu/.local/lib/python3.10/site-packages/airflow/example_dags/example_subdag_operator.py
[2022-05-21 17:50:24,187] {logging_mixin.py:115} INFO - [2022-05-21 17:50:24,187] {dag.py:2371} INFO - Sync 3 DAGs
[2022-05-21 17:50:24,203] {logging_mixin.py:115} INFO - [2022-05-21 17:50:24,203] {dag.py:2915} INFO - Setting next_dagrun for example_subdag_operator to 2022-05-19T00:00:00+00:00, run_after=2022-05-19T00:00:00+00:00
[2022-05-21 17:50:24,203] {logging_mixin.py:115} INFO - [2022-05-21 17:50:24,203] {dag.py:2915} INFO - Setting next_dagrun for example_subdag_operator.section-1 to None, run_after=None
[2022-05-21 17:50:24,203] {logging_mixin.py:115} INFO - [2022-05-21 17:50:24,203] {dag.py:2915} INFO - Setting next_dagrun for example_subdag_operator.section-2 to None, run_after=None
[2022-05-21 17:50:24,208] {logging_mixin.py:115} INFO - [2022-05-21 17:50:24,208] {dag.py:2371} INFO - Sync 2 DAGs
[2022-05-21 17:50:24,211] {logging_mixin.py:115} INFO - [2022-05-21 17:50:24,211] {dag.py:2915} INFO - Setting next_dagrun for example_subdag_operator.section-1 to None, run_after=None
[2022-05-21 17:50:24,212] {logging_mixin.py:115} INFO - [2022-05-21 17:50:24,212] {dag.py:2915} INFO - Setting next_dagrun for example_subdag_operator.section-2 to None, run_after=None
[2022-05-21 17:50:24,221] {processor.py:161} INFO - Processing /home/ubuntu/.local/lib/python3.10/site-packages/airflow/example_dags/example_subdag_operator.py took 0.079 seconds
[2022-05-21 17:50:54,887] {processor.py:153} INFO - Started process (PID=5363) to work on /home/ubuntu/.local/lib/python3.10/site-packages/airflow/example_dags/example_subdag_operator.py
[2022-05-21 17:50:54,887] {processor.py:641} INFO - Processing file /home/ubuntu/.local/lib/python3.10/site-packages/airflow/example_dags/example_subdag_operator.py for tasks to queue
[2022-05-21 17:50:54,888] {logging_mixin.py:115} INFO - [2022-05-21 17:50:54,888] {dagbag.py:507} INFO - Filling up the DagBag from /home/ubuntu/.local/lib/python3.10/site-packages/airflow/example_dags/example_subdag_operator.py
[2022-05-21 17:50:54,909] {processor.py:651} INFO - DAG(s) dict_keys(['example_subdag_operator.section-1', 'example_subdag_operator.section-2', 'example_subdag_operator']) retrieved from /home/ubuntu/.local/lib/python3.10/site-packages/airflow/example_dags/example_subdag_operator.py
[2022-05-21 17:50:54,930] {logging_mixin.py:115} INFO - [2022-05-21 17:50:54,930] {dag.py:2371} INFO - Sync 3 DAGs
[2022-05-21 17:50:54,946] {logging_mixin.py:115} INFO - [2022-05-21 17:50:54,946] {dag.py:2915} INFO - Setting next_dagrun for example_subdag_operator to 2022-05-19T00:00:00+00:00, run_after=2022-05-19T00:00:00+00:00
[2022-05-21 17:50:54,946] {logging_mixin.py:115} INFO - [2022-05-21 17:50:54,946] {dag.py:2915} INFO - Setting next_dagrun for example_subdag_operator.section-1 to None, run_after=None
[2022-05-21 17:50:54,947] {logging_mixin.py:115} INFO - [2022-05-21 17:50:54,947] {dag.py:2915} INFO - Setting next_dagrun for example_subdag_operator.section-2 to None, run_after=None
[2022-05-21 17:50:54,952] {logging_mixin.py:115} INFO - [2022-05-21 17:50:54,951] {dag.py:2371} INFO - Sync 2 DAGs
[2022-05-21 17:50:54,955] {logging_mixin.py:115} INFO - [2022-05-21 17:50:54,955] {dag.py:2915} INFO - Setting next_dagrun for example_subdag_operator.section-1 to None, run_after=None
[2022-05-21 17:50:54,955] {logging_mixin.py:115} INFO - [2022-05-21 17:50:54,955] {dag.py:2915} INFO - Setting next_dagrun for example_subdag_operator.section-2 to None, run_after=None
[2022-05-21 17:50:54,965] {processor.py:161} INFO - Processing /home/ubuntu/.local/lib/python3.10/site-packages/airflow/example_dags/example_subdag_operator.py took 0.081 seconds
[2022-05-21 17:51:27,074] {processor.py:153} INFO - Started process (PID=5398) to work on /home/ubuntu/.local/lib/python3.10/site-packages/airflow/example_dags/example_subdag_operator.py
[2022-05-21 17:51:27,074] {processor.py:641} INFO - Processing file /home/ubuntu/.local/lib/python3.10/site-packages/airflow/example_dags/example_subdag_operator.py for tasks to queue
[2022-05-21 17:51:27,074] {logging_mixin.py:115} INFO - [2022-05-21 17:51:27,074] {dagbag.py:507} INFO - Filling up the DagBag from /home/ubuntu/.local/lib/python3.10/site-packages/airflow/example_dags/example_subdag_operator.py
[2022-05-21 17:51:27,095] {processor.py:651} INFO - DAG(s) dict_keys(['example_subdag_operator.section-1', 'example_subdag_operator.section-2', 'example_subdag_operator']) retrieved from /home/ubuntu/.local/lib/python3.10/site-packages/airflow/example_dags/example_subdag_operator.py
[2022-05-21 17:51:27,116] {logging_mixin.py:115} INFO - [2022-05-21 17:51:27,115] {dag.py:2371} INFO - Sync 3 DAGs
[2022-05-21 17:51:27,132] {logging_mixin.py:115} INFO - [2022-05-21 17:51:27,132] {dag.py:2915} INFO - Setting next_dagrun for example_subdag_operator to 2022-05-19T00:00:00+00:00, run_after=2022-05-19T00:00:00+00:00
[2022-05-21 17:51:27,132] {logging_mixin.py:115} INFO - [2022-05-21 17:51:27,132] {dag.py:2915} INFO - Setting next_dagrun for example_subdag_operator.section-1 to None, run_after=None
[2022-05-21 17:51:27,132] {logging_mixin.py:115} INFO - [2022-05-21 17:51:27,132] {dag.py:2915} INFO - Setting next_dagrun for example_subdag_operator.section-2 to None, run_after=None
[2022-05-21 17:51:27,137] {logging_mixin.py:115} INFO - [2022-05-21 17:51:27,137] {dag.py:2371} INFO - Sync 2 DAGs
[2022-05-21 17:51:27,140] {logging_mixin.py:115} INFO - [2022-05-21 17:51:27,140] {dag.py:2915} INFO - Setting next_dagrun for example_subdag_operator.section-1 to None, run_after=None
[2022-05-21 17:51:27,140] {logging_mixin.py:115} INFO - [2022-05-21 17:51:27,140] {dag.py:2915} INFO - Setting next_dagrun for example_subdag_operator.section-2 to None, run_after=None
[2022-05-21 17:51:27,150] {processor.py:161} INFO - Processing /home/ubuntu/.local/lib/python3.10/site-packages/airflow/example_dags/example_subdag_operator.py took 0.080 seconds
[2022-05-21 17:52:00,183] {processor.py:153} INFO - Started process (PID=5430) to work on /home/ubuntu/.local/lib/python3.10/site-packages/airflow/example_dags/example_subdag_operator.py
[2022-05-21 17:52:00,183] {processor.py:641} INFO - Processing file /home/ubuntu/.local/lib/python3.10/site-packages/airflow/example_dags/example_subdag_operator.py for tasks to queue
[2022-05-21 17:52:00,184] {logging_mixin.py:115} INFO - [2022-05-21 17:52:00,184] {dagbag.py:507} INFO - Filling up the DagBag from /home/ubuntu/.local/lib/python3.10/site-packages/airflow/example_dags/example_subdag_operator.py
[2022-05-21 17:52:00,206] {processor.py:651} INFO - DAG(s) dict_keys(['example_subdag_operator.section-1', 'example_subdag_operator.section-2', 'example_subdag_operator']) retrieved from /home/ubuntu/.local/lib/python3.10/site-packages/airflow/example_dags/example_subdag_operator.py
[2022-05-21 17:52:00,228] {logging_mixin.py:115} INFO - [2022-05-21 17:52:00,228] {dag.py:2371} INFO - Sync 3 DAGs
[2022-05-21 17:52:00,245] {logging_mixin.py:115} INFO - [2022-05-21 17:52:00,244] {dag.py:2915} INFO - Setting next_dagrun for example_subdag_operator to 2022-05-19T00:00:00+00:00, run_after=2022-05-19T00:00:00+00:00
[2022-05-21 17:52:00,245] {logging_mixin.py:115} INFO - [2022-05-21 17:52:00,245] {dag.py:2915} INFO - Setting next_dagrun for example_subdag_operator.section-1 to None, run_after=None
[2022-05-21 17:52:00,245] {logging_mixin.py:115} INFO - [2022-05-21 17:52:00,245] {dag.py:2915} INFO - Setting next_dagrun for example_subdag_operator.section-2 to None, run_after=None
[2022-05-21 17:52:00,250] {logging_mixin.py:115} INFO - [2022-05-21 17:52:00,250] {dag.py:2371} INFO - Sync 2 DAGs
[2022-05-21 17:52:00,254] {logging_mixin.py:115} INFO - [2022-05-21 17:52:00,254] {dag.py:2915} INFO - Setting next_dagrun for example_subdag_operator.section-1 to None, run_after=None
[2022-05-21 17:52:00,254] {logging_mixin.py:115} INFO - [2022-05-21 17:52:00,254] {dag.py:2915} INFO - Setting next_dagrun for example_subdag_operator.section-2 to None, run_after=None
[2022-05-21 17:52:00,264] {processor.py:161} INFO - Processing /home/ubuntu/.local/lib/python3.10/site-packages/airflow/example_dags/example_subdag_operator.py took 0.085 seconds
[2022-05-21 17:52:32,810] {processor.py:153} INFO - Started process (PID=5465) to work on /home/ubuntu/.local/lib/python3.10/site-packages/airflow/example_dags/example_subdag_operator.py
[2022-05-21 17:52:32,811] {processor.py:641} INFO - Processing file /home/ubuntu/.local/lib/python3.10/site-packages/airflow/example_dags/example_subdag_operator.py for tasks to queue
[2022-05-21 17:52:32,811] {logging_mixin.py:115} INFO - [2022-05-21 17:52:32,811] {dagbag.py:507} INFO - Filling up the DagBag from /home/ubuntu/.local/lib/python3.10/site-packages/airflow/example_dags/example_subdag_operator.py
[2022-05-21 17:52:32,833] {processor.py:651} INFO - DAG(s) dict_keys(['example_subdag_operator.section-1', 'example_subdag_operator.section-2', 'example_subdag_operator']) retrieved from /home/ubuntu/.local/lib/python3.10/site-packages/airflow/example_dags/example_subdag_operator.py
[2022-05-21 17:52:32,854] {logging_mixin.py:115} INFO - [2022-05-21 17:52:32,854] {dag.py:2371} INFO - Sync 3 DAGs
[2022-05-21 17:52:32,871] {logging_mixin.py:115} INFO - [2022-05-21 17:52:32,871] {dag.py:2915} INFO - Setting next_dagrun for example_subdag_operator to 2022-05-19T00:00:00+00:00, run_after=2022-05-19T00:00:00+00:00
[2022-05-21 17:52:32,871] {logging_mixin.py:115} INFO - [2022-05-21 17:52:32,871] {dag.py:2915} INFO - Setting next_dagrun for example_subdag_operator.section-1 to None, run_after=None
[2022-05-21 17:52:32,871] {logging_mixin.py:115} INFO - [2022-05-21 17:52:32,871] {dag.py:2915} INFO - Setting next_dagrun for example_subdag_operator.section-2 to None, run_after=None
[2022-05-21 17:52:32,876] {logging_mixin.py:115} INFO - [2022-05-21 17:52:32,876] {dag.py:2371} INFO - Sync 2 DAGs
[2022-05-21 17:52:32,880] {logging_mixin.py:115} INFO - [2022-05-21 17:52:32,880] {dag.py:2915} INFO - Setting next_dagrun for example_subdag_operator.section-1 to None, run_after=None
[2022-05-21 17:52:32,880] {logging_mixin.py:115} INFO - [2022-05-21 17:52:32,880] {dag.py:2915} INFO - Setting next_dagrun for example_subdag_operator.section-2 to None, run_after=None
[2022-05-21 17:52:32,890] {processor.py:161} INFO - Processing /home/ubuntu/.local/lib/python3.10/site-packages/airflow/example_dags/example_subdag_operator.py took 0.083 seconds
[2022-05-21 17:53:03,441] {processor.py:153} INFO - Started process (PID=5497) to work on /home/ubuntu/.local/lib/python3.10/site-packages/airflow/example_dags/example_subdag_operator.py
[2022-05-21 17:53:03,441] {processor.py:641} INFO - Processing file /home/ubuntu/.local/lib/python3.10/site-packages/airflow/example_dags/example_subdag_operator.py for tasks to queue
[2022-05-21 17:53:03,441] {logging_mixin.py:115} INFO - [2022-05-21 17:53:03,441] {dagbag.py:507} INFO - Filling up the DagBag from /home/ubuntu/.local/lib/python3.10/site-packages/airflow/example_dags/example_subdag_operator.py
[2022-05-21 17:53:03,463] {processor.py:651} INFO - DAG(s) dict_keys(['example_subdag_operator.section-1', 'example_subdag_operator.section-2', 'example_subdag_operator']) retrieved from /home/ubuntu/.local/lib/python3.10/site-packages/airflow/example_dags/example_subdag_operator.py
[2022-05-21 17:53:03,483] {logging_mixin.py:115} INFO - [2022-05-21 17:53:03,483] {dag.py:2371} INFO - Sync 3 DAGs
[2022-05-21 17:53:03,500] {logging_mixin.py:115} INFO - [2022-05-21 17:53:03,500] {dag.py:2915} INFO - Setting next_dagrun for example_subdag_operator to 2022-05-19T00:00:00+00:00, run_after=2022-05-19T00:00:00+00:00
[2022-05-21 17:53:03,500] {logging_mixin.py:115} INFO - [2022-05-21 17:53:03,500] {dag.py:2915} INFO - Setting next_dagrun for example_subdag_operator.section-1 to None, run_after=None
[2022-05-21 17:53:03,501] {logging_mixin.py:115} INFO - [2022-05-21 17:53:03,500] {dag.py:2915} INFO - Setting next_dagrun for example_subdag_operator.section-2 to None, run_after=None
[2022-05-21 17:53:03,505] {logging_mixin.py:115} INFO - [2022-05-21 17:53:03,505] {dag.py:2371} INFO - Sync 2 DAGs
[2022-05-21 17:53:03,509] {logging_mixin.py:115} INFO - [2022-05-21 17:53:03,509] {dag.py:2915} INFO - Setting next_dagrun for example_subdag_operator.section-1 to None, run_after=None
[2022-05-21 17:53:03,509] {logging_mixin.py:115} INFO - [2022-05-21 17:53:03,509] {dag.py:2915} INFO - Setting next_dagrun for example_subdag_operator.section-2 to None, run_after=None
[2022-05-21 17:53:03,519] {processor.py:161} INFO - Processing /home/ubuntu/.local/lib/python3.10/site-packages/airflow/example_dags/example_subdag_operator.py took 0.082 seconds
[2022-05-21 17:53:36,565] {processor.py:153} INFO - Started process (PID=5544) to work on /home/ubuntu/.local/lib/python3.10/site-packages/airflow/example_dags/example_subdag_operator.py
[2022-05-21 17:53:36,566] {processor.py:641} INFO - Processing file /home/ubuntu/.local/lib/python3.10/site-packages/airflow/example_dags/example_subdag_operator.py for tasks to queue
[2022-05-21 17:53:36,567] {logging_mixin.py:115} INFO - [2022-05-21 17:53:36,566] {dagbag.py:507} INFO - Filling up the DagBag from /home/ubuntu/.local/lib/python3.10/site-packages/airflow/example_dags/example_subdag_operator.py
[2022-05-21 17:53:36,588] {processor.py:651} INFO - DAG(s) dict_keys(['example_subdag_operator.section-1', 'example_subdag_operator.section-2', 'example_subdag_operator']) retrieved from /home/ubuntu/.local/lib/python3.10/site-packages/airflow/example_dags/example_subdag_operator.py
[2022-05-21 17:53:36,608] {logging_mixin.py:115} INFO - [2022-05-21 17:53:36,608] {dag.py:2371} INFO - Sync 3 DAGs
[2022-05-21 17:53:36,624] {logging_mixin.py:115} INFO - [2022-05-21 17:53:36,624] {dag.py:2915} INFO - Setting next_dagrun for example_subdag_operator to 2022-05-19T00:00:00+00:00, run_after=2022-05-19T00:00:00+00:00
[2022-05-21 17:53:36,625] {logging_mixin.py:115} INFO - [2022-05-21 17:53:36,624] {dag.py:2915} INFO - Setting next_dagrun for example_subdag_operator.section-1 to None, run_after=None
[2022-05-21 17:53:36,625] {logging_mixin.py:115} INFO - [2022-05-21 17:53:36,625] {dag.py:2915} INFO - Setting next_dagrun for example_subdag_operator.section-2 to None, run_after=None
[2022-05-21 17:53:36,629] {logging_mixin.py:115} INFO - [2022-05-21 17:53:36,629] {dag.py:2371} INFO - Sync 2 DAGs
[2022-05-21 17:53:36,633] {logging_mixin.py:115} INFO - [2022-05-21 17:53:36,633] {dag.py:2915} INFO - Setting next_dagrun for example_subdag_operator.section-1 to None, run_after=None
[2022-05-21 17:53:36,633] {logging_mixin.py:115} INFO - [2022-05-21 17:53:36,633] {dag.py:2915} INFO - Setting next_dagrun for example_subdag_operator.section-2 to None, run_after=None
[2022-05-21 17:53:36,643] {processor.py:161} INFO - Processing /home/ubuntu/.local/lib/python3.10/site-packages/airflow/example_dags/example_subdag_operator.py took 0.081 seconds
[2022-05-21 17:54:08,658] {processor.py:153} INFO - Started process (PID=5579) to work on /home/ubuntu/.local/lib/python3.10/site-packages/airflow/example_dags/example_subdag_operator.py
[2022-05-21 17:54:08,659] {processor.py:641} INFO - Processing file /home/ubuntu/.local/lib/python3.10/site-packages/airflow/example_dags/example_subdag_operator.py for tasks to queue
[2022-05-21 17:54:08,659] {logging_mixin.py:115} INFO - [2022-05-21 17:54:08,659] {dagbag.py:507} INFO - Filling up the DagBag from /home/ubuntu/.local/lib/python3.10/site-packages/airflow/example_dags/example_subdag_operator.py
[2022-05-21 17:54:08,680] {processor.py:651} INFO - DAG(s) dict_keys(['example_subdag_operator.section-1', 'example_subdag_operator.section-2', 'example_subdag_operator']) retrieved from /home/ubuntu/.local/lib/python3.10/site-packages/airflow/example_dags/example_subdag_operator.py
[2022-05-21 17:54:08,700] {logging_mixin.py:115} INFO - [2022-05-21 17:54:08,700] {dag.py:2371} INFO - Sync 3 DAGs
[2022-05-21 17:54:08,716] {logging_mixin.py:115} INFO - [2022-05-21 17:54:08,716] {dag.py:2915} INFO - Setting next_dagrun for example_subdag_operator to 2022-05-19T00:00:00+00:00, run_after=2022-05-19T00:00:00+00:00
[2022-05-21 17:54:08,716] {logging_mixin.py:115} INFO - [2022-05-21 17:54:08,716] {dag.py:2915} INFO - Setting next_dagrun for example_subdag_operator.section-1 to None, run_after=None
[2022-05-21 17:54:08,716] {logging_mixin.py:115} INFO - [2022-05-21 17:54:08,716] {dag.py:2915} INFO - Setting next_dagrun for example_subdag_operator.section-2 to None, run_after=None
[2022-05-21 17:54:08,721] {logging_mixin.py:115} INFO - [2022-05-21 17:54:08,721] {dag.py:2371} INFO - Sync 2 DAGs
[2022-05-21 17:54:08,724] {logging_mixin.py:115} INFO - [2022-05-21 17:54:08,724] {dag.py:2915} INFO - Setting next_dagrun for example_subdag_operator.section-1 to None, run_after=None
[2022-05-21 17:54:08,724] {logging_mixin.py:115} INFO - [2022-05-21 17:54:08,724] {dag.py:2915} INFO - Setting next_dagrun for example_subdag_operator.section-2 to None, run_after=None
[2022-05-21 17:54:08,735] {processor.py:161} INFO - Processing /home/ubuntu/.local/lib/python3.10/site-packages/airflow/example_dags/example_subdag_operator.py took 0.080 seconds
[2022-05-21 17:54:40,636] {processor.py:153} INFO - Started process (PID=5612) to work on /home/ubuntu/.local/lib/python3.10/site-packages/airflow/example_dags/example_subdag_operator.py
[2022-05-21 17:54:40,637] {processor.py:641} INFO - Processing file /home/ubuntu/.local/lib/python3.10/site-packages/airflow/example_dags/example_subdag_operator.py for tasks to queue
[2022-05-21 17:54:40,638] {logging_mixin.py:115} INFO - [2022-05-21 17:54:40,638] {dagbag.py:507} INFO - Filling up the DagBag from /home/ubuntu/.local/lib/python3.10/site-packages/airflow/example_dags/example_subdag_operator.py
[2022-05-21 17:54:40,659] {processor.py:651} INFO - DAG(s) dict_keys(['example_subdag_operator.section-1', 'example_subdag_operator.section-2', 'example_subdag_operator']) retrieved from /home/ubuntu/.local/lib/python3.10/site-packages/airflow/example_dags/example_subdag_operator.py
[2022-05-21 17:54:40,680] {logging_mixin.py:115} INFO - [2022-05-21 17:54:40,679] {dag.py:2371} INFO - Sync 3 DAGs
[2022-05-21 17:54:40,696] {logging_mixin.py:115} INFO - [2022-05-21 17:54:40,696] {dag.py:2915} INFO - Setting next_dagrun for example_subdag_operator to 2022-05-19T00:00:00+00:00, run_after=2022-05-19T00:00:00+00:00
[2022-05-21 17:54:40,696] {logging_mixin.py:115} INFO - [2022-05-21 17:54:40,696] {dag.py:2915} INFO - Setting next_dagrun for example_subdag_operator.section-1 to None, run_after=None
[2022-05-21 17:54:40,696] {logging_mixin.py:115} INFO - [2022-05-21 17:54:40,696] {dag.py:2915} INFO - Setting next_dagrun for example_subdag_operator.section-2 to None, run_after=None
[2022-05-21 17:54:40,701] {logging_mixin.py:115} INFO - [2022-05-21 17:54:40,701] {dag.py:2371} INFO - Sync 2 DAGs
[2022-05-21 17:54:40,705] {logging_mixin.py:115} INFO - [2022-05-21 17:54:40,705] {dag.py:2915} INFO - Setting next_dagrun for example_subdag_operator.section-1 to None, run_after=None
[2022-05-21 17:54:40,705] {logging_mixin.py:115} INFO - [2022-05-21 17:54:40,705] {dag.py:2915} INFO - Setting next_dagrun for example_subdag_operator.section-2 to None, run_after=None
[2022-05-21 17:54:40,714] {processor.py:161} INFO - Processing /home/ubuntu/.local/lib/python3.10/site-packages/airflow/example_dags/example_subdag_operator.py took 0.081 seconds
[2022-05-21 17:55:12,020] {processor.py:153} INFO - Started process (PID=5644) to work on /home/ubuntu/.local/lib/python3.10/site-packages/airflow/example_dags/example_subdag_operator.py
[2022-05-21 17:55:12,020] {processor.py:641} INFO - Processing file /home/ubuntu/.local/lib/python3.10/site-packages/airflow/example_dags/example_subdag_operator.py for tasks to queue
[2022-05-21 17:55:12,021] {logging_mixin.py:115} INFO - [2022-05-21 17:55:12,020] {dagbag.py:507} INFO - Filling up the DagBag from /home/ubuntu/.local/lib/python3.10/site-packages/airflow/example_dags/example_subdag_operator.py
[2022-05-21 17:55:12,042] {processor.py:651} INFO - DAG(s) dict_keys(['example_subdag_operator.section-1', 'example_subdag_operator.section-2', 'example_subdag_operator']) retrieved from /home/ubuntu/.local/lib/python3.10/site-packages/airflow/example_dags/example_subdag_operator.py
[2022-05-21 17:55:12,064] {logging_mixin.py:115} INFO - [2022-05-21 17:55:12,064] {dag.py:2371} INFO - Sync 3 DAGs
[2022-05-21 17:55:12,081] {logging_mixin.py:115} INFO - [2022-05-21 17:55:12,081] {dag.py:2915} INFO - Setting next_dagrun for example_subdag_operator to 2022-05-19T00:00:00+00:00, run_after=2022-05-19T00:00:00+00:00
[2022-05-21 17:55:12,081] {logging_mixin.py:115} INFO - [2022-05-21 17:55:12,081] {dag.py:2915} INFO - Setting next_dagrun for example_subdag_operator.section-1 to None, run_after=None
[2022-05-21 17:55:12,081] {logging_mixin.py:115} INFO - [2022-05-21 17:55:12,081] {dag.py:2915} INFO - Setting next_dagrun for example_subdag_operator.section-2 to None, run_after=None
[2022-05-21 17:55:12,086] {logging_mixin.py:115} INFO - [2022-05-21 17:55:12,086] {dag.py:2371} INFO - Sync 2 DAGs
[2022-05-21 17:55:12,090] {logging_mixin.py:115} INFO - [2022-05-21 17:55:12,090] {dag.py:2915} INFO - Setting next_dagrun for example_subdag_operator.section-1 to None, run_after=None
[2022-05-21 17:55:12,090] {logging_mixin.py:115} INFO - [2022-05-21 17:55:12,090] {dag.py:2915} INFO - Setting next_dagrun for example_subdag_operator.section-2 to None, run_after=None
[2022-05-21 17:55:12,100] {processor.py:161} INFO - Processing /home/ubuntu/.local/lib/python3.10/site-packages/airflow/example_dags/example_subdag_operator.py took 0.084 seconds
[2022-05-21 17:55:42,873] {processor.py:153} INFO - Started process (PID=5680) to work on /home/ubuntu/.local/lib/python3.10/site-packages/airflow/example_dags/example_subdag_operator.py
[2022-05-21 17:55:42,874] {processor.py:641} INFO - Processing file /home/ubuntu/.local/lib/python3.10/site-packages/airflow/example_dags/example_subdag_operator.py for tasks to queue
[2022-05-21 17:55:42,874] {logging_mixin.py:115} INFO - [2022-05-21 17:55:42,874] {dagbag.py:507} INFO - Filling up the DagBag from /home/ubuntu/.local/lib/python3.10/site-packages/airflow/example_dags/example_subdag_operator.py
[2022-05-21 17:55:42,896] {processor.py:651} INFO - DAG(s) dict_keys(['example_subdag_operator.section-1', 'example_subdag_operator.section-2', 'example_subdag_operator']) retrieved from /home/ubuntu/.local/lib/python3.10/site-packages/airflow/example_dags/example_subdag_operator.py
[2022-05-21 17:55:42,918] {logging_mixin.py:115} INFO - [2022-05-21 17:55:42,917] {dag.py:2371} INFO - Sync 3 DAGs
[2022-05-21 17:55:42,934] {logging_mixin.py:115} INFO - [2022-05-21 17:55:42,934] {dag.py:2915} INFO - Setting next_dagrun for example_subdag_operator to 2022-05-19T00:00:00+00:00, run_after=2022-05-19T00:00:00+00:00
[2022-05-21 17:55:42,934] {logging_mixin.py:115} INFO - [2022-05-21 17:55:42,934] {dag.py:2915} INFO - Setting next_dagrun for example_subdag_operator.section-1 to None, run_after=None
[2022-05-21 17:55:42,935] {logging_mixin.py:115} INFO - [2022-05-21 17:55:42,935] {dag.py:2915} INFO - Setting next_dagrun for example_subdag_operator.section-2 to None, run_after=None
[2022-05-21 17:55:42,940] {logging_mixin.py:115} INFO - [2022-05-21 17:55:42,940] {dag.py:2371} INFO - Sync 2 DAGs
[2022-05-21 17:55:42,943] {logging_mixin.py:115} INFO - [2022-05-21 17:55:42,943] {dag.py:2915} INFO - Setting next_dagrun for example_subdag_operator.section-1 to None, run_after=None
[2022-05-21 17:55:42,943] {logging_mixin.py:115} INFO - [2022-05-21 17:55:42,943] {dag.py:2915} INFO - Setting next_dagrun for example_subdag_operator.section-2 to None, run_after=None
[2022-05-21 17:55:42,953] {processor.py:161} INFO - Processing /home/ubuntu/.local/lib/python3.10/site-packages/airflow/example_dags/example_subdag_operator.py took 0.083 seconds
[2022-05-21 17:56:16,629] {processor.py:153} INFO - Started process (PID=5717) to work on /home/ubuntu/.local/lib/python3.10/site-packages/airflow/example_dags/example_subdag_operator.py
[2022-05-21 17:56:16,630] {processor.py:641} INFO - Processing file /home/ubuntu/.local/lib/python3.10/site-packages/airflow/example_dags/example_subdag_operator.py for tasks to queue
[2022-05-21 17:56:16,630] {logging_mixin.py:115} INFO - [2022-05-21 17:56:16,630] {dagbag.py:507} INFO - Filling up the DagBag from /home/ubuntu/.local/lib/python3.10/site-packages/airflow/example_dags/example_subdag_operator.py
[2022-05-21 17:56:16,651] {processor.py:651} INFO - DAG(s) dict_keys(['example_subdag_operator.section-1', 'example_subdag_operator.section-2', 'example_subdag_operator']) retrieved from /home/ubuntu/.local/lib/python3.10/site-packages/airflow/example_dags/example_subdag_operator.py
[2022-05-21 17:56:16,672] {logging_mixin.py:115} INFO - [2022-05-21 17:56:16,672] {dag.py:2371} INFO - Sync 3 DAGs
[2022-05-21 17:56:16,689] {logging_mixin.py:115} INFO - [2022-05-21 17:56:16,688] {dag.py:2915} INFO - Setting next_dagrun for example_subdag_operator to 2022-05-19T00:00:00+00:00, run_after=2022-05-19T00:00:00+00:00
[2022-05-21 17:56:16,689] {logging_mixin.py:115} INFO - [2022-05-21 17:56:16,689] {dag.py:2915} INFO - Setting next_dagrun for example_subdag_operator.section-1 to None, run_after=None
[2022-05-21 17:56:16,689] {logging_mixin.py:115} INFO - [2022-05-21 17:56:16,689] {dag.py:2915} INFO - Setting next_dagrun for example_subdag_operator.section-2 to None, run_after=None
[2022-05-21 17:56:16,694] {logging_mixin.py:115} INFO - [2022-05-21 17:56:16,694] {dag.py:2371} INFO - Sync 2 DAGs
[2022-05-21 17:56:16,697] {logging_mixin.py:115} INFO - [2022-05-21 17:56:16,697] {dag.py:2915} INFO - Setting next_dagrun for example_subdag_operator.section-1 to None, run_after=None
[2022-05-21 17:56:16,698] {logging_mixin.py:115} INFO - [2022-05-21 17:56:16,697] {dag.py:2915} INFO - Setting next_dagrun for example_subdag_operator.section-2 to None, run_after=None
[2022-05-21 17:56:16,707] {processor.py:161} INFO - Processing /home/ubuntu/.local/lib/python3.10/site-packages/airflow/example_dags/example_subdag_operator.py took 0.081 seconds
[2022-05-21 17:56:49,389] {processor.py:153} INFO - Started process (PID=5752) to work on /home/ubuntu/.local/lib/python3.10/site-packages/airflow/example_dags/example_subdag_operator.py
[2022-05-21 17:56:49,390] {processor.py:641} INFO - Processing file /home/ubuntu/.local/lib/python3.10/site-packages/airflow/example_dags/example_subdag_operator.py for tasks to queue
[2022-05-21 17:56:49,390] {logging_mixin.py:115} INFO - [2022-05-21 17:56:49,390] {dagbag.py:507} INFO - Filling up the DagBag from /home/ubuntu/.local/lib/python3.10/site-packages/airflow/example_dags/example_subdag_operator.py
[2022-05-21 17:56:49,412] {processor.py:651} INFO - DAG(s) dict_keys(['example_subdag_operator.section-1', 'example_subdag_operator.section-2', 'example_subdag_operator']) retrieved from /home/ubuntu/.local/lib/python3.10/site-packages/airflow/example_dags/example_subdag_operator.py
[2022-05-21 17:56:49,432] {logging_mixin.py:115} INFO - [2022-05-21 17:56:49,432] {dag.py:2371} INFO - Sync 3 DAGs
[2022-05-21 17:56:49,449] {logging_mixin.py:115} INFO - [2022-05-21 17:56:49,449] {dag.py:2915} INFO - Setting next_dagrun for example_subdag_operator to 2022-05-19T00:00:00+00:00, run_after=2022-05-19T00:00:00+00:00
[2022-05-21 17:56:49,449] {logging_mixin.py:115} INFO - [2022-05-21 17:56:49,449] {dag.py:2915} INFO - Setting next_dagrun for example_subdag_operator.section-1 to None, run_after=None
[2022-05-21 17:56:49,449] {logging_mixin.py:115} INFO - [2022-05-21 17:56:49,449] {dag.py:2915} INFO - Setting next_dagrun for example_subdag_operator.section-2 to None, run_after=None
[2022-05-21 17:56:49,454] {logging_mixin.py:115} INFO - [2022-05-21 17:56:49,454] {dag.py:2371} INFO - Sync 2 DAGs
[2022-05-21 17:56:49,458] {logging_mixin.py:115} INFO - [2022-05-21 17:56:49,458] {dag.py:2915} INFO - Setting next_dagrun for example_subdag_operator.section-1 to None, run_after=None
[2022-05-21 17:56:49,458] {logging_mixin.py:115} INFO - [2022-05-21 17:56:49,458] {dag.py:2915} INFO - Setting next_dagrun for example_subdag_operator.section-2 to None, run_after=None
[2022-05-21 17:56:49,468] {processor.py:161} INFO - Processing /home/ubuntu/.local/lib/python3.10/site-packages/airflow/example_dags/example_subdag_operator.py took 0.082 seconds
[2022-05-21 17:57:21,706] {processor.py:153} INFO - Started process (PID=5787) to work on /home/ubuntu/.local/lib/python3.10/site-packages/airflow/example_dags/example_subdag_operator.py
[2022-05-21 17:57:21,706] {processor.py:641} INFO - Processing file /home/ubuntu/.local/lib/python3.10/site-packages/airflow/example_dags/example_subdag_operator.py for tasks to queue
[2022-05-21 17:57:21,707] {logging_mixin.py:115} INFO - [2022-05-21 17:57:21,707] {dagbag.py:507} INFO - Filling up the DagBag from /home/ubuntu/.local/lib/python3.10/site-packages/airflow/example_dags/example_subdag_operator.py
[2022-05-21 17:57:21,727] {processor.py:651} INFO - DAG(s) dict_keys(['example_subdag_operator.section-1', 'example_subdag_operator.section-2', 'example_subdag_operator']) retrieved from /home/ubuntu/.local/lib/python3.10/site-packages/airflow/example_dags/example_subdag_operator.py
[2022-05-21 17:57:21,747] {logging_mixin.py:115} INFO - [2022-05-21 17:57:21,747] {dag.py:2371} INFO - Sync 3 DAGs
[2022-05-21 17:57:21,763] {logging_mixin.py:115} INFO - [2022-05-21 17:57:21,763] {dag.py:2915} INFO - Setting next_dagrun for example_subdag_operator to 2022-05-19T00:00:00+00:00, run_after=2022-05-19T00:00:00+00:00
[2022-05-21 17:57:21,763] {logging_mixin.py:115} INFO - [2022-05-21 17:57:21,763] {dag.py:2915} INFO - Setting next_dagrun for example_subdag_operator.section-1 to None, run_after=None
[2022-05-21 17:57:21,764] {logging_mixin.py:115} INFO - [2022-05-21 17:57:21,764] {dag.py:2915} INFO - Setting next_dagrun for example_subdag_operator.section-2 to None, run_after=None
[2022-05-21 17:57:21,768] {logging_mixin.py:115} INFO - [2022-05-21 17:57:21,768] {dag.py:2371} INFO - Sync 2 DAGs
[2022-05-21 17:57:21,772] {logging_mixin.py:115} INFO - [2022-05-21 17:57:21,772] {dag.py:2915} INFO - Setting next_dagrun for example_subdag_operator.section-1 to None, run_after=None
[2022-05-21 17:57:21,772] {logging_mixin.py:115} INFO - [2022-05-21 17:57:21,772] {dag.py:2915} INFO - Setting next_dagrun for example_subdag_operator.section-2 to None, run_after=None
[2022-05-21 17:57:21,781] {processor.py:161} INFO - Processing /home/ubuntu/.local/lib/python3.10/site-packages/airflow/example_dags/example_subdag_operator.py took 0.078 seconds
[2022-05-21 17:57:54,818] {processor.py:153} INFO - Started process (PID=5827) to work on /home/ubuntu/.local/lib/python3.10/site-packages/airflow/example_dags/example_subdag_operator.py
[2022-05-21 17:57:54,819] {processor.py:641} INFO - Processing file /home/ubuntu/.local/lib/python3.10/site-packages/airflow/example_dags/example_subdag_operator.py for tasks to queue
[2022-05-21 17:57:54,820] {logging_mixin.py:115} INFO - [2022-05-21 17:57:54,820] {dagbag.py:507} INFO - Filling up the DagBag from /home/ubuntu/.local/lib/python3.10/site-packages/airflow/example_dags/example_subdag_operator.py
[2022-05-21 17:57:54,840] {processor.py:651} INFO - DAG(s) dict_keys(['example_subdag_operator.section-1', 'example_subdag_operator.section-2', 'example_subdag_operator']) retrieved from /home/ubuntu/.local/lib/python3.10/site-packages/airflow/example_dags/example_subdag_operator.py
[2022-05-21 17:57:54,861] {logging_mixin.py:115} INFO - [2022-05-21 17:57:54,861] {dag.py:2371} INFO - Sync 3 DAGs
[2022-05-21 17:57:54,877] {logging_mixin.py:115} INFO - [2022-05-21 17:57:54,877] {dag.py:2915} INFO - Setting next_dagrun for example_subdag_operator to 2022-05-19T00:00:00+00:00, run_after=2022-05-19T00:00:00+00:00
[2022-05-21 17:57:54,877] {logging_mixin.py:115} INFO - [2022-05-21 17:57:54,877] {dag.py:2915} INFO - Setting next_dagrun for example_subdag_operator.section-1 to None, run_after=None
[2022-05-21 17:57:54,878] {logging_mixin.py:115} INFO - [2022-05-21 17:57:54,878] {dag.py:2915} INFO - Setting next_dagrun for example_subdag_operator.section-2 to None, run_after=None
[2022-05-21 17:57:54,882] {logging_mixin.py:115} INFO - [2022-05-21 17:57:54,882] {dag.py:2371} INFO - Sync 2 DAGs
[2022-05-21 17:57:54,886] {logging_mixin.py:115} INFO - [2022-05-21 17:57:54,886] {dag.py:2915} INFO - Setting next_dagrun for example_subdag_operator.section-1 to None, run_after=None
[2022-05-21 17:57:54,886] {logging_mixin.py:115} INFO - [2022-05-21 17:57:54,886] {dag.py:2915} INFO - Setting next_dagrun for example_subdag_operator.section-2 to None, run_after=None
[2022-05-21 17:57:54,896] {processor.py:161} INFO - Processing /home/ubuntu/.local/lib/python3.10/site-packages/airflow/example_dags/example_subdag_operator.py took 0.080 seconds
[2022-05-21 17:58:25,670] {processor.py:153} INFO - Started process (PID=5863) to work on /home/ubuntu/.local/lib/python3.10/site-packages/airflow/example_dags/example_subdag_operator.py
[2022-05-21 17:58:25,671] {processor.py:641} INFO - Processing file /home/ubuntu/.local/lib/python3.10/site-packages/airflow/example_dags/example_subdag_operator.py for tasks to queue
[2022-05-21 17:58:25,671] {logging_mixin.py:115} INFO - [2022-05-21 17:58:25,671] {dagbag.py:507} INFO - Filling up the DagBag from /home/ubuntu/.local/lib/python3.10/site-packages/airflow/example_dags/example_subdag_operator.py
[2022-05-21 17:58:25,692] {processor.py:651} INFO - DAG(s) dict_keys(['example_subdag_operator.section-1', 'example_subdag_operator.section-2', 'example_subdag_operator']) retrieved from /home/ubuntu/.local/lib/python3.10/site-packages/airflow/example_dags/example_subdag_operator.py
[2022-05-21 17:58:25,713] {logging_mixin.py:115} INFO - [2022-05-21 17:58:25,713] {dag.py:2371} INFO - Sync 3 DAGs
[2022-05-21 17:58:25,729] {logging_mixin.py:115} INFO - [2022-05-21 17:58:25,729] {dag.py:2915} INFO - Setting next_dagrun for example_subdag_operator to 2022-05-19T00:00:00+00:00, run_after=2022-05-19T00:00:00+00:00
[2022-05-21 17:58:25,729] {logging_mixin.py:115} INFO - [2022-05-21 17:58:25,729] {dag.py:2915} INFO - Setting next_dagrun for example_subdag_operator.section-1 to None, run_after=None
[2022-05-21 17:58:25,729] {logging_mixin.py:115} INFO - [2022-05-21 17:58:25,729] {dag.py:2915} INFO - Setting next_dagrun for example_subdag_operator.section-2 to None, run_after=None
[2022-05-21 17:58:25,734] {logging_mixin.py:115} INFO - [2022-05-21 17:58:25,734] {dag.py:2371} INFO - Sync 2 DAGs
[2022-05-21 17:58:25,737] {logging_mixin.py:115} INFO - [2022-05-21 17:58:25,737] {dag.py:2915} INFO - Setting next_dagrun for example_subdag_operator.section-1 to None, run_after=None
[2022-05-21 17:58:25,738] {logging_mixin.py:115} INFO - [2022-05-21 17:58:25,737] {dag.py:2915} INFO - Setting next_dagrun for example_subdag_operator.section-2 to None, run_after=None
[2022-05-21 17:58:25,748] {processor.py:161} INFO - Processing /home/ubuntu/.local/lib/python3.10/site-packages/airflow/example_dags/example_subdag_operator.py took 0.080 seconds
[2022-05-21 17:58:57,566] {processor.py:153} INFO - Started process (PID=5899) to work on /home/ubuntu/.local/lib/python3.10/site-packages/airflow/example_dags/example_subdag_operator.py
[2022-05-21 17:58:57,567] {processor.py:641} INFO - Processing file /home/ubuntu/.local/lib/python3.10/site-packages/airflow/example_dags/example_subdag_operator.py for tasks to queue
[2022-05-21 17:58:57,567] {logging_mixin.py:115} INFO - [2022-05-21 17:58:57,567] {dagbag.py:507} INFO - Filling up the DagBag from /home/ubuntu/.local/lib/python3.10/site-packages/airflow/example_dags/example_subdag_operator.py
[2022-05-21 17:58:57,588] {processor.py:651} INFO - DAG(s) dict_keys(['example_subdag_operator.section-1', 'example_subdag_operator.section-2', 'example_subdag_operator']) retrieved from /home/ubuntu/.local/lib/python3.10/site-packages/airflow/example_dags/example_subdag_operator.py
[2022-05-21 17:58:57,608] {logging_mixin.py:115} INFO - [2022-05-21 17:58:57,608] {dag.py:2371} INFO - Sync 3 DAGs
[2022-05-21 17:58:57,624] {logging_mixin.py:115} INFO - [2022-05-21 17:58:57,624] {dag.py:2915} INFO - Setting next_dagrun for example_subdag_operator to 2022-05-19T00:00:00+00:00, run_after=2022-05-19T00:00:00+00:00
[2022-05-21 17:58:57,625] {logging_mixin.py:115} INFO - [2022-05-21 17:58:57,625] {dag.py:2915} INFO - Setting next_dagrun for example_subdag_operator.section-1 to None, run_after=None
[2022-05-21 17:58:57,625] {logging_mixin.py:115} INFO - [2022-05-21 17:58:57,625] {dag.py:2915} INFO - Setting next_dagrun for example_subdag_operator.section-2 to None, run_after=None
[2022-05-21 17:58:57,630] {logging_mixin.py:115} INFO - [2022-05-21 17:58:57,630] {dag.py:2371} INFO - Sync 2 DAGs
[2022-05-21 17:58:57,633] {logging_mixin.py:115} INFO - [2022-05-21 17:58:57,633] {dag.py:2915} INFO - Setting next_dagrun for example_subdag_operator.section-1 to None, run_after=None
[2022-05-21 17:58:57,633] {logging_mixin.py:115} INFO - [2022-05-21 17:58:57,633] {dag.py:2915} INFO - Setting next_dagrun for example_subdag_operator.section-2 to None, run_after=None
[2022-05-21 17:58:57,644] {processor.py:161} INFO - Processing /home/ubuntu/.local/lib/python3.10/site-packages/airflow/example_dags/example_subdag_operator.py took 0.081 seconds
[2022-05-21 17:59:29,024] {processor.py:153} INFO - Started process (PID=5933) to work on /home/ubuntu/.local/lib/python3.10/site-packages/airflow/example_dags/example_subdag_operator.py
[2022-05-21 17:59:29,025] {processor.py:641} INFO - Processing file /home/ubuntu/.local/lib/python3.10/site-packages/airflow/example_dags/example_subdag_operator.py for tasks to queue
[2022-05-21 17:59:29,025] {logging_mixin.py:115} INFO - [2022-05-21 17:59:29,025] {dagbag.py:507} INFO - Filling up the DagBag from /home/ubuntu/.local/lib/python3.10/site-packages/airflow/example_dags/example_subdag_operator.py
[2022-05-21 17:59:29,046] {processor.py:651} INFO - DAG(s) dict_keys(['example_subdag_operator.section-1', 'example_subdag_operator.section-2', 'example_subdag_operator']) retrieved from /home/ubuntu/.local/lib/python3.10/site-packages/airflow/example_dags/example_subdag_operator.py
[2022-05-21 17:59:29,067] {logging_mixin.py:115} INFO - [2022-05-21 17:59:29,067] {dag.py:2371} INFO - Sync 3 DAGs
[2022-05-21 17:59:29,083] {logging_mixin.py:115} INFO - [2022-05-21 17:59:29,083] {dag.py:2915} INFO - Setting next_dagrun for example_subdag_operator to 2022-05-19T00:00:00+00:00, run_after=2022-05-19T00:00:00+00:00
[2022-05-21 17:59:29,083] {logging_mixin.py:115} INFO - [2022-05-21 17:59:29,083] {dag.py:2915} INFO - Setting next_dagrun for example_subdag_operator.section-1 to None, run_after=None
[2022-05-21 17:59:29,084] {logging_mixin.py:115} INFO - [2022-05-21 17:59:29,083] {dag.py:2915} INFO - Setting next_dagrun for example_subdag_operator.section-2 to None, run_after=None
[2022-05-21 17:59:29,088] {logging_mixin.py:115} INFO - [2022-05-21 17:59:29,088] {dag.py:2371} INFO - Sync 2 DAGs
[2022-05-21 17:59:29,092] {logging_mixin.py:115} INFO - [2022-05-21 17:59:29,091] {dag.py:2915} INFO - Setting next_dagrun for example_subdag_operator.section-1 to None, run_after=None
[2022-05-21 17:59:29,092] {logging_mixin.py:115} INFO - [2022-05-21 17:59:29,092] {dag.py:2915} INFO - Setting next_dagrun for example_subdag_operator.section-2 to None, run_after=None
[2022-05-21 17:59:29,102] {processor.py:161} INFO - Processing /home/ubuntu/.local/lib/python3.10/site-packages/airflow/example_dags/example_subdag_operator.py took 0.081 seconds
[2022-05-21 18:00:02,074] {processor.py:153} INFO - Started process (PID=5975) to work on /home/ubuntu/.local/lib/python3.10/site-packages/airflow/example_dags/example_subdag_operator.py
[2022-05-21 18:00:02,075] {processor.py:641} INFO - Processing file /home/ubuntu/.local/lib/python3.10/site-packages/airflow/example_dags/example_subdag_operator.py for tasks to queue
[2022-05-21 18:00:02,076] {logging_mixin.py:115} INFO - [2022-05-21 18:00:02,075] {dagbag.py:507} INFO - Filling up the DagBag from /home/ubuntu/.local/lib/python3.10/site-packages/airflow/example_dags/example_subdag_operator.py
[2022-05-21 18:00:02,098] {processor.py:651} INFO - DAG(s) dict_keys(['example_subdag_operator.section-1', 'example_subdag_operator.section-2', 'example_subdag_operator']) retrieved from /home/ubuntu/.local/lib/python3.10/site-packages/airflow/example_dags/example_subdag_operator.py
[2022-05-21 18:00:02,120] {logging_mixin.py:115} INFO - [2022-05-21 18:00:02,119] {dag.py:2371} INFO - Sync 3 DAGs
[2022-05-21 18:00:02,137] {logging_mixin.py:115} INFO - [2022-05-21 18:00:02,137] {dag.py:2915} INFO - Setting next_dagrun for example_subdag_operator to 2022-05-19T00:00:00+00:00, run_after=2022-05-19T00:00:00+00:00
[2022-05-21 18:00:02,137] {logging_mixin.py:115} INFO - [2022-05-21 18:00:02,137] {dag.py:2915} INFO - Setting next_dagrun for example_subdag_operator.section-1 to None, run_after=None
[2022-05-21 18:00:02,137] {logging_mixin.py:115} INFO - [2022-05-21 18:00:02,137] {dag.py:2915} INFO - Setting next_dagrun for example_subdag_operator.section-2 to None, run_after=None
[2022-05-21 18:00:02,142] {logging_mixin.py:115} INFO - [2022-05-21 18:00:02,142] {dag.py:2371} INFO - Sync 2 DAGs
[2022-05-21 18:00:02,146] {logging_mixin.py:115} INFO - [2022-05-21 18:00:02,146] {dag.py:2915} INFO - Setting next_dagrun for example_subdag_operator.section-1 to None, run_after=None
[2022-05-21 18:00:02,146] {logging_mixin.py:115} INFO - [2022-05-21 18:00:02,146] {dag.py:2915} INFO - Setting next_dagrun for example_subdag_operator.section-2 to None, run_after=None
[2022-05-21 18:00:02,157] {processor.py:161} INFO - Processing /home/ubuntu/.local/lib/python3.10/site-packages/airflow/example_dags/example_subdag_operator.py took 0.086 seconds
[2022-05-21 18:00:35,178] {processor.py:153} INFO - Started process (PID=6012) to work on /home/ubuntu/.local/lib/python3.10/site-packages/airflow/example_dags/example_subdag_operator.py
[2022-05-21 18:00:35,178] {processor.py:641} INFO - Processing file /home/ubuntu/.local/lib/python3.10/site-packages/airflow/example_dags/example_subdag_operator.py for tasks to queue
[2022-05-21 18:00:35,179] {logging_mixin.py:115} INFO - [2022-05-21 18:00:35,178] {dagbag.py:507} INFO - Filling up the DagBag from /home/ubuntu/.local/lib/python3.10/site-packages/airflow/example_dags/example_subdag_operator.py
[2022-05-21 18:00:35,200] {processor.py:651} INFO - DAG(s) dict_keys(['example_subdag_operator.section-1', 'example_subdag_operator.section-2', 'example_subdag_operator']) retrieved from /home/ubuntu/.local/lib/python3.10/site-packages/airflow/example_dags/example_subdag_operator.py
[2022-05-21 18:00:35,221] {logging_mixin.py:115} INFO - [2022-05-21 18:00:35,221] {dag.py:2371} INFO - Sync 3 DAGs
[2022-05-21 18:00:35,238] {logging_mixin.py:115} INFO - [2022-05-21 18:00:35,238] {dag.py:2915} INFO - Setting next_dagrun for example_subdag_operator to 2022-05-19T00:00:00+00:00, run_after=2022-05-19T00:00:00+00:00
[2022-05-21 18:00:35,238] {logging_mixin.py:115} INFO - [2022-05-21 18:00:35,238] {dag.py:2915} INFO - Setting next_dagrun for example_subdag_operator.section-1 to None, run_after=None
[2022-05-21 18:00:35,239] {logging_mixin.py:115} INFO - [2022-05-21 18:00:35,238] {dag.py:2915} INFO - Setting next_dagrun for example_subdag_operator.section-2 to None, run_after=None
[2022-05-21 18:00:35,244] {logging_mixin.py:115} INFO - [2022-05-21 18:00:35,243] {dag.py:2371} INFO - Sync 2 DAGs
[2022-05-21 18:00:35,247] {logging_mixin.py:115} INFO - [2022-05-21 18:00:35,247] {dag.py:2915} INFO - Setting next_dagrun for example_subdag_operator.section-1 to None, run_after=None
[2022-05-21 18:00:35,247] {logging_mixin.py:115} INFO - [2022-05-21 18:00:35,247] {dag.py:2915} INFO - Setting next_dagrun for example_subdag_operator.section-2 to None, run_after=None
[2022-05-21 18:00:35,258] {processor.py:161} INFO - Processing /home/ubuntu/.local/lib/python3.10/site-packages/airflow/example_dags/example_subdag_operator.py took 0.083 seconds
[2022-05-21 18:01:08,837] {processor.py:153} INFO - Started process (PID=6052) to work on /home/ubuntu/.local/lib/python3.10/site-packages/airflow/example_dags/example_subdag_operator.py
[2022-05-21 18:01:08,838] {processor.py:641} INFO - Processing file /home/ubuntu/.local/lib/python3.10/site-packages/airflow/example_dags/example_subdag_operator.py for tasks to queue
[2022-05-21 18:01:08,838] {logging_mixin.py:115} INFO - [2022-05-21 18:01:08,838] {dagbag.py:507} INFO - Filling up the DagBag from /home/ubuntu/.local/lib/python3.10/site-packages/airflow/example_dags/example_subdag_operator.py
[2022-05-21 18:01:08,859] {processor.py:651} INFO - DAG(s) dict_keys(['example_subdag_operator.section-1', 'example_subdag_operator.section-2', 'example_subdag_operator']) retrieved from /home/ubuntu/.local/lib/python3.10/site-packages/airflow/example_dags/example_subdag_operator.py
[2022-05-21 18:01:08,880] {logging_mixin.py:115} INFO - [2022-05-21 18:01:08,880] {dag.py:2371} INFO - Sync 3 DAGs
[2022-05-21 18:01:08,896] {logging_mixin.py:115} INFO - [2022-05-21 18:01:08,896] {dag.py:2915} INFO - Setting next_dagrun for example_subdag_operator to 2022-05-19T00:00:00+00:00, run_after=2022-05-19T00:00:00+00:00
[2022-05-21 18:01:08,896] {logging_mixin.py:115} INFO - [2022-05-21 18:01:08,896] {dag.py:2915} INFO - Setting next_dagrun for example_subdag_operator.section-1 to None, run_after=None
[2022-05-21 18:01:08,897] {logging_mixin.py:115} INFO - [2022-05-21 18:01:08,897] {dag.py:2915} INFO - Setting next_dagrun for example_subdag_operator.section-2 to None, run_after=None
[2022-05-21 18:01:08,901] {logging_mixin.py:115} INFO - [2022-05-21 18:01:08,901] {dag.py:2371} INFO - Sync 2 DAGs
[2022-05-21 18:01:08,905] {logging_mixin.py:115} INFO - [2022-05-21 18:01:08,905] {dag.py:2915} INFO - Setting next_dagrun for example_subdag_operator.section-1 to None, run_after=None
[2022-05-21 18:01:08,905] {logging_mixin.py:115} INFO - [2022-05-21 18:01:08,905] {dag.py:2915} INFO - Setting next_dagrun for example_subdag_operator.section-2 to None, run_after=None
[2022-05-21 18:01:08,915] {processor.py:161} INFO - Processing /home/ubuntu/.local/lib/python3.10/site-packages/airflow/example_dags/example_subdag_operator.py took 0.081 seconds
[2022-05-21 18:01:39,540] {processor.py:153} INFO - Started process (PID=6091) to work on /home/ubuntu/.local/lib/python3.10/site-packages/airflow/example_dags/example_subdag_operator.py
[2022-05-21 18:01:39,541] {processor.py:641} INFO - Processing file /home/ubuntu/.local/lib/python3.10/site-packages/airflow/example_dags/example_subdag_operator.py for tasks to queue
[2022-05-21 18:01:39,541] {logging_mixin.py:115} INFO - [2022-05-21 18:01:39,541] {dagbag.py:507} INFO - Filling up the DagBag from /home/ubuntu/.local/lib/python3.10/site-packages/airflow/example_dags/example_subdag_operator.py
[2022-05-21 18:01:39,562] {processor.py:651} INFO - DAG(s) dict_keys(['example_subdag_operator.section-1', 'example_subdag_operator.section-2', 'example_subdag_operator']) retrieved from /home/ubuntu/.local/lib/python3.10/site-packages/airflow/example_dags/example_subdag_operator.py
[2022-05-21 18:01:39,583] {logging_mixin.py:115} INFO - [2022-05-21 18:01:39,583] {dag.py:2371} INFO - Sync 3 DAGs
[2022-05-21 18:01:39,599] {logging_mixin.py:115} INFO - [2022-05-21 18:01:39,599] {dag.py:2915} INFO - Setting next_dagrun for example_subdag_operator to 2022-05-19T00:00:00+00:00, run_after=2022-05-19T00:00:00+00:00
[2022-05-21 18:01:39,600] {logging_mixin.py:115} INFO - [2022-05-21 18:01:39,600] {dag.py:2915} INFO - Setting next_dagrun for example_subdag_operator.section-1 to None, run_after=None
[2022-05-21 18:01:39,600] {logging_mixin.py:115} INFO - [2022-05-21 18:01:39,600] {dag.py:2915} INFO - Setting next_dagrun for example_subdag_operator.section-2 to None, run_after=None
[2022-05-21 18:01:39,605] {logging_mixin.py:115} INFO - [2022-05-21 18:01:39,605] {dag.py:2371} INFO - Sync 2 DAGs
[2022-05-21 18:01:39,608] {logging_mixin.py:115} INFO - [2022-05-21 18:01:39,608] {dag.py:2915} INFO - Setting next_dagrun for example_subdag_operator.section-1 to None, run_after=None
[2022-05-21 18:01:39,608] {logging_mixin.py:115} INFO - [2022-05-21 18:01:39,608] {dag.py:2915} INFO - Setting next_dagrun for example_subdag_operator.section-2 to None, run_after=None
[2022-05-21 18:01:39,617] {processor.py:161} INFO - Processing /home/ubuntu/.local/lib/python3.10/site-packages/airflow/example_dags/example_subdag_operator.py took 0.080 seconds
[2022-05-21 18:02:09,941] {processor.py:153} INFO - Started process (PID=6121) to work on /home/ubuntu/.local/lib/python3.10/site-packages/airflow/example_dags/example_subdag_operator.py
[2022-05-21 18:02:09,941] {processor.py:641} INFO - Processing file /home/ubuntu/.local/lib/python3.10/site-packages/airflow/example_dags/example_subdag_operator.py for tasks to queue
[2022-05-21 18:02:09,942] {logging_mixin.py:115} INFO - [2022-05-21 18:02:09,942] {dagbag.py:507} INFO - Filling up the DagBag from /home/ubuntu/.local/lib/python3.10/site-packages/airflow/example_dags/example_subdag_operator.py
[2022-05-21 18:02:09,963] {processor.py:651} INFO - DAG(s) dict_keys(['example_subdag_operator.section-1', 'example_subdag_operator.section-2', 'example_subdag_operator']) retrieved from /home/ubuntu/.local/lib/python3.10/site-packages/airflow/example_dags/example_subdag_operator.py
[2022-05-21 18:02:09,984] {logging_mixin.py:115} INFO - [2022-05-21 18:02:09,983] {dag.py:2371} INFO - Sync 3 DAGs
[2022-05-21 18:02:10,000] {logging_mixin.py:115} INFO - [2022-05-21 18:02:10,000] {dag.py:2915} INFO - Setting next_dagrun for example_subdag_operator to 2022-05-19T00:00:00+00:00, run_after=2022-05-19T00:00:00+00:00
[2022-05-21 18:02:10,000] {logging_mixin.py:115} INFO - [2022-05-21 18:02:10,000] {dag.py:2915} INFO - Setting next_dagrun for example_subdag_operator.section-1 to None, run_after=None
[2022-05-21 18:02:10,000] {logging_mixin.py:115} INFO - [2022-05-21 18:02:10,000] {dag.py:2915} INFO - Setting next_dagrun for example_subdag_operator.section-2 to None, run_after=None
[2022-05-21 18:02:10,006] {logging_mixin.py:115} INFO - [2022-05-21 18:02:10,005] {dag.py:2371} INFO - Sync 2 DAGs
[2022-05-21 18:02:10,009] {logging_mixin.py:115} INFO - [2022-05-21 18:02:10,009] {dag.py:2915} INFO - Setting next_dagrun for example_subdag_operator.section-1 to None, run_after=None
[2022-05-21 18:02:10,009] {logging_mixin.py:115} INFO - [2022-05-21 18:02:10,009] {dag.py:2915} INFO - Setting next_dagrun for example_subdag_operator.section-2 to None, run_after=None
[2022-05-21 18:02:10,020] {processor.py:161} INFO - Processing /home/ubuntu/.local/lib/python3.10/site-packages/airflow/example_dags/example_subdag_operator.py took 0.082 seconds
[2022-05-21 18:02:41,354] {processor.py:153} INFO - Started process (PID=6155) to work on /home/ubuntu/.local/lib/python3.10/site-packages/airflow/example_dags/example_subdag_operator.py
[2022-05-21 18:02:41,355] {processor.py:641} INFO - Processing file /home/ubuntu/.local/lib/python3.10/site-packages/airflow/example_dags/example_subdag_operator.py for tasks to queue
[2022-05-21 18:02:41,355] {logging_mixin.py:115} INFO - [2022-05-21 18:02:41,355] {dagbag.py:507} INFO - Filling up the DagBag from /home/ubuntu/.local/lib/python3.10/site-packages/airflow/example_dags/example_subdag_operator.py
[2022-05-21 18:02:41,376] {processor.py:651} INFO - DAG(s) dict_keys(['example_subdag_operator.section-1', 'example_subdag_operator.section-2', 'example_subdag_operator']) retrieved from /home/ubuntu/.local/lib/python3.10/site-packages/airflow/example_dags/example_subdag_operator.py
[2022-05-21 18:02:41,398] {logging_mixin.py:115} INFO - [2022-05-21 18:02:41,398] {dag.py:2371} INFO - Sync 3 DAGs
[2022-05-21 18:02:41,415] {logging_mixin.py:115} INFO - [2022-05-21 18:02:41,415] {dag.py:2915} INFO - Setting next_dagrun for example_subdag_operator to 2022-05-19T00:00:00+00:00, run_after=2022-05-19T00:00:00+00:00
[2022-05-21 18:02:41,416] {logging_mixin.py:115} INFO - [2022-05-21 18:02:41,416] {dag.py:2915} INFO - Setting next_dagrun for example_subdag_operator.section-1 to None, run_after=None
[2022-05-21 18:02:41,416] {logging_mixin.py:115} INFO - [2022-05-21 18:02:41,416] {dag.py:2915} INFO - Setting next_dagrun for example_subdag_operator.section-2 to None, run_after=None
[2022-05-21 18:02:41,421] {logging_mixin.py:115} INFO - [2022-05-21 18:02:41,421] {dag.py:2371} INFO - Sync 2 DAGs
[2022-05-21 18:02:41,424] {logging_mixin.py:115} INFO - [2022-05-21 18:02:41,424] {dag.py:2915} INFO - Setting next_dagrun for example_subdag_operator.section-1 to None, run_after=None
[2022-05-21 18:02:41,424] {logging_mixin.py:115} INFO - [2022-05-21 18:02:41,424] {dag.py:2915} INFO - Setting next_dagrun for example_subdag_operator.section-2 to None, run_after=None
[2022-05-21 18:02:41,435] {processor.py:161} INFO - Processing /home/ubuntu/.local/lib/python3.10/site-packages/airflow/example_dags/example_subdag_operator.py took 0.084 seconds
[2022-05-21 18:03:16,192] {processor.py:153} INFO - Started process (PID=6193) to work on /home/ubuntu/.local/lib/python3.10/site-packages/airflow/example_dags/example_subdag_operator.py
[2022-05-21 18:03:16,193] {processor.py:641} INFO - Processing file /home/ubuntu/.local/lib/python3.10/site-packages/airflow/example_dags/example_subdag_operator.py for tasks to queue
[2022-05-21 18:03:16,193] {logging_mixin.py:115} INFO - [2022-05-21 18:03:16,193] {dagbag.py:507} INFO - Filling up the DagBag from /home/ubuntu/.local/lib/python3.10/site-packages/airflow/example_dags/example_subdag_operator.py
[2022-05-21 18:03:16,215] {processor.py:651} INFO - DAG(s) dict_keys(['example_subdag_operator.section-1', 'example_subdag_operator.section-2', 'example_subdag_operator']) retrieved from /home/ubuntu/.local/lib/python3.10/site-packages/airflow/example_dags/example_subdag_operator.py
[2022-05-21 18:03:16,236] {logging_mixin.py:115} INFO - [2022-05-21 18:03:16,236] {dag.py:2371} INFO - Sync 3 DAGs
[2022-05-21 18:03:16,253] {logging_mixin.py:115} INFO - [2022-05-21 18:03:16,252] {dag.py:2915} INFO - Setting next_dagrun for example_subdag_operator to 2022-05-19T00:00:00+00:00, run_after=2022-05-19T00:00:00+00:00
[2022-05-21 18:03:16,253] {logging_mixin.py:115} INFO - [2022-05-21 18:03:16,253] {dag.py:2915} INFO - Setting next_dagrun for example_subdag_operator.section-1 to None, run_after=None
[2022-05-21 18:03:16,253] {logging_mixin.py:115} INFO - [2022-05-21 18:03:16,253] {dag.py:2915} INFO - Setting next_dagrun for example_subdag_operator.section-2 to None, run_after=None
[2022-05-21 18:03:16,258] {logging_mixin.py:115} INFO - [2022-05-21 18:03:16,258] {dag.py:2371} INFO - Sync 2 DAGs
[2022-05-21 18:03:16,261] {logging_mixin.py:115} INFO - [2022-05-21 18:03:16,261] {dag.py:2915} INFO - Setting next_dagrun for example_subdag_operator.section-1 to None, run_after=None
[2022-05-21 18:03:16,262] {logging_mixin.py:115} INFO - [2022-05-21 18:03:16,262] {dag.py:2915} INFO - Setting next_dagrun for example_subdag_operator.section-2 to None, run_after=None
[2022-05-21 18:03:16,271] {processor.py:161} INFO - Processing /home/ubuntu/.local/lib/python3.10/site-packages/airflow/example_dags/example_subdag_operator.py took 0.083 seconds
[2022-05-21 18:03:48,008] {processor.py:153} INFO - Started process (PID=6235) to work on /home/ubuntu/.local/lib/python3.10/site-packages/airflow/example_dags/example_subdag_operator.py
[2022-05-21 18:03:48,009] {processor.py:641} INFO - Processing file /home/ubuntu/.local/lib/python3.10/site-packages/airflow/example_dags/example_subdag_operator.py for tasks to queue
[2022-05-21 18:03:48,010] {logging_mixin.py:115} INFO - [2022-05-21 18:03:48,010] {dagbag.py:507} INFO - Filling up the DagBag from /home/ubuntu/.local/lib/python3.10/site-packages/airflow/example_dags/example_subdag_operator.py
[2022-05-21 18:03:48,030] {processor.py:651} INFO - DAG(s) dict_keys(['example_subdag_operator.section-1', 'example_subdag_operator.section-2', 'example_subdag_operator']) retrieved from /home/ubuntu/.local/lib/python3.10/site-packages/airflow/example_dags/example_subdag_operator.py
[2022-05-21 18:03:48,051] {logging_mixin.py:115} INFO - [2022-05-21 18:03:48,051] {dag.py:2371} INFO - Sync 3 DAGs
[2022-05-21 18:03:48,067] {logging_mixin.py:115} INFO - [2022-05-21 18:03:48,067] {dag.py:2915} INFO - Setting next_dagrun for example_subdag_operator to 2022-05-19T00:00:00+00:00, run_after=2022-05-19T00:00:00+00:00
[2022-05-21 18:03:48,067] {logging_mixin.py:115} INFO - [2022-05-21 18:03:48,067] {dag.py:2915} INFO - Setting next_dagrun for example_subdag_operator.section-1 to None, run_after=None
[2022-05-21 18:03:48,067] {logging_mixin.py:115} INFO - [2022-05-21 18:03:48,067] {dag.py:2915} INFO - Setting next_dagrun for example_subdag_operator.section-2 to None, run_after=None
[2022-05-21 18:03:48,072] {logging_mixin.py:115} INFO - [2022-05-21 18:03:48,072] {dag.py:2371} INFO - Sync 2 DAGs
[2022-05-21 18:03:48,075] {logging_mixin.py:115} INFO - [2022-05-21 18:03:48,075] {dag.py:2915} INFO - Setting next_dagrun for example_subdag_operator.section-1 to None, run_after=None
[2022-05-21 18:03:48,076] {logging_mixin.py:115} INFO - [2022-05-21 18:03:48,076] {dag.py:2915} INFO - Setting next_dagrun for example_subdag_operator.section-2 to None, run_after=None
[2022-05-21 18:03:48,086] {processor.py:161} INFO - Processing /home/ubuntu/.local/lib/python3.10/site-packages/airflow/example_dags/example_subdag_operator.py took 0.080 seconds
[2022-05-21 18:04:18,279] {processor.py:153} INFO - Started process (PID=6272) to work on /home/ubuntu/.local/lib/python3.10/site-packages/airflow/example_dags/example_subdag_operator.py
[2022-05-21 18:04:18,279] {processor.py:641} INFO - Processing file /home/ubuntu/.local/lib/python3.10/site-packages/airflow/example_dags/example_subdag_operator.py for tasks to queue
[2022-05-21 18:04:18,279] {logging_mixin.py:115} INFO - [2022-05-21 18:04:18,279] {dagbag.py:507} INFO - Filling up the DagBag from /home/ubuntu/.local/lib/python3.10/site-packages/airflow/example_dags/example_subdag_operator.py
[2022-05-21 18:04:18,300] {processor.py:651} INFO - DAG(s) dict_keys(['example_subdag_operator.section-1', 'example_subdag_operator.section-2', 'example_subdag_operator']) retrieved from /home/ubuntu/.local/lib/python3.10/site-packages/airflow/example_dags/example_subdag_operator.py
[2022-05-21 18:04:18,320] {logging_mixin.py:115} INFO - [2022-05-21 18:04:18,320] {dag.py:2371} INFO - Sync 3 DAGs
[2022-05-21 18:04:18,337] {logging_mixin.py:115} INFO - [2022-05-21 18:04:18,337] {dag.py:2915} INFO - Setting next_dagrun for example_subdag_operator to 2022-05-19T00:00:00+00:00, run_after=2022-05-19T00:00:00+00:00
[2022-05-21 18:04:18,337] {logging_mixin.py:115} INFO - [2022-05-21 18:04:18,337] {dag.py:2915} INFO - Setting next_dagrun for example_subdag_operator.section-1 to None, run_after=None
[2022-05-21 18:04:18,337] {logging_mixin.py:115} INFO - [2022-05-21 18:04:18,337] {dag.py:2915} INFO - Setting next_dagrun for example_subdag_operator.section-2 to None, run_after=None
[2022-05-21 18:04:18,342] {logging_mixin.py:115} INFO - [2022-05-21 18:04:18,342] {dag.py:2371} INFO - Sync 2 DAGs
[2022-05-21 18:04:18,345] {logging_mixin.py:115} INFO - [2022-05-21 18:04:18,345] {dag.py:2915} INFO - Setting next_dagrun for example_subdag_operator.section-1 to None, run_after=None
[2022-05-21 18:04:18,345] {logging_mixin.py:115} INFO - [2022-05-21 18:04:18,345] {dag.py:2915} INFO - Setting next_dagrun for example_subdag_operator.section-2 to None, run_after=None
[2022-05-21 18:04:18,356] {processor.py:161} INFO - Processing /home/ubuntu/.local/lib/python3.10/site-packages/airflow/example_dags/example_subdag_operator.py took 0.080 seconds
[2022-05-21 18:04:49,790] {processor.py:153} INFO - Started process (PID=6308) to work on /home/ubuntu/.local/lib/python3.10/site-packages/airflow/example_dags/example_subdag_operator.py
[2022-05-21 18:04:49,791] {processor.py:641} INFO - Processing file /home/ubuntu/.local/lib/python3.10/site-packages/airflow/example_dags/example_subdag_operator.py for tasks to queue
[2022-05-21 18:04:49,791] {logging_mixin.py:115} INFO - [2022-05-21 18:04:49,791] {dagbag.py:507} INFO - Filling up the DagBag from /home/ubuntu/.local/lib/python3.10/site-packages/airflow/example_dags/example_subdag_operator.py
[2022-05-21 18:04:49,813] {processor.py:651} INFO - DAG(s) dict_keys(['example_subdag_operator.section-1', 'example_subdag_operator.section-2', 'example_subdag_operator']) retrieved from /home/ubuntu/.local/lib/python3.10/site-packages/airflow/example_dags/example_subdag_operator.py
[2022-05-21 18:04:49,833] {logging_mixin.py:115} INFO - [2022-05-21 18:04:49,833] {dag.py:2371} INFO - Sync 3 DAGs
[2022-05-21 18:04:49,850] {logging_mixin.py:115} INFO - [2022-05-21 18:04:49,850] {dag.py:2915} INFO - Setting next_dagrun for example_subdag_operator to 2022-05-19T00:00:00+00:00, run_after=2022-05-19T00:00:00+00:00
[2022-05-21 18:04:49,850] {logging_mixin.py:115} INFO - [2022-05-21 18:04:49,850] {dag.py:2915} INFO - Setting next_dagrun for example_subdag_operator.section-1 to None, run_after=None
[2022-05-21 18:04:49,850] {logging_mixin.py:115} INFO - [2022-05-21 18:04:49,850] {dag.py:2915} INFO - Setting next_dagrun for example_subdag_operator.section-2 to None, run_after=None
[2022-05-21 18:04:49,855] {logging_mixin.py:115} INFO - [2022-05-21 18:04:49,855] {dag.py:2371} INFO - Sync 2 DAGs
[2022-05-21 18:04:49,859] {logging_mixin.py:115} INFO - [2022-05-21 18:04:49,859] {dag.py:2915} INFO - Setting next_dagrun for example_subdag_operator.section-1 to None, run_after=None
[2022-05-21 18:04:49,859] {logging_mixin.py:115} INFO - [2022-05-21 18:04:49,859] {dag.py:2915} INFO - Setting next_dagrun for example_subdag_operator.section-2 to None, run_after=None
[2022-05-21 18:04:49,870] {processor.py:161} INFO - Processing /home/ubuntu/.local/lib/python3.10/site-packages/airflow/example_dags/example_subdag_operator.py took 0.082 seconds
[2022-05-21 18:05:22,497] {processor.py:153} INFO - Started process (PID=6351) to work on /home/ubuntu/.local/lib/python3.10/site-packages/airflow/example_dags/example_subdag_operator.py
[2022-05-21 18:05:22,497] {processor.py:641} INFO - Processing file /home/ubuntu/.local/lib/python3.10/site-packages/airflow/example_dags/example_subdag_operator.py for tasks to queue
[2022-05-21 18:05:22,498] {logging_mixin.py:115} INFO - [2022-05-21 18:05:22,498] {dagbag.py:507} INFO - Filling up the DagBag from /home/ubuntu/.local/lib/python3.10/site-packages/airflow/example_dags/example_subdag_operator.py
[2022-05-21 18:05:22,520] {processor.py:651} INFO - DAG(s) dict_keys(['example_subdag_operator.section-1', 'example_subdag_operator.section-2', 'example_subdag_operator']) retrieved from /home/ubuntu/.local/lib/python3.10/site-packages/airflow/example_dags/example_subdag_operator.py
[2022-05-21 18:05:22,541] {logging_mixin.py:115} INFO - [2022-05-21 18:05:22,541] {dag.py:2371} INFO - Sync 3 DAGs
[2022-05-21 18:05:22,558] {logging_mixin.py:115} INFO - [2022-05-21 18:05:22,558] {dag.py:2915} INFO - Setting next_dagrun for example_subdag_operator to 2022-05-19T00:00:00+00:00, run_after=2022-05-19T00:00:00+00:00
[2022-05-21 18:05:22,558] {logging_mixin.py:115} INFO - [2022-05-21 18:05:22,558] {dag.py:2915} INFO - Setting next_dagrun for example_subdag_operator.section-1 to None, run_after=None
[2022-05-21 18:05:22,558] {logging_mixin.py:115} INFO - [2022-05-21 18:05:22,558] {dag.py:2915} INFO - Setting next_dagrun for example_subdag_operator.section-2 to None, run_after=None
[2022-05-21 18:05:22,563] {logging_mixin.py:115} INFO - [2022-05-21 18:05:22,563] {dag.py:2371} INFO - Sync 2 DAGs
[2022-05-21 18:05:22,567] {logging_mixin.py:115} INFO - [2022-05-21 18:05:22,567] {dag.py:2915} INFO - Setting next_dagrun for example_subdag_operator.section-1 to None, run_after=None
[2022-05-21 18:05:22,567] {logging_mixin.py:115} INFO - [2022-05-21 18:05:22,567] {dag.py:2915} INFO - Setting next_dagrun for example_subdag_operator.section-2 to None, run_after=None
[2022-05-21 18:05:22,577] {processor.py:161} INFO - Processing /home/ubuntu/.local/lib/python3.10/site-packages/airflow/example_dags/example_subdag_operator.py took 0.083 seconds
[2022-05-21 18:05:52,602] {processor.py:153} INFO - Started process (PID=6383) to work on /home/ubuntu/.local/lib/python3.10/site-packages/airflow/example_dags/example_subdag_operator.py
[2022-05-21 18:05:52,603] {processor.py:641} INFO - Processing file /home/ubuntu/.local/lib/python3.10/site-packages/airflow/example_dags/example_subdag_operator.py for tasks to queue
[2022-05-21 18:05:52,603] {logging_mixin.py:115} INFO - [2022-05-21 18:05:52,603] {dagbag.py:507} INFO - Filling up the DagBag from /home/ubuntu/.local/lib/python3.10/site-packages/airflow/example_dags/example_subdag_operator.py
[2022-05-21 18:05:52,624] {processor.py:651} INFO - DAG(s) dict_keys(['example_subdag_operator.section-1', 'example_subdag_operator.section-2', 'example_subdag_operator']) retrieved from /home/ubuntu/.local/lib/python3.10/site-packages/airflow/example_dags/example_subdag_operator.py
[2022-05-21 18:05:52,645] {logging_mixin.py:115} INFO - [2022-05-21 18:05:52,645] {dag.py:2371} INFO - Sync 3 DAGs
[2022-05-21 18:05:52,662] {logging_mixin.py:115} INFO - [2022-05-21 18:05:52,662] {dag.py:2915} INFO - Setting next_dagrun for example_subdag_operator to 2022-05-19T00:00:00+00:00, run_after=2022-05-19T00:00:00+00:00
[2022-05-21 18:05:52,662] {logging_mixin.py:115} INFO - [2022-05-21 18:05:52,662] {dag.py:2915} INFO - Setting next_dagrun for example_subdag_operator.section-1 to None, run_after=None
[2022-05-21 18:05:52,662] {logging_mixin.py:115} INFO - [2022-05-21 18:05:52,662] {dag.py:2915} INFO - Setting next_dagrun for example_subdag_operator.section-2 to None, run_after=None
[2022-05-21 18:05:52,667] {logging_mixin.py:115} INFO - [2022-05-21 18:05:52,667] {dag.py:2371} INFO - Sync 2 DAGs
[2022-05-21 18:05:52,671] {logging_mixin.py:115} INFO - [2022-05-21 18:05:52,670] {dag.py:2915} INFO - Setting next_dagrun for example_subdag_operator.section-1 to None, run_after=None
[2022-05-21 18:05:52,671] {logging_mixin.py:115} INFO - [2022-05-21 18:05:52,671] {dag.py:2915} INFO - Setting next_dagrun for example_subdag_operator.section-2 to None, run_after=None
[2022-05-21 18:05:52,681] {processor.py:161} INFO - Processing /home/ubuntu/.local/lib/python3.10/site-packages/airflow/example_dags/example_subdag_operator.py took 0.082 seconds
[2022-05-21 18:06:24,433] {processor.py:153} INFO - Started process (PID=6417) to work on /home/ubuntu/.local/lib/python3.10/site-packages/airflow/example_dags/example_subdag_operator.py
[2022-05-21 18:06:24,434] {processor.py:641} INFO - Processing file /home/ubuntu/.local/lib/python3.10/site-packages/airflow/example_dags/example_subdag_operator.py for tasks to queue
[2022-05-21 18:06:24,434] {logging_mixin.py:115} INFO - [2022-05-21 18:06:24,434] {dagbag.py:507} INFO - Filling up the DagBag from /home/ubuntu/.local/lib/python3.10/site-packages/airflow/example_dags/example_subdag_operator.py
[2022-05-21 18:06:24,456] {processor.py:651} INFO - DAG(s) dict_keys(['example_subdag_operator.section-1', 'example_subdag_operator.section-2', 'example_subdag_operator']) retrieved from /home/ubuntu/.local/lib/python3.10/site-packages/airflow/example_dags/example_subdag_operator.py
[2022-05-21 18:06:24,476] {logging_mixin.py:115} INFO - [2022-05-21 18:06:24,476] {dag.py:2371} INFO - Sync 3 DAGs
[2022-05-21 18:06:24,492] {logging_mixin.py:115} INFO - [2022-05-21 18:06:24,492] {dag.py:2915} INFO - Setting next_dagrun for example_subdag_operator to 2022-05-19T00:00:00+00:00, run_after=2022-05-19T00:00:00+00:00
[2022-05-21 18:06:24,493] {logging_mixin.py:115} INFO - [2022-05-21 18:06:24,493] {dag.py:2915} INFO - Setting next_dagrun for example_subdag_operator.section-1 to None, run_after=None
[2022-05-21 18:06:24,493] {logging_mixin.py:115} INFO - [2022-05-21 18:06:24,493] {dag.py:2915} INFO - Setting next_dagrun for example_subdag_operator.section-2 to None, run_after=None
[2022-05-21 18:06:24,498] {logging_mixin.py:115} INFO - [2022-05-21 18:06:24,498] {dag.py:2371} INFO - Sync 2 DAGs
[2022-05-21 18:06:24,501] {logging_mixin.py:115} INFO - [2022-05-21 18:06:24,501] {dag.py:2915} INFO - Setting next_dagrun for example_subdag_operator.section-1 to None, run_after=None
[2022-05-21 18:06:24,501] {logging_mixin.py:115} INFO - [2022-05-21 18:06:24,501] {dag.py:2915} INFO - Setting next_dagrun for example_subdag_operator.section-2 to None, run_after=None
[2022-05-21 18:06:24,511] {processor.py:161} INFO - Processing /home/ubuntu/.local/lib/python3.10/site-packages/airflow/example_dags/example_subdag_operator.py took 0.081 seconds
[2022-05-21 18:06:59,365] {processor.py:153} INFO - Started process (PID=6452) to work on /home/ubuntu/.local/lib/python3.10/site-packages/airflow/example_dags/example_subdag_operator.py
[2022-05-21 18:06:59,366] {processor.py:641} INFO - Processing file /home/ubuntu/.local/lib/python3.10/site-packages/airflow/example_dags/example_subdag_operator.py for tasks to queue
[2022-05-21 18:06:59,367] {logging_mixin.py:115} INFO - [2022-05-21 18:06:59,367] {dagbag.py:507} INFO - Filling up the DagBag from /home/ubuntu/.local/lib/python3.10/site-packages/airflow/example_dags/example_subdag_operator.py
[2022-05-21 18:06:59,387] {processor.py:651} INFO - DAG(s) dict_keys(['example_subdag_operator.section-1', 'example_subdag_operator.section-2', 'example_subdag_operator']) retrieved from /home/ubuntu/.local/lib/python3.10/site-packages/airflow/example_dags/example_subdag_operator.py
[2022-05-21 18:06:59,408] {logging_mixin.py:115} INFO - [2022-05-21 18:06:59,408] {dag.py:2371} INFO - Sync 3 DAGs
[2022-05-21 18:06:59,424] {logging_mixin.py:115} INFO - [2022-05-21 18:06:59,424] {dag.py:2915} INFO - Setting next_dagrun for example_subdag_operator to 2022-05-19T00:00:00+00:00, run_after=2022-05-19T00:00:00+00:00
[2022-05-21 18:06:59,424] {logging_mixin.py:115} INFO - [2022-05-21 18:06:59,424] {dag.py:2915} INFO - Setting next_dagrun for example_subdag_operator.section-1 to None, run_after=None
[2022-05-21 18:06:59,424] {logging_mixin.py:115} INFO - [2022-05-21 18:06:59,424] {dag.py:2915} INFO - Setting next_dagrun for example_subdag_operator.section-2 to None, run_after=None
[2022-05-21 18:06:59,429] {logging_mixin.py:115} INFO - [2022-05-21 18:06:59,429] {dag.py:2371} INFO - Sync 2 DAGs
[2022-05-21 18:06:59,433] {logging_mixin.py:115} INFO - [2022-05-21 18:06:59,433] {dag.py:2915} INFO - Setting next_dagrun for example_subdag_operator.section-1 to None, run_after=None
[2022-05-21 18:06:59,433] {logging_mixin.py:115} INFO - [2022-05-21 18:06:59,433] {dag.py:2915} INFO - Setting next_dagrun for example_subdag_operator.section-2 to None, run_after=None
[2022-05-21 18:06:59,442] {processor.py:161} INFO - Processing /home/ubuntu/.local/lib/python3.10/site-packages/airflow/example_dags/example_subdag_operator.py took 0.081 seconds
