[2022-05-21 17:48:00,980] {processor.py:153} INFO - Started process (PID=5175) to work on /home/ubuntu/.local/lib/python3.10/site-packages/airflow/example_dags/example_complex.py
[2022-05-21 17:48:00,981] {processor.py:641} INFO - Processing file /home/ubuntu/.local/lib/python3.10/site-packages/airflow/example_dags/example_complex.py for tasks to queue
[2022-05-21 17:48:00,981] {logging_mixin.py:115} INFO - [2022-05-21 17:48:00,981] {dagbag.py:507} INFO - Filling up the DagBag from /home/ubuntu/.local/lib/python3.10/site-packages/airflow/example_dags/example_complex.py
[2022-05-21 17:48:00,993] {processor.py:651} INFO - DAG(s) dict_keys(['example_complex']) retrieved from /home/ubuntu/.local/lib/python3.10/site-packages/airflow/example_dags/example_complex.py
[2022-05-21 17:48:01,065] {logging_mixin.py:115} INFO - [2022-05-21 17:48:01,065] {manager.py:508} INFO - Created Permission View: can read on DAG:example_complex
[2022-05-21 17:48:01,077] {logging_mixin.py:115} INFO - [2022-05-21 17:48:01,077] {manager.py:508} INFO - Created Permission View: can delete on DAG:example_complex
[2022-05-21 17:48:01,087] {logging_mixin.py:115} INFO - [2022-05-21 17:48:01,087] {manager.py:508} INFO - Created Permission View: can edit on DAG:example_complex
[2022-05-21 17:48:01,087] {logging_mixin.py:115} INFO - [2022-05-21 17:48:01,087] {dag.py:2371} INFO - Sync 1 DAGs
[2022-05-21 17:48:01,095] {logging_mixin.py:115} INFO - [2022-05-21 17:48:01,094] {dag.py:2390} INFO - Creating ORM DAG for example_complex
[2022-05-21 17:48:01,105] {logging_mixin.py:115} INFO - [2022-05-21 17:48:01,105] {dag.py:2915} INFO - Setting next_dagrun for example_complex to None, run_after=None
[2022-05-21 17:48:01,123] {processor.py:161} INFO - Processing /home/ubuntu/.local/lib/python3.10/site-packages/airflow/example_dags/example_complex.py took 0.146 seconds
[2022-05-21 17:48:34,314] {processor.py:153} INFO - Started process (PID=5210) to work on /home/ubuntu/.local/lib/python3.10/site-packages/airflow/example_dags/example_complex.py
[2022-05-21 17:48:34,315] {processor.py:641} INFO - Processing file /home/ubuntu/.local/lib/python3.10/site-packages/airflow/example_dags/example_complex.py for tasks to queue
[2022-05-21 17:48:34,315] {logging_mixin.py:115} INFO - [2022-05-21 17:48:34,315] {dagbag.py:507} INFO - Filling up the DagBag from /home/ubuntu/.local/lib/python3.10/site-packages/airflow/example_dags/example_complex.py
[2022-05-21 17:48:34,327] {processor.py:651} INFO - DAG(s) dict_keys(['example_complex']) retrieved from /home/ubuntu/.local/lib/python3.10/site-packages/airflow/example_dags/example_complex.py
[2022-05-21 17:48:34,347] {logging_mixin.py:115} INFO - [2022-05-21 17:48:34,347] {dag.py:2371} INFO - Sync 1 DAGs
[2022-05-21 17:48:34,363] {logging_mixin.py:115} INFO - [2022-05-21 17:48:34,363] {dag.py:2915} INFO - Setting next_dagrun for example_complex to None, run_after=None
[2022-05-21 17:48:34,376] {processor.py:161} INFO - Processing /home/ubuntu/.local/lib/python3.10/site-packages/airflow/example_dags/example_complex.py took 0.065 seconds
[2022-05-21 17:49:06,956] {processor.py:153} INFO - Started process (PID=5247) to work on /home/ubuntu/.local/lib/python3.10/site-packages/airflow/example_dags/example_complex.py
[2022-05-21 17:49:06,957] {processor.py:641} INFO - Processing file /home/ubuntu/.local/lib/python3.10/site-packages/airflow/example_dags/example_complex.py for tasks to queue
[2022-05-21 17:49:06,958] {logging_mixin.py:115} INFO - [2022-05-21 17:49:06,958] {dagbag.py:507} INFO - Filling up the DagBag from /home/ubuntu/.local/lib/python3.10/site-packages/airflow/example_dags/example_complex.py
[2022-05-21 17:49:06,969] {processor.py:651} INFO - DAG(s) dict_keys(['example_complex']) retrieved from /home/ubuntu/.local/lib/python3.10/site-packages/airflow/example_dags/example_complex.py
[2022-05-21 17:49:06,990] {logging_mixin.py:115} INFO - [2022-05-21 17:49:06,989] {dag.py:2371} INFO - Sync 1 DAGs
[2022-05-21 17:49:07,007] {logging_mixin.py:115} INFO - [2022-05-21 17:49:07,006] {dag.py:2915} INFO - Setting next_dagrun for example_complex to None, run_after=None
[2022-05-21 17:49:07,020] {processor.py:161} INFO - Processing /home/ubuntu/.local/lib/python3.10/site-packages/airflow/example_dags/example_complex.py took 0.067 seconds
[2022-05-21 17:49:40,560] {processor.py:153} INFO - Started process (PID=5283) to work on /home/ubuntu/.local/lib/python3.10/site-packages/airflow/example_dags/example_complex.py
[2022-05-21 17:49:40,560] {processor.py:641} INFO - Processing file /home/ubuntu/.local/lib/python3.10/site-packages/airflow/example_dags/example_complex.py for tasks to queue
[2022-05-21 17:49:40,561] {logging_mixin.py:115} INFO - [2022-05-21 17:49:40,561] {dagbag.py:507} INFO - Filling up the DagBag from /home/ubuntu/.local/lib/python3.10/site-packages/airflow/example_dags/example_complex.py
[2022-05-21 17:49:40,572] {processor.py:651} INFO - DAG(s) dict_keys(['example_complex']) retrieved from /home/ubuntu/.local/lib/python3.10/site-packages/airflow/example_dags/example_complex.py
[2022-05-21 17:49:40,593] {logging_mixin.py:115} INFO - [2022-05-21 17:49:40,593] {dag.py:2371} INFO - Sync 1 DAGs
[2022-05-21 17:49:40,610] {logging_mixin.py:115} INFO - [2022-05-21 17:49:40,610] {dag.py:2915} INFO - Setting next_dagrun for example_complex to None, run_after=None
[2022-05-21 17:49:40,623] {processor.py:161} INFO - Processing /home/ubuntu/.local/lib/python3.10/site-packages/airflow/example_dags/example_complex.py took 0.066 seconds
[2022-05-21 17:50:13,223] {processor.py:153} INFO - Started process (PID=5321) to work on /home/ubuntu/.local/lib/python3.10/site-packages/airflow/example_dags/example_complex.py
[2022-05-21 17:50:13,224] {processor.py:641} INFO - Processing file /home/ubuntu/.local/lib/python3.10/site-packages/airflow/example_dags/example_complex.py for tasks to queue
[2022-05-21 17:50:13,224] {logging_mixin.py:115} INFO - [2022-05-21 17:50:13,224] {dagbag.py:507} INFO - Filling up the DagBag from /home/ubuntu/.local/lib/python3.10/site-packages/airflow/example_dags/example_complex.py
[2022-05-21 17:50:13,236] {processor.py:651} INFO - DAG(s) dict_keys(['example_complex']) retrieved from /home/ubuntu/.local/lib/python3.10/site-packages/airflow/example_dags/example_complex.py
[2022-05-21 17:50:13,256] {logging_mixin.py:115} INFO - [2022-05-21 17:50:13,256] {dag.py:2371} INFO - Sync 1 DAGs
[2022-05-21 17:50:13,273] {logging_mixin.py:115} INFO - [2022-05-21 17:50:13,273] {dag.py:2915} INFO - Setting next_dagrun for example_complex to None, run_after=None
[2022-05-21 17:50:13,287] {processor.py:161} INFO - Processing /home/ubuntu/.local/lib/python3.10/site-packages/airflow/example_dags/example_complex.py took 0.067 seconds
[2022-05-21 17:50:48,114] {processor.py:153} INFO - Started process (PID=5356) to work on /home/ubuntu/.local/lib/python3.10/site-packages/airflow/example_dags/example_complex.py
[2022-05-21 17:50:48,115] {processor.py:641} INFO - Processing file /home/ubuntu/.local/lib/python3.10/site-packages/airflow/example_dags/example_complex.py for tasks to queue
[2022-05-21 17:50:48,115] {logging_mixin.py:115} INFO - [2022-05-21 17:50:48,115] {dagbag.py:507} INFO - Filling up the DagBag from /home/ubuntu/.local/lib/python3.10/site-packages/airflow/example_dags/example_complex.py
[2022-05-21 17:50:48,127] {processor.py:651} INFO - DAG(s) dict_keys(['example_complex']) retrieved from /home/ubuntu/.local/lib/python3.10/site-packages/airflow/example_dags/example_complex.py
[2022-05-21 17:50:48,147] {logging_mixin.py:115} INFO - [2022-05-21 17:50:48,147] {dag.py:2371} INFO - Sync 1 DAGs
[2022-05-21 17:50:48,163] {logging_mixin.py:115} INFO - [2022-05-21 17:50:48,163] {dag.py:2915} INFO - Setting next_dagrun for example_complex to None, run_after=None
[2022-05-21 17:50:48,177] {processor.py:161} INFO - Processing /home/ubuntu/.local/lib/python3.10/site-packages/airflow/example_dags/example_complex.py took 0.066 seconds
[2022-05-21 17:51:23,008] {processor.py:153} INFO - Started process (PID=5393) to work on /home/ubuntu/.local/lib/python3.10/site-packages/airflow/example_dags/example_complex.py
[2022-05-21 17:51:23,009] {processor.py:641} INFO - Processing file /home/ubuntu/.local/lib/python3.10/site-packages/airflow/example_dags/example_complex.py for tasks to queue
[2022-05-21 17:51:23,009] {logging_mixin.py:115} INFO - [2022-05-21 17:51:23,009] {dagbag.py:507} INFO - Filling up the DagBag from /home/ubuntu/.local/lib/python3.10/site-packages/airflow/example_dags/example_complex.py
[2022-05-21 17:51:23,021] {processor.py:651} INFO - DAG(s) dict_keys(['example_complex']) retrieved from /home/ubuntu/.local/lib/python3.10/site-packages/airflow/example_dags/example_complex.py
[2022-05-21 17:51:23,041] {logging_mixin.py:115} INFO - [2022-05-21 17:51:23,040] {dag.py:2371} INFO - Sync 1 DAGs
[2022-05-21 17:51:23,057] {logging_mixin.py:115} INFO - [2022-05-21 17:51:23,057] {dag.py:2915} INFO - Setting next_dagrun for example_complex to None, run_after=None
[2022-05-21 17:51:23,076] {processor.py:161} INFO - Processing /home/ubuntu/.local/lib/python3.10/site-packages/airflow/example_dags/example_complex.py took 0.071 seconds
[2022-05-21 17:51:56,778] {processor.py:153} INFO - Started process (PID=5427) to work on /home/ubuntu/.local/lib/python3.10/site-packages/airflow/example_dags/example_complex.py
[2022-05-21 17:51:56,778] {processor.py:641} INFO - Processing file /home/ubuntu/.local/lib/python3.10/site-packages/airflow/example_dags/example_complex.py for tasks to queue
[2022-05-21 17:51:56,779] {logging_mixin.py:115} INFO - [2022-05-21 17:51:56,779] {dagbag.py:507} INFO - Filling up the DagBag from /home/ubuntu/.local/lib/python3.10/site-packages/airflow/example_dags/example_complex.py
[2022-05-21 17:51:56,790] {processor.py:651} INFO - DAG(s) dict_keys(['example_complex']) retrieved from /home/ubuntu/.local/lib/python3.10/site-packages/airflow/example_dags/example_complex.py
[2022-05-21 17:51:56,810] {logging_mixin.py:115} INFO - [2022-05-21 17:51:56,810] {dag.py:2371} INFO - Sync 1 DAGs
[2022-05-21 17:51:56,827] {logging_mixin.py:115} INFO - [2022-05-21 17:51:56,827] {dag.py:2915} INFO - Setting next_dagrun for example_complex to None, run_after=None
[2022-05-21 17:51:56,841] {processor.py:161} INFO - Processing /home/ubuntu/.local/lib/python3.10/site-packages/airflow/example_dags/example_complex.py took 0.066 seconds
[2022-05-21 17:52:30,755] {processor.py:153} INFO - Started process (PID=5462) to work on /home/ubuntu/.local/lib/python3.10/site-packages/airflow/example_dags/example_complex.py
[2022-05-21 17:52:30,756] {processor.py:641} INFO - Processing file /home/ubuntu/.local/lib/python3.10/site-packages/airflow/example_dags/example_complex.py for tasks to queue
[2022-05-21 17:52:30,756] {logging_mixin.py:115} INFO - [2022-05-21 17:52:30,756] {dagbag.py:507} INFO - Filling up the DagBag from /home/ubuntu/.local/lib/python3.10/site-packages/airflow/example_dags/example_complex.py
[2022-05-21 17:52:30,768] {processor.py:651} INFO - DAG(s) dict_keys(['example_complex']) retrieved from /home/ubuntu/.local/lib/python3.10/site-packages/airflow/example_dags/example_complex.py
[2022-05-21 17:52:30,788] {logging_mixin.py:115} INFO - [2022-05-21 17:52:30,788] {dag.py:2371} INFO - Sync 1 DAGs
[2022-05-21 17:52:30,805] {logging_mixin.py:115} INFO - [2022-05-21 17:52:30,805] {dag.py:2915} INFO - Setting next_dagrun for example_complex to None, run_after=None
[2022-05-21 17:52:30,818] {processor.py:161} INFO - Processing /home/ubuntu/.local/lib/python3.10/site-packages/airflow/example_dags/example_complex.py took 0.067 seconds
[2022-05-21 17:53:03,152] {processor.py:153} INFO - Started process (PID=5496) to work on /home/ubuntu/.local/lib/python3.10/site-packages/airflow/example_dags/example_complex.py
[2022-05-21 17:53:03,153] {processor.py:641} INFO - Processing file /home/ubuntu/.local/lib/python3.10/site-packages/airflow/example_dags/example_complex.py for tasks to queue
[2022-05-21 17:53:03,153] {logging_mixin.py:115} INFO - [2022-05-21 17:53:03,153] {dagbag.py:507} INFO - Filling up the DagBag from /home/ubuntu/.local/lib/python3.10/site-packages/airflow/example_dags/example_complex.py
[2022-05-21 17:53:03,165] {processor.py:651} INFO - DAG(s) dict_keys(['example_complex']) retrieved from /home/ubuntu/.local/lib/python3.10/site-packages/airflow/example_dags/example_complex.py
[2022-05-21 17:53:03,185] {logging_mixin.py:115} INFO - [2022-05-21 17:53:03,185] {dag.py:2371} INFO - Sync 1 DAGs
[2022-05-21 17:53:03,202] {logging_mixin.py:115} INFO - [2022-05-21 17:53:03,202] {dag.py:2915} INFO - Setting next_dagrun for example_complex to None, run_after=None
[2022-05-21 17:53:03,216] {processor.py:161} INFO - Processing /home/ubuntu/.local/lib/python3.10/site-packages/airflow/example_dags/example_complex.py took 0.067 seconds
[2022-05-21 17:53:35,435] {processor.py:153} INFO - Started process (PID=5541) to work on /home/ubuntu/.local/lib/python3.10/site-packages/airflow/example_dags/example_complex.py
[2022-05-21 17:53:35,435] {processor.py:641} INFO - Processing file /home/ubuntu/.local/lib/python3.10/site-packages/airflow/example_dags/example_complex.py for tasks to queue
[2022-05-21 17:53:35,436] {logging_mixin.py:115} INFO - [2022-05-21 17:53:35,436] {dagbag.py:507} INFO - Filling up the DagBag from /home/ubuntu/.local/lib/python3.10/site-packages/airflow/example_dags/example_complex.py
[2022-05-21 17:53:35,447] {processor.py:651} INFO - DAG(s) dict_keys(['example_complex']) retrieved from /home/ubuntu/.local/lib/python3.10/site-packages/airflow/example_dags/example_complex.py
[2022-05-21 17:53:35,467] {logging_mixin.py:115} INFO - [2022-05-21 17:53:35,467] {dag.py:2371} INFO - Sync 1 DAGs
[2022-05-21 17:53:35,484] {logging_mixin.py:115} INFO - [2022-05-21 17:53:35,484] {dag.py:2915} INFO - Setting next_dagrun for example_complex to None, run_after=None
[2022-05-21 17:53:35,497] {processor.py:161} INFO - Processing /home/ubuntu/.local/lib/python3.10/site-packages/airflow/example_dags/example_complex.py took 0.066 seconds
[2022-05-21 17:54:10,395] {processor.py:153} INFO - Started process (PID=5581) to work on /home/ubuntu/.local/lib/python3.10/site-packages/airflow/example_dags/example_complex.py
[2022-05-21 17:54:10,396] {processor.py:641} INFO - Processing file /home/ubuntu/.local/lib/python3.10/site-packages/airflow/example_dags/example_complex.py for tasks to queue
[2022-05-21 17:54:10,397] {logging_mixin.py:115} INFO - [2022-05-21 17:54:10,396] {dagbag.py:507} INFO - Filling up the DagBag from /home/ubuntu/.local/lib/python3.10/site-packages/airflow/example_dags/example_complex.py
[2022-05-21 17:54:10,408] {processor.py:651} INFO - DAG(s) dict_keys(['example_complex']) retrieved from /home/ubuntu/.local/lib/python3.10/site-packages/airflow/example_dags/example_complex.py
[2022-05-21 17:54:10,428] {logging_mixin.py:115} INFO - [2022-05-21 17:54:10,428] {dag.py:2371} INFO - Sync 1 DAGs
[2022-05-21 17:54:10,444] {logging_mixin.py:115} INFO - [2022-05-21 17:54:10,444] {dag.py:2915} INFO - Setting next_dagrun for example_complex to None, run_after=None
[2022-05-21 17:54:10,458] {processor.py:161} INFO - Processing /home/ubuntu/.local/lib/python3.10/site-packages/airflow/example_dags/example_complex.py took 0.065 seconds
[2022-05-21 17:54:43,237] {processor.py:153} INFO - Started process (PID=5615) to work on /home/ubuntu/.local/lib/python3.10/site-packages/airflow/example_dags/example_complex.py
[2022-05-21 17:54:43,238] {processor.py:641} INFO - Processing file /home/ubuntu/.local/lib/python3.10/site-packages/airflow/example_dags/example_complex.py for tasks to queue
[2022-05-21 17:54:43,238] {logging_mixin.py:115} INFO - [2022-05-21 17:54:43,238] {dagbag.py:507} INFO - Filling up the DagBag from /home/ubuntu/.local/lib/python3.10/site-packages/airflow/example_dags/example_complex.py
[2022-05-21 17:54:43,250] {processor.py:651} INFO - DAG(s) dict_keys(['example_complex']) retrieved from /home/ubuntu/.local/lib/python3.10/site-packages/airflow/example_dags/example_complex.py
[2022-05-21 17:54:43,269] {logging_mixin.py:115} INFO - [2022-05-21 17:54:43,269] {dag.py:2371} INFO - Sync 1 DAGs
[2022-05-21 17:54:43,285] {logging_mixin.py:115} INFO - [2022-05-21 17:54:43,285] {dag.py:2915} INFO - Setting next_dagrun for example_complex to None, run_after=None
[2022-05-21 17:54:43,299] {processor.py:161} INFO - Processing /home/ubuntu/.local/lib/python3.10/site-packages/airflow/example_dags/example_complex.py took 0.065 seconds
[2022-05-21 17:55:17,164] {processor.py:153} INFO - Started process (PID=5651) to work on /home/ubuntu/.local/lib/python3.10/site-packages/airflow/example_dags/example_complex.py
[2022-05-21 17:55:17,165] {processor.py:641} INFO - Processing file /home/ubuntu/.local/lib/python3.10/site-packages/airflow/example_dags/example_complex.py for tasks to queue
[2022-05-21 17:55:17,165] {logging_mixin.py:115} INFO - [2022-05-21 17:55:17,165] {dagbag.py:507} INFO - Filling up the DagBag from /home/ubuntu/.local/lib/python3.10/site-packages/airflow/example_dags/example_complex.py
[2022-05-21 17:55:17,177] {processor.py:651} INFO - DAG(s) dict_keys(['example_complex']) retrieved from /home/ubuntu/.local/lib/python3.10/site-packages/airflow/example_dags/example_complex.py
[2022-05-21 17:55:17,197] {logging_mixin.py:115} INFO - [2022-05-21 17:55:17,197] {dag.py:2371} INFO - Sync 1 DAGs
[2022-05-21 17:55:17,214] {logging_mixin.py:115} INFO - [2022-05-21 17:55:17,214] {dag.py:2915} INFO - Setting next_dagrun for example_complex to None, run_after=None
[2022-05-21 17:55:17,228] {processor.py:161} INFO - Processing /home/ubuntu/.local/lib/python3.10/site-packages/airflow/example_dags/example_complex.py took 0.067 seconds
[2022-05-21 17:55:50,288] {processor.py:153} INFO - Started process (PID=5687) to work on /home/ubuntu/.local/lib/python3.10/site-packages/airflow/example_dags/example_complex.py
[2022-05-21 17:55:50,288] {processor.py:641} INFO - Processing file /home/ubuntu/.local/lib/python3.10/site-packages/airflow/example_dags/example_complex.py for tasks to queue
[2022-05-21 17:55:50,289] {logging_mixin.py:115} INFO - [2022-05-21 17:55:50,288] {dagbag.py:507} INFO - Filling up the DagBag from /home/ubuntu/.local/lib/python3.10/site-packages/airflow/example_dags/example_complex.py
[2022-05-21 17:55:50,300] {processor.py:651} INFO - DAG(s) dict_keys(['example_complex']) retrieved from /home/ubuntu/.local/lib/python3.10/site-packages/airflow/example_dags/example_complex.py
[2022-05-21 17:55:50,320] {logging_mixin.py:115} INFO - [2022-05-21 17:55:50,320] {dag.py:2371} INFO - Sync 1 DAGs
[2022-05-21 17:55:50,338] {logging_mixin.py:115} INFO - [2022-05-21 17:55:50,338] {dag.py:2915} INFO - Setting next_dagrun for example_complex to None, run_after=None
[2022-05-21 17:55:50,352] {processor.py:161} INFO - Processing /home/ubuntu/.local/lib/python3.10/site-packages/airflow/example_dags/example_complex.py took 0.068 seconds
[2022-05-21 17:56:23,424] {processor.py:153} INFO - Started process (PID=5724) to work on /home/ubuntu/.local/lib/python3.10/site-packages/airflow/example_dags/example_complex.py
[2022-05-21 17:56:23,425] {processor.py:641} INFO - Processing file /home/ubuntu/.local/lib/python3.10/site-packages/airflow/example_dags/example_complex.py for tasks to queue
[2022-05-21 17:56:23,426] {logging_mixin.py:115} INFO - [2022-05-21 17:56:23,426] {dagbag.py:507} INFO - Filling up the DagBag from /home/ubuntu/.local/lib/python3.10/site-packages/airflow/example_dags/example_complex.py
[2022-05-21 17:56:23,437] {processor.py:651} INFO - DAG(s) dict_keys(['example_complex']) retrieved from /home/ubuntu/.local/lib/python3.10/site-packages/airflow/example_dags/example_complex.py
[2022-05-21 17:56:23,457] {logging_mixin.py:115} INFO - [2022-05-21 17:56:23,457] {dag.py:2371} INFO - Sync 1 DAGs
[2022-05-21 17:56:23,475] {logging_mixin.py:115} INFO - [2022-05-21 17:56:23,474] {dag.py:2915} INFO - Setting next_dagrun for example_complex to None, run_after=None
[2022-05-21 17:56:23,488] {processor.py:161} INFO - Processing /home/ubuntu/.local/lib/python3.10/site-packages/airflow/example_dags/example_complex.py took 0.066 seconds
[2022-05-21 17:56:54,834] {processor.py:153} INFO - Started process (PID=5758) to work on /home/ubuntu/.local/lib/python3.10/site-packages/airflow/example_dags/example_complex.py
[2022-05-21 17:56:54,835] {processor.py:641} INFO - Processing file /home/ubuntu/.local/lib/python3.10/site-packages/airflow/example_dags/example_complex.py for tasks to queue
[2022-05-21 17:56:54,835] {logging_mixin.py:115} INFO - [2022-05-21 17:56:54,835] {dagbag.py:507} INFO - Filling up the DagBag from /home/ubuntu/.local/lib/python3.10/site-packages/airflow/example_dags/example_complex.py
[2022-05-21 17:56:54,846] {processor.py:651} INFO - DAG(s) dict_keys(['example_complex']) retrieved from /home/ubuntu/.local/lib/python3.10/site-packages/airflow/example_dags/example_complex.py
[2022-05-21 17:56:54,866] {logging_mixin.py:115} INFO - [2022-05-21 17:56:54,866] {dag.py:2371} INFO - Sync 1 DAGs
[2022-05-21 17:56:54,882] {logging_mixin.py:115} INFO - [2022-05-21 17:56:54,882] {dag.py:2915} INFO - Setting next_dagrun for example_complex to None, run_after=None
[2022-05-21 17:56:54,895] {processor.py:161} INFO - Processing /home/ubuntu/.local/lib/python3.10/site-packages/airflow/example_dags/example_complex.py took 0.064 seconds
[2022-05-21 17:57:27,658] {processor.py:153} INFO - Started process (PID=5794) to work on /home/ubuntu/.local/lib/python3.10/site-packages/airflow/example_dags/example_complex.py
[2022-05-21 17:57:27,659] {processor.py:641} INFO - Processing file /home/ubuntu/.local/lib/python3.10/site-packages/airflow/example_dags/example_complex.py for tasks to queue
[2022-05-21 17:57:27,659] {logging_mixin.py:115} INFO - [2022-05-21 17:57:27,659] {dagbag.py:507} INFO - Filling up the DagBag from /home/ubuntu/.local/lib/python3.10/site-packages/airflow/example_dags/example_complex.py
[2022-05-21 17:57:27,671] {processor.py:651} INFO - DAG(s) dict_keys(['example_complex']) retrieved from /home/ubuntu/.local/lib/python3.10/site-packages/airflow/example_dags/example_complex.py
[2022-05-21 17:57:27,691] {logging_mixin.py:115} INFO - [2022-05-21 17:57:27,691] {dag.py:2371} INFO - Sync 1 DAGs
[2022-05-21 17:57:27,708] {logging_mixin.py:115} INFO - [2022-05-21 17:57:27,708] {dag.py:2915} INFO - Setting next_dagrun for example_complex to None, run_after=None
[2022-05-21 17:57:27,722] {processor.py:161} INFO - Processing /home/ubuntu/.local/lib/python3.10/site-packages/airflow/example_dags/example_complex.py took 0.067 seconds
[2022-05-21 17:57:59,938] {processor.py:153} INFO - Started process (PID=5833) to work on /home/ubuntu/.local/lib/python3.10/site-packages/airflow/example_dags/example_complex.py
[2022-05-21 17:57:59,938] {processor.py:641} INFO - Processing file /home/ubuntu/.local/lib/python3.10/site-packages/airflow/example_dags/example_complex.py for tasks to queue
[2022-05-21 17:57:59,939] {logging_mixin.py:115} INFO - [2022-05-21 17:57:59,939] {dagbag.py:507} INFO - Filling up the DagBag from /home/ubuntu/.local/lib/python3.10/site-packages/airflow/example_dags/example_complex.py
[2022-05-21 17:57:59,950] {processor.py:651} INFO - DAG(s) dict_keys(['example_complex']) retrieved from /home/ubuntu/.local/lib/python3.10/site-packages/airflow/example_dags/example_complex.py
[2022-05-21 17:57:59,969] {logging_mixin.py:115} INFO - [2022-05-21 17:57:59,969] {dag.py:2371} INFO - Sync 1 DAGs
[2022-05-21 17:57:59,986] {logging_mixin.py:115} INFO - [2022-05-21 17:57:59,985] {dag.py:2915} INFO - Setting next_dagrun for example_complex to None, run_after=None
[2022-05-21 17:57:59,999] {processor.py:161} INFO - Processing /home/ubuntu/.local/lib/python3.10/site-packages/airflow/example_dags/example_complex.py took 0.064 seconds
[2022-05-21 17:58:32,469] {processor.py:153} INFO - Started process (PID=5872) to work on /home/ubuntu/.local/lib/python3.10/site-packages/airflow/example_dags/example_complex.py
[2022-05-21 17:58:32,469] {processor.py:641} INFO - Processing file /home/ubuntu/.local/lib/python3.10/site-packages/airflow/example_dags/example_complex.py for tasks to queue
[2022-05-21 17:58:32,470] {logging_mixin.py:115} INFO - [2022-05-21 17:58:32,470] {dagbag.py:507} INFO - Filling up the DagBag from /home/ubuntu/.local/lib/python3.10/site-packages/airflow/example_dags/example_complex.py
[2022-05-21 17:58:32,482] {processor.py:651} INFO - DAG(s) dict_keys(['example_complex']) retrieved from /home/ubuntu/.local/lib/python3.10/site-packages/airflow/example_dags/example_complex.py
[2022-05-21 17:58:32,501] {logging_mixin.py:115} INFO - [2022-05-21 17:58:32,501] {dag.py:2371} INFO - Sync 1 DAGs
[2022-05-21 17:58:32,517] {logging_mixin.py:115} INFO - [2022-05-21 17:58:32,517] {dag.py:2915} INFO - Setting next_dagrun for example_complex to None, run_after=None
[2022-05-21 17:58:32,529] {processor.py:161} INFO - Processing /home/ubuntu/.local/lib/python3.10/site-packages/airflow/example_dags/example_complex.py took 0.063 seconds
[2022-05-21 17:59:07,699] {processor.py:153} INFO - Started process (PID=5911) to work on /home/ubuntu/.local/lib/python3.10/site-packages/airflow/example_dags/example_complex.py
[2022-05-21 17:59:07,699] {processor.py:641} INFO - Processing file /home/ubuntu/.local/lib/python3.10/site-packages/airflow/example_dags/example_complex.py for tasks to queue
[2022-05-21 17:59:07,700] {logging_mixin.py:115} INFO - [2022-05-21 17:59:07,700] {dagbag.py:507} INFO - Filling up the DagBag from /home/ubuntu/.local/lib/python3.10/site-packages/airflow/example_dags/example_complex.py
[2022-05-21 17:59:07,712] {processor.py:651} INFO - DAG(s) dict_keys(['example_complex']) retrieved from /home/ubuntu/.local/lib/python3.10/site-packages/airflow/example_dags/example_complex.py
[2022-05-21 17:59:07,732] {logging_mixin.py:115} INFO - [2022-05-21 17:59:07,732] {dag.py:2371} INFO - Sync 1 DAGs
[2022-05-21 17:59:07,748] {logging_mixin.py:115} INFO - [2022-05-21 17:59:07,748] {dag.py:2915} INFO - Setting next_dagrun for example_complex to None, run_after=None
[2022-05-21 17:59:07,762] {processor.py:161} INFO - Processing /home/ubuntu/.local/lib/python3.10/site-packages/airflow/example_dags/example_complex.py took 0.066 seconds
[2022-05-21 17:59:41,500] {processor.py:153} INFO - Started process (PID=5950) to work on /home/ubuntu/.local/lib/python3.10/site-packages/airflow/example_dags/example_complex.py
[2022-05-21 17:59:41,501] {processor.py:641} INFO - Processing file /home/ubuntu/.local/lib/python3.10/site-packages/airflow/example_dags/example_complex.py for tasks to queue
[2022-05-21 17:59:41,501] {logging_mixin.py:115} INFO - [2022-05-21 17:59:41,501] {dagbag.py:507} INFO - Filling up the DagBag from /home/ubuntu/.local/lib/python3.10/site-packages/airflow/example_dags/example_complex.py
[2022-05-21 17:59:41,513] {processor.py:651} INFO - DAG(s) dict_keys(['example_complex']) retrieved from /home/ubuntu/.local/lib/python3.10/site-packages/airflow/example_dags/example_complex.py
[2022-05-21 17:59:41,532] {logging_mixin.py:115} INFO - [2022-05-21 17:59:41,532] {dag.py:2371} INFO - Sync 1 DAGs
[2022-05-21 17:59:41,548] {logging_mixin.py:115} INFO - [2022-05-21 17:59:41,548] {dag.py:2915} INFO - Setting next_dagrun for example_complex to None, run_after=None
[2022-05-21 17:59:41,566] {processor.py:161} INFO - Processing /home/ubuntu/.local/lib/python3.10/site-packages/airflow/example_dags/example_complex.py took 0.069 seconds
[2022-05-21 18:00:14,614] {processor.py:153} INFO - Started process (PID=5987) to work on /home/ubuntu/.local/lib/python3.10/site-packages/airflow/example_dags/example_complex.py
[2022-05-21 18:00:14,615] {processor.py:641} INFO - Processing file /home/ubuntu/.local/lib/python3.10/site-packages/airflow/example_dags/example_complex.py for tasks to queue
[2022-05-21 18:00:14,615] {logging_mixin.py:115} INFO - [2022-05-21 18:00:14,615] {dagbag.py:507} INFO - Filling up the DagBag from /home/ubuntu/.local/lib/python3.10/site-packages/airflow/example_dags/example_complex.py
[2022-05-21 18:00:14,627] {processor.py:651} INFO - DAG(s) dict_keys(['example_complex']) retrieved from /home/ubuntu/.local/lib/python3.10/site-packages/airflow/example_dags/example_complex.py
[2022-05-21 18:00:14,647] {logging_mixin.py:115} INFO - [2022-05-21 18:00:14,647] {dag.py:2371} INFO - Sync 1 DAGs
[2022-05-21 18:00:14,664] {logging_mixin.py:115} INFO - [2022-05-21 18:00:14,664] {dag.py:2915} INFO - Setting next_dagrun for example_complex to None, run_after=None
[2022-05-21 18:00:14,678] {processor.py:161} INFO - Processing /home/ubuntu/.local/lib/python3.10/site-packages/airflow/example_dags/example_complex.py took 0.067 seconds
[2022-05-21 18:00:46,070] {processor.py:153} INFO - Started process (PID=6023) to work on /home/ubuntu/.local/lib/python3.10/site-packages/airflow/example_dags/example_complex.py
[2022-05-21 18:00:46,070] {processor.py:641} INFO - Processing file /home/ubuntu/.local/lib/python3.10/site-packages/airflow/example_dags/example_complex.py for tasks to queue
[2022-05-21 18:00:46,071] {logging_mixin.py:115} INFO - [2022-05-21 18:00:46,070] {dagbag.py:507} INFO - Filling up the DagBag from /home/ubuntu/.local/lib/python3.10/site-packages/airflow/example_dags/example_complex.py
[2022-05-21 18:00:46,082] {processor.py:651} INFO - DAG(s) dict_keys(['example_complex']) retrieved from /home/ubuntu/.local/lib/python3.10/site-packages/airflow/example_dags/example_complex.py
[2022-05-21 18:00:46,102] {logging_mixin.py:115} INFO - [2022-05-21 18:00:46,101] {dag.py:2371} INFO - Sync 1 DAGs
[2022-05-21 18:00:46,118] {logging_mixin.py:115} INFO - [2022-05-21 18:00:46,118] {dag.py:2915} INFO - Setting next_dagrun for example_complex to None, run_after=None
[2022-05-21 18:00:46,131] {processor.py:161} INFO - Processing /home/ubuntu/.local/lib/python3.10/site-packages/airflow/example_dags/example_complex.py took 0.065 seconds
[2022-05-21 18:01:17,992] {processor.py:153} INFO - Started process (PID=6068) to work on /home/ubuntu/.local/lib/python3.10/site-packages/airflow/example_dags/example_complex.py
[2022-05-21 18:01:17,993] {processor.py:641} INFO - Processing file /home/ubuntu/.local/lib/python3.10/site-packages/airflow/example_dags/example_complex.py for tasks to queue
[2022-05-21 18:01:17,994] {logging_mixin.py:115} INFO - [2022-05-21 18:01:17,994] {dagbag.py:507} INFO - Filling up the DagBag from /home/ubuntu/.local/lib/python3.10/site-packages/airflow/example_dags/example_complex.py
[2022-05-21 18:01:18,005] {processor.py:651} INFO - DAG(s) dict_keys(['example_complex']) retrieved from /home/ubuntu/.local/lib/python3.10/site-packages/airflow/example_dags/example_complex.py
[2022-05-21 18:01:18,025] {logging_mixin.py:115} INFO - [2022-05-21 18:01:18,025] {dag.py:2371} INFO - Sync 1 DAGs
[2022-05-21 18:01:18,042] {logging_mixin.py:115} INFO - [2022-05-21 18:01:18,042] {dag.py:2915} INFO - Setting next_dagrun for example_complex to None, run_after=None
[2022-05-21 18:01:18,055] {processor.py:161} INFO - Processing /home/ubuntu/.local/lib/python3.10/site-packages/airflow/example_dags/example_complex.py took 0.066 seconds
[2022-05-21 18:01:52,840] {processor.py:153} INFO - Started process (PID=6104) to work on /home/ubuntu/.local/lib/python3.10/site-packages/airflow/example_dags/example_complex.py
[2022-05-21 18:01:52,841] {processor.py:641} INFO - Processing file /home/ubuntu/.local/lib/python3.10/site-packages/airflow/example_dags/example_complex.py for tasks to queue
[2022-05-21 18:01:52,841] {logging_mixin.py:115} INFO - [2022-05-21 18:01:52,841] {dagbag.py:507} INFO - Filling up the DagBag from /home/ubuntu/.local/lib/python3.10/site-packages/airflow/example_dags/example_complex.py
[2022-05-21 18:01:52,853] {processor.py:651} INFO - DAG(s) dict_keys(['example_complex']) retrieved from /home/ubuntu/.local/lib/python3.10/site-packages/airflow/example_dags/example_complex.py
[2022-05-21 18:01:52,873] {logging_mixin.py:115} INFO - [2022-05-21 18:01:52,873] {dag.py:2371} INFO - Sync 1 DAGs
[2022-05-21 18:01:52,890] {logging_mixin.py:115} INFO - [2022-05-21 18:01:52,889] {dag.py:2915} INFO - Setting next_dagrun for example_complex to None, run_after=None
[2022-05-21 18:01:52,904] {processor.py:161} INFO - Processing /home/ubuntu/.local/lib/python3.10/site-packages/airflow/example_dags/example_complex.py took 0.067 seconds
[2022-05-21 18:02:25,911] {processor.py:153} INFO - Started process (PID=6138) to work on /home/ubuntu/.local/lib/python3.10/site-packages/airflow/example_dags/example_complex.py
[2022-05-21 18:02:25,912] {processor.py:641} INFO - Processing file /home/ubuntu/.local/lib/python3.10/site-packages/airflow/example_dags/example_complex.py for tasks to queue
[2022-05-21 18:02:25,912] {logging_mixin.py:115} INFO - [2022-05-21 18:02:25,912] {dagbag.py:507} INFO - Filling up the DagBag from /home/ubuntu/.local/lib/python3.10/site-packages/airflow/example_dags/example_complex.py
[2022-05-21 18:02:25,924] {processor.py:651} INFO - DAG(s) dict_keys(['example_complex']) retrieved from /home/ubuntu/.local/lib/python3.10/site-packages/airflow/example_dags/example_complex.py
[2022-05-21 18:02:25,943] {logging_mixin.py:115} INFO - [2022-05-21 18:02:25,943] {dag.py:2371} INFO - Sync 1 DAGs
[2022-05-21 18:02:25,959] {logging_mixin.py:115} INFO - [2022-05-21 18:02:25,959] {dag.py:2915} INFO - Setting next_dagrun for example_complex to None, run_after=None
[2022-05-21 18:02:25,974] {processor.py:161} INFO - Processing /home/ubuntu/.local/lib/python3.10/site-packages/airflow/example_dags/example_complex.py took 0.066 seconds
[2022-05-21 18:02:59,620] {processor.py:153} INFO - Started process (PID=6175) to work on /home/ubuntu/.local/lib/python3.10/site-packages/airflow/example_dags/example_complex.py
[2022-05-21 18:02:59,620] {processor.py:641} INFO - Processing file /home/ubuntu/.local/lib/python3.10/site-packages/airflow/example_dags/example_complex.py for tasks to queue
[2022-05-21 18:02:59,621] {logging_mixin.py:115} INFO - [2022-05-21 18:02:59,621] {dagbag.py:507} INFO - Filling up the DagBag from /home/ubuntu/.local/lib/python3.10/site-packages/airflow/example_dags/example_complex.py
[2022-05-21 18:02:59,632] {processor.py:651} INFO - DAG(s) dict_keys(['example_complex']) retrieved from /home/ubuntu/.local/lib/python3.10/site-packages/airflow/example_dags/example_complex.py
[2022-05-21 18:02:59,652] {logging_mixin.py:115} INFO - [2022-05-21 18:02:59,652] {dag.py:2371} INFO - Sync 1 DAGs
[2022-05-21 18:02:59,669] {logging_mixin.py:115} INFO - [2022-05-21 18:02:59,668] {dag.py:2915} INFO - Setting next_dagrun for example_complex to None, run_after=None
[2022-05-21 18:02:59,682] {processor.py:161} INFO - Processing /home/ubuntu/.local/lib/python3.10/site-packages/airflow/example_dags/example_complex.py took 0.065 seconds
[2022-05-21 18:03:35,229] {processor.py:153} INFO - Started process (PID=6218) to work on /home/ubuntu/.local/lib/python3.10/site-packages/airflow/example_dags/example_complex.py
[2022-05-21 18:03:35,230] {processor.py:641} INFO - Processing file /home/ubuntu/.local/lib/python3.10/site-packages/airflow/example_dags/example_complex.py for tasks to queue
[2022-05-21 18:03:35,230] {logging_mixin.py:115} INFO - [2022-05-21 18:03:35,230] {dagbag.py:507} INFO - Filling up the DagBag from /home/ubuntu/.local/lib/python3.10/site-packages/airflow/example_dags/example_complex.py
[2022-05-21 18:03:35,242] {processor.py:651} INFO - DAG(s) dict_keys(['example_complex']) retrieved from /home/ubuntu/.local/lib/python3.10/site-packages/airflow/example_dags/example_complex.py
[2022-05-21 18:03:35,262] {logging_mixin.py:115} INFO - [2022-05-21 18:03:35,262] {dag.py:2371} INFO - Sync 1 DAGs
[2022-05-21 18:03:35,279] {logging_mixin.py:115} INFO - [2022-05-21 18:03:35,278] {dag.py:2915} INFO - Setting next_dagrun for example_complex to None, run_after=None
[2022-05-21 18:03:35,293] {processor.py:161} INFO - Processing /home/ubuntu/.local/lib/python3.10/site-packages/airflow/example_dags/example_complex.py took 0.067 seconds
[2022-05-21 18:04:08,584] {processor.py:153} INFO - Started process (PID=6260) to work on /home/ubuntu/.local/lib/python3.10/site-packages/airflow/example_dags/example_complex.py
[2022-05-21 18:04:08,585] {processor.py:641} INFO - Processing file /home/ubuntu/.local/lib/python3.10/site-packages/airflow/example_dags/example_complex.py for tasks to queue
[2022-05-21 18:04:08,586] {logging_mixin.py:115} INFO - [2022-05-21 18:04:08,586] {dagbag.py:507} INFO - Filling up the DagBag from /home/ubuntu/.local/lib/python3.10/site-packages/airflow/example_dags/example_complex.py
[2022-05-21 18:04:08,597] {processor.py:651} INFO - DAG(s) dict_keys(['example_complex']) retrieved from /home/ubuntu/.local/lib/python3.10/site-packages/airflow/example_dags/example_complex.py
[2022-05-21 18:04:08,617] {logging_mixin.py:115} INFO - [2022-05-21 18:04:08,617] {dag.py:2371} INFO - Sync 1 DAGs
[2022-05-21 18:04:08,635] {logging_mixin.py:115} INFO - [2022-05-21 18:04:08,634] {dag.py:2915} INFO - Setting next_dagrun for example_complex to None, run_after=None
[2022-05-21 18:04:08,648] {processor.py:161} INFO - Processing /home/ubuntu/.local/lib/python3.10/site-packages/airflow/example_dags/example_complex.py took 0.067 seconds
[2022-05-21 18:04:40,766] {processor.py:153} INFO - Started process (PID=6299) to work on /home/ubuntu/.local/lib/python3.10/site-packages/airflow/example_dags/example_complex.py
[2022-05-21 18:04:40,766] {processor.py:641} INFO - Processing file /home/ubuntu/.local/lib/python3.10/site-packages/airflow/example_dags/example_complex.py for tasks to queue
[2022-05-21 18:04:40,767] {logging_mixin.py:115} INFO - [2022-05-21 18:04:40,766] {dagbag.py:507} INFO - Filling up the DagBag from /home/ubuntu/.local/lib/python3.10/site-packages/airflow/example_dags/example_complex.py
[2022-05-21 18:04:40,779] {processor.py:651} INFO - DAG(s) dict_keys(['example_complex']) retrieved from /home/ubuntu/.local/lib/python3.10/site-packages/airflow/example_dags/example_complex.py
[2022-05-21 18:04:40,799] {logging_mixin.py:115} INFO - [2022-05-21 18:04:40,799] {dag.py:2371} INFO - Sync 1 DAGs
[2022-05-21 18:04:40,816] {logging_mixin.py:115} INFO - [2022-05-21 18:04:40,816] {dag.py:2915} INFO - Setting next_dagrun for example_complex to None, run_after=None
[2022-05-21 18:04:40,829] {processor.py:161} INFO - Processing /home/ubuntu/.local/lib/python3.10/site-packages/airflow/example_dags/example_complex.py took 0.067 seconds
[2022-05-21 18:05:16,662] {processor.py:153} INFO - Started process (PID=6345) to work on /home/ubuntu/.local/lib/python3.10/site-packages/airflow/example_dags/example_complex.py
[2022-05-21 18:05:16,674] {processor.py:641} INFO - Processing file /home/ubuntu/.local/lib/python3.10/site-packages/airflow/example_dags/example_complex.py for tasks to queue
[2022-05-21 18:05:16,675] {logging_mixin.py:115} INFO - [2022-05-21 18:05:16,675] {dagbag.py:507} INFO - Filling up the DagBag from /home/ubuntu/.local/lib/python3.10/site-packages/airflow/example_dags/example_complex.py
[2022-05-21 18:05:16,687] {processor.py:651} INFO - DAG(s) dict_keys(['example_complex']) retrieved from /home/ubuntu/.local/lib/python3.10/site-packages/airflow/example_dags/example_complex.py
[2022-05-21 18:05:16,707] {logging_mixin.py:115} INFO - [2022-05-21 18:05:16,707] {dag.py:2371} INFO - Sync 1 DAGs
[2022-05-21 18:05:16,724] {logging_mixin.py:115} INFO - [2022-05-21 18:05:16,724] {dag.py:2915} INFO - Setting next_dagrun for example_complex to None, run_after=None
[2022-05-21 18:05:16,738] {processor.py:161} INFO - Processing /home/ubuntu/.local/lib/python3.10/site-packages/airflow/example_dags/example_complex.py took 0.079 seconds
[2022-05-21 18:05:50,340] {processor.py:153} INFO - Started process (PID=6381) to work on /home/ubuntu/.local/lib/python3.10/site-packages/airflow/example_dags/example_complex.py
[2022-05-21 18:05:50,341] {processor.py:641} INFO - Processing file /home/ubuntu/.local/lib/python3.10/site-packages/airflow/example_dags/example_complex.py for tasks to queue
[2022-05-21 18:05:50,341] {logging_mixin.py:115} INFO - [2022-05-21 18:05:50,341] {dagbag.py:507} INFO - Filling up the DagBag from /home/ubuntu/.local/lib/python3.10/site-packages/airflow/example_dags/example_complex.py
[2022-05-21 18:05:50,353] {processor.py:651} INFO - DAG(s) dict_keys(['example_complex']) retrieved from /home/ubuntu/.local/lib/python3.10/site-packages/airflow/example_dags/example_complex.py
[2022-05-21 18:05:50,373] {logging_mixin.py:115} INFO - [2022-05-21 18:05:50,373] {dag.py:2371} INFO - Sync 1 DAGs
[2022-05-21 18:05:50,390] {logging_mixin.py:115} INFO - [2022-05-21 18:05:50,390] {dag.py:2915} INFO - Setting next_dagrun for example_complex to None, run_after=None
[2022-05-21 18:05:50,404] {processor.py:161} INFO - Processing /home/ubuntu/.local/lib/python3.10/site-packages/airflow/example_dags/example_complex.py took 0.067 seconds
[2022-05-21 18:06:22,323] {processor.py:153} INFO - Started process (PID=6415) to work on /home/ubuntu/.local/lib/python3.10/site-packages/airflow/example_dags/example_complex.py
[2022-05-21 18:06:22,323] {processor.py:641} INFO - Processing file /home/ubuntu/.local/lib/python3.10/site-packages/airflow/example_dags/example_complex.py for tasks to queue
[2022-05-21 18:06:22,324] {logging_mixin.py:115} INFO - [2022-05-21 18:06:22,324] {dagbag.py:507} INFO - Filling up the DagBag from /home/ubuntu/.local/lib/python3.10/site-packages/airflow/example_dags/example_complex.py
[2022-05-21 18:06:22,336] {processor.py:651} INFO - DAG(s) dict_keys(['example_complex']) retrieved from /home/ubuntu/.local/lib/python3.10/site-packages/airflow/example_dags/example_complex.py
[2022-05-21 18:06:22,357] {logging_mixin.py:115} INFO - [2022-05-21 18:06:22,356] {dag.py:2371} INFO - Sync 1 DAGs
[2022-05-21 18:06:22,373] {logging_mixin.py:115} INFO - [2022-05-21 18:06:22,373] {dag.py:2915} INFO - Setting next_dagrun for example_complex to None, run_after=None
[2022-05-21 18:06:22,387] {processor.py:161} INFO - Processing /home/ubuntu/.local/lib/python3.10/site-packages/airflow/example_dags/example_complex.py took 0.067 seconds
[2022-05-21 18:06:57,103] {processor.py:153} INFO - Started process (PID=6450) to work on /home/ubuntu/.local/lib/python3.10/site-packages/airflow/example_dags/example_complex.py
[2022-05-21 18:06:57,104] {processor.py:641} INFO - Processing file /home/ubuntu/.local/lib/python3.10/site-packages/airflow/example_dags/example_complex.py for tasks to queue
[2022-05-21 18:06:57,105] {logging_mixin.py:115} INFO - [2022-05-21 18:06:57,104] {dagbag.py:507} INFO - Filling up the DagBag from /home/ubuntu/.local/lib/python3.10/site-packages/airflow/example_dags/example_complex.py
[2022-05-21 18:06:57,117] {processor.py:651} INFO - DAG(s) dict_keys(['example_complex']) retrieved from /home/ubuntu/.local/lib/python3.10/site-packages/airflow/example_dags/example_complex.py
[2022-05-21 18:06:57,137] {logging_mixin.py:115} INFO - [2022-05-21 18:06:57,136] {dag.py:2371} INFO - Sync 1 DAGs
[2022-05-21 18:06:57,154] {logging_mixin.py:115} INFO - [2022-05-21 18:06:57,153] {dag.py:2915} INFO - Setting next_dagrun for example_complex to None, run_after=None
[2022-05-21 18:06:57,167] {processor.py:161} INFO - Processing /home/ubuntu/.local/lib/python3.10/site-packages/airflow/example_dags/example_complex.py took 0.067 seconds
