[2022-05-21 17:47:45,255] {processor.py:153} INFO - Started process (PID=5160) to work on /home/ubuntu/.local/lib/python3.10/site-packages/airflow/example_dags/tutorial_taskflow_api_etl_virtualenv.py
[2022-05-21 17:47:45,256] {processor.py:641} INFO - Processing file /home/ubuntu/.local/lib/python3.10/site-packages/airflow/example_dags/tutorial_taskflow_api_etl_virtualenv.py for tasks to queue
[2022-05-21 17:47:45,256] {logging_mixin.py:115} INFO - [2022-05-21 17:47:45,256] {dagbag.py:507} INFO - Filling up the DagBag from /home/ubuntu/.local/lib/python3.10/site-packages/airflow/example_dags/tutorial_taskflow_api_etl_virtualenv.py
[2022-05-21 17:47:45,270] {logging_mixin.py:115} INFO - [2022-05-21 17:47:45,270] {tutorial_taskflow_api_etl_virtualenv.py:29} WARNING - The tutorial_taskflow_api_etl_virtualenv example DAG requires virtualenv, please install it.
[2022-05-21 17:47:45,271] {processor.py:653} WARNING - No viable dags retrieved from /home/ubuntu/.local/lib/python3.10/site-packages/airflow/example_dags/tutorial_taskflow_api_etl_virtualenv.py
[2022-05-21 17:47:45,281] {processor.py:161} INFO - Processing /home/ubuntu/.local/lib/python3.10/site-packages/airflow/example_dags/tutorial_taskflow_api_etl_virtualenv.py took 0.029 seconds
[2022-05-21 17:48:19,493] {processor.py:153} INFO - Started process (PID=5195) to work on /home/ubuntu/.local/lib/python3.10/site-packages/airflow/example_dags/tutorial_taskflow_api_etl_virtualenv.py
[2022-05-21 17:48:19,494] {processor.py:641} INFO - Processing file /home/ubuntu/.local/lib/python3.10/site-packages/airflow/example_dags/tutorial_taskflow_api_etl_virtualenv.py for tasks to queue
[2022-05-21 17:48:19,494] {logging_mixin.py:115} INFO - [2022-05-21 17:48:19,494] {dagbag.py:507} INFO - Filling up the DagBag from /home/ubuntu/.local/lib/python3.10/site-packages/airflow/example_dags/tutorial_taskflow_api_etl_virtualenv.py
[2022-05-21 17:48:19,507] {logging_mixin.py:115} INFO - [2022-05-21 17:48:19,507] {tutorial_taskflow_api_etl_virtualenv.py:29} WARNING - The tutorial_taskflow_api_etl_virtualenv example DAG requires virtualenv, please install it.
[2022-05-21 17:48:19,507] {processor.py:653} WARNING - No viable dags retrieved from /home/ubuntu/.local/lib/python3.10/site-packages/airflow/example_dags/tutorial_taskflow_api_etl_virtualenv.py
[2022-05-21 17:48:19,517] {processor.py:161} INFO - Processing /home/ubuntu/.local/lib/python3.10/site-packages/airflow/example_dags/tutorial_taskflow_api_etl_virtualenv.py took 0.027 seconds
[2022-05-21 17:48:51,482] {processor.py:153} INFO - Started process (PID=5229) to work on /home/ubuntu/.local/lib/python3.10/site-packages/airflow/example_dags/tutorial_taskflow_api_etl_virtualenv.py
[2022-05-21 17:48:51,483] {processor.py:641} INFO - Processing file /home/ubuntu/.local/lib/python3.10/site-packages/airflow/example_dags/tutorial_taskflow_api_etl_virtualenv.py for tasks to queue
[2022-05-21 17:48:51,483] {logging_mixin.py:115} INFO - [2022-05-21 17:48:51,483] {dagbag.py:507} INFO - Filling up the DagBag from /home/ubuntu/.local/lib/python3.10/site-packages/airflow/example_dags/tutorial_taskflow_api_etl_virtualenv.py
[2022-05-21 17:48:51,496] {logging_mixin.py:115} INFO - [2022-05-21 17:48:51,496] {tutorial_taskflow_api_etl_virtualenv.py:29} WARNING - The tutorial_taskflow_api_etl_virtualenv example DAG requires virtualenv, please install it.
[2022-05-21 17:48:51,497] {processor.py:653} WARNING - No viable dags retrieved from /home/ubuntu/.local/lib/python3.10/site-packages/airflow/example_dags/tutorial_taskflow_api_etl_virtualenv.py
[2022-05-21 17:48:51,506] {processor.py:161} INFO - Processing /home/ubuntu/.local/lib/python3.10/site-packages/airflow/example_dags/tutorial_taskflow_api_etl_virtualenv.py took 0.027 seconds
[2022-05-21 17:49:25,704] {processor.py:153} INFO - Started process (PID=5268) to work on /home/ubuntu/.local/lib/python3.10/site-packages/airflow/example_dags/tutorial_taskflow_api_etl_virtualenv.py
[2022-05-21 17:49:25,704] {processor.py:641} INFO - Processing file /home/ubuntu/.local/lib/python3.10/site-packages/airflow/example_dags/tutorial_taskflow_api_etl_virtualenv.py for tasks to queue
[2022-05-21 17:49:25,705] {logging_mixin.py:115} INFO - [2022-05-21 17:49:25,705] {dagbag.py:507} INFO - Filling up the DagBag from /home/ubuntu/.local/lib/python3.10/site-packages/airflow/example_dags/tutorial_taskflow_api_etl_virtualenv.py
[2022-05-21 17:49:25,718] {logging_mixin.py:115} INFO - [2022-05-21 17:49:25,718] {tutorial_taskflow_api_etl_virtualenv.py:29} WARNING - The tutorial_taskflow_api_etl_virtualenv example DAG requires virtualenv, please install it.
[2022-05-21 17:49:25,719] {processor.py:653} WARNING - No viable dags retrieved from /home/ubuntu/.local/lib/python3.10/site-packages/airflow/example_dags/tutorial_taskflow_api_etl_virtualenv.py
[2022-05-21 17:49:25,728] {processor.py:161} INFO - Processing /home/ubuntu/.local/lib/python3.10/site-packages/airflow/example_dags/tutorial_taskflow_api_etl_virtualenv.py took 0.027 seconds
[2022-05-21 17:49:58,241] {processor.py:153} INFO - Started process (PID=5305) to work on /home/ubuntu/.local/lib/python3.10/site-packages/airflow/example_dags/tutorial_taskflow_api_etl_virtualenv.py
[2022-05-21 17:49:58,241] {processor.py:641} INFO - Processing file /home/ubuntu/.local/lib/python3.10/site-packages/airflow/example_dags/tutorial_taskflow_api_etl_virtualenv.py for tasks to queue
[2022-05-21 17:49:58,242] {logging_mixin.py:115} INFO - [2022-05-21 17:49:58,242] {dagbag.py:507} INFO - Filling up the DagBag from /home/ubuntu/.local/lib/python3.10/site-packages/airflow/example_dags/tutorial_taskflow_api_etl_virtualenv.py
[2022-05-21 17:49:58,255] {logging_mixin.py:115} INFO - [2022-05-21 17:49:58,255] {tutorial_taskflow_api_etl_virtualenv.py:29} WARNING - The tutorial_taskflow_api_etl_virtualenv example DAG requires virtualenv, please install it.
[2022-05-21 17:49:58,255] {processor.py:653} WARNING - No viable dags retrieved from /home/ubuntu/.local/lib/python3.10/site-packages/airflow/example_dags/tutorial_taskflow_api_etl_virtualenv.py
[2022-05-21 17:49:58,265] {processor.py:161} INFO - Processing /home/ubuntu/.local/lib/python3.10/site-packages/airflow/example_dags/tutorial_taskflow_api_etl_virtualenv.py took 0.027 seconds
[2022-05-21 17:50:31,226] {processor.py:153} INFO - Started process (PID=5340) to work on /home/ubuntu/.local/lib/python3.10/site-packages/airflow/example_dags/tutorial_taskflow_api_etl_virtualenv.py
[2022-05-21 17:50:31,226] {processor.py:641} INFO - Processing file /home/ubuntu/.local/lib/python3.10/site-packages/airflow/example_dags/tutorial_taskflow_api_etl_virtualenv.py for tasks to queue
[2022-05-21 17:50:31,226] {logging_mixin.py:115} INFO - [2022-05-21 17:50:31,226] {dagbag.py:507} INFO - Filling up the DagBag from /home/ubuntu/.local/lib/python3.10/site-packages/airflow/example_dags/tutorial_taskflow_api_etl_virtualenv.py
[2022-05-21 17:50:31,240] {logging_mixin.py:115} INFO - [2022-05-21 17:50:31,240] {tutorial_taskflow_api_etl_virtualenv.py:29} WARNING - The tutorial_taskflow_api_etl_virtualenv example DAG requires virtualenv, please install it.
[2022-05-21 17:50:31,240] {processor.py:653} WARNING - No viable dags retrieved from /home/ubuntu/.local/lib/python3.10/site-packages/airflow/example_dags/tutorial_taskflow_api_etl_virtualenv.py
[2022-05-21 17:50:31,250] {processor.py:161} INFO - Processing /home/ubuntu/.local/lib/python3.10/site-packages/airflow/example_dags/tutorial_taskflow_api_etl_virtualenv.py took 0.028 seconds
[2022-05-21 17:51:02,759] {processor.py:153} INFO - Started process (PID=5372) to work on /home/ubuntu/.local/lib/python3.10/site-packages/airflow/example_dags/tutorial_taskflow_api_etl_virtualenv.py
[2022-05-21 17:51:02,760] {processor.py:641} INFO - Processing file /home/ubuntu/.local/lib/python3.10/site-packages/airflow/example_dags/tutorial_taskflow_api_etl_virtualenv.py for tasks to queue
[2022-05-21 17:51:02,761] {logging_mixin.py:115} INFO - [2022-05-21 17:51:02,761] {dagbag.py:507} INFO - Filling up the DagBag from /home/ubuntu/.local/lib/python3.10/site-packages/airflow/example_dags/tutorial_taskflow_api_etl_virtualenv.py
[2022-05-21 17:51:02,774] {logging_mixin.py:115} INFO - [2022-05-21 17:51:02,774] {tutorial_taskflow_api_etl_virtualenv.py:29} WARNING - The tutorial_taskflow_api_etl_virtualenv example DAG requires virtualenv, please install it.
[2022-05-21 17:51:02,775] {processor.py:653} WARNING - No viable dags retrieved from /home/ubuntu/.local/lib/python3.10/site-packages/airflow/example_dags/tutorial_taskflow_api_etl_virtualenv.py
[2022-05-21 17:51:02,785] {processor.py:161} INFO - Processing /home/ubuntu/.local/lib/python3.10/site-packages/airflow/example_dags/tutorial_taskflow_api_etl_virtualenv.py took 0.029 seconds
[2022-05-21 17:51:34,277] {processor.py:153} INFO - Started process (PID=5405) to work on /home/ubuntu/.local/lib/python3.10/site-packages/airflow/example_dags/tutorial_taskflow_api_etl_virtualenv.py
[2022-05-21 17:51:34,277] {processor.py:641} INFO - Processing file /home/ubuntu/.local/lib/python3.10/site-packages/airflow/example_dags/tutorial_taskflow_api_etl_virtualenv.py for tasks to queue
[2022-05-21 17:51:34,277] {logging_mixin.py:115} INFO - [2022-05-21 17:51:34,277] {dagbag.py:507} INFO - Filling up the DagBag from /home/ubuntu/.local/lib/python3.10/site-packages/airflow/example_dags/tutorial_taskflow_api_etl_virtualenv.py
[2022-05-21 17:51:34,291] {logging_mixin.py:115} INFO - [2022-05-21 17:51:34,291] {tutorial_taskflow_api_etl_virtualenv.py:29} WARNING - The tutorial_taskflow_api_etl_virtualenv example DAG requires virtualenv, please install it.
[2022-05-21 17:51:34,291] {processor.py:653} WARNING - No viable dags retrieved from /home/ubuntu/.local/lib/python3.10/site-packages/airflow/example_dags/tutorial_taskflow_api_etl_virtualenv.py
[2022-05-21 17:51:34,301] {processor.py:161} INFO - Processing /home/ubuntu/.local/lib/python3.10/site-packages/airflow/example_dags/tutorial_taskflow_api_etl_virtualenv.py took 0.028 seconds
[2022-05-21 17:52:06,939] {processor.py:153} INFO - Started process (PID=5437) to work on /home/ubuntu/.local/lib/python3.10/site-packages/airflow/example_dags/tutorial_taskflow_api_etl_virtualenv.py
[2022-05-21 17:52:06,939] {processor.py:641} INFO - Processing file /home/ubuntu/.local/lib/python3.10/site-packages/airflow/example_dags/tutorial_taskflow_api_etl_virtualenv.py for tasks to queue
[2022-05-21 17:52:06,940] {logging_mixin.py:115} INFO - [2022-05-21 17:52:06,940] {dagbag.py:507} INFO - Filling up the DagBag from /home/ubuntu/.local/lib/python3.10/site-packages/airflow/example_dags/tutorial_taskflow_api_etl_virtualenv.py
[2022-05-21 17:52:06,953] {logging_mixin.py:115} INFO - [2022-05-21 17:52:06,953] {tutorial_taskflow_api_etl_virtualenv.py:29} WARNING - The tutorial_taskflow_api_etl_virtualenv example DAG requires virtualenv, please install it.
[2022-05-21 17:52:06,953] {processor.py:653} WARNING - No viable dags retrieved from /home/ubuntu/.local/lib/python3.10/site-packages/airflow/example_dags/tutorial_taskflow_api_etl_virtualenv.py
[2022-05-21 17:52:06,963] {processor.py:161} INFO - Processing /home/ubuntu/.local/lib/python3.10/site-packages/airflow/example_dags/tutorial_taskflow_api_etl_virtualenv.py took 0.028 seconds
[2022-05-21 17:52:38,778] {processor.py:153} INFO - Started process (PID=5471) to work on /home/ubuntu/.local/lib/python3.10/site-packages/airflow/example_dags/tutorial_taskflow_api_etl_virtualenv.py
[2022-05-21 17:52:38,778] {processor.py:641} INFO - Processing file /home/ubuntu/.local/lib/python3.10/site-packages/airflow/example_dags/tutorial_taskflow_api_etl_virtualenv.py for tasks to queue
[2022-05-21 17:52:38,779] {logging_mixin.py:115} INFO - [2022-05-21 17:52:38,779] {dagbag.py:507} INFO - Filling up the DagBag from /home/ubuntu/.local/lib/python3.10/site-packages/airflow/example_dags/tutorial_taskflow_api_etl_virtualenv.py
[2022-05-21 17:52:38,793] {logging_mixin.py:115} INFO - [2022-05-21 17:52:38,793] {tutorial_taskflow_api_etl_virtualenv.py:29} WARNING - The tutorial_taskflow_api_etl_virtualenv example DAG requires virtualenv, please install it.
[2022-05-21 17:52:38,793] {processor.py:653} WARNING - No viable dags retrieved from /home/ubuntu/.local/lib/python3.10/site-packages/airflow/example_dags/tutorial_taskflow_api_etl_virtualenv.py
[2022-05-21 17:52:38,804] {processor.py:161} INFO - Processing /home/ubuntu/.local/lib/python3.10/site-packages/airflow/example_dags/tutorial_taskflow_api_etl_virtualenv.py took 0.029 seconds
[2022-05-21 17:53:11,346] {processor.py:153} INFO - Started process (PID=5505) to work on /home/ubuntu/.local/lib/python3.10/site-packages/airflow/example_dags/tutorial_taskflow_api_etl_virtualenv.py
[2022-05-21 17:53:11,347] {processor.py:641} INFO - Processing file /home/ubuntu/.local/lib/python3.10/site-packages/airflow/example_dags/tutorial_taskflow_api_etl_virtualenv.py for tasks to queue
[2022-05-21 17:53:11,347] {logging_mixin.py:115} INFO - [2022-05-21 17:53:11,347] {dagbag.py:507} INFO - Filling up the DagBag from /home/ubuntu/.local/lib/python3.10/site-packages/airflow/example_dags/tutorial_taskflow_api_etl_virtualenv.py
[2022-05-21 17:53:11,360] {logging_mixin.py:115} INFO - [2022-05-21 17:53:11,360] {tutorial_taskflow_api_etl_virtualenv.py:29} WARNING - The tutorial_taskflow_api_etl_virtualenv example DAG requires virtualenv, please install it.
[2022-05-21 17:53:11,361] {processor.py:653} WARNING - No viable dags retrieved from /home/ubuntu/.local/lib/python3.10/site-packages/airflow/example_dags/tutorial_taskflow_api_etl_virtualenv.py
[2022-05-21 17:53:11,371] {processor.py:161} INFO - Processing /home/ubuntu/.local/lib/python3.10/site-packages/airflow/example_dags/tutorial_taskflow_api_etl_virtualenv.py took 0.028 seconds
[2022-05-21 17:53:44,576] {processor.py:153} INFO - Started process (PID=5553) to work on /home/ubuntu/.local/lib/python3.10/site-packages/airflow/example_dags/tutorial_taskflow_api_etl_virtualenv.py
[2022-05-21 17:53:44,577] {processor.py:641} INFO - Processing file /home/ubuntu/.local/lib/python3.10/site-packages/airflow/example_dags/tutorial_taskflow_api_etl_virtualenv.py for tasks to queue
[2022-05-21 17:53:44,577] {logging_mixin.py:115} INFO - [2022-05-21 17:53:44,577] {dagbag.py:507} INFO - Filling up the DagBag from /home/ubuntu/.local/lib/python3.10/site-packages/airflow/example_dags/tutorial_taskflow_api_etl_virtualenv.py
[2022-05-21 17:53:44,590] {logging_mixin.py:115} INFO - [2022-05-21 17:53:44,590] {tutorial_taskflow_api_etl_virtualenv.py:29} WARNING - The tutorial_taskflow_api_etl_virtualenv example DAG requires virtualenv, please install it.
[2022-05-21 17:53:44,590] {processor.py:653} WARNING - No viable dags retrieved from /home/ubuntu/.local/lib/python3.10/site-packages/airflow/example_dags/tutorial_taskflow_api_etl_virtualenv.py
[2022-05-21 17:53:44,601] {processor.py:161} INFO - Processing /home/ubuntu/.local/lib/python3.10/site-packages/airflow/example_dags/tutorial_taskflow_api_etl_virtualenv.py took 0.028 seconds
[2022-05-21 17:54:17,809] {processor.py:153} INFO - Started process (PID=5589) to work on /home/ubuntu/.local/lib/python3.10/site-packages/airflow/example_dags/tutorial_taskflow_api_etl_virtualenv.py
[2022-05-21 17:54:17,810] {processor.py:641} INFO - Processing file /home/ubuntu/.local/lib/python3.10/site-packages/airflow/example_dags/tutorial_taskflow_api_etl_virtualenv.py for tasks to queue
[2022-05-21 17:54:17,810] {logging_mixin.py:115} INFO - [2022-05-21 17:54:17,810] {dagbag.py:507} INFO - Filling up the DagBag from /home/ubuntu/.local/lib/python3.10/site-packages/airflow/example_dags/tutorial_taskflow_api_etl_virtualenv.py
[2022-05-21 17:54:17,824] {logging_mixin.py:115} INFO - [2022-05-21 17:54:17,824] {tutorial_taskflow_api_etl_virtualenv.py:29} WARNING - The tutorial_taskflow_api_etl_virtualenv example DAG requires virtualenv, please install it.
[2022-05-21 17:54:17,824] {processor.py:653} WARNING - No viable dags retrieved from /home/ubuntu/.local/lib/python3.10/site-packages/airflow/example_dags/tutorial_taskflow_api_etl_virtualenv.py
[2022-05-21 17:54:17,834] {processor.py:161} INFO - Processing /home/ubuntu/.local/lib/python3.10/site-packages/airflow/example_dags/tutorial_taskflow_api_etl_virtualenv.py took 0.028 seconds
[2022-05-21 17:54:52,667] {processor.py:153} INFO - Started process (PID=5624) to work on /home/ubuntu/.local/lib/python3.10/site-packages/airflow/example_dags/tutorial_taskflow_api_etl_virtualenv.py
[2022-05-21 17:54:52,668] {processor.py:641} INFO - Processing file /home/ubuntu/.local/lib/python3.10/site-packages/airflow/example_dags/tutorial_taskflow_api_etl_virtualenv.py for tasks to queue
[2022-05-21 17:54:52,669] {logging_mixin.py:115} INFO - [2022-05-21 17:54:52,669] {dagbag.py:507} INFO - Filling up the DagBag from /home/ubuntu/.local/lib/python3.10/site-packages/airflow/example_dags/tutorial_taskflow_api_etl_virtualenv.py
[2022-05-21 17:54:52,682] {logging_mixin.py:115} INFO - [2022-05-21 17:54:52,682] {tutorial_taskflow_api_etl_virtualenv.py:29} WARNING - The tutorial_taskflow_api_etl_virtualenv example DAG requires virtualenv, please install it.
[2022-05-21 17:54:52,682] {processor.py:653} WARNING - No viable dags retrieved from /home/ubuntu/.local/lib/python3.10/site-packages/airflow/example_dags/tutorial_taskflow_api_etl_virtualenv.py
[2022-05-21 17:54:52,693] {processor.py:161} INFO - Processing /home/ubuntu/.local/lib/python3.10/site-packages/airflow/example_dags/tutorial_taskflow_api_etl_virtualenv.py took 0.029 seconds
[2022-05-21 17:55:25,910] {processor.py:153} INFO - Started process (PID=5661) to work on /home/ubuntu/.local/lib/python3.10/site-packages/airflow/example_dags/tutorial_taskflow_api_etl_virtualenv.py
[2022-05-21 17:55:25,911] {processor.py:641} INFO - Processing file /home/ubuntu/.local/lib/python3.10/site-packages/airflow/example_dags/tutorial_taskflow_api_etl_virtualenv.py for tasks to queue
[2022-05-21 17:55:25,911] {logging_mixin.py:115} INFO - [2022-05-21 17:55:25,911] {dagbag.py:507} INFO - Filling up the DagBag from /home/ubuntu/.local/lib/python3.10/site-packages/airflow/example_dags/tutorial_taskflow_api_etl_virtualenv.py
[2022-05-21 17:55:25,925] {logging_mixin.py:115} INFO - [2022-05-21 17:55:25,924] {tutorial_taskflow_api_etl_virtualenv.py:29} WARNING - The tutorial_taskflow_api_etl_virtualenv example DAG requires virtualenv, please install it.
[2022-05-21 17:55:25,925] {processor.py:653} WARNING - No viable dags retrieved from /home/ubuntu/.local/lib/python3.10/site-packages/airflow/example_dags/tutorial_taskflow_api_etl_virtualenv.py
[2022-05-21 17:55:25,935] {processor.py:161} INFO - Processing /home/ubuntu/.local/lib/python3.10/site-packages/airflow/example_dags/tutorial_taskflow_api_etl_virtualenv.py took 0.028 seconds
[2022-05-21 17:55:56,264] {processor.py:153} INFO - Started process (PID=5695) to work on /home/ubuntu/.local/lib/python3.10/site-packages/airflow/example_dags/tutorial_taskflow_api_etl_virtualenv.py
[2022-05-21 17:55:56,264] {processor.py:641} INFO - Processing file /home/ubuntu/.local/lib/python3.10/site-packages/airflow/example_dags/tutorial_taskflow_api_etl_virtualenv.py for tasks to queue
[2022-05-21 17:55:56,264] {logging_mixin.py:115} INFO - [2022-05-21 17:55:56,264] {dagbag.py:507} INFO - Filling up the DagBag from /home/ubuntu/.local/lib/python3.10/site-packages/airflow/example_dags/tutorial_taskflow_api_etl_virtualenv.py
[2022-05-21 17:55:56,278] {logging_mixin.py:115} INFO - [2022-05-21 17:55:56,278] {tutorial_taskflow_api_etl_virtualenv.py:29} WARNING - The tutorial_taskflow_api_etl_virtualenv example DAG requires virtualenv, please install it.
[2022-05-21 17:55:56,278] {processor.py:653} WARNING - No viable dags retrieved from /home/ubuntu/.local/lib/python3.10/site-packages/airflow/example_dags/tutorial_taskflow_api_etl_virtualenv.py
[2022-05-21 17:55:56,289] {processor.py:161} INFO - Processing /home/ubuntu/.local/lib/python3.10/site-packages/airflow/example_dags/tutorial_taskflow_api_etl_virtualenv.py took 0.028 seconds
[2022-05-21 17:56:29,127] {processor.py:153} INFO - Started process (PID=5730) to work on /home/ubuntu/.local/lib/python3.10/site-packages/airflow/example_dags/tutorial_taskflow_api_etl_virtualenv.py
[2022-05-21 17:56:29,127] {processor.py:641} INFO - Processing file /home/ubuntu/.local/lib/python3.10/site-packages/airflow/example_dags/tutorial_taskflow_api_etl_virtualenv.py for tasks to queue
[2022-05-21 17:56:29,128] {logging_mixin.py:115} INFO - [2022-05-21 17:56:29,128] {dagbag.py:507} INFO - Filling up the DagBag from /home/ubuntu/.local/lib/python3.10/site-packages/airflow/example_dags/tutorial_taskflow_api_etl_virtualenv.py
[2022-05-21 17:56:29,141] {logging_mixin.py:115} INFO - [2022-05-21 17:56:29,141] {tutorial_taskflow_api_etl_virtualenv.py:29} WARNING - The tutorial_taskflow_api_etl_virtualenv example DAG requires virtualenv, please install it.
[2022-05-21 17:56:29,141] {processor.py:653} WARNING - No viable dags retrieved from /home/ubuntu/.local/lib/python3.10/site-packages/airflow/example_dags/tutorial_taskflow_api_etl_virtualenv.py
[2022-05-21 17:56:29,152] {processor.py:161} INFO - Processing /home/ubuntu/.local/lib/python3.10/site-packages/airflow/example_dags/tutorial_taskflow_api_etl_virtualenv.py took 0.028 seconds
[2022-05-21 17:56:59,976] {processor.py:153} INFO - Started process (PID=5764) to work on /home/ubuntu/.local/lib/python3.10/site-packages/airflow/example_dags/tutorial_taskflow_api_etl_virtualenv.py
[2022-05-21 17:56:59,976] {processor.py:641} INFO - Processing file /home/ubuntu/.local/lib/python3.10/site-packages/airflow/example_dags/tutorial_taskflow_api_etl_virtualenv.py for tasks to queue
[2022-05-21 17:56:59,977] {logging_mixin.py:115} INFO - [2022-05-21 17:56:59,977] {dagbag.py:507} INFO - Filling up the DagBag from /home/ubuntu/.local/lib/python3.10/site-packages/airflow/example_dags/tutorial_taskflow_api_etl_virtualenv.py
[2022-05-21 17:56:59,990] {logging_mixin.py:115} INFO - [2022-05-21 17:56:59,990] {tutorial_taskflow_api_etl_virtualenv.py:29} WARNING - The tutorial_taskflow_api_etl_virtualenv example DAG requires virtualenv, please install it.
[2022-05-21 17:56:59,990] {processor.py:653} WARNING - No viable dags retrieved from /home/ubuntu/.local/lib/python3.10/site-packages/airflow/example_dags/tutorial_taskflow_api_etl_virtualenv.py
[2022-05-21 17:57:00,000] {processor.py:161} INFO - Processing /home/ubuntu/.local/lib/python3.10/site-packages/airflow/example_dags/tutorial_taskflow_api_etl_virtualenv.py took 0.027 seconds
[2022-05-21 17:57:35,333] {processor.py:153} INFO - Started process (PID=5802) to work on /home/ubuntu/.local/lib/python3.10/site-packages/airflow/example_dags/tutorial_taskflow_api_etl_virtualenv.py
[2022-05-21 17:57:35,334] {processor.py:641} INFO - Processing file /home/ubuntu/.local/lib/python3.10/site-packages/airflow/example_dags/tutorial_taskflow_api_etl_virtualenv.py for tasks to queue
[2022-05-21 17:57:35,334] {logging_mixin.py:115} INFO - [2022-05-21 17:57:35,334] {dagbag.py:507} INFO - Filling up the DagBag from /home/ubuntu/.local/lib/python3.10/site-packages/airflow/example_dags/tutorial_taskflow_api_etl_virtualenv.py
[2022-05-21 17:57:35,348] {logging_mixin.py:115} INFO - [2022-05-21 17:57:35,348] {tutorial_taskflow_api_etl_virtualenv.py:29} WARNING - The tutorial_taskflow_api_etl_virtualenv example DAG requires virtualenv, please install it.
[2022-05-21 17:57:35,348] {processor.py:653} WARNING - No viable dags retrieved from /home/ubuntu/.local/lib/python3.10/site-packages/airflow/example_dags/tutorial_taskflow_api_etl_virtualenv.py
[2022-05-21 17:57:35,358] {processor.py:161} INFO - Processing /home/ubuntu/.local/lib/python3.10/site-packages/airflow/example_dags/tutorial_taskflow_api_etl_virtualenv.py took 0.028 seconds
[2022-05-21 17:58:07,055] {processor.py:153} INFO - Started process (PID=5841) to work on /home/ubuntu/.local/lib/python3.10/site-packages/airflow/example_dags/tutorial_taskflow_api_etl_virtualenv.py
[2022-05-21 17:58:07,055] {processor.py:641} INFO - Processing file /home/ubuntu/.local/lib/python3.10/site-packages/airflow/example_dags/tutorial_taskflow_api_etl_virtualenv.py for tasks to queue
[2022-05-21 17:58:07,055] {logging_mixin.py:115} INFO - [2022-05-21 17:58:07,055] {dagbag.py:507} INFO - Filling up the DagBag from /home/ubuntu/.local/lib/python3.10/site-packages/airflow/example_dags/tutorial_taskflow_api_etl_virtualenv.py
[2022-05-21 17:58:07,069] {logging_mixin.py:115} INFO - [2022-05-21 17:58:07,069] {tutorial_taskflow_api_etl_virtualenv.py:29} WARNING - The tutorial_taskflow_api_etl_virtualenv example DAG requires virtualenv, please install it.
[2022-05-21 17:58:07,069] {processor.py:653} WARNING - No viable dags retrieved from /home/ubuntu/.local/lib/python3.10/site-packages/airflow/example_dags/tutorial_taskflow_api_etl_virtualenv.py
[2022-05-21 17:58:07,080] {processor.py:161} INFO - Processing /home/ubuntu/.local/lib/python3.10/site-packages/airflow/example_dags/tutorial_taskflow_api_etl_virtualenv.py took 0.028 seconds
[2022-05-21 17:58:39,882] {processor.py:153} INFO - Started process (PID=5881) to work on /home/ubuntu/.local/lib/python3.10/site-packages/airflow/example_dags/tutorial_taskflow_api_etl_virtualenv.py
[2022-05-21 17:58:39,882] {processor.py:641} INFO - Processing file /home/ubuntu/.local/lib/python3.10/site-packages/airflow/example_dags/tutorial_taskflow_api_etl_virtualenv.py for tasks to queue
[2022-05-21 17:58:39,883] {logging_mixin.py:115} INFO - [2022-05-21 17:58:39,883] {dagbag.py:507} INFO - Filling up the DagBag from /home/ubuntu/.local/lib/python3.10/site-packages/airflow/example_dags/tutorial_taskflow_api_etl_virtualenv.py
[2022-05-21 17:58:39,896] {logging_mixin.py:115} INFO - [2022-05-21 17:58:39,896] {tutorial_taskflow_api_etl_virtualenv.py:29} WARNING - The tutorial_taskflow_api_etl_virtualenv example DAG requires virtualenv, please install it.
[2022-05-21 17:58:39,896] {processor.py:653} WARNING - No viable dags retrieved from /home/ubuntu/.local/lib/python3.10/site-packages/airflow/example_dags/tutorial_taskflow_api_etl_virtualenv.py
[2022-05-21 17:58:39,906] {processor.py:161} INFO - Processing /home/ubuntu/.local/lib/python3.10/site-packages/airflow/example_dags/tutorial_taskflow_api_etl_virtualenv.py took 0.028 seconds
[2022-05-21 17:59:12,990] {processor.py:153} INFO - Started process (PID=5916) to work on /home/ubuntu/.local/lib/python3.10/site-packages/airflow/example_dags/tutorial_taskflow_api_etl_virtualenv.py
[2022-05-21 17:59:12,991] {processor.py:641} INFO - Processing file /home/ubuntu/.local/lib/python3.10/site-packages/airflow/example_dags/tutorial_taskflow_api_etl_virtualenv.py for tasks to queue
[2022-05-21 17:59:12,991] {logging_mixin.py:115} INFO - [2022-05-21 17:59:12,991] {dagbag.py:507} INFO - Filling up the DagBag from /home/ubuntu/.local/lib/python3.10/site-packages/airflow/example_dags/tutorial_taskflow_api_etl_virtualenv.py
[2022-05-21 17:59:13,005] {logging_mixin.py:115} INFO - [2022-05-21 17:59:13,005] {tutorial_taskflow_api_etl_virtualenv.py:29} WARNING - The tutorial_taskflow_api_etl_virtualenv example DAG requires virtualenv, please install it.
[2022-05-21 17:59:13,005] {processor.py:653} WARNING - No viable dags retrieved from /home/ubuntu/.local/lib/python3.10/site-packages/airflow/example_dags/tutorial_taskflow_api_etl_virtualenv.py
[2022-05-21 17:59:13,015] {processor.py:161} INFO - Processing /home/ubuntu/.local/lib/python3.10/site-packages/airflow/example_dags/tutorial_taskflow_api_etl_virtualenv.py took 0.028 seconds
[2022-05-21 17:59:44,375] {processor.py:153} INFO - Started process (PID=5955) to work on /home/ubuntu/.local/lib/python3.10/site-packages/airflow/example_dags/tutorial_taskflow_api_etl_virtualenv.py
[2022-05-21 17:59:44,376] {processor.py:641} INFO - Processing file /home/ubuntu/.local/lib/python3.10/site-packages/airflow/example_dags/tutorial_taskflow_api_etl_virtualenv.py for tasks to queue
[2022-05-21 17:59:44,376] {logging_mixin.py:115} INFO - [2022-05-21 17:59:44,376] {dagbag.py:507} INFO - Filling up the DagBag from /home/ubuntu/.local/lib/python3.10/site-packages/airflow/example_dags/tutorial_taskflow_api_etl_virtualenv.py
[2022-05-21 17:59:44,390] {logging_mixin.py:115} INFO - [2022-05-21 17:59:44,390] {tutorial_taskflow_api_etl_virtualenv.py:29} WARNING - The tutorial_taskflow_api_etl_virtualenv example DAG requires virtualenv, please install it.
[2022-05-21 17:59:44,390] {processor.py:653} WARNING - No viable dags retrieved from /home/ubuntu/.local/lib/python3.10/site-packages/airflow/example_dags/tutorial_taskflow_api_etl_virtualenv.py
[2022-05-21 17:59:44,399] {processor.py:161} INFO - Processing /home/ubuntu/.local/lib/python3.10/site-packages/airflow/example_dags/tutorial_taskflow_api_etl_virtualenv.py took 0.027 seconds
[2022-05-21 18:00:15,222] {processor.py:153} INFO - Started process (PID=5989) to work on /home/ubuntu/.local/lib/python3.10/site-packages/airflow/example_dags/tutorial_taskflow_api_etl_virtualenv.py
[2022-05-21 18:00:15,223] {processor.py:641} INFO - Processing file /home/ubuntu/.local/lib/python3.10/site-packages/airflow/example_dags/tutorial_taskflow_api_etl_virtualenv.py for tasks to queue
[2022-05-21 18:00:15,223] {logging_mixin.py:115} INFO - [2022-05-21 18:00:15,223] {dagbag.py:507} INFO - Filling up the DagBag from /home/ubuntu/.local/lib/python3.10/site-packages/airflow/example_dags/tutorial_taskflow_api_etl_virtualenv.py
[2022-05-21 18:00:15,237] {logging_mixin.py:115} INFO - [2022-05-21 18:00:15,237] {tutorial_taskflow_api_etl_virtualenv.py:29} WARNING - The tutorial_taskflow_api_etl_virtualenv example DAG requires virtualenv, please install it.
[2022-05-21 18:00:15,237] {processor.py:653} WARNING - No viable dags retrieved from /home/ubuntu/.local/lib/python3.10/site-packages/airflow/example_dags/tutorial_taskflow_api_etl_virtualenv.py
[2022-05-21 18:00:15,248] {processor.py:161} INFO - Processing /home/ubuntu/.local/lib/python3.10/site-packages/airflow/example_dags/tutorial_taskflow_api_etl_virtualenv.py took 0.029 seconds
[2022-05-21 18:00:48,877] {processor.py:153} INFO - Started process (PID=6026) to work on /home/ubuntu/.local/lib/python3.10/site-packages/airflow/example_dags/tutorial_taskflow_api_etl_virtualenv.py
[2022-05-21 18:00:48,877] {processor.py:641} INFO - Processing file /home/ubuntu/.local/lib/python3.10/site-packages/airflow/example_dags/tutorial_taskflow_api_etl_virtualenv.py for tasks to queue
[2022-05-21 18:00:48,878] {logging_mixin.py:115} INFO - [2022-05-21 18:00:48,878] {dagbag.py:507} INFO - Filling up the DagBag from /home/ubuntu/.local/lib/python3.10/site-packages/airflow/example_dags/tutorial_taskflow_api_etl_virtualenv.py
[2022-05-21 18:00:48,891] {logging_mixin.py:115} INFO - [2022-05-21 18:00:48,891] {tutorial_taskflow_api_etl_virtualenv.py:29} WARNING - The tutorial_taskflow_api_etl_virtualenv example DAG requires virtualenv, please install it.
[2022-05-21 18:00:48,891] {processor.py:653} WARNING - No viable dags retrieved from /home/ubuntu/.local/lib/python3.10/site-packages/airflow/example_dags/tutorial_taskflow_api_etl_virtualenv.py
[2022-05-21 18:00:48,901] {processor.py:161} INFO - Processing /home/ubuntu/.local/lib/python3.10/site-packages/airflow/example_dags/tutorial_taskflow_api_etl_virtualenv.py took 0.027 seconds
[2022-05-21 18:01:19,124] {processor.py:153} INFO - Started process (PID=6069) to work on /home/ubuntu/.local/lib/python3.10/site-packages/airflow/example_dags/tutorial_taskflow_api_etl_virtualenv.py
[2022-05-21 18:01:19,124] {processor.py:641} INFO - Processing file /home/ubuntu/.local/lib/python3.10/site-packages/airflow/example_dags/tutorial_taskflow_api_etl_virtualenv.py for tasks to queue
[2022-05-21 18:01:19,125] {logging_mixin.py:115} INFO - [2022-05-21 18:01:19,125] {dagbag.py:507} INFO - Filling up the DagBag from /home/ubuntu/.local/lib/python3.10/site-packages/airflow/example_dags/tutorial_taskflow_api_etl_virtualenv.py
[2022-05-21 18:01:19,138] {logging_mixin.py:115} INFO - [2022-05-21 18:01:19,138] {tutorial_taskflow_api_etl_virtualenv.py:29} WARNING - The tutorial_taskflow_api_etl_virtualenv example DAG requires virtualenv, please install it.
[2022-05-21 18:01:19,138] {processor.py:653} WARNING - No viable dags retrieved from /home/ubuntu/.local/lib/python3.10/site-packages/airflow/example_dags/tutorial_taskflow_api_etl_virtualenv.py
[2022-05-21 18:01:19,149] {processor.py:161} INFO - Processing /home/ubuntu/.local/lib/python3.10/site-packages/airflow/example_dags/tutorial_taskflow_api_etl_virtualenv.py took 0.028 seconds
[2022-05-21 18:01:50,807] {processor.py:153} INFO - Started process (PID=6102) to work on /home/ubuntu/.local/lib/python3.10/site-packages/airflow/example_dags/tutorial_taskflow_api_etl_virtualenv.py
[2022-05-21 18:01:50,808] {processor.py:641} INFO - Processing file /home/ubuntu/.local/lib/python3.10/site-packages/airflow/example_dags/tutorial_taskflow_api_etl_virtualenv.py for tasks to queue
[2022-05-21 18:01:50,808] {logging_mixin.py:115} INFO - [2022-05-21 18:01:50,808] {dagbag.py:507} INFO - Filling up the DagBag from /home/ubuntu/.local/lib/python3.10/site-packages/airflow/example_dags/tutorial_taskflow_api_etl_virtualenv.py
[2022-05-21 18:01:50,822] {logging_mixin.py:115} INFO - [2022-05-21 18:01:50,822] {tutorial_taskflow_api_etl_virtualenv.py:29} WARNING - The tutorial_taskflow_api_etl_virtualenv example DAG requires virtualenv, please install it.
[2022-05-21 18:01:50,822] {processor.py:653} WARNING - No viable dags retrieved from /home/ubuntu/.local/lib/python3.10/site-packages/airflow/example_dags/tutorial_taskflow_api_etl_virtualenv.py
[2022-05-21 18:01:50,833] {processor.py:161} INFO - Processing /home/ubuntu/.local/lib/python3.10/site-packages/airflow/example_dags/tutorial_taskflow_api_etl_virtualenv.py took 0.029 seconds
[2022-05-21 18:02:23,640] {processor.py:153} INFO - Started process (PID=6136) to work on /home/ubuntu/.local/lib/python3.10/site-packages/airflow/example_dags/tutorial_taskflow_api_etl_virtualenv.py
[2022-05-21 18:02:23,640] {processor.py:641} INFO - Processing file /home/ubuntu/.local/lib/python3.10/site-packages/airflow/example_dags/tutorial_taskflow_api_etl_virtualenv.py for tasks to queue
[2022-05-21 18:02:23,640] {logging_mixin.py:115} INFO - [2022-05-21 18:02:23,640] {dagbag.py:507} INFO - Filling up the DagBag from /home/ubuntu/.local/lib/python3.10/site-packages/airflow/example_dags/tutorial_taskflow_api_etl_virtualenv.py
[2022-05-21 18:02:23,654] {logging_mixin.py:115} INFO - [2022-05-21 18:02:23,654] {tutorial_taskflow_api_etl_virtualenv.py:29} WARNING - The tutorial_taskflow_api_etl_virtualenv example DAG requires virtualenv, please install it.
[2022-05-21 18:02:23,654] {processor.py:653} WARNING - No viable dags retrieved from /home/ubuntu/.local/lib/python3.10/site-packages/airflow/example_dags/tutorial_taskflow_api_etl_virtualenv.py
[2022-05-21 18:02:23,664] {processor.py:161} INFO - Processing /home/ubuntu/.local/lib/python3.10/site-packages/airflow/example_dags/tutorial_taskflow_api_etl_virtualenv.py took 0.028 seconds
[2022-05-21 18:02:58,084] {processor.py:153} INFO - Started process (PID=6173) to work on /home/ubuntu/.local/lib/python3.10/site-packages/airflow/example_dags/tutorial_taskflow_api_etl_virtualenv.py
[2022-05-21 18:02:58,087] {processor.py:641} INFO - Processing file /home/ubuntu/.local/lib/python3.10/site-packages/airflow/example_dags/tutorial_taskflow_api_etl_virtualenv.py for tasks to queue
[2022-05-21 18:02:58,088] {logging_mixin.py:115} INFO - [2022-05-21 18:02:58,087] {dagbag.py:507} INFO - Filling up the DagBag from /home/ubuntu/.local/lib/python3.10/site-packages/airflow/example_dags/tutorial_taskflow_api_etl_virtualenv.py
[2022-05-21 18:02:58,101] {logging_mixin.py:115} INFO - [2022-05-21 18:02:58,101] {tutorial_taskflow_api_etl_virtualenv.py:29} WARNING - The tutorial_taskflow_api_etl_virtualenv example DAG requires virtualenv, please install it.
[2022-05-21 18:02:58,101] {processor.py:653} WARNING - No viable dags retrieved from /home/ubuntu/.local/lib/python3.10/site-packages/airflow/example_dags/tutorial_taskflow_api_etl_virtualenv.py
[2022-05-21 18:02:58,112] {processor.py:161} INFO - Processing /home/ubuntu/.local/lib/python3.10/site-packages/airflow/example_dags/tutorial_taskflow_api_etl_virtualenv.py took 0.031 seconds
[2022-05-21 18:03:29,817] {processor.py:153} INFO - Started process (PID=6207) to work on /home/ubuntu/.local/lib/python3.10/site-packages/airflow/example_dags/tutorial_taskflow_api_etl_virtualenv.py
[2022-05-21 18:03:29,818] {processor.py:641} INFO - Processing file /home/ubuntu/.local/lib/python3.10/site-packages/airflow/example_dags/tutorial_taskflow_api_etl_virtualenv.py for tasks to queue
[2022-05-21 18:03:29,818] {logging_mixin.py:115} INFO - [2022-05-21 18:03:29,818] {dagbag.py:507} INFO - Filling up the DagBag from /home/ubuntu/.local/lib/python3.10/site-packages/airflow/example_dags/tutorial_taskflow_api_etl_virtualenv.py
[2022-05-21 18:03:29,832] {logging_mixin.py:115} INFO - [2022-05-21 18:03:29,832] {tutorial_taskflow_api_etl_virtualenv.py:29} WARNING - The tutorial_taskflow_api_etl_virtualenv example DAG requires virtualenv, please install it.
[2022-05-21 18:03:29,832] {processor.py:653} WARNING - No viable dags retrieved from /home/ubuntu/.local/lib/python3.10/site-packages/airflow/example_dags/tutorial_taskflow_api_etl_virtualenv.py
[2022-05-21 18:03:29,843] {processor.py:161} INFO - Processing /home/ubuntu/.local/lib/python3.10/site-packages/airflow/example_dags/tutorial_taskflow_api_etl_virtualenv.py took 0.028 seconds
[2022-05-21 18:04:01,387] {processor.py:153} INFO - Started process (PID=6251) to work on /home/ubuntu/.local/lib/python3.10/site-packages/airflow/example_dags/tutorial_taskflow_api_etl_virtualenv.py
[2022-05-21 18:04:01,388] {processor.py:641} INFO - Processing file /home/ubuntu/.local/lib/python3.10/site-packages/airflow/example_dags/tutorial_taskflow_api_etl_virtualenv.py for tasks to queue
[2022-05-21 18:04:01,388] {logging_mixin.py:115} INFO - [2022-05-21 18:04:01,388] {dagbag.py:507} INFO - Filling up the DagBag from /home/ubuntu/.local/lib/python3.10/site-packages/airflow/example_dags/tutorial_taskflow_api_etl_virtualenv.py
[2022-05-21 18:04:01,401] {logging_mixin.py:115} INFO - [2022-05-21 18:04:01,401] {tutorial_taskflow_api_etl_virtualenv.py:29} WARNING - The tutorial_taskflow_api_etl_virtualenv example DAG requires virtualenv, please install it.
[2022-05-21 18:04:01,402] {processor.py:653} WARNING - No viable dags retrieved from /home/ubuntu/.local/lib/python3.10/site-packages/airflow/example_dags/tutorial_taskflow_api_etl_virtualenv.py
[2022-05-21 18:04:01,412] {processor.py:161} INFO - Processing /home/ubuntu/.local/lib/python3.10/site-packages/airflow/example_dags/tutorial_taskflow_api_etl_virtualenv.py took 0.028 seconds
[2022-05-21 18:04:33,411] {processor.py:153} INFO - Started process (PID=6292) to work on /home/ubuntu/.local/lib/python3.10/site-packages/airflow/example_dags/tutorial_taskflow_api_etl_virtualenv.py
[2022-05-21 18:04:33,412] {processor.py:641} INFO - Processing file /home/ubuntu/.local/lib/python3.10/site-packages/airflow/example_dags/tutorial_taskflow_api_etl_virtualenv.py for tasks to queue
[2022-05-21 18:04:33,413] {logging_mixin.py:115} INFO - [2022-05-21 18:04:33,413] {dagbag.py:507} INFO - Filling up the DagBag from /home/ubuntu/.local/lib/python3.10/site-packages/airflow/example_dags/tutorial_taskflow_api_etl_virtualenv.py
[2022-05-21 18:04:33,426] {logging_mixin.py:115} INFO - [2022-05-21 18:04:33,426] {tutorial_taskflow_api_etl_virtualenv.py:29} WARNING - The tutorial_taskflow_api_etl_virtualenv example DAG requires virtualenv, please install it.
[2022-05-21 18:04:33,426] {processor.py:653} WARNING - No viable dags retrieved from /home/ubuntu/.local/lib/python3.10/site-packages/airflow/example_dags/tutorial_taskflow_api_etl_virtualenv.py
[2022-05-21 18:04:33,437] {processor.py:161} INFO - Processing /home/ubuntu/.local/lib/python3.10/site-packages/airflow/example_dags/tutorial_taskflow_api_etl_virtualenv.py took 0.028 seconds
[2022-05-21 18:05:06,347] {processor.py:153} INFO - Started process (PID=6335) to work on /home/ubuntu/.local/lib/python3.10/site-packages/airflow/example_dags/tutorial_taskflow_api_etl_virtualenv.py
[2022-05-21 18:05:06,348] {processor.py:641} INFO - Processing file /home/ubuntu/.local/lib/python3.10/site-packages/airflow/example_dags/tutorial_taskflow_api_etl_virtualenv.py for tasks to queue
[2022-05-21 18:05:06,348] {logging_mixin.py:115} INFO - [2022-05-21 18:05:06,348] {dagbag.py:507} INFO - Filling up the DagBag from /home/ubuntu/.local/lib/python3.10/site-packages/airflow/example_dags/tutorial_taskflow_api_etl_virtualenv.py
[2022-05-21 18:05:06,362] {logging_mixin.py:115} INFO - [2022-05-21 18:05:06,362] {tutorial_taskflow_api_etl_virtualenv.py:29} WARNING - The tutorial_taskflow_api_etl_virtualenv example DAG requires virtualenv, please install it.
[2022-05-21 18:05:06,362] {processor.py:653} WARNING - No viable dags retrieved from /home/ubuntu/.local/lib/python3.10/site-packages/airflow/example_dags/tutorial_taskflow_api_etl_virtualenv.py
[2022-05-21 18:05:06,372] {processor.py:161} INFO - Processing /home/ubuntu/.local/lib/python3.10/site-packages/airflow/example_dags/tutorial_taskflow_api_etl_virtualenv.py took 0.028 seconds
[2022-05-21 18:05:38,367] {processor.py:153} INFO - Started process (PID=6368) to work on /home/ubuntu/.local/lib/python3.10/site-packages/airflow/example_dags/tutorial_taskflow_api_etl_virtualenv.py
[2022-05-21 18:05:38,368] {processor.py:641} INFO - Processing file /home/ubuntu/.local/lib/python3.10/site-packages/airflow/example_dags/tutorial_taskflow_api_etl_virtualenv.py for tasks to queue
[2022-05-21 18:05:38,368] {logging_mixin.py:115} INFO - [2022-05-21 18:05:38,368] {dagbag.py:507} INFO - Filling up the DagBag from /home/ubuntu/.local/lib/python3.10/site-packages/airflow/example_dags/tutorial_taskflow_api_etl_virtualenv.py
[2022-05-21 18:05:38,382] {logging_mixin.py:115} INFO - [2022-05-21 18:05:38,382] {tutorial_taskflow_api_etl_virtualenv.py:29} WARNING - The tutorial_taskflow_api_etl_virtualenv example DAG requires virtualenv, please install it.
[2022-05-21 18:05:38,383] {processor.py:653} WARNING - No viable dags retrieved from /home/ubuntu/.local/lib/python3.10/site-packages/airflow/example_dags/tutorial_taskflow_api_etl_virtualenv.py
[2022-05-21 18:05:38,393] {processor.py:161} INFO - Processing /home/ubuntu/.local/lib/python3.10/site-packages/airflow/example_dags/tutorial_taskflow_api_etl_virtualenv.py took 0.029 seconds
[2022-05-21 18:06:09,161] {processor.py:153} INFO - Started process (PID=6402) to work on /home/ubuntu/.local/lib/python3.10/site-packages/airflow/example_dags/tutorial_taskflow_api_etl_virtualenv.py
[2022-05-21 18:06:09,161] {processor.py:641} INFO - Processing file /home/ubuntu/.local/lib/python3.10/site-packages/airflow/example_dags/tutorial_taskflow_api_etl_virtualenv.py for tasks to queue
[2022-05-21 18:06:09,162] {logging_mixin.py:115} INFO - [2022-05-21 18:06:09,162] {dagbag.py:507} INFO - Filling up the DagBag from /home/ubuntu/.local/lib/python3.10/site-packages/airflow/example_dags/tutorial_taskflow_api_etl_virtualenv.py
[2022-05-21 18:06:09,176] {logging_mixin.py:115} INFO - [2022-05-21 18:06:09,175] {tutorial_taskflow_api_etl_virtualenv.py:29} WARNING - The tutorial_taskflow_api_etl_virtualenv example DAG requires virtualenv, please install it.
[2022-05-21 18:06:09,176] {processor.py:653} WARNING - No viable dags retrieved from /home/ubuntu/.local/lib/python3.10/site-packages/airflow/example_dags/tutorial_taskflow_api_etl_virtualenv.py
[2022-05-21 18:06:09,186] {processor.py:161} INFO - Processing /home/ubuntu/.local/lib/python3.10/site-packages/airflow/example_dags/tutorial_taskflow_api_etl_virtualenv.py took 0.028 seconds
[2022-05-21 18:06:44,701] {processor.py:153} INFO - Started process (PID=6438) to work on /home/ubuntu/.local/lib/python3.10/site-packages/airflow/example_dags/tutorial_taskflow_api_etl_virtualenv.py
[2022-05-21 18:06:44,712] {processor.py:641} INFO - Processing file /home/ubuntu/.local/lib/python3.10/site-packages/airflow/example_dags/tutorial_taskflow_api_etl_virtualenv.py for tasks to queue
[2022-05-21 18:06:44,712] {logging_mixin.py:115} INFO - [2022-05-21 18:06:44,712] {dagbag.py:507} INFO - Filling up the DagBag from /home/ubuntu/.local/lib/python3.10/site-packages/airflow/example_dags/tutorial_taskflow_api_etl_virtualenv.py
[2022-05-21 18:06:44,726] {logging_mixin.py:115} INFO - [2022-05-21 18:06:44,726] {tutorial_taskflow_api_etl_virtualenv.py:29} WARNING - The tutorial_taskflow_api_etl_virtualenv example DAG requires virtualenv, please install it.
[2022-05-21 18:06:44,726] {processor.py:653} WARNING - No viable dags retrieved from /home/ubuntu/.local/lib/python3.10/site-packages/airflow/example_dags/tutorial_taskflow_api_etl_virtualenv.py
[2022-05-21 18:06:44,737] {processor.py:161} INFO - Processing /home/ubuntu/.local/lib/python3.10/site-packages/airflow/example_dags/tutorial_taskflow_api_etl_virtualenv.py took 0.039 seconds
[2022-05-21 18:07:16,527] {processor.py:153} INFO - Started process (PID=6471) to work on /home/ubuntu/.local/lib/python3.10/site-packages/airflow/example_dags/tutorial_taskflow_api_etl_virtualenv.py
[2022-05-21 18:07:16,528] {processor.py:641} INFO - Processing file /home/ubuntu/.local/lib/python3.10/site-packages/airflow/example_dags/tutorial_taskflow_api_etl_virtualenv.py for tasks to queue
[2022-05-21 18:07:16,528] {logging_mixin.py:115} INFO - [2022-05-21 18:07:16,528] {dagbag.py:507} INFO - Filling up the DagBag from /home/ubuntu/.local/lib/python3.10/site-packages/airflow/example_dags/tutorial_taskflow_api_etl_virtualenv.py
[2022-05-21 18:07:16,542] {logging_mixin.py:115} INFO - [2022-05-21 18:07:16,542] {tutorial_taskflow_api_etl_virtualenv.py:29} WARNING - The tutorial_taskflow_api_etl_virtualenv example DAG requires virtualenv, please install it.
[2022-05-21 18:07:16,542] {processor.py:653} WARNING - No viable dags retrieved from /home/ubuntu/.local/lib/python3.10/site-packages/airflow/example_dags/tutorial_taskflow_api_etl_virtualenv.py
[2022-05-21 18:07:16,553] {processor.py:161} INFO - Processing /home/ubuntu/.local/lib/python3.10/site-packages/airflow/example_dags/tutorial_taskflow_api_etl_virtualenv.py took 0.029 seconds
[2022-05-21 18:07:51,340] {processor.py:153} INFO - Started process (PID=6519) to work on /home/ubuntu/.local/lib/python3.10/site-packages/airflow/example_dags/tutorial_taskflow_api_etl_virtualenv.py
[2022-05-21 18:07:51,341] {processor.py:641} INFO - Processing file /home/ubuntu/.local/lib/python3.10/site-packages/airflow/example_dags/tutorial_taskflow_api_etl_virtualenv.py for tasks to queue
[2022-05-21 18:07:51,342] {logging_mixin.py:115} INFO - [2022-05-21 18:07:51,342] {dagbag.py:507} INFO - Filling up the DagBag from /home/ubuntu/.local/lib/python3.10/site-packages/airflow/example_dags/tutorial_taskflow_api_etl_virtualenv.py
[2022-05-21 18:07:51,355] {logging_mixin.py:115} INFO - [2022-05-21 18:07:51,355] {tutorial_taskflow_api_etl_virtualenv.py:29} WARNING - The tutorial_taskflow_api_etl_virtualenv example DAG requires virtualenv, please install it.
[2022-05-21 18:07:51,355] {processor.py:653} WARNING - No viable dags retrieved from /home/ubuntu/.local/lib/python3.10/site-packages/airflow/example_dags/tutorial_taskflow_api_etl_virtualenv.py
[2022-05-21 18:07:51,365] {processor.py:161} INFO - Processing /home/ubuntu/.local/lib/python3.10/site-packages/airflow/example_dags/tutorial_taskflow_api_etl_virtualenv.py took 0.028 seconds
[2022-05-21 18:08:23,396] {processor.py:153} INFO - Started process (PID=6557) to work on /home/ubuntu/.local/lib/python3.10/site-packages/airflow/example_dags/tutorial_taskflow_api_etl_virtualenv.py
[2022-05-21 18:08:23,396] {processor.py:641} INFO - Processing file /home/ubuntu/.local/lib/python3.10/site-packages/airflow/example_dags/tutorial_taskflow_api_etl_virtualenv.py for tasks to queue
[2022-05-21 18:08:23,397] {logging_mixin.py:115} INFO - [2022-05-21 18:08:23,397] {dagbag.py:507} INFO - Filling up the DagBag from /home/ubuntu/.local/lib/python3.10/site-packages/airflow/example_dags/tutorial_taskflow_api_etl_virtualenv.py
[2022-05-21 18:08:23,410] {logging_mixin.py:115} INFO - [2022-05-21 18:08:23,410] {tutorial_taskflow_api_etl_virtualenv.py:29} WARNING - The tutorial_taskflow_api_etl_virtualenv example DAG requires virtualenv, please install it.
[2022-05-21 18:08:23,410] {processor.py:653} WARNING - No viable dags retrieved from /home/ubuntu/.local/lib/python3.10/site-packages/airflow/example_dags/tutorial_taskflow_api_etl_virtualenv.py
[2022-05-21 18:08:23,421] {processor.py:161} INFO - Processing /home/ubuntu/.local/lib/python3.10/site-packages/airflow/example_dags/tutorial_taskflow_api_etl_virtualenv.py took 0.028 seconds
[2022-05-21 18:08:55,234] {processor.py:153} INFO - Started process (PID=6598) to work on /home/ubuntu/.local/lib/python3.10/site-packages/airflow/example_dags/tutorial_taskflow_api_etl_virtualenv.py
[2022-05-21 18:08:55,235] {processor.py:641} INFO - Processing file /home/ubuntu/.local/lib/python3.10/site-packages/airflow/example_dags/tutorial_taskflow_api_etl_virtualenv.py for tasks to queue
[2022-05-21 18:08:55,235] {logging_mixin.py:115} INFO - [2022-05-21 18:08:55,235] {dagbag.py:507} INFO - Filling up the DagBag from /home/ubuntu/.local/lib/python3.10/site-packages/airflow/example_dags/tutorial_taskflow_api_etl_virtualenv.py
[2022-05-21 18:08:55,248] {logging_mixin.py:115} INFO - [2022-05-21 18:08:55,248] {tutorial_taskflow_api_etl_virtualenv.py:29} WARNING - The tutorial_taskflow_api_etl_virtualenv example DAG requires virtualenv, please install it.
[2022-05-21 18:08:55,248] {processor.py:653} WARNING - No viable dags retrieved from /home/ubuntu/.local/lib/python3.10/site-packages/airflow/example_dags/tutorial_taskflow_api_etl_virtualenv.py
[2022-05-21 18:08:55,258] {processor.py:161} INFO - Processing /home/ubuntu/.local/lib/python3.10/site-packages/airflow/example_dags/tutorial_taskflow_api_etl_virtualenv.py took 0.027 seconds
