[2022-05-21 17:47:47,618] {processor.py:153} INFO - Started process (PID=5162) to work on /home/ubuntu/.local/lib/python3.10/site-packages/airflow/example_dags/tutorial.py
[2022-05-21 17:47:47,618] {processor.py:641} INFO - Processing file /home/ubuntu/.local/lib/python3.10/site-packages/airflow/example_dags/tutorial.py for tasks to queue
[2022-05-21 17:47:47,619] {logging_mixin.py:115} INFO - [2022-05-21 17:47:47,618] {dagbag.py:507} INFO - Filling up the DagBag from /home/ubuntu/.local/lib/python3.10/site-packages/airflow/example_dags/tutorial.py
[2022-05-21 17:47:47,625] {processor.py:651} INFO - DAG(s) dict_keys(['tutorial']) retrieved from /home/ubuntu/.local/lib/python3.10/site-packages/airflow/example_dags/tutorial.py
[2022-05-21 17:47:47,690] {logging_mixin.py:115} INFO - [2022-05-21 17:47:47,689] {manager.py:508} INFO - Created Permission View: can read on DAG:tutorial
[2022-05-21 17:47:47,700] {logging_mixin.py:115} INFO - [2022-05-21 17:47:47,700] {manager.py:508} INFO - Created Permission View: can delete on DAG:tutorial
[2022-05-21 17:47:47,710] {logging_mixin.py:115} INFO - [2022-05-21 17:47:47,709] {manager.py:508} INFO - Created Permission View: can edit on DAG:tutorial
[2022-05-21 17:47:47,710] {logging_mixin.py:115} INFO - [2022-05-21 17:47:47,710] {dag.py:2371} INFO - Sync 1 DAGs
[2022-05-21 17:47:47,718] {logging_mixin.py:115} INFO - [2022-05-21 17:47:47,718] {dag.py:2390} INFO - Creating ORM DAG for tutorial
[2022-05-21 17:47:47,729] {logging_mixin.py:115} INFO - [2022-05-21 17:47:47,728] {dag.py:2915} INFO - Setting next_dagrun for tutorial to 2022-05-20T17:47:47.728688+00:00, run_after=2022-05-21T17:47:47.728688+00:00
[2022-05-21 17:47:47,745] {processor.py:161} INFO - Processing /home/ubuntu/.local/lib/python3.10/site-packages/airflow/example_dags/tutorial.py took 0.130 seconds
[2022-05-21 17:48:21,770] {processor.py:153} INFO - Started process (PID=5197) to work on /home/ubuntu/.local/lib/python3.10/site-packages/airflow/example_dags/tutorial.py
[2022-05-21 17:48:21,771] {processor.py:641} INFO - Processing file /home/ubuntu/.local/lib/python3.10/site-packages/airflow/example_dags/tutorial.py for tasks to queue
[2022-05-21 17:48:21,771] {logging_mixin.py:115} INFO - [2022-05-21 17:48:21,771] {dagbag.py:507} INFO - Filling up the DagBag from /home/ubuntu/.local/lib/python3.10/site-packages/airflow/example_dags/tutorial.py
[2022-05-21 17:48:21,777] {processor.py:651} INFO - DAG(s) dict_keys(['tutorial']) retrieved from /home/ubuntu/.local/lib/python3.10/site-packages/airflow/example_dags/tutorial.py
[2022-05-21 17:48:21,792] {logging_mixin.py:115} INFO - [2022-05-21 17:48:21,792] {dag.py:2371} INFO - Sync 1 DAGs
[2022-05-21 17:48:21,809] {logging_mixin.py:115} INFO - [2022-05-21 17:48:21,809] {dag.py:2915} INFO - Setting next_dagrun for tutorial to 2022-05-20T17:48:21.809041+00:00, run_after=2022-05-21T17:48:21.809041+00:00
[2022-05-21 17:48:21,822] {processor.py:161} INFO - Processing /home/ubuntu/.local/lib/python3.10/site-packages/airflow/example_dags/tutorial.py took 0.055 seconds
[2022-05-21 17:48:53,754] {processor.py:153} INFO - Started process (PID=5231) to work on /home/ubuntu/.local/lib/python3.10/site-packages/airflow/example_dags/tutorial.py
[2022-05-21 17:48:53,755] {processor.py:641} INFO - Processing file /home/ubuntu/.local/lib/python3.10/site-packages/airflow/example_dags/tutorial.py for tasks to queue
[2022-05-21 17:48:53,755] {logging_mixin.py:115} INFO - [2022-05-21 17:48:53,755] {dagbag.py:507} INFO - Filling up the DagBag from /home/ubuntu/.local/lib/python3.10/site-packages/airflow/example_dags/tutorial.py
[2022-05-21 17:48:53,761] {processor.py:651} INFO - DAG(s) dict_keys(['tutorial']) retrieved from /home/ubuntu/.local/lib/python3.10/site-packages/airflow/example_dags/tutorial.py
[2022-05-21 17:48:53,780] {logging_mixin.py:115} INFO - [2022-05-21 17:48:53,780] {dag.py:2371} INFO - Sync 1 DAGs
[2022-05-21 17:48:53,797] {logging_mixin.py:115} INFO - [2022-05-21 17:48:53,797] {dag.py:2915} INFO - Setting next_dagrun for tutorial to 2022-05-20T17:48:53.797041+00:00, run_after=2022-05-21T17:48:53.797041+00:00
[2022-05-21 17:48:53,812] {processor.py:161} INFO - Processing /home/ubuntu/.local/lib/python3.10/site-packages/airflow/example_dags/tutorial.py took 0.061 seconds
[2022-05-21 17:49:27,524] {processor.py:153} INFO - Started process (PID=5270) to work on /home/ubuntu/.local/lib/python3.10/site-packages/airflow/example_dags/tutorial.py
[2022-05-21 17:49:27,525] {processor.py:641} INFO - Processing file /home/ubuntu/.local/lib/python3.10/site-packages/airflow/example_dags/tutorial.py for tasks to queue
[2022-05-21 17:49:27,525] {logging_mixin.py:115} INFO - [2022-05-21 17:49:27,525] {dagbag.py:507} INFO - Filling up the DagBag from /home/ubuntu/.local/lib/python3.10/site-packages/airflow/example_dags/tutorial.py
[2022-05-21 17:49:27,531] {processor.py:651} INFO - DAG(s) dict_keys(['tutorial']) retrieved from /home/ubuntu/.local/lib/python3.10/site-packages/airflow/example_dags/tutorial.py
[2022-05-21 17:49:27,547] {logging_mixin.py:115} INFO - [2022-05-21 17:49:27,547] {dag.py:2371} INFO - Sync 1 DAGs
[2022-05-21 17:49:27,563] {logging_mixin.py:115} INFO - [2022-05-21 17:49:27,563] {dag.py:2915} INFO - Setting next_dagrun for tutorial to 2022-05-20T17:49:27.563341+00:00, run_after=2022-05-21T17:49:27.563341+00:00
[2022-05-21 17:49:27,577] {processor.py:161} INFO - Processing /home/ubuntu/.local/lib/python3.10/site-packages/airflow/example_dags/tutorial.py took 0.056 seconds
[2022-05-21 17:50:00,826] {processor.py:153} INFO - Started process (PID=5308) to work on /home/ubuntu/.local/lib/python3.10/site-packages/airflow/example_dags/tutorial.py
[2022-05-21 17:50:00,826] {processor.py:641} INFO - Processing file /home/ubuntu/.local/lib/python3.10/site-packages/airflow/example_dags/tutorial.py for tasks to queue
[2022-05-21 17:50:00,826] {logging_mixin.py:115} INFO - [2022-05-21 17:50:00,826] {dagbag.py:507} INFO - Filling up the DagBag from /home/ubuntu/.local/lib/python3.10/site-packages/airflow/example_dags/tutorial.py
[2022-05-21 17:50:00,832] {processor.py:651} INFO - DAG(s) dict_keys(['tutorial']) retrieved from /home/ubuntu/.local/lib/python3.10/site-packages/airflow/example_dags/tutorial.py
[2022-05-21 17:50:00,849] {logging_mixin.py:115} INFO - [2022-05-21 17:50:00,848] {dag.py:2371} INFO - Sync 1 DAGs
[2022-05-21 17:50:00,865] {logging_mixin.py:115} INFO - [2022-05-21 17:50:00,865] {dag.py:2915} INFO - Setting next_dagrun for tutorial to 2022-05-20T17:50:00.865605+00:00, run_after=2022-05-21T17:50:00.865605+00:00
[2022-05-21 17:50:00,879] {processor.py:161} INFO - Processing /home/ubuntu/.local/lib/python3.10/site-packages/airflow/example_dags/tutorial.py took 0.056 seconds
[2022-05-21 17:50:33,491] {processor.py:153} INFO - Started process (PID=5342) to work on /home/ubuntu/.local/lib/python3.10/site-packages/airflow/example_dags/tutorial.py
[2022-05-21 17:50:33,492] {processor.py:641} INFO - Processing file /home/ubuntu/.local/lib/python3.10/site-packages/airflow/example_dags/tutorial.py for tasks to queue
[2022-05-21 17:50:33,492] {logging_mixin.py:115} INFO - [2022-05-21 17:50:33,492] {dagbag.py:507} INFO - Filling up the DagBag from /home/ubuntu/.local/lib/python3.10/site-packages/airflow/example_dags/tutorial.py
[2022-05-21 17:50:33,498] {processor.py:651} INFO - DAG(s) dict_keys(['tutorial']) retrieved from /home/ubuntu/.local/lib/python3.10/site-packages/airflow/example_dags/tutorial.py
[2022-05-21 17:50:33,514] {logging_mixin.py:115} INFO - [2022-05-21 17:50:33,514] {dag.py:2371} INFO - Sync 1 DAGs
[2022-05-21 17:50:33,530] {logging_mixin.py:115} INFO - [2022-05-21 17:50:33,530] {dag.py:2915} INFO - Setting next_dagrun for tutorial to 2022-05-20T17:50:33.530605+00:00, run_after=2022-05-21T17:50:33.530605+00:00
[2022-05-21 17:50:33,545] {processor.py:161} INFO - Processing /home/ubuntu/.local/lib/python3.10/site-packages/airflow/example_dags/tutorial.py took 0.057 seconds
[2022-05-21 17:51:06,393] {processor.py:153} INFO - Started process (PID=5376) to work on /home/ubuntu/.local/lib/python3.10/site-packages/airflow/example_dags/tutorial.py
[2022-05-21 17:51:06,394] {processor.py:641} INFO - Processing file /home/ubuntu/.local/lib/python3.10/site-packages/airflow/example_dags/tutorial.py for tasks to queue
[2022-05-21 17:51:06,394] {logging_mixin.py:115} INFO - [2022-05-21 17:51:06,394] {dagbag.py:507} INFO - Filling up the DagBag from /home/ubuntu/.local/lib/python3.10/site-packages/airflow/example_dags/tutorial.py
[2022-05-21 17:51:06,400] {processor.py:651} INFO - DAG(s) dict_keys(['tutorial']) retrieved from /home/ubuntu/.local/lib/python3.10/site-packages/airflow/example_dags/tutorial.py
[2022-05-21 17:51:06,416] {logging_mixin.py:115} INFO - [2022-05-21 17:51:06,416] {dag.py:2371} INFO - Sync 1 DAGs
[2022-05-21 17:51:06,433] {logging_mixin.py:115} INFO - [2022-05-21 17:51:06,433] {dag.py:2915} INFO - Setting next_dagrun for tutorial to 2022-05-20T17:51:06.433481+00:00, run_after=2022-05-21T17:51:06.433481+00:00
[2022-05-21 17:51:06,449] {processor.py:161} INFO - Processing /home/ubuntu/.local/lib/python3.10/site-packages/airflow/example_dags/tutorial.py took 0.058 seconds
[2022-05-21 17:51:38,487] {processor.py:153} INFO - Started process (PID=5409) to work on /home/ubuntu/.local/lib/python3.10/site-packages/airflow/example_dags/tutorial.py
[2022-05-21 17:51:38,488] {processor.py:641} INFO - Processing file /home/ubuntu/.local/lib/python3.10/site-packages/airflow/example_dags/tutorial.py for tasks to queue
[2022-05-21 17:51:38,488] {logging_mixin.py:115} INFO - [2022-05-21 17:51:38,488] {dagbag.py:507} INFO - Filling up the DagBag from /home/ubuntu/.local/lib/python3.10/site-packages/airflow/example_dags/tutorial.py
[2022-05-21 17:51:38,494] {processor.py:651} INFO - DAG(s) dict_keys(['tutorial']) retrieved from /home/ubuntu/.local/lib/python3.10/site-packages/airflow/example_dags/tutorial.py
[2022-05-21 17:51:38,510] {logging_mixin.py:115} INFO - [2022-05-21 17:51:38,510] {dag.py:2371} INFO - Sync 1 DAGs
[2022-05-21 17:51:38,527] {logging_mixin.py:115} INFO - [2022-05-21 17:51:38,527] {dag.py:2915} INFO - Setting next_dagrun for tutorial to 2022-05-20T17:51:38.526839+00:00, run_after=2022-05-21T17:51:38.526839+00:00
[2022-05-21 17:51:38,541] {processor.py:161} INFO - Processing /home/ubuntu/.local/lib/python3.10/site-packages/airflow/example_dags/tutorial.py took 0.056 seconds
[2022-05-21 17:52:10,906] {processor.py:153} INFO - Started process (PID=5441) to work on /home/ubuntu/.local/lib/python3.10/site-packages/airflow/example_dags/tutorial.py
[2022-05-21 17:52:10,907] {processor.py:641} INFO - Processing file /home/ubuntu/.local/lib/python3.10/site-packages/airflow/example_dags/tutorial.py for tasks to queue
[2022-05-21 17:52:10,907] {logging_mixin.py:115} INFO - [2022-05-21 17:52:10,907] {dagbag.py:507} INFO - Filling up the DagBag from /home/ubuntu/.local/lib/python3.10/site-packages/airflow/example_dags/tutorial.py
[2022-05-21 17:52:10,913] {processor.py:651} INFO - DAG(s) dict_keys(['tutorial']) retrieved from /home/ubuntu/.local/lib/python3.10/site-packages/airflow/example_dags/tutorial.py
[2022-05-21 17:52:10,929] {logging_mixin.py:115} INFO - [2022-05-21 17:52:10,929] {dag.py:2371} INFO - Sync 1 DAGs
[2022-05-21 17:52:10,946] {logging_mixin.py:115} INFO - [2022-05-21 17:52:10,946] {dag.py:2915} INFO - Setting next_dagrun for tutorial to 2022-05-20T17:52:10.946210+00:00, run_after=2022-05-21T17:52:10.946210+00:00
[2022-05-21 17:52:10,960] {processor.py:161} INFO - Processing /home/ubuntu/.local/lib/python3.10/site-packages/airflow/example_dags/tutorial.py took 0.057 seconds
[2022-05-21 17:52:42,213] {processor.py:153} INFO - Started process (PID=5474) to work on /home/ubuntu/.local/lib/python3.10/site-packages/airflow/example_dags/tutorial.py
[2022-05-21 17:52:42,214] {processor.py:641} INFO - Processing file /home/ubuntu/.local/lib/python3.10/site-packages/airflow/example_dags/tutorial.py for tasks to queue
[2022-05-21 17:52:42,214] {logging_mixin.py:115} INFO - [2022-05-21 17:52:42,214] {dagbag.py:507} INFO - Filling up the DagBag from /home/ubuntu/.local/lib/python3.10/site-packages/airflow/example_dags/tutorial.py
[2022-05-21 17:52:42,220] {processor.py:651} INFO - DAG(s) dict_keys(['tutorial']) retrieved from /home/ubuntu/.local/lib/python3.10/site-packages/airflow/example_dags/tutorial.py
[2022-05-21 17:52:42,236] {logging_mixin.py:115} INFO - [2022-05-21 17:52:42,236] {dag.py:2371} INFO - Sync 1 DAGs
[2022-05-21 17:52:42,253] {logging_mixin.py:115} INFO - [2022-05-21 17:52:42,253] {dag.py:2915} INFO - Setting next_dagrun for tutorial to 2022-05-20T17:52:42.253363+00:00, run_after=2022-05-21T17:52:42.253363+00:00
[2022-05-21 17:52:42,268] {processor.py:161} INFO - Processing /home/ubuntu/.local/lib/python3.10/site-packages/airflow/example_dags/tutorial.py took 0.058 seconds
[2022-05-21 17:53:13,285] {processor.py:153} INFO - Started process (PID=5507) to work on /home/ubuntu/.local/lib/python3.10/site-packages/airflow/example_dags/tutorial.py
[2022-05-21 17:53:13,286] {processor.py:641} INFO - Processing file /home/ubuntu/.local/lib/python3.10/site-packages/airflow/example_dags/tutorial.py for tasks to queue
[2022-05-21 17:53:13,286] {logging_mixin.py:115} INFO - [2022-05-21 17:53:13,286] {dagbag.py:507} INFO - Filling up the DagBag from /home/ubuntu/.local/lib/python3.10/site-packages/airflow/example_dags/tutorial.py
[2022-05-21 17:53:13,292] {processor.py:651} INFO - DAG(s) dict_keys(['tutorial']) retrieved from /home/ubuntu/.local/lib/python3.10/site-packages/airflow/example_dags/tutorial.py
[2022-05-21 17:53:13,308] {logging_mixin.py:115} INFO - [2022-05-21 17:53:13,308] {dag.py:2371} INFO - Sync 1 DAGs
[2022-05-21 17:53:13,325] {logging_mixin.py:115} INFO - [2022-05-21 17:53:13,324] {dag.py:2915} INFO - Setting next_dagrun for tutorial to 2022-05-20T17:53:13.324640+00:00, run_after=2022-05-21T17:53:13.324640+00:00
[2022-05-21 17:53:13,339] {processor.py:161} INFO - Processing /home/ubuntu/.local/lib/python3.10/site-packages/airflow/example_dags/tutorial.py took 0.056 seconds
[2022-05-21 17:53:46,849] {processor.py:153} INFO - Started process (PID=5555) to work on /home/ubuntu/.local/lib/python3.10/site-packages/airflow/example_dags/tutorial.py
[2022-05-21 17:53:46,850] {processor.py:641} INFO - Processing file /home/ubuntu/.local/lib/python3.10/site-packages/airflow/example_dags/tutorial.py for tasks to queue
[2022-05-21 17:53:46,850] {logging_mixin.py:115} INFO - [2022-05-21 17:53:46,850] {dagbag.py:507} INFO - Filling up the DagBag from /home/ubuntu/.local/lib/python3.10/site-packages/airflow/example_dags/tutorial.py
[2022-05-21 17:53:46,856] {processor.py:651} INFO - DAG(s) dict_keys(['tutorial']) retrieved from /home/ubuntu/.local/lib/python3.10/site-packages/airflow/example_dags/tutorial.py
[2022-05-21 17:53:46,871] {logging_mixin.py:115} INFO - [2022-05-21 17:53:46,871] {dag.py:2371} INFO - Sync 1 DAGs
[2022-05-21 17:53:46,888] {logging_mixin.py:115} INFO - [2022-05-21 17:53:46,888] {dag.py:2915} INFO - Setting next_dagrun for tutorial to 2022-05-20T17:53:46.888277+00:00, run_after=2022-05-21T17:53:46.888277+00:00
[2022-05-21 17:53:46,901] {processor.py:161} INFO - Processing /home/ubuntu/.local/lib/python3.10/site-packages/airflow/example_dags/tutorial.py took 0.055 seconds
[2022-05-21 17:54:20,071] {processor.py:153} INFO - Started process (PID=5591) to work on /home/ubuntu/.local/lib/python3.10/site-packages/airflow/example_dags/tutorial.py
[2022-05-21 17:54:20,072] {processor.py:641} INFO - Processing file /home/ubuntu/.local/lib/python3.10/site-packages/airflow/example_dags/tutorial.py for tasks to queue
[2022-05-21 17:54:20,072] {logging_mixin.py:115} INFO - [2022-05-21 17:54:20,072] {dagbag.py:507} INFO - Filling up the DagBag from /home/ubuntu/.local/lib/python3.10/site-packages/airflow/example_dags/tutorial.py
[2022-05-21 17:54:20,078] {processor.py:651} INFO - DAG(s) dict_keys(['tutorial']) retrieved from /home/ubuntu/.local/lib/python3.10/site-packages/airflow/example_dags/tutorial.py
[2022-05-21 17:54:20,094] {logging_mixin.py:115} INFO - [2022-05-21 17:54:20,094] {dag.py:2371} INFO - Sync 1 DAGs
[2022-05-21 17:54:20,110] {logging_mixin.py:115} INFO - [2022-05-21 17:54:20,110] {dag.py:2915} INFO - Setting next_dagrun for tutorial to 2022-05-20T17:54:20.110486+00:00, run_after=2022-05-21T17:54:20.110486+00:00
[2022-05-21 17:54:20,124] {processor.py:161} INFO - Processing /home/ubuntu/.local/lib/python3.10/site-packages/airflow/example_dags/tutorial.py took 0.056 seconds
[2022-05-21 17:54:54,481] {processor.py:153} INFO - Started process (PID=5626) to work on /home/ubuntu/.local/lib/python3.10/site-packages/airflow/example_dags/tutorial.py
[2022-05-21 17:54:54,482] {processor.py:641} INFO - Processing file /home/ubuntu/.local/lib/python3.10/site-packages/airflow/example_dags/tutorial.py for tasks to queue
[2022-05-21 17:54:54,483] {logging_mixin.py:115} INFO - [2022-05-21 17:54:54,482] {dagbag.py:507} INFO - Filling up the DagBag from /home/ubuntu/.local/lib/python3.10/site-packages/airflow/example_dags/tutorial.py
[2022-05-21 17:54:54,488] {processor.py:651} INFO - DAG(s) dict_keys(['tutorial']) retrieved from /home/ubuntu/.local/lib/python3.10/site-packages/airflow/example_dags/tutorial.py
[2022-05-21 17:54:54,504] {logging_mixin.py:115} INFO - [2022-05-21 17:54:54,504] {dag.py:2371} INFO - Sync 1 DAGs
[2022-05-21 17:54:54,521] {logging_mixin.py:115} INFO - [2022-05-21 17:54:54,521] {dag.py:2915} INFO - Setting next_dagrun for tutorial to 2022-05-20T17:54:54.520877+00:00, run_after=2022-05-21T17:54:54.520877+00:00
[2022-05-21 17:54:54,573] {processor.py:161} INFO - Processing /home/ubuntu/.local/lib/python3.10/site-packages/airflow/example_dags/tutorial.py took 0.094 seconds
[2022-05-21 17:55:27,444] {processor.py:153} INFO - Started process (PID=5663) to work on /home/ubuntu/.local/lib/python3.10/site-packages/airflow/example_dags/tutorial.py
[2022-05-21 17:55:27,445] {processor.py:641} INFO - Processing file /home/ubuntu/.local/lib/python3.10/site-packages/airflow/example_dags/tutorial.py for tasks to queue
[2022-05-21 17:55:27,445] {logging_mixin.py:115} INFO - [2022-05-21 17:55:27,445] {dagbag.py:507} INFO - Filling up the DagBag from /home/ubuntu/.local/lib/python3.10/site-packages/airflow/example_dags/tutorial.py
[2022-05-21 17:55:27,451] {processor.py:651} INFO - DAG(s) dict_keys(['tutorial']) retrieved from /home/ubuntu/.local/lib/python3.10/site-packages/airflow/example_dags/tutorial.py
[2022-05-21 17:55:27,466] {logging_mixin.py:115} INFO - [2022-05-21 17:55:27,466] {dag.py:2371} INFO - Sync 1 DAGs
[2022-05-21 17:55:27,483] {logging_mixin.py:115} INFO - [2022-05-21 17:55:27,483] {dag.py:2915} INFO - Setting next_dagrun for tutorial to 2022-05-20T17:55:27.483035+00:00, run_after=2022-05-21T17:55:27.483035+00:00
[2022-05-21 17:55:27,497] {processor.py:161} INFO - Processing /home/ubuntu/.local/lib/python3.10/site-packages/airflow/example_dags/tutorial.py took 0.055 seconds
[2022-05-21 17:56:00,669] {processor.py:153} INFO - Started process (PID=5700) to work on /home/ubuntu/.local/lib/python3.10/site-packages/airflow/example_dags/tutorial.py
[2022-05-21 17:56:00,670] {processor.py:641} INFO - Processing file /home/ubuntu/.local/lib/python3.10/site-packages/airflow/example_dags/tutorial.py for tasks to queue
[2022-05-21 17:56:00,670] {logging_mixin.py:115} INFO - [2022-05-21 17:56:00,670] {dagbag.py:507} INFO - Filling up the DagBag from /home/ubuntu/.local/lib/python3.10/site-packages/airflow/example_dags/tutorial.py
[2022-05-21 17:56:00,676] {processor.py:651} INFO - DAG(s) dict_keys(['tutorial']) retrieved from /home/ubuntu/.local/lib/python3.10/site-packages/airflow/example_dags/tutorial.py
[2022-05-21 17:56:00,692] {logging_mixin.py:115} INFO - [2022-05-21 17:56:00,692] {dag.py:2371} INFO - Sync 1 DAGs
[2022-05-21 17:56:00,708] {logging_mixin.py:115} INFO - [2022-05-21 17:56:00,708] {dag.py:2915} INFO - Setting next_dagrun for tutorial to 2022-05-20T17:56:00.708615+00:00, run_after=2022-05-21T17:56:00.708615+00:00
[2022-05-21 17:56:00,722] {processor.py:161} INFO - Processing /home/ubuntu/.local/lib/python3.10/site-packages/airflow/example_dags/tutorial.py took 0.056 seconds
[2022-05-21 17:56:35,410] {processor.py:153} INFO - Started process (PID=5736) to work on /home/ubuntu/.local/lib/python3.10/site-packages/airflow/example_dags/tutorial.py
[2022-05-21 17:56:35,411] {processor.py:641} INFO - Processing file /home/ubuntu/.local/lib/python3.10/site-packages/airflow/example_dags/tutorial.py for tasks to queue
[2022-05-21 17:56:35,411] {logging_mixin.py:115} INFO - [2022-05-21 17:56:35,411] {dagbag.py:507} INFO - Filling up the DagBag from /home/ubuntu/.local/lib/python3.10/site-packages/airflow/example_dags/tutorial.py
[2022-05-21 17:56:35,417] {processor.py:651} INFO - DAG(s) dict_keys(['tutorial']) retrieved from /home/ubuntu/.local/lib/python3.10/site-packages/airflow/example_dags/tutorial.py
[2022-05-21 17:56:35,433] {logging_mixin.py:115} INFO - [2022-05-21 17:56:35,433] {dag.py:2371} INFO - Sync 1 DAGs
[2022-05-21 17:56:35,449] {logging_mixin.py:115} INFO - [2022-05-21 17:56:35,449] {dag.py:2915} INFO - Setting next_dagrun for tutorial to 2022-05-20T17:56:35.449400+00:00, run_after=2022-05-21T17:56:35.449400+00:00
[2022-05-21 17:56:35,462] {processor.py:161} INFO - Processing /home/ubuntu/.local/lib/python3.10/site-packages/airflow/example_dags/tutorial.py took 0.055 seconds
[2022-05-21 17:57:06,260] {processor.py:153} INFO - Started process (PID=5771) to work on /home/ubuntu/.local/lib/python3.10/site-packages/airflow/example_dags/tutorial.py
[2022-05-21 17:57:06,261] {processor.py:641} INFO - Processing file /home/ubuntu/.local/lib/python3.10/site-packages/airflow/example_dags/tutorial.py for tasks to queue
[2022-05-21 17:57:06,261] {logging_mixin.py:115} INFO - [2022-05-21 17:57:06,261] {dagbag.py:507} INFO - Filling up the DagBag from /home/ubuntu/.local/lib/python3.10/site-packages/airflow/example_dags/tutorial.py
[2022-05-21 17:57:06,267] {processor.py:651} INFO - DAG(s) dict_keys(['tutorial']) retrieved from /home/ubuntu/.local/lib/python3.10/site-packages/airflow/example_dags/tutorial.py
[2022-05-21 17:57:06,283] {logging_mixin.py:115} INFO - [2022-05-21 17:57:06,283] {dag.py:2371} INFO - Sync 1 DAGs
[2022-05-21 17:57:06,301] {logging_mixin.py:115} INFO - [2022-05-21 17:57:06,300] {dag.py:2915} INFO - Setting next_dagrun for tutorial to 2022-05-20T17:57:06.300658+00:00, run_after=2022-05-21T17:57:06.300658+00:00
[2022-05-21 17:57:06,315] {processor.py:161} INFO - Processing /home/ubuntu/.local/lib/python3.10/site-packages/airflow/example_dags/tutorial.py took 0.057 seconds
[2022-05-21 17:57:42,224] {processor.py:153} INFO - Started process (PID=5809) to work on /home/ubuntu/.local/lib/python3.10/site-packages/airflow/example_dags/tutorial.py
[2022-05-21 17:57:42,225] {processor.py:641} INFO - Processing file /home/ubuntu/.local/lib/python3.10/site-packages/airflow/example_dags/tutorial.py for tasks to queue
[2022-05-21 17:57:42,225] {logging_mixin.py:115} INFO - [2022-05-21 17:57:42,225] {dagbag.py:507} INFO - Filling up the DagBag from /home/ubuntu/.local/lib/python3.10/site-packages/airflow/example_dags/tutorial.py
[2022-05-21 17:57:42,231] {processor.py:651} INFO - DAG(s) dict_keys(['tutorial']) retrieved from /home/ubuntu/.local/lib/python3.10/site-packages/airflow/example_dags/tutorial.py
[2022-05-21 17:57:42,247] {logging_mixin.py:115} INFO - [2022-05-21 17:57:42,247] {dag.py:2371} INFO - Sync 1 DAGs
[2022-05-21 17:57:42,264] {logging_mixin.py:115} INFO - [2022-05-21 17:57:42,264] {dag.py:2915} INFO - Setting next_dagrun for tutorial to 2022-05-20T17:57:42.263955+00:00, run_after=2022-05-21T17:57:42.263955+00:00
[2022-05-21 17:57:42,301] {processor.py:161} INFO - Processing /home/ubuntu/.local/lib/python3.10/site-packages/airflow/example_dags/tutorial.py took 0.080 seconds
[2022-05-21 17:58:13,938] {processor.py:153} INFO - Started process (PID=5848) to work on /home/ubuntu/.local/lib/python3.10/site-packages/airflow/example_dags/tutorial.py
[2022-05-21 17:58:13,938] {processor.py:641} INFO - Processing file /home/ubuntu/.local/lib/python3.10/site-packages/airflow/example_dags/tutorial.py for tasks to queue
[2022-05-21 17:58:13,939] {logging_mixin.py:115} INFO - [2022-05-21 17:58:13,939] {dagbag.py:507} INFO - Filling up the DagBag from /home/ubuntu/.local/lib/python3.10/site-packages/airflow/example_dags/tutorial.py
[2022-05-21 17:58:13,945] {processor.py:651} INFO - DAG(s) dict_keys(['tutorial']) retrieved from /home/ubuntu/.local/lib/python3.10/site-packages/airflow/example_dags/tutorial.py
[2022-05-21 17:58:13,962] {logging_mixin.py:115} INFO - [2022-05-21 17:58:13,961] {dag.py:2371} INFO - Sync 1 DAGs
[2022-05-21 17:58:13,979] {logging_mixin.py:115} INFO - [2022-05-21 17:58:13,979] {dag.py:2915} INFO - Setting next_dagrun for tutorial to 2022-05-20T17:58:13.979166+00:00, run_after=2022-05-21T17:58:13.979166+00:00
[2022-05-21 17:58:13,993] {processor.py:161} INFO - Processing /home/ubuntu/.local/lib/python3.10/site-packages/airflow/example_dags/tutorial.py took 0.058 seconds
[2022-05-21 17:58:46,476] {processor.py:153} INFO - Started process (PID=5888) to work on /home/ubuntu/.local/lib/python3.10/site-packages/airflow/example_dags/tutorial.py
[2022-05-21 17:58:46,476] {processor.py:641} INFO - Processing file /home/ubuntu/.local/lib/python3.10/site-packages/airflow/example_dags/tutorial.py for tasks to queue
[2022-05-21 17:58:46,477] {logging_mixin.py:115} INFO - [2022-05-21 17:58:46,477] {dagbag.py:507} INFO - Filling up the DagBag from /home/ubuntu/.local/lib/python3.10/site-packages/airflow/example_dags/tutorial.py
[2022-05-21 17:58:46,482] {processor.py:651} INFO - DAG(s) dict_keys(['tutorial']) retrieved from /home/ubuntu/.local/lib/python3.10/site-packages/airflow/example_dags/tutorial.py
[2022-05-21 17:58:46,498] {logging_mixin.py:115} INFO - [2022-05-21 17:58:46,498] {dag.py:2371} INFO - Sync 1 DAGs
[2022-05-21 17:58:46,514] {logging_mixin.py:115} INFO - [2022-05-21 17:58:46,514] {dag.py:2915} INFO - Setting next_dagrun for tutorial to 2022-05-20T17:58:46.514136+00:00, run_after=2022-05-21T17:58:46.514136+00:00
[2022-05-21 17:58:46,527] {processor.py:161} INFO - Processing /home/ubuntu/.local/lib/python3.10/site-packages/airflow/example_dags/tutorial.py took 0.054 seconds
[2022-05-21 17:59:18,738] {processor.py:153} INFO - Started process (PID=5922) to work on /home/ubuntu/.local/lib/python3.10/site-packages/airflow/example_dags/tutorial.py
[2022-05-21 17:59:18,739] {processor.py:641} INFO - Processing file /home/ubuntu/.local/lib/python3.10/site-packages/airflow/example_dags/tutorial.py for tasks to queue
[2022-05-21 17:59:18,739] {logging_mixin.py:115} INFO - [2022-05-21 17:59:18,739] {dagbag.py:507} INFO - Filling up the DagBag from /home/ubuntu/.local/lib/python3.10/site-packages/airflow/example_dags/tutorial.py
[2022-05-21 17:59:18,745] {processor.py:651} INFO - DAG(s) dict_keys(['tutorial']) retrieved from /home/ubuntu/.local/lib/python3.10/site-packages/airflow/example_dags/tutorial.py
[2022-05-21 17:59:18,761] {logging_mixin.py:115} INFO - [2022-05-21 17:59:18,761] {dag.py:2371} INFO - Sync 1 DAGs
[2022-05-21 17:59:18,778] {logging_mixin.py:115} INFO - [2022-05-21 17:59:18,778] {dag.py:2915} INFO - Setting next_dagrun for tutorial to 2022-05-20T17:59:18.778089+00:00, run_after=2022-05-21T17:59:18.778089+00:00
[2022-05-21 17:59:18,792] {processor.py:161} INFO - Processing /home/ubuntu/.local/lib/python3.10/site-packages/airflow/example_dags/tutorial.py took 0.056 seconds
[2022-05-21 17:59:49,515] {processor.py:153} INFO - Started process (PID=5961) to work on /home/ubuntu/.local/lib/python3.10/site-packages/airflow/example_dags/tutorial.py
[2022-05-21 17:59:49,516] {processor.py:641} INFO - Processing file /home/ubuntu/.local/lib/python3.10/site-packages/airflow/example_dags/tutorial.py for tasks to queue
[2022-05-21 17:59:49,516] {logging_mixin.py:115} INFO - [2022-05-21 17:59:49,516] {dagbag.py:507} INFO - Filling up the DagBag from /home/ubuntu/.local/lib/python3.10/site-packages/airflow/example_dags/tutorial.py
[2022-05-21 17:59:49,522] {processor.py:651} INFO - DAG(s) dict_keys(['tutorial']) retrieved from /home/ubuntu/.local/lib/python3.10/site-packages/airflow/example_dags/tutorial.py
[2022-05-21 17:59:49,539] {logging_mixin.py:115} INFO - [2022-05-21 17:59:49,539] {dag.py:2371} INFO - Sync 1 DAGs
[2022-05-21 17:59:49,557] {logging_mixin.py:115} INFO - [2022-05-21 17:59:49,556] {dag.py:2915} INFO - Setting next_dagrun for tutorial to 2022-05-20T17:59:49.556606+00:00, run_after=2022-05-21T17:59:49.556606+00:00
[2022-05-21 17:59:49,570] {processor.py:161} INFO - Processing /home/ubuntu/.local/lib/python3.10/site-packages/airflow/example_dags/tutorial.py took 0.058 seconds
[2022-05-21 18:00:22,637] {processor.py:153} INFO - Started process (PID=5996) to work on /home/ubuntu/.local/lib/python3.10/site-packages/airflow/example_dags/tutorial.py
[2022-05-21 18:00:22,637] {processor.py:641} INFO - Processing file /home/ubuntu/.local/lib/python3.10/site-packages/airflow/example_dags/tutorial.py for tasks to queue
[2022-05-21 18:00:22,638] {logging_mixin.py:115} INFO - [2022-05-21 18:00:22,638] {dagbag.py:507} INFO - Filling up the DagBag from /home/ubuntu/.local/lib/python3.10/site-packages/airflow/example_dags/tutorial.py
[2022-05-21 18:00:22,644] {processor.py:651} INFO - DAG(s) dict_keys(['tutorial']) retrieved from /home/ubuntu/.local/lib/python3.10/site-packages/airflow/example_dags/tutorial.py
[2022-05-21 18:00:22,661] {logging_mixin.py:115} INFO - [2022-05-21 18:00:22,661] {dag.py:2371} INFO - Sync 1 DAGs
[2022-05-21 18:00:22,678] {logging_mixin.py:115} INFO - [2022-05-21 18:00:22,678] {dag.py:2915} INFO - Setting next_dagrun for tutorial to 2022-05-20T18:00:22.678256+00:00, run_after=2022-05-21T18:00:22.678256+00:00
[2022-05-21 18:00:22,692] {processor.py:161} INFO - Processing /home/ubuntu/.local/lib/python3.10/site-packages/airflow/example_dags/tutorial.py took 0.058 seconds
[2022-05-21 18:00:54,543] {processor.py:153} INFO - Started process (PID=6033) to work on /home/ubuntu/.local/lib/python3.10/site-packages/airflow/example_dags/tutorial.py
[2022-05-21 18:00:54,543] {processor.py:641} INFO - Processing file /home/ubuntu/.local/lib/python3.10/site-packages/airflow/example_dags/tutorial.py for tasks to queue
[2022-05-21 18:00:54,544] {logging_mixin.py:115} INFO - [2022-05-21 18:00:54,544] {dagbag.py:507} INFO - Filling up the DagBag from /home/ubuntu/.local/lib/python3.10/site-packages/airflow/example_dags/tutorial.py
[2022-05-21 18:00:54,549] {processor.py:651} INFO - DAG(s) dict_keys(['tutorial']) retrieved from /home/ubuntu/.local/lib/python3.10/site-packages/airflow/example_dags/tutorial.py
[2022-05-21 18:00:54,565] {logging_mixin.py:115} INFO - [2022-05-21 18:00:54,565] {dag.py:2371} INFO - Sync 1 DAGs
[2022-05-21 18:00:54,582] {logging_mixin.py:115} INFO - [2022-05-21 18:00:54,582] {dag.py:2915} INFO - Setting next_dagrun for tutorial to 2022-05-20T18:00:54.582140+00:00, run_after=2022-05-21T18:00:54.582140+00:00
[2022-05-21 18:00:54,595] {processor.py:161} INFO - Processing /home/ubuntu/.local/lib/python3.10/site-packages/airflow/example_dags/tutorial.py took 0.055 seconds
[2022-05-21 18:01:25,398] {processor.py:153} INFO - Started process (PID=6076) to work on /home/ubuntu/.local/lib/python3.10/site-packages/airflow/example_dags/tutorial.py
[2022-05-21 18:01:25,399] {processor.py:641} INFO - Processing file /home/ubuntu/.local/lib/python3.10/site-packages/airflow/example_dags/tutorial.py for tasks to queue
[2022-05-21 18:01:25,399] {logging_mixin.py:115} INFO - [2022-05-21 18:01:25,399] {dagbag.py:507} INFO - Filling up the DagBag from /home/ubuntu/.local/lib/python3.10/site-packages/airflow/example_dags/tutorial.py
[2022-05-21 18:01:25,404] {processor.py:651} INFO - DAG(s) dict_keys(['tutorial']) retrieved from /home/ubuntu/.local/lib/python3.10/site-packages/airflow/example_dags/tutorial.py
[2022-05-21 18:01:25,421] {logging_mixin.py:115} INFO - [2022-05-21 18:01:25,421] {dag.py:2371} INFO - Sync 1 DAGs
[2022-05-21 18:01:25,438] {logging_mixin.py:115} INFO - [2022-05-21 18:01:25,438] {dag.py:2915} INFO - Setting next_dagrun for tutorial to 2022-05-20T18:01:25.437965+00:00, run_after=2022-05-21T18:01:25.437965+00:00
[2022-05-21 18:01:25,451] {processor.py:161} INFO - Processing /home/ubuntu/.local/lib/python3.10/site-packages/airflow/example_dags/tutorial.py took 0.056 seconds
[2022-05-21 18:02:00,815] {processor.py:153} INFO - Started process (PID=6112) to work on /home/ubuntu/.local/lib/python3.10/site-packages/airflow/example_dags/tutorial.py
[2022-05-21 18:02:00,816] {processor.py:641} INFO - Processing file /home/ubuntu/.local/lib/python3.10/site-packages/airflow/example_dags/tutorial.py for tasks to queue
[2022-05-21 18:02:00,816] {logging_mixin.py:115} INFO - [2022-05-21 18:02:00,816] {dagbag.py:507} INFO - Filling up the DagBag from /home/ubuntu/.local/lib/python3.10/site-packages/airflow/example_dags/tutorial.py
[2022-05-21 18:02:00,822] {processor.py:651} INFO - DAG(s) dict_keys(['tutorial']) retrieved from /home/ubuntu/.local/lib/python3.10/site-packages/airflow/example_dags/tutorial.py
[2022-05-21 18:02:00,838] {logging_mixin.py:115} INFO - [2022-05-21 18:02:00,838] {dag.py:2371} INFO - Sync 1 DAGs
[2022-05-21 18:02:00,854] {logging_mixin.py:115} INFO - [2022-05-21 18:02:00,854] {dag.py:2915} INFO - Setting next_dagrun for tutorial to 2022-05-20T18:02:00.854443+00:00, run_after=2022-05-21T18:02:00.854443+00:00
[2022-05-21 18:02:00,869] {processor.py:161} INFO - Processing /home/ubuntu/.local/lib/python3.10/site-packages/airflow/example_dags/tutorial.py took 0.057 seconds
[2022-05-21 18:02:33,350] {processor.py:153} INFO - Started process (PID=6147) to work on /home/ubuntu/.local/lib/python3.10/site-packages/airflow/example_dags/tutorial.py
[2022-05-21 18:02:33,350] {processor.py:641} INFO - Processing file /home/ubuntu/.local/lib/python3.10/site-packages/airflow/example_dags/tutorial.py for tasks to queue
[2022-05-21 18:02:33,351] {logging_mixin.py:115} INFO - [2022-05-21 18:02:33,351] {dagbag.py:507} INFO - Filling up the DagBag from /home/ubuntu/.local/lib/python3.10/site-packages/airflow/example_dags/tutorial.py
[2022-05-21 18:02:33,356] {processor.py:651} INFO - DAG(s) dict_keys(['tutorial']) retrieved from /home/ubuntu/.local/lib/python3.10/site-packages/airflow/example_dags/tutorial.py
[2022-05-21 18:02:33,373] {logging_mixin.py:115} INFO - [2022-05-21 18:02:33,373] {dag.py:2371} INFO - Sync 1 DAGs
[2022-05-21 18:02:33,390] {logging_mixin.py:115} INFO - [2022-05-21 18:02:33,390] {dag.py:2915} INFO - Setting next_dagrun for tutorial to 2022-05-20T18:02:33.390479+00:00, run_after=2022-05-21T18:02:33.390479+00:00
[2022-05-21 18:02:33,404] {processor.py:161} INFO - Processing /home/ubuntu/.local/lib/python3.10/site-packages/airflow/example_dags/tutorial.py took 0.057 seconds
[2022-05-21 18:03:05,906] {processor.py:153} INFO - Started process (PID=6181) to work on /home/ubuntu/.local/lib/python3.10/site-packages/airflow/example_dags/tutorial.py
[2022-05-21 18:03:05,907] {processor.py:641} INFO - Processing file /home/ubuntu/.local/lib/python3.10/site-packages/airflow/example_dags/tutorial.py for tasks to queue
[2022-05-21 18:03:05,908] {logging_mixin.py:115} INFO - [2022-05-21 18:03:05,908] {dagbag.py:507} INFO - Filling up the DagBag from /home/ubuntu/.local/lib/python3.10/site-packages/airflow/example_dags/tutorial.py
[2022-05-21 18:03:05,914] {processor.py:651} INFO - DAG(s) dict_keys(['tutorial']) retrieved from /home/ubuntu/.local/lib/python3.10/site-packages/airflow/example_dags/tutorial.py
[2022-05-21 18:03:05,930] {logging_mixin.py:115} INFO - [2022-05-21 18:03:05,930] {dag.py:2371} INFO - Sync 1 DAGs
[2022-05-21 18:03:05,948] {logging_mixin.py:115} INFO - [2022-05-21 18:03:05,947] {dag.py:2915} INFO - Setting next_dagrun for tutorial to 2022-05-20T18:03:05.947553+00:00, run_after=2022-05-21T18:03:05.947553+00:00
[2022-05-21 18:03:05,961] {processor.py:161} INFO - Processing /home/ubuntu/.local/lib/python3.10/site-packages/airflow/example_dags/tutorial.py took 0.058 seconds
[2022-05-21 18:03:38,975] {processor.py:153} INFO - Started process (PID=6222) to work on /home/ubuntu/.local/lib/python3.10/site-packages/airflow/example_dags/tutorial.py
[2022-05-21 18:03:38,976] {processor.py:641} INFO - Processing file /home/ubuntu/.local/lib/python3.10/site-packages/airflow/example_dags/tutorial.py for tasks to queue
[2022-05-21 18:03:38,977] {logging_mixin.py:115} INFO - [2022-05-21 18:03:38,977] {dagbag.py:507} INFO - Filling up the DagBag from /home/ubuntu/.local/lib/python3.10/site-packages/airflow/example_dags/tutorial.py
[2022-05-21 18:03:38,982] {processor.py:651} INFO - DAG(s) dict_keys(['tutorial']) retrieved from /home/ubuntu/.local/lib/python3.10/site-packages/airflow/example_dags/tutorial.py
[2022-05-21 18:03:38,998] {logging_mixin.py:115} INFO - [2022-05-21 18:03:38,998] {dag.py:2371} INFO - Sync 1 DAGs
[2022-05-21 18:03:39,015] {logging_mixin.py:115} INFO - [2022-05-21 18:03:39,015] {dag.py:2915} INFO - Setting next_dagrun for tutorial to 2022-05-20T18:03:39.015341+00:00, run_after=2022-05-21T18:03:39.015341+00:00
[2022-05-21 18:03:39,030] {processor.py:161} INFO - Processing /home/ubuntu/.local/lib/python3.10/site-packages/airflow/example_dags/tutorial.py took 0.057 seconds
[2022-05-21 18:04:10,846] {processor.py:153} INFO - Started process (PID=6262) to work on /home/ubuntu/.local/lib/python3.10/site-packages/airflow/example_dags/tutorial.py
[2022-05-21 18:04:10,847] {processor.py:641} INFO - Processing file /home/ubuntu/.local/lib/python3.10/site-packages/airflow/example_dags/tutorial.py for tasks to queue
[2022-05-21 18:04:10,847] {logging_mixin.py:115} INFO - [2022-05-21 18:04:10,847] {dagbag.py:507} INFO - Filling up the DagBag from /home/ubuntu/.local/lib/python3.10/site-packages/airflow/example_dags/tutorial.py
[2022-05-21 18:04:10,853] {processor.py:651} INFO - DAG(s) dict_keys(['tutorial']) retrieved from /home/ubuntu/.local/lib/python3.10/site-packages/airflow/example_dags/tutorial.py
[2022-05-21 18:04:10,869] {logging_mixin.py:115} INFO - [2022-05-21 18:04:10,869] {dag.py:2371} INFO - Sync 1 DAGs
[2022-05-21 18:04:10,886] {logging_mixin.py:115} INFO - [2022-05-21 18:04:10,886] {dag.py:2915} INFO - Setting next_dagrun for tutorial to 2022-05-20T18:04:10.885755+00:00, run_after=2022-05-21T18:04:10.885755+00:00
[2022-05-21 18:04:10,899] {processor.py:161} INFO - Processing /home/ubuntu/.local/lib/python3.10/site-packages/airflow/example_dags/tutorial.py took 0.056 seconds
[2022-05-21 18:04:41,861] {processor.py:153} INFO - Started process (PID=6300) to work on /home/ubuntu/.local/lib/python3.10/site-packages/airflow/example_dags/tutorial.py
[2022-05-21 18:04:41,862] {processor.py:641} INFO - Processing file /home/ubuntu/.local/lib/python3.10/site-packages/airflow/example_dags/tutorial.py for tasks to queue
[2022-05-21 18:04:41,863] {logging_mixin.py:115} INFO - [2022-05-21 18:04:41,863] {dagbag.py:507} INFO - Filling up the DagBag from /home/ubuntu/.local/lib/python3.10/site-packages/airflow/example_dags/tutorial.py
[2022-05-21 18:04:41,868] {processor.py:651} INFO - DAG(s) dict_keys(['tutorial']) retrieved from /home/ubuntu/.local/lib/python3.10/site-packages/airflow/example_dags/tutorial.py
[2022-05-21 18:04:41,885] {logging_mixin.py:115} INFO - [2022-05-21 18:04:41,884] {dag.py:2371} INFO - Sync 1 DAGs
[2022-05-21 18:04:41,901] {logging_mixin.py:115} INFO - [2022-05-21 18:04:41,901] {dag.py:2915} INFO - Setting next_dagrun for tutorial to 2022-05-20T18:04:41.901107+00:00, run_after=2022-05-21T18:04:41.901107+00:00
[2022-05-21 18:04:41,914] {processor.py:161} INFO - Processing /home/ubuntu/.local/lib/python3.10/site-packages/airflow/example_dags/tutorial.py took 0.056 seconds
[2022-05-21 18:05:14,400] {processor.py:153} INFO - Started process (PID=6343) to work on /home/ubuntu/.local/lib/python3.10/site-packages/airflow/example_dags/tutorial.py
[2022-05-21 18:05:14,401] {processor.py:641} INFO - Processing file /home/ubuntu/.local/lib/python3.10/site-packages/airflow/example_dags/tutorial.py for tasks to queue
[2022-05-21 18:05:14,402] {logging_mixin.py:115} INFO - [2022-05-21 18:05:14,401] {dagbag.py:507} INFO - Filling up the DagBag from /home/ubuntu/.local/lib/python3.10/site-packages/airflow/example_dags/tutorial.py
[2022-05-21 18:05:14,407] {processor.py:651} INFO - DAG(s) dict_keys(['tutorial']) retrieved from /home/ubuntu/.local/lib/python3.10/site-packages/airflow/example_dags/tutorial.py
[2022-05-21 18:05:14,424] {logging_mixin.py:115} INFO - [2022-05-21 18:05:14,424] {dag.py:2371} INFO - Sync 1 DAGs
[2022-05-21 18:05:14,441] {logging_mixin.py:115} INFO - [2022-05-21 18:05:14,441] {dag.py:2915} INFO - Setting next_dagrun for tutorial to 2022-05-20T18:05:14.441301+00:00, run_after=2022-05-21T18:05:14.441301+00:00
[2022-05-21 18:05:14,455] {processor.py:161} INFO - Processing /home/ubuntu/.local/lib/python3.10/site-packages/airflow/example_dags/tutorial.py took 0.058 seconds
[2022-05-21 18:05:46,386] {processor.py:153} INFO - Started process (PID=6377) to work on /home/ubuntu/.local/lib/python3.10/site-packages/airflow/example_dags/tutorial.py
[2022-05-21 18:05:46,386] {processor.py:641} INFO - Processing file /home/ubuntu/.local/lib/python3.10/site-packages/airflow/example_dags/tutorial.py for tasks to queue
[2022-05-21 18:05:46,387] {logging_mixin.py:115} INFO - [2022-05-21 18:05:46,387] {dagbag.py:507} INFO - Filling up the DagBag from /home/ubuntu/.local/lib/python3.10/site-packages/airflow/example_dags/tutorial.py
[2022-05-21 18:05:46,392] {processor.py:651} INFO - DAG(s) dict_keys(['tutorial']) retrieved from /home/ubuntu/.local/lib/python3.10/site-packages/airflow/example_dags/tutorial.py
[2022-05-21 18:05:46,409] {logging_mixin.py:115} INFO - [2022-05-21 18:05:46,409] {dag.py:2371} INFO - Sync 1 DAGs
[2022-05-21 18:05:46,425] {logging_mixin.py:115} INFO - [2022-05-21 18:05:46,425] {dag.py:2915} INFO - Setting next_dagrun for tutorial to 2022-05-20T18:05:46.425523+00:00, run_after=2022-05-21T18:05:46.425523+00:00
[2022-05-21 18:05:46,439] {processor.py:161} INFO - Processing /home/ubuntu/.local/lib/python3.10/site-packages/airflow/example_dags/tutorial.py took 0.056 seconds
[2022-05-21 18:06:17,180] {processor.py:153} INFO - Started process (PID=6410) to work on /home/ubuntu/.local/lib/python3.10/site-packages/airflow/example_dags/tutorial.py
[2022-05-21 18:06:17,181] {processor.py:641} INFO - Processing file /home/ubuntu/.local/lib/python3.10/site-packages/airflow/example_dags/tutorial.py for tasks to queue
[2022-05-21 18:06:17,181] {logging_mixin.py:115} INFO - [2022-05-21 18:06:17,181] {dagbag.py:507} INFO - Filling up the DagBag from /home/ubuntu/.local/lib/python3.10/site-packages/airflow/example_dags/tutorial.py
[2022-05-21 18:06:17,187] {processor.py:651} INFO - DAG(s) dict_keys(['tutorial']) retrieved from /home/ubuntu/.local/lib/python3.10/site-packages/airflow/example_dags/tutorial.py
[2022-05-21 18:06:17,204] {logging_mixin.py:115} INFO - [2022-05-21 18:06:17,204] {dag.py:2371} INFO - Sync 1 DAGs
[2022-05-21 18:06:17,222] {logging_mixin.py:115} INFO - [2022-05-21 18:06:17,222] {dag.py:2915} INFO - Setting next_dagrun for tutorial to 2022-05-20T18:06:17.221763+00:00, run_after=2022-05-21T18:06:17.221763+00:00
[2022-05-21 18:06:17,236] {processor.py:161} INFO - Processing /home/ubuntu/.local/lib/python3.10/site-packages/airflow/example_dags/tutorial.py took 0.059 seconds
[2022-05-21 18:06:50,836] {processor.py:153} INFO - Started process (PID=6444) to work on /home/ubuntu/.local/lib/python3.10/site-packages/airflow/example_dags/tutorial.py
[2022-05-21 18:06:50,837] {processor.py:641} INFO - Processing file /home/ubuntu/.local/lib/python3.10/site-packages/airflow/example_dags/tutorial.py for tasks to queue
[2022-05-21 18:06:50,837] {logging_mixin.py:115} INFO - [2022-05-21 18:06:50,837] {dagbag.py:507} INFO - Filling up the DagBag from /home/ubuntu/.local/lib/python3.10/site-packages/airflow/example_dags/tutorial.py
[2022-05-21 18:06:50,843] {processor.py:651} INFO - DAG(s) dict_keys(['tutorial']) retrieved from /home/ubuntu/.local/lib/python3.10/site-packages/airflow/example_dags/tutorial.py
[2022-05-21 18:06:50,859] {logging_mixin.py:115} INFO - [2022-05-21 18:06:50,859] {dag.py:2371} INFO - Sync 1 DAGs
[2022-05-21 18:06:50,876] {logging_mixin.py:115} INFO - [2022-05-21 18:06:50,876] {dag.py:2915} INFO - Setting next_dagrun for tutorial to 2022-05-20T18:06:50.875933+00:00, run_after=2022-05-21T18:06:50.875933+00:00
[2022-05-21 18:06:50,888] {processor.py:161} INFO - Processing /home/ubuntu/.local/lib/python3.10/site-packages/airflow/example_dags/tutorial.py took 0.055 seconds
[2022-05-21 18:07:23,941] {processor.py:153} INFO - Started process (PID=6478) to work on /home/ubuntu/.local/lib/python3.10/site-packages/airflow/example_dags/tutorial.py
[2022-05-21 18:07:23,944] {processor.py:641} INFO - Processing file /home/ubuntu/.local/lib/python3.10/site-packages/airflow/example_dags/tutorial.py for tasks to queue
[2022-05-21 18:07:23,945] {logging_mixin.py:115} INFO - [2022-05-21 18:07:23,945] {dagbag.py:507} INFO - Filling up the DagBag from /home/ubuntu/.local/lib/python3.10/site-packages/airflow/example_dags/tutorial.py
[2022-05-21 18:07:23,950] {processor.py:651} INFO - DAG(s) dict_keys(['tutorial']) retrieved from /home/ubuntu/.local/lib/python3.10/site-packages/airflow/example_dags/tutorial.py
[2022-05-21 18:07:23,967] {logging_mixin.py:115} INFO - [2022-05-21 18:07:23,967] {dag.py:2371} INFO - Sync 1 DAGs
[2022-05-21 18:07:23,984] {logging_mixin.py:115} INFO - [2022-05-21 18:07:23,983] {dag.py:2915} INFO - Setting next_dagrun for tutorial to 2022-05-20T18:07:23.983614+00:00, run_after=2022-05-21T18:07:23.983614+00:00
[2022-05-21 18:07:23,997] {processor.py:161} INFO - Processing /home/ubuntu/.local/lib/python3.10/site-packages/airflow/example_dags/tutorial.py took 0.059 seconds
